[0.082s] Invoking command in '/home/eero/turtlebot3_ws/build/turtlebot3_msgs': CMAKE_PREFIX_PATH=${CMAKE_PREFIX_PATH}:/home/eero/turtlebot3_ws/install/turtlebot3_teleop:/home/eero/turtlebot3_ws/install/turtlebot3_example:/opt/ros/galactic /usr/bin/cmake /home/eero/turtlebot3_ws/src/turtlebot3_msgs -DCMAKE_INSTALL_PREFIX=/home/eero/turtlebot3_ws/install/turtlebot3_msgs
[0.145s] -- Found action_msgs: 1.0.3 (/opt/ros/galactic/share/action_msgs/cmake)
[0.192s] -- Found PythonInterp: /usr/bin/python3 (found suitable version "3.8.10", minimum required is "3") 
[0.194s] -- Using PYTHON_EXECUTABLE: /usr/bin/python3
[0.299s] -- Override CMake install command with custom implementation using symlinks instead of copying resources
[0.353s] -- Using all available rosidl_typesupport_c: rosidl_typesupport_fastrtps_c;rosidl_typesupport_introspection_c
[0.359s] -- Found rosidl_adapter: 2.2.3 (/opt/ros/galactic/share/rosidl_adapter/cmake)
[0.564s] -- Using all available rosidl_typesupport_cpp: rosidl_typesupport_fastrtps_cpp;rosidl_typesupport_introspection_cpp
[0.687s] -- Found rosidl_default_generators: 1.1.1 (/opt/ros/galactic/share/rosidl_default_generators/cmake)
[0.704s] -- Found std_msgs: 2.2.4 (/opt/ros/galactic/share/std_msgs/cmake)
[0.732s] -- Found geometry_msgs: 2.2.4 (/opt/ros/galactic/share/geometry_msgs/cmake)
[0.826s] -- Found PythonInterp: /usr/bin/python3 (found version "3.8.10") 
[1.201s] -- Found ament_cmake_cppcheck: 0.10.7 (/opt/ros/galactic/share/ament_cmake_cppcheck/cmake)
[1.202s] -- Found ament_cmake_cpplint: 0.10.7 (/opt/ros/galactic/share/ament_cmake_cpplint/cmake)
[1.204s] -- Found ament_cmake_uncrustify: 0.10.7 (/opt/ros/galactic/share/ament_cmake_uncrustify/cmake)
[1.206s] -- Found ament_cmake_ros: 0.9.2 (/opt/ros/galactic/share/ament_cmake_ros/cmake)
[1.616s] -- Using all available rosidl_typesupport_c: rosidl_typesupport_fastrtps_c;rosidl_typesupport_introspection_c
[1.810s] -- Using all available rosidl_typesupport_cpp: rosidl_typesupport_fastrtps_cpp;rosidl_typesupport_introspection_cpp
[1.866s] -- Found PythonInterp: /usr/bin/python3 (found suitable version "3.8.10", minimum required is "3.5") 
[1.867s] -- Found python_cmake_module: 0.8.1 (/opt/ros/galactic/share/python_cmake_module/cmake)
[1.911s] -- Using PYTHON_EXECUTABLE: /usr/bin/python3
[1.911s] -- Using PYTHON_INCLUDE_DIRS: /usr/include/python3.8
[1.911s] -- Using PYTHON_LIBRARIES: /usr/lib/x86_64-linux-gnu/libpython3.8.so
[2.027s] -- Found ament_cmake_flake8: 0.10.7 (/opt/ros/galactic/share/ament_cmake_flake8/cmake)
[2.029s] -- Found ament_cmake_pep257: 0.10.7 (/opt/ros/galactic/share/ament_cmake_pep257/cmake)
[2.052s] -- Configuring done
[2.189s] -- Generating done
[2.226s] -- Build files have been written to: /home/eero/turtlebot3_ws/build/turtlebot3_msgs
[2.238s] Invoked command in '/home/eero/turtlebot3_ws/build/turtlebot3_msgs' returned '0': CMAKE_PREFIX_PATH=${CMAKE_PREFIX_PATH}:/home/eero/turtlebot3_ws/install/turtlebot3_teleop:/home/eero/turtlebot3_ws/install/turtlebot3_example:/opt/ros/galactic /usr/bin/cmake /home/eero/turtlebot3_ws/src/turtlebot3_msgs -DCMAKE_INSTALL_PREFIX=/home/eero/turtlebot3_ws/install/turtlebot3_msgs
[2.242s] Invoking command in '/home/eero/turtlebot3_ws/build/turtlebot3_msgs': CMAKE_PREFIX_PATH=${CMAKE_PREFIX_PATH}:/home/eero/turtlebot3_ws/install/turtlebot3_teleop:/home/eero/turtlebot3_ws/install/turtlebot3_example:/opt/ros/galactic /usr/bin/cmake --build /home/eero/turtlebot3_ws/build/turtlebot3_msgs -- -j6 -l6
[2.332s] [  1%] Built target turtlebot3_msgs__cpp
[2.342s] [ 12%] Built target turtlebot3_msgs__rosidl_generator_c
[2.389s] [ 24%] Built target turtlebot3_msgs__rosidl_typesupport_fastrtps_cpp
[2.393s] [ 35%] Built target turtlebot3_msgs__rosidl_typesupport_cpp
[2.397s] [ 46%] Built target turtlebot3_msgs__rosidl_typesupport_introspection_cpp
[2.405s] [ 67%] Built target turtlebot3_msgs__rosidl_typesupport_c
[2.405s] [ 69%] Built target turtlebot3_msgs__rosidl_typesupport_introspection_c
[2.449s] [ 81%] Built target turtlebot3_msgs__rosidl_typesupport_fastrtps_c
[2.482s] [ 81%] Built target turtlebot3_msgs
[2.514s] [ 82%] Built target turtlebot3_msgs__py
[2.560s] [ 92%] Built target turtlebot3_msgs__python
[2.598s] [ 94%] Built target turtlebot3_msgs__rosidl_typesupport_fastrtps_c__pyext
[2.601s] [ 97%] Built target turtlebot3_msgs__rosidl_typesupport_introspection_c__pyext
[2.607s] [100%] Built target turtlebot3_msgs__rosidl_typesupport_c__pyext
[2.627s] Invoked command in '/home/eero/turtlebot3_ws/build/turtlebot3_msgs' returned '0': CMAKE_PREFIX_PATH=${CMAKE_PREFIX_PATH}:/home/eero/turtlebot3_ws/install/turtlebot3_teleop:/home/eero/turtlebot3_ws/install/turtlebot3_example:/opt/ros/galactic /usr/bin/cmake --build /home/eero/turtlebot3_ws/build/turtlebot3_msgs -- -j6 -l6
[2.631s] Invoking command in '/home/eero/turtlebot3_ws/build/turtlebot3_msgs': CMAKE_PREFIX_PATH=${CMAKE_PREFIX_PATH}:/home/eero/turtlebot3_ws/install/turtlebot3_teleop:/home/eero/turtlebot3_ws/install/turtlebot3_example:/opt/ros/galactic /usr/bin/cmake --install /home/eero/turtlebot3_ws/build/turtlebot3_msgs
[2.645s] -- Install configuration: ""
[2.646s] -- Execute custom install script
[2.647s] -- Up-to-date symlink: /home/eero/turtlebot3_ws/install/turtlebot3_msgs/share/ament_index/resource_index/rosidl_interfaces/turtlebot3_msgs
[2.649s] -- Up-to-date symlink: /home/eero/turtlebot3_ws/install/turtlebot3_msgs/include/turtlebot3_msgs/action/detail/patrol__functions.h
[2.649s] -- Up-to-date symlink: /home/eero/turtlebot3_ws/install/turtlebot3_msgs/include/turtlebot3_msgs/action/detail/patrol__struct.h
[2.649s] -- Up-to-date symlink: /home/eero/turtlebot3_ws/install/turtlebot3_msgs/include/turtlebot3_msgs/action/detail/patrol__type_support.h
[2.649s] -- Up-to-date symlink: /home/eero/turtlebot3_ws/install/turtlebot3_msgs/include/turtlebot3_msgs/action/patrol.h
[2.650s] -- Up-to-date symlink: /home/eero/turtlebot3_ws/install/turtlebot3_msgs/include/turtlebot3_msgs/msg/detail/sensor_state__functions.h
[2.651s] -- Up-to-date symlink: /home/eero/turtlebot3_ws/install/turtlebot3_msgs/include/turtlebot3_msgs/msg/detail/sensor_state__struct.h
[2.651s] -- Up-to-date symlink: /home/eero/turtlebot3_ws/install/turtlebot3_msgs/include/turtlebot3_msgs/msg/detail/sensor_state__type_support.h
[2.651s] -- Up-to-date symlink: /home/eero/turtlebot3_ws/install/turtlebot3_msgs/include/turtlebot3_msgs/msg/detail/sound__functions.h
[2.651s] -- Up-to-date symlink: /home/eero/turtlebot3_ws/install/turtlebot3_msgs/include/turtlebot3_msgs/msg/detail/sound__struct.h
[2.651s] -- Up-to-date symlink: /home/eero/turtlebot3_ws/install/turtlebot3_msgs/include/turtlebot3_msgs/msg/detail/sound__type_support.h
[2.652s] -- Up-to-date symlink: /home/eero/turtlebot3_ws/install/turtlebot3_msgs/include/turtlebot3_msgs/msg/detail/version_info__functions.h
[2.652s] -- Up-to-date symlink: /home/eero/turtlebot3_ws/install/turtlebot3_msgs/include/turtlebot3_msgs/msg/detail/version_info__struct.h
[2.652s] -- Up-to-date symlink: /home/eero/turtlebot3_ws/install/turtlebot3_msgs/include/turtlebot3_msgs/msg/detail/version_info__type_support.h
[2.652s] -- Up-to-date symlink: /home/eero/turtlebot3_ws/install/turtlebot3_msgs/include/turtlebot3_msgs/msg/rosidl_generator_c__visibility_control.h
[2.653s] -- Up-to-date symlink: /home/eero/turtlebot3_ws/install/turtlebot3_msgs/include/turtlebot3_msgs/msg/sensor_state.h
[2.653s] -- Up-to-date symlink: /home/eero/turtlebot3_ws/install/turtlebot3_msgs/include/turtlebot3_msgs/msg/sound.h
[2.653s] -- Up-to-date symlink: /home/eero/turtlebot3_ws/install/turtlebot3_msgs/include/turtlebot3_msgs/msg/version_info.h
[2.654s] -- Up-to-date symlink: /home/eero/turtlebot3_ws/install/turtlebot3_msgs/include/turtlebot3_msgs/srv/detail/dqn__functions.h
[2.654s] -- Up-to-date symlink: /home/eero/turtlebot3_ws/install/turtlebot3_msgs/include/turtlebot3_msgs/srv/detail/dqn__struct.h
[2.654s] -- Up-to-date symlink: /home/eero/turtlebot3_ws/install/turtlebot3_msgs/include/turtlebot3_msgs/srv/detail/dqn__type_support.h
[2.654s] -- Up-to-date symlink: /home/eero/turtlebot3_ws/install/turtlebot3_msgs/include/turtlebot3_msgs/srv/detail/goal__functions.h
[2.654s] -- Up-to-date symlink: /home/eero/turtlebot3_ws/install/turtlebot3_msgs/include/turtlebot3_msgs/srv/detail/goal__struct.h
[2.655s] -- Up-to-date symlink: /home/eero/turtlebot3_ws/install/turtlebot3_msgs/include/turtlebot3_msgs/srv/detail/goal__type_support.h
[2.656s] -- Up-to-date symlink: /home/eero/turtlebot3_ws/install/turtlebot3_msgs/include/turtlebot3_msgs/srv/detail/sound__functions.h
[2.656s] -- Up-to-date symlink: /home/eero/turtlebot3_ws/install/turtlebot3_msgs/include/turtlebot3_msgs/srv/detail/sound__struct.h
[2.657s] -- Up-to-date symlink: /home/eero/turtlebot3_ws/install/turtlebot3_msgs/include/turtlebot3_msgs/srv/detail/sound__type_support.h
[2.657s] -- Up-to-date symlink: /home/eero/turtlebot3_ws/install/turtlebot3_msgs/include/turtlebot3_msgs/srv/dqn.h
[2.657s] -- Up-to-date symlink: /home/eero/turtlebot3_ws/install/turtlebot3_msgs/include/turtlebot3_msgs/srv/goal.h
[2.657s] -- Up-to-date symlink: /home/eero/turtlebot3_ws/install/turtlebot3_msgs/include/turtlebot3_msgs/srv/sound.h
[2.657s] -- Up-to-date symlink: /home/eero/turtlebot3_ws/install/turtlebot3_msgs/share/turtlebot3_msgs/environment/library_path.sh
[2.658s] -- Up-to-date symlink: /home/eero/turtlebot3_ws/install/turtlebot3_msgs/share/turtlebot3_msgs/environment/library_path.dsv
[2.663s] -- Up-to-date symlink: /home/eero/turtlebot3_ws/install/turtlebot3_msgs/include/turtlebot3_msgs/action/detail/patrol__rosidl_typesupport_fastrtps_c.h
[2.663s] -- Up-to-date symlink: /home/eero/turtlebot3_ws/install/turtlebot3_msgs/include/turtlebot3_msgs/msg/detail/sensor_state__rosidl_typesupport_fastrtps_c.h
[2.663s] -- Up-to-date symlink: /home/eero/turtlebot3_ws/install/turtlebot3_msgs/include/turtlebot3_msgs/msg/detail/sound__rosidl_typesupport_fastrtps_c.h
[2.663s] -- Up-to-date symlink: /home/eero/turtlebot3_ws/install/turtlebot3_msgs/include/turtlebot3_msgs/msg/detail/version_info__rosidl_typesupport_fastrtps_c.h
[2.664s] -- Up-to-date symlink: /home/eero/turtlebot3_ws/install/turtlebot3_msgs/include/turtlebot3_msgs/msg/rosidl_typesupport_fastrtps_c__visibility_control.h
[2.664s] -- Up-to-date symlink: /home/eero/turtlebot3_ws/install/turtlebot3_msgs/include/turtlebot3_msgs/srv/detail/dqn__rosidl_typesupport_fastrtps_c.h
[2.664s] -- Up-to-date symlink: /home/eero/turtlebot3_ws/install/turtlebot3_msgs/include/turtlebot3_msgs/srv/detail/goal__rosidl_typesupport_fastrtps_c.h
[2.664s] -- Up-to-date symlink: /home/eero/turtlebot3_ws/install/turtlebot3_msgs/include/turtlebot3_msgs/srv/detail/sound__rosidl_typesupport_fastrtps_c.h
[2.664s] -- Up-to-date symlink: /home/eero/turtlebot3_ws/install/turtlebot3_msgs/lib/libturtlebot3_msgs__rosidl_typesupport_fastrtps_c.so
[2.664s] -- Up-to-date symlink: /home/eero/turtlebot3_ws/install/turtlebot3_msgs/include/turtlebot3_msgs/action/detail/patrol__rosidl_typesupport_fastrtps_cpp.hpp
[2.665s] -- Up-to-date symlink: /home/eero/turtlebot3_ws/install/turtlebot3_msgs/include/turtlebot3_msgs/msg/detail/sensor_state__rosidl_typesupport_fastrtps_cpp.hpp
[2.665s] -- Up-to-date symlink: /home/eero/turtlebot3_ws/install/turtlebot3_msgs/include/turtlebot3_msgs/msg/detail/sound__rosidl_typesupport_fastrtps_cpp.hpp
[2.665s] -- Up-to-date symlink: /home/eero/turtlebot3_ws/install/turtlebot3_msgs/include/turtlebot3_msgs/msg/detail/version_info__rosidl_typesupport_fastrtps_cpp.hpp
[2.665s] -- Up-to-date symlink: /home/eero/turtlebot3_ws/install/turtlebot3_msgs/include/turtlebot3_msgs/msg/rosidl_typesupport_fastrtps_cpp__visibility_control.h
[2.665s] -- Up-to-date symlink: /home/eero/turtlebot3_ws/install/turtlebot3_msgs/include/turtlebot3_msgs/srv/detail/dqn__rosidl_typesupport_fastrtps_cpp.hpp
[2.665s] -- Up-to-date symlink: /home/eero/turtlebot3_ws/install/turtlebot3_msgs/include/turtlebot3_msgs/srv/detail/goal__rosidl_typesupport_fastrtps_cpp.hpp
[2.665s] -- Up-to-date symlink: /home/eero/turtlebot3_ws/install/turtlebot3_msgs/include/turtlebot3_msgs/srv/detail/sound__rosidl_typesupport_fastrtps_cpp.hpp
[2.666s] -- Up-to-date symlink: /home/eero/turtlebot3_ws/install/turtlebot3_msgs/lib/libturtlebot3_msgs__rosidl_typesupport_fastrtps_cpp.so
[2.667s] -- Up-to-date symlink: /home/eero/turtlebot3_ws/install/turtlebot3_msgs/include/turtlebot3_msgs/action/detail/patrol__rosidl_typesupport_introspection_c.h
[2.668s] -- Up-to-date symlink: /home/eero/turtlebot3_ws/install/turtlebot3_msgs/include/turtlebot3_msgs/msg/detail/sensor_state__rosidl_typesupport_introspection_c.h
[2.668s] -- Up-to-date symlink: /home/eero/turtlebot3_ws/install/turtlebot3_msgs/include/turtlebot3_msgs/msg/detail/sound__rosidl_typesupport_introspection_c.h
[2.668s] -- Up-to-date symlink: /home/eero/turtlebot3_ws/install/turtlebot3_msgs/include/turtlebot3_msgs/msg/detail/version_info__rosidl_typesupport_introspection_c.h
[2.668s] -- Up-to-date symlink: /home/eero/turtlebot3_ws/install/turtlebot3_msgs/include/turtlebot3_msgs/msg/rosidl_typesupport_introspection_c__visibility_control.h
[2.669s] -- Up-to-date symlink: /home/eero/turtlebot3_ws/install/turtlebot3_msgs/include/turtlebot3_msgs/srv/detail/dqn__rosidl_typesupport_introspection_c.h
[2.669s] -- Up-to-date symlink: /home/eero/turtlebot3_ws/install/turtlebot3_msgs/include/turtlebot3_msgs/srv/detail/goal__rosidl_typesupport_introspection_c.h
[2.670s] -- Up-to-date symlink: /home/eero/turtlebot3_ws/install/turtlebot3_msgs/include/turtlebot3_msgs/srv/detail/sound__rosidl_typesupport_introspection_c.h
[2.671s] -- Up-to-date symlink: /home/eero/turtlebot3_ws/install/turtlebot3_msgs/include/turtlebot3_msgs/action/detail/patrol__builder.hpp
[2.671s] -- Up-to-date symlink: /home/eero/turtlebot3_ws/install/turtlebot3_msgs/include/turtlebot3_msgs/action/detail/patrol__struct.hpp
[2.671s] -- Up-to-date symlink: /home/eero/turtlebot3_ws/install/turtlebot3_msgs/include/turtlebot3_msgs/action/detail/patrol__traits.hpp
[2.671s] -- Up-to-date symlink: /home/eero/turtlebot3_ws/install/turtlebot3_msgs/include/turtlebot3_msgs/action/patrol.hpp
[2.672s] -- Up-to-date symlink: /home/eero/turtlebot3_ws/install/turtlebot3_msgs/include/turtlebot3_msgs/msg/detail/sensor_state__builder.hpp
[2.672s] -- Up-to-date symlink: /home/eero/turtlebot3_ws/install/turtlebot3_msgs/include/turtlebot3_msgs/msg/detail/sensor_state__struct.hpp
[2.672s] -- Up-to-date symlink: /home/eero/turtlebot3_ws/install/turtlebot3_msgs/include/turtlebot3_msgs/msg/detail/sensor_state__traits.hpp
[2.672s] -- Up-to-date symlink: /home/eero/turtlebot3_ws/install/turtlebot3_msgs/include/turtlebot3_msgs/msg/detail/sound__builder.hpp
[2.673s] -- Up-to-date symlink: /home/eero/turtlebot3_ws/install/turtlebot3_msgs/include/turtlebot3_msgs/msg/detail/sound__struct.hpp
[2.673s] -- Up-to-date symlink: /home/eero/turtlebot3_ws/install/turtlebot3_msgs/include/turtlebot3_msgs/msg/detail/sound__traits.hpp
[2.673s] -- Up-to-date symlink: /home/eero/turtlebot3_ws/install/turtlebot3_msgs/include/turtlebot3_msgs/msg/detail/version_info__builder.hpp
[2.673s] -- Up-to-date symlink: /home/eero/turtlebot3_ws/install/turtlebot3_msgs/include/turtlebot3_msgs/msg/detail/version_info__struct.hpp
[2.674s] -- Up-to-date symlink: /home/eero/turtlebot3_ws/install/turtlebot3_msgs/include/turtlebot3_msgs/msg/detail/version_info__traits.hpp
[2.674s] -- Up-to-date symlink: /home/eero/turtlebot3_ws/install/turtlebot3_msgs/include/turtlebot3_msgs/msg/sensor_state.hpp
[2.674s] -- Up-to-date symlink: /home/eero/turtlebot3_ws/install/turtlebot3_msgs/include/turtlebot3_msgs/msg/sound.hpp
[2.675s] -- Up-to-date symlink: /home/eero/turtlebot3_ws/install/turtlebot3_msgs/include/turtlebot3_msgs/msg/version_info.hpp
[2.675s] -- Up-to-date symlink: /home/eero/turtlebot3_ws/install/turtlebot3_msgs/include/turtlebot3_msgs/srv/detail/dqn__builder.hpp
[2.675s] -- Up-to-date symlink: /home/eero/turtlebot3_ws/install/turtlebot3_msgs/include/turtlebot3_msgs/srv/detail/dqn__struct.hpp
[2.676s] -- Up-to-date symlink: /home/eero/turtlebot3_ws/install/turtlebot3_msgs/include/turtlebot3_msgs/srv/detail/dqn__traits.hpp
[2.676s] -- Up-to-date symlink: /home/eero/turtlebot3_ws/install/turtlebot3_msgs/include/turtlebot3_msgs/srv/detail/goal__builder.hpp
[2.676s] -- Up-to-date symlink: /home/eero/turtlebot3_ws/install/turtlebot3_msgs/include/turtlebot3_msgs/srv/detail/goal__struct.hpp
[2.676s] -- Up-to-date symlink: /home/eero/turtlebot3_ws/install/turtlebot3_msgs/include/turtlebot3_msgs/srv/detail/goal__traits.hpp
[2.677s] -- Up-to-date symlink: /home/eero/turtlebot3_ws/install/turtlebot3_msgs/include/turtlebot3_msgs/srv/detail/sound__builder.hpp
[2.677s] -- Up-to-date symlink: /home/eero/turtlebot3_ws/install/turtlebot3_msgs/include/turtlebot3_msgs/srv/detail/sound__struct.hpp
[2.677s] -- Up-to-date symlink: /home/eero/turtlebot3_ws/install/turtlebot3_msgs/include/turtlebot3_msgs/srv/detail/sound__traits.hpp
[2.678s] -- Up-to-date symlink: /home/eero/turtlebot3_ws/install/turtlebot3_msgs/include/turtlebot3_msgs/srv/dqn.hpp
[2.679s] -- Up-to-date symlink: /home/eero/turtlebot3_ws/install/turtlebot3_msgs/include/turtlebot3_msgs/srv/goal.hpp
[2.679s] -- Up-to-date symlink: /home/eero/turtlebot3_ws/install/turtlebot3_msgs/include/turtlebot3_msgs/srv/sound.hpp
[2.680s] -- Up-to-date symlink: /home/eero/turtlebot3_ws/install/turtlebot3_msgs/include/turtlebot3_msgs/action/detail/patrol__rosidl_typesupport_introspection_cpp.hpp
[2.680s] -- Up-to-date symlink: /home/eero/turtlebot3_ws/install/turtlebot3_msgs/include/turtlebot3_msgs/msg/detail/sensor_state__rosidl_typesupport_introspection_cpp.hpp
[2.680s] -- Up-to-date symlink: /home/eero/turtlebot3_ws/install/turtlebot3_msgs/include/turtlebot3_msgs/msg/detail/sound__rosidl_typesupport_introspection_cpp.hpp
[2.681s] -- Up-to-date symlink: /home/eero/turtlebot3_ws/install/turtlebot3_msgs/include/turtlebot3_msgs/msg/detail/version_info__rosidl_typesupport_introspection_cpp.hpp
[2.681s] -- Up-to-date symlink: /home/eero/turtlebot3_ws/install/turtlebot3_msgs/include/turtlebot3_msgs/srv/detail/dqn__rosidl_typesupport_introspection_cpp.hpp
[2.681s] -- Up-to-date symlink: /home/eero/turtlebot3_ws/install/turtlebot3_msgs/include/turtlebot3_msgs/srv/detail/goal__rosidl_typesupport_introspection_cpp.hpp
[2.682s] -- Up-to-date symlink: /home/eero/turtlebot3_ws/install/turtlebot3_msgs/include/turtlebot3_msgs/srv/detail/sound__rosidl_typesupport_introspection_cpp.hpp
[2.682s] -- Up-to-date symlink: /home/eero/turtlebot3_ws/install/turtlebot3_msgs/share/turtlebot3_msgs/environment/pythonpath.sh
[2.682s] -- Up-to-date symlink: /home/eero/turtlebot3_ws/install/turtlebot3_msgs/share/turtlebot3_msgs/environment/pythonpath.dsv
[2.683s] -- Up-to-date symlink: /home/eero/turtlebot3_ws/install/turtlebot3_msgs/lib/python3.8/site-packages/turtlebot3_msgs/__init__.py
[2.683s] -- Up-to-date symlink: /home/eero/turtlebot3_ws/install/turtlebot3_msgs/lib/python3.8/site-packages/turtlebot3_msgs/msg/__init__.py
[2.684s] -- Up-to-date symlink: /home/eero/turtlebot3_ws/install/turtlebot3_msgs/lib/python3.8/site-packages/turtlebot3_msgs/msg/_sensor_state.py
[2.684s] -- Up-to-date symlink: /home/eero/turtlebot3_ws/install/turtlebot3_msgs/lib/python3.8/site-packages/turtlebot3_msgs/msg/_sound.py
[2.684s] -- Up-to-date symlink: /home/eero/turtlebot3_ws/install/turtlebot3_msgs/lib/python3.8/site-packages/turtlebot3_msgs/msg/_version_info.py
[2.685s] -- Up-to-date symlink: /home/eero/turtlebot3_ws/install/turtlebot3_msgs/lib/python3.8/site-packages/turtlebot3_msgs/srv/__init__.py
[2.685s] -- Up-to-date symlink: /home/eero/turtlebot3_ws/install/turtlebot3_msgs/lib/python3.8/site-packages/turtlebot3_msgs/srv/_dqn.py
[2.685s] -- Up-to-date symlink: /home/eero/turtlebot3_ws/install/turtlebot3_msgs/lib/python3.8/site-packages/turtlebot3_msgs/srv/_goal.py
[2.686s] -- Up-to-date symlink: /home/eero/turtlebot3_ws/install/turtlebot3_msgs/lib/python3.8/site-packages/turtlebot3_msgs/srv/_sound.py
[2.687s] -- Up-to-date symlink: /home/eero/turtlebot3_ws/install/turtlebot3_msgs/lib/python3.8/site-packages/turtlebot3_msgs/action/__init__.py
[2.687s] -- Up-to-date symlink: /home/eero/turtlebot3_ws/install/turtlebot3_msgs/lib/python3.8/site-packages/turtlebot3_msgs/action/_patrol.py
[2.687s] -- Up-to-date symlink: /home/eero/turtlebot3_ws/install/turtlebot3_msgs/lib/python3.8/site-packages/turtlebot3_msgs/turtlebot3_msgs_s__rosidl_typesupport_fastrtps_c.cpython-38-x86_64-linux-gnu.so
[2.688s] -- Up-to-date symlink: /home/eero/turtlebot3_ws/install/turtlebot3_msgs/lib/python3.8/site-packages/turtlebot3_msgs/turtlebot3_msgs_s__rosidl_typesupport_introspection_c.cpython-38-x86_64-linux-gnu.so
[2.689s] -- Up-to-date symlink: /home/eero/turtlebot3_ws/install/turtlebot3_msgs/lib/python3.8/site-packages/turtlebot3_msgs/turtlebot3_msgs_s__rosidl_typesupport_c.cpython-38-x86_64-linux-gnu.so
[2.689s] -- Up-to-date symlink: /home/eero/turtlebot3_ws/install/turtlebot3_msgs/lib/libturtlebot3_msgs__python.so
[2.690s] -- Up-to-date symlink: /home/eero/turtlebot3_ws/install/turtlebot3_msgs/share/turtlebot3_msgs/msg/SensorState.idl
[2.691s] -- Up-to-date symlink: /home/eero/turtlebot3_ws/install/turtlebot3_msgs/share/turtlebot3_msgs/msg/Sound.idl
[2.692s] -- Up-to-date symlink: /home/eero/turtlebot3_ws/install/turtlebot3_msgs/share/turtlebot3_msgs/msg/VersionInfo.idl
[2.692s] -- Up-to-date symlink: /home/eero/turtlebot3_ws/install/turtlebot3_msgs/share/turtlebot3_msgs/srv/Sound.idl
[2.692s] -- Up-to-date symlink: /home/eero/turtlebot3_ws/install/turtlebot3_msgs/share/turtlebot3_msgs/srv/Dqn.idl
[2.693s] -- Up-to-date symlink: /home/eero/turtlebot3_ws/install/turtlebot3_msgs/share/turtlebot3_msgs/srv/Goal.idl
[2.693s] -- Up-to-date symlink: /home/eero/turtlebot3_ws/install/turtlebot3_msgs/share/turtlebot3_msgs/action/Patrol.idl
[2.693s] -- Up-to-date symlink: /home/eero/turtlebot3_ws/install/turtlebot3_msgs/share/turtlebot3_msgs/msg/SensorState.msg
[2.694s] -- Up-to-date symlink: /home/eero/turtlebot3_ws/install/turtlebot3_msgs/share/turtlebot3_msgs/msg/Sound.msg
[2.694s] -- Up-to-date symlink: /home/eero/turtlebot3_ws/install/turtlebot3_msgs/share/turtlebot3_msgs/msg/VersionInfo.msg
[2.694s] -- Up-to-date symlink: /home/eero/turtlebot3_ws/install/turtlebot3_msgs/share/turtlebot3_msgs/srv/Sound.srv
[2.694s] -- Up-to-date symlink: /home/eero/turtlebot3_ws/install/turtlebot3_msgs/share/turtlebot3_msgs/srv/Sound_Request.msg
[2.695s] -- Up-to-date symlink: /home/eero/turtlebot3_ws/install/turtlebot3_msgs/share/turtlebot3_msgs/srv/Sound_Response.msg
[2.696s] -- Up-to-date symlink: /home/eero/turtlebot3_ws/install/turtlebot3_msgs/share/turtlebot3_msgs/srv/Dqn.srv
[2.696s] -- Up-to-date symlink: /home/eero/turtlebot3_ws/install/turtlebot3_msgs/share/turtlebot3_msgs/srv/Dqn_Request.msg
[2.697s] -- Up-to-date symlink: /home/eero/turtlebot3_ws/install/turtlebot3_msgs/share/turtlebot3_msgs/srv/Dqn_Response.msg
[2.697s] -- Up-to-date symlink: /home/eero/turtlebot3_ws/install/turtlebot3_msgs/share/turtlebot3_msgs/srv/Goal.srv
[2.697s] -- Up-to-date symlink: /home/eero/turtlebot3_ws/install/turtlebot3_msgs/share/turtlebot3_msgs/srv/Goal_Request.msg
[2.697s] -- Up-to-date symlink: /home/eero/turtlebot3_ws/install/turtlebot3_msgs/share/turtlebot3_msgs/srv/Goal_Response.msg
[2.698s] -- Up-to-date symlink: /home/eero/turtlebot3_ws/install/turtlebot3_msgs/share/turtlebot3_msgs/action/Patrol.action
[2.698s] -- Up-to-date symlink: /home/eero/turtlebot3_ws/install/turtlebot3_msgs/share/ament_index/resource_index/package_run_dependencies/turtlebot3_msgs
[2.699s] -- Up-to-date symlink: /home/eero/turtlebot3_ws/install/turtlebot3_msgs/share/ament_index/resource_index/parent_prefix_path/turtlebot3_msgs
[2.699s] -- Up-to-date symlink: /home/eero/turtlebot3_ws/install/turtlebot3_msgs/share/turtlebot3_msgs/environment/ament_prefix_path.sh
[2.700s] -- Up-to-date symlink: /home/eero/turtlebot3_ws/install/turtlebot3_msgs/share/turtlebot3_msgs/environment/ament_prefix_path.dsv
[2.701s] -- Up-to-date symlink: /home/eero/turtlebot3_ws/install/turtlebot3_msgs/share/turtlebot3_msgs/environment/path.sh
[2.701s] -- Up-to-date symlink: /home/eero/turtlebot3_ws/install/turtlebot3_msgs/share/turtlebot3_msgs/environment/path.dsv
[2.702s] -- Up-to-date symlink: /home/eero/turtlebot3_ws/install/turtlebot3_msgs/share/turtlebot3_msgs/local_setup.bash
[2.702s] -- Up-to-date symlink: /home/eero/turtlebot3_ws/install/turtlebot3_msgs/share/turtlebot3_msgs/local_setup.sh
[2.703s] -- Up-to-date symlink: /home/eero/turtlebot3_ws/install/turtlebot3_msgs/share/turtlebot3_msgs/local_setup.zsh
[2.703s] -- Up-to-date symlink: /home/eero/turtlebot3_ws/install/turtlebot3_msgs/share/turtlebot3_msgs/local_setup.dsv
[2.703s] -- Symlinking: /home/eero/turtlebot3_ws/install/turtlebot3_msgs/share/turtlebot3_msgs/package.dsv
[2.718s] -- Up-to-date symlink: /home/eero/turtlebot3_ws/install/turtlebot3_msgs/share/ament_index/resource_index/packages/turtlebot3_msgs
[2.719s] -- Up-to-date symlink: /home/eero/turtlebot3_ws/install/turtlebot3_msgs/share/turtlebot3_msgs/cmake/rosidl_cmake-extras.cmake
[2.720s] -- Up-to-date symlink: /home/eero/turtlebot3_ws/install/turtlebot3_msgs/share/turtlebot3_msgs/cmake/ament_cmake_export_dependencies-extras.cmake
[2.720s] -- Up-to-date symlink: /home/eero/turtlebot3_ws/install/turtlebot3_msgs/share/turtlebot3_msgs/cmake/ament_cmake_export_libraries-extras.cmake
[2.721s] -- Up-to-date symlink: /home/eero/turtlebot3_ws/install/turtlebot3_msgs/share/turtlebot3_msgs/cmake/ament_cmake_export_targets-extras.cmake
[2.722s] -- Up-to-date symlink: /home/eero/turtlebot3_ws/install/turtlebot3_msgs/share/turtlebot3_msgs/cmake/ament_cmake_export_include_directories-extras.cmake
[2.722s] -- Up-to-date symlink: /home/eero/turtlebot3_ws/install/turtlebot3_msgs/share/turtlebot3_msgs/cmake/rosidl_cmake_export_typesupport_libraries-extras.cmake
[2.723s] -- Up-to-date symlink: /home/eero/turtlebot3_ws/install/turtlebot3_msgs/share/turtlebot3_msgs/cmake/rosidl_cmake_export_typesupport_targets-extras.cmake
[2.723s] -- Up-to-date symlink: /home/eero/turtlebot3_ws/install/turtlebot3_msgs/share/turtlebot3_msgs/cmake/turtlebot3_msgsConfig.cmake
[2.723s] -- Up-to-date symlink: /home/eero/turtlebot3_ws/install/turtlebot3_msgs/share/turtlebot3_msgs/cmake/turtlebot3_msgsConfig-version.cmake
[2.724s] -- Up-to-date symlink: /home/eero/turtlebot3_ws/install/turtlebot3_msgs/share/turtlebot3_msgs/package.xml
[2.725s] -- Up-to-date: /home/eero/turtlebot3_ws/install/turtlebot3_msgs/lib/libturtlebot3_msgs__rosidl_generator_c.so
[2.726s] -- Up-to-date: /home/eero/turtlebot3_ws/install/turtlebot3_msgs/lib/libturtlebot3_msgs__rosidl_typesupport_introspection_c.so
[2.727s] -- Up-to-date: /home/eero/turtlebot3_ws/install/turtlebot3_msgs/lib/libturtlebot3_msgs__rosidl_typesupport_c.so
[2.728s] -- Up-to-date: /home/eero/turtlebot3_ws/install/turtlebot3_msgs/lib/libturtlebot3_msgs__rosidl_typesupport_introspection_cpp.so
[2.729s] -- Up-to-date: /home/eero/turtlebot3_ws/install/turtlebot3_msgs/lib/libturtlebot3_msgs__rosidl_typesupport_cpp.so
[2.780s] Compiling '/home/eero/turtlebot3_ws/install/turtlebot3_msgs/lib/python3.8/site-packages/turtlebot3_msgs/__init__.py'...
[2.787s] -- Up-to-date: /home/eero/turtlebot3_ws/install/turtlebot3_msgs/share/turtlebot3_msgs/cmake/turtlebot3_msgs__rosidl_generator_cExport.cmake
[2.787s] -- Installing: /home/eero/turtlebot3_ws/install/turtlebot3_msgs/share/turtlebot3_msgs/cmake/turtlebot3_msgs__rosidl_generator_cExport-noconfig.cmake
[2.788s] -- Up-to-date: /home/eero/turtlebot3_ws/install/turtlebot3_msgs/share/turtlebot3_msgs/cmake/turtlebot3_msgs__rosidl_typesupport_introspection_cExport.cmake
[2.788s] -- Installing: /home/eero/turtlebot3_ws/install/turtlebot3_msgs/share/turtlebot3_msgs/cmake/turtlebot3_msgs__rosidl_typesupport_introspection_cExport-noconfig.cmake
[2.788s] -- Up-to-date: /home/eero/turtlebot3_ws/install/turtlebot3_msgs/share/turtlebot3_msgs/cmake/turtlebot3_msgs__rosidl_typesupport_cExport.cmake
[2.789s] -- Installing: /home/eero/turtlebot3_ws/install/turtlebot3_msgs/share/turtlebot3_msgs/cmake/turtlebot3_msgs__rosidl_typesupport_cExport-noconfig.cmake
[2.789s] -- Up-to-date: /home/eero/turtlebot3_ws/install/turtlebot3_msgs/share/turtlebot3_msgs/cmake/turtlebot3_msgs__rosidl_generator_cppExport.cmake
[2.789s] -- Up-to-date: /home/eero/turtlebot3_ws/install/turtlebot3_msgs/share/turtlebot3_msgs/cmake/turtlebot3_msgs__rosidl_typesupport_introspection_cppExport.cmake
[2.790s] -- Installing: /home/eero/turtlebot3_ws/install/turtlebot3_msgs/share/turtlebot3_msgs/cmake/turtlebot3_msgs__rosidl_typesupport_introspection_cppExport-noconfig.cmake
[2.790s] -- Up-to-date: /home/eero/turtlebot3_ws/install/turtlebot3_msgs/share/turtlebot3_msgs/cmake/turtlebot3_msgs__rosidl_typesupport_cppExport.cmake
[2.791s] -- Installing: /home/eero/turtlebot3_ws/install/turtlebot3_msgs/share/turtlebot3_msgs/cmake/turtlebot3_msgs__rosidl_typesupport_cppExport-noconfig.cmake
[2.794s] Invoked command in '/home/eero/turtlebot3_ws/build/turtlebot3_msgs' returned '0': CMAKE_PREFIX_PATH=${CMAKE_PREFIX_PATH}:/home/eero/turtlebot3_ws/install/turtlebot3_teleop:/home/eero/turtlebot3_ws/install/turtlebot3_example:/opt/ros/galactic /usr/bin/cmake --install /home/eero/turtlebot3_ws/build/turtlebot3_msgs
