[0.025s] Invoking command in '/home/eero/finalProject/drone_racing_ros2-main/build/tello_driver': AMENT_PREFIX_PATH=/home/eero/finalProject/drone_racing_ros2-main/install/tello_msgs:/home/eero/finalProject/drone_racing_ros2-main/install/ros2_shared:${AMENT_PREFIX_PATH} CMAKE_PREFIX_PATH=/home/eero/finalProject/drone_racing_ros2-main/install/tello_msgs:/home/eero/finalProject/drone_racing_ros2-main/install/ros2_shared:/home/eero/turtlebot3_ws/install/turtlebot3:/home/eero/turtlebot3_ws/install/turtlebot3_simulations:/home/eero/turtlebot3_ws/install/turtlebot3_bringup:/home/eero/turtlebot3_ws/install/turtlebot3_node:/home/eero/turtlebot3_ws/install/turtlebot3_navigation2:/home/eero/turtlebot3_ws/install/turtlebot3_fake_node:/home/eero/turtlebot3_ws/install/turtlebot3_msgs:/home/eero/turtlebot3_ws/install/turtlebot3_manipulation_gazebo:/home/eero/turtlebot3_ws/install/turtlebot3_gazebo:/home/eero/turtlebot3_ws/install/turtlebot3_description:/home/eero/turtlebot3_ws/install/turtlebot3_cartographer:/home/eero/turtlebot3_ws/install/dynamixel_sdk_examples:/home/eero/turtlebot3_ws/install/dynamixel_sdk_custom_interfaces:/home/eero/turtlebot3_ws/install/dynamixel_sdk:/home/eero/turtlebot3_ws/install/turtlebot3_teleop:/home/eero/turtlebot3_ws/install/turtlebot3_example:/opt/ros/galactic LD_LIBRARY_PATH=/home/eero/finalProject/drone_racing_ros2-main/install/tello_msgs/lib:/home/eero/turtlebot3_ws/install/turtlebot3_msgs/lib:/home/eero/turtlebot3_ws/install/dynamixel_sdk_custom_interfaces/lib:/home/eero/turtlebot3_ws/install/dynamixel_sdk/lib:/usr/lib/x86_64-linux-gnu/gazebo-11/plugins:/opt/ros/galactic/opt/yaml_cpp_vendor/lib:/opt/ros/galactic/opt/rviz_ogre_vendor/lib:/opt/ros/galactic/lib/x86_64-linux-gnu:/opt/ros/galactic/lib:/usr/lib/x86_64-linux-gnu/gazebo-11/plugins PYTHONPATH=/home/eero/finalProject/drone_racing_ros2-main/install/tello_msgs/lib/python3.8/site-packages:${PYTHONPATH} /usr/bin/cmake /home/eero/finalProject/drone_racing_ros2-main/tello_ros/tello_driver -DCMAKE_INSTALL_PREFIX=/home/eero/finalProject/drone_racing_ros2-main/install/tello_driver
[0.114s] -- The C compiler identification is GNU 9.4.0
[0.192s] -- The CXX compiler identification is GNU 9.4.0
[0.198s] -- Check for working C compiler: /usr/bin/cc
[0.297s] -- Check for working C compiler: /usr/bin/cc -- works
[0.299s] -- Detecting C compiler ABI info
[0.400s] -- Detecting C compiler ABI info - done
[0.419s] -- Detecting C compile features
[0.419s] -- Detecting C compile features - done
[0.422s] -- Check for working CXX compiler: /usr/bin/c++
[0.534s] -- Check for working CXX compiler: /usr/bin/c++ -- works
[0.537s] -- Detecting CXX compiler ABI info
[0.653s] -- Detecting CXX compiler ABI info - done
[0.674s] -- Detecting CXX compile features
[0.674s] -- Detecting CXX compile features - done
[0.678s] -- Found ament_cmake: 1.1.6 (/opt/ros/galactic/share/ament_cmake/cmake)
[0.724s] -- Found PythonInterp: /usr/bin/python3 (found suitable version "3.8.10", minimum required is "3") 
[0.724s] -- Using PYTHON_EXECUTABLE: /usr/bin/python3
[0.855s] -- Found camera_calibration_parsers: 2.5.1 (/opt/ros/galactic/share/camera_calibration_parsers/cmake)
[0.938s] -- Using all available rosidl_typesupport_c: rosidl_typesupport_fastrtps_c;rosidl_typesupport_introspection_c
[0.950s] -- Found rosidl_adapter: 2.2.3 (/opt/ros/galactic/share/rosidl_adapter/cmake)
[1.076s] -- Found OpenSSL: /usr/lib/x86_64-linux-gnu/libcrypto.so (found version "1.1.1f")  
[1.115s] -- Found FastRTPS: /opt/ros/galactic/include  
[1.218s] -- Using all available rosidl_typesupport_cpp: rosidl_typesupport_fastrtps_cpp;rosidl_typesupport_introspection_cpp
[1.297s] -- Found rmw_implementation_cmake: 3.3.1 (/opt/ros/galactic/share/rmw_implementation_cmake/cmake)
[1.302s] -- Found rmw_cyclonedds_cpp: 0.22.6 (/opt/ros/galactic/share/rmw_cyclonedds_cpp/cmake)
[1.326s] -- Using RMW implementation 'rmw_cyclonedds_cpp' as default
[1.327s] -- Looking for pthread.h
[1.430s] -- Looking for pthread.h - found
[1.430s] -- Performing Test CMAKE_HAVE_LIBC_PTHREAD
[1.526s] -- Performing Test CMAKE_HAVE_LIBC_PTHREAD - Failed
[1.526s] -- Looking for pthread_create in pthreads
[1.617s] -- Looking for pthread_create in pthreads - not found
[1.617s] -- Looking for pthread_create in pthread
[1.699s] -- Looking for pthread_create in pthread - found
[1.701s] -- Found Threads: TRUE  
[1.994s] -- Setting yaml-cpp_DIR to: '/opt/ros/galactic/share/yaml_cpp_vendor/cmake/../../../opt/yaml_cpp_vendor/lib/cmake/yaml-cpp'
[2.000s] -- Found class_loader: 2.1.2 (/opt/ros/galactic/share/class_loader/cmake)
[2.007s] -- Found cv_bridge: 3.1.3 (/opt/ros/galactic/share/cv_bridge/cmake)
[2.039s] -- Found OpenCV: /usr (found version "4.2.0") 
[2.041s] -- Found rclcpp_components: 9.2.2 (/opt/ros/galactic/share/rclcpp_components/cmake)
[2.086s] -- Found ros2_shared: 0.1.0 (/home/eero/finalProject/drone_racing_ros2-main/install/ros2_shared/share/ros2_shared/cmake)
[2.087s] -- Found tello_msgs: 0.1.0 (/home/eero/finalProject/drone_racing_ros2-main/install/tello_msgs/share/tello_msgs/cmake)
[2.278s] -- Configuring done
[2.340s] -- Generating done
[2.366s] -- Build files have been written to: /home/eero/finalProject/drone_racing_ros2-main/build/tello_driver
[2.375s] Invoked command in '/home/eero/finalProject/drone_racing_ros2-main/build/tello_driver' returned '0': AMENT_PREFIX_PATH=/home/eero/finalProject/drone_racing_ros2-main/install/tello_msgs:/home/eero/finalProject/drone_racing_ros2-main/install/ros2_shared:${AMENT_PREFIX_PATH} CMAKE_PREFIX_PATH=/home/eero/finalProject/drone_racing_ros2-main/install/tello_msgs:/home/eero/finalProject/drone_racing_ros2-main/install/ros2_shared:/home/eero/turtlebot3_ws/install/turtlebot3:/home/eero/turtlebot3_ws/install/turtlebot3_simulations:/home/eero/turtlebot3_ws/install/turtlebot3_bringup:/home/eero/turtlebot3_ws/install/turtlebot3_node:/home/eero/turtlebot3_ws/install/turtlebot3_navigation2:/home/eero/turtlebot3_ws/install/turtlebot3_fake_node:/home/eero/turtlebot3_ws/install/turtlebot3_msgs:/home/eero/turtlebot3_ws/install/turtlebot3_manipulation_gazebo:/home/eero/turtlebot3_ws/install/turtlebot3_gazebo:/home/eero/turtlebot3_ws/install/turtlebot3_description:/home/eero/turtlebot3_ws/install/turtlebot3_cartographer:/home/eero/turtlebot3_ws/install/dynamixel_sdk_examples:/home/eero/turtlebot3_ws/install/dynamixel_sdk_custom_interfaces:/home/eero/turtlebot3_ws/install/dynamixel_sdk:/home/eero/turtlebot3_ws/install/turtlebot3_teleop:/home/eero/turtlebot3_ws/install/turtlebot3_example:/opt/ros/galactic LD_LIBRARY_PATH=/home/eero/finalProject/drone_racing_ros2-main/install/tello_msgs/lib:/home/eero/turtlebot3_ws/install/turtlebot3_msgs/lib:/home/eero/turtlebot3_ws/install/dynamixel_sdk_custom_interfaces/lib:/home/eero/turtlebot3_ws/install/dynamixel_sdk/lib:/usr/lib/x86_64-linux-gnu/gazebo-11/plugins:/opt/ros/galactic/opt/yaml_cpp_vendor/lib:/opt/ros/galactic/opt/rviz_ogre_vendor/lib:/opt/ros/galactic/lib/x86_64-linux-gnu:/opt/ros/galactic/lib:/usr/lib/x86_64-linux-gnu/gazebo-11/plugins PYTHONPATH=/home/eero/finalProject/drone_racing_ros2-main/install/tello_msgs/lib/python3.8/site-packages:${PYTHONPATH} /usr/bin/cmake /home/eero/finalProject/drone_racing_ros2-main/tello_ros/tello_driver -DCMAKE_INSTALL_PREFIX=/home/eero/finalProject/drone_racing_ros2-main/install/tello_driver
[2.380s] Invoking command in '/home/eero/finalProject/drone_racing_ros2-main/build/tello_driver': AMENT_PREFIX_PATH=/home/eero/finalProject/drone_racing_ros2-main/install/tello_msgs:/home/eero/finalProject/drone_racing_ros2-main/install/ros2_shared:${AMENT_PREFIX_PATH} CMAKE_PREFIX_PATH=/home/eero/finalProject/drone_racing_ros2-main/install/tello_msgs:/home/eero/finalProject/drone_racing_ros2-main/install/ros2_shared:/home/eero/turtlebot3_ws/install/turtlebot3:/home/eero/turtlebot3_ws/install/turtlebot3_simulations:/home/eero/turtlebot3_ws/install/turtlebot3_bringup:/home/eero/turtlebot3_ws/install/turtlebot3_node:/home/eero/turtlebot3_ws/install/turtlebot3_navigation2:/home/eero/turtlebot3_ws/install/turtlebot3_fake_node:/home/eero/turtlebot3_ws/install/turtlebot3_msgs:/home/eero/turtlebot3_ws/install/turtlebot3_manipulation_gazebo:/home/eero/turtlebot3_ws/install/turtlebot3_gazebo:/home/eero/turtlebot3_ws/install/turtlebot3_description:/home/eero/turtlebot3_ws/install/turtlebot3_cartographer:/home/eero/turtlebot3_ws/install/dynamixel_sdk_examples:/home/eero/turtlebot3_ws/install/dynamixel_sdk_custom_interfaces:/home/eero/turtlebot3_ws/install/dynamixel_sdk:/home/eero/turtlebot3_ws/install/turtlebot3_teleop:/home/eero/turtlebot3_ws/install/turtlebot3_example:/opt/ros/galactic LD_LIBRARY_PATH=/home/eero/finalProject/drone_racing_ros2-main/install/tello_msgs/lib:/home/eero/turtlebot3_ws/install/turtlebot3_msgs/lib:/home/eero/turtlebot3_ws/install/dynamixel_sdk_custom_interfaces/lib:/home/eero/turtlebot3_ws/install/dynamixel_sdk/lib:/usr/lib/x86_64-linux-gnu/gazebo-11/plugins:/opt/ros/galactic/opt/yaml_cpp_vendor/lib:/opt/ros/galactic/opt/rviz_ogre_vendor/lib:/opt/ros/galactic/lib/x86_64-linux-gnu:/opt/ros/galactic/lib:/usr/lib/x86_64-linux-gnu/gazebo-11/plugins PYTHONPATH=/home/eero/finalProject/drone_racing_ros2-main/install/tello_msgs/lib/python3.8/site-packages:${PYTHONPATH} /usr/bin/cmake --build /home/eero/finalProject/drone_racing_ros2-main/build/tello_driver -- -j6 -l6
[2.429s] [35m[1mScanning dependencies of target tello_joy_node[0m
[2.432s] [35m[1mScanning dependencies of target tello_joy_main[0m
[2.435s] [35m[1mScanning dependencies of target tello_driver_node[0m
[2.435s] [35m[1mScanning dependencies of target tello_driver_main[0m
[2.435s] [35m[1mScanning dependencies of target tello_emulator[0m
[2.449s] [  4%] [32mBuilding CXX object CMakeFiles/tello_emulator.dir/src/tello_emulator.cpp.o[0m
[2.516s] [  9%] [32mBuilding CXX object CMakeFiles/tello_joy_main.dir/src/tello_joy_node.cpp.o[0m
[2.518s] [ 13%] [32mBuilding CXX object CMakeFiles/tello_joy_main.dir/src/tello_joy_main.cpp.o[0m
[2.521s] [ 18%] [32mBuilding CXX object CMakeFiles/tello_joy_node.dir/src/tello_joy_node.cpp.o[0m
[2.586s] [ 27%] [32mBuilding CXX object CMakeFiles/tello_driver_node.dir/src/tello_driver_node.cpp.o[0m
[2.586s] [ 27%] [32mBuilding CXX object CMakeFiles/tello_driver_main.dir/src/tello_driver_main.cpp.o[0m
[4.086s] [ 31%] [32m[1mLinking CXX executable tello_emulator[0m
[4.215s] [ 31%] Built target tello_emulator
[4.225s] [ 36%] [32mBuilding CXX object CMakeFiles/tello_driver_node.dir/src/tello_socket.cpp.o[0m
[5.693s] [ 40%] [32mBuilding CXX object CMakeFiles/tello_driver_node.dir/src/command_socket.cpp.o[0m
[6.951s] [ 45%] [32mBuilding CXX object CMakeFiles/tello_driver_main.dir/src/tello_driver_node.cpp.o[0m
[8.686s] [ 50%] [32mBuilding CXX object CMakeFiles/tello_driver_node.dir/src/state_socket.cpp.o[0m
[10.444s] [ 54%] [32mBuilding CXX object CMakeFiles/tello_driver_main.dir/src/tello_socket.cpp.o[0m
[13.102s] [ 59%] [32m[1mLinking CXX shared library libtello_joy_node.so[0m
[13.447s] [ 63%] [32m[1mLinking CXX executable tello_joy_main[0m
[13.975s] [ 63%] Built target tello_joy_node
[14.015s] [ 68%] [32mBuilding CXX object CMakeFiles/tello_driver_main.dir/src/command_socket.cpp.o[0m
[14.238s] [ 68%] Built target tello_joy_main
[14.275s] [ 72%] [32mBuilding CXX object CMakeFiles/tello_driver_node.dir/src/video_socket.cpp.o[0m
[14.814s] [ 77%] [32mBuilding CXX object CMakeFiles/tello_driver_main.dir/src/state_socket.cpp.o[0m
[16.747s] [ 81%] [32mBuilding CXX object CMakeFiles/tello_driver_node.dir/h264decoder/h264decoder.cpp.o[0m
[16.870s] [ 86%] [32mBuilding CXX object CMakeFiles/tello_driver_main.dir/src/video_socket.cpp.o[0m
[17.494s] [ 90%] [32mBuilding CXX object CMakeFiles/tello_driver_main.dir/h264decoder/h264decoder.cpp.o[0m
[19.225s] [ 95%] [32m[1mLinking CXX shared library libtello_driver_node.so[0m
[20.500s] [ 95%] Built target tello_driver_node
[21.739s] [100%] [32m[1mLinking CXX executable tello_driver_main[0m
[22.979s] [100%] Built target tello_driver_main
[22.998s] Invoked command in '/home/eero/finalProject/drone_racing_ros2-main/build/tello_driver' returned '0': AMENT_PREFIX_PATH=/home/eero/finalProject/drone_racing_ros2-main/install/tello_msgs:/home/eero/finalProject/drone_racing_ros2-main/install/ros2_shared:${AMENT_PREFIX_PATH} CMAKE_PREFIX_PATH=/home/eero/finalProject/drone_racing_ros2-main/install/tello_msgs:/home/eero/finalProject/drone_racing_ros2-main/install/ros2_shared:/home/eero/turtlebot3_ws/install/turtlebot3:/home/eero/turtlebot3_ws/install/turtlebot3_simulations:/home/eero/turtlebot3_ws/install/turtlebot3_bringup:/home/eero/turtlebot3_ws/install/turtlebot3_node:/home/eero/turtlebot3_ws/install/turtlebot3_navigation2:/home/eero/turtlebot3_ws/install/turtlebot3_fake_node:/home/eero/turtlebot3_ws/install/turtlebot3_msgs:/home/eero/turtlebot3_ws/install/turtlebot3_manipulation_gazebo:/home/eero/turtlebot3_ws/install/turtlebot3_gazebo:/home/eero/turtlebot3_ws/install/turtlebot3_description:/home/eero/turtlebot3_ws/install/turtlebot3_cartographer:/home/eero/turtlebot3_ws/install/dynamixel_sdk_examples:/home/eero/turtlebot3_ws/install/dynamixel_sdk_custom_interfaces:/home/eero/turtlebot3_ws/install/dynamixel_sdk:/home/eero/turtlebot3_ws/install/turtlebot3_teleop:/home/eero/turtlebot3_ws/install/turtlebot3_example:/opt/ros/galactic LD_LIBRARY_PATH=/home/eero/finalProject/drone_racing_ros2-main/install/tello_msgs/lib:/home/eero/turtlebot3_ws/install/turtlebot3_msgs/lib:/home/eero/turtlebot3_ws/install/dynamixel_sdk_custom_interfaces/lib:/home/eero/turtlebot3_ws/install/dynamixel_sdk/lib:/usr/lib/x86_64-linux-gnu/gazebo-11/plugins:/opt/ros/galactic/opt/yaml_cpp_vendor/lib:/opt/ros/galactic/opt/rviz_ogre_vendor/lib:/opt/ros/galactic/lib/x86_64-linux-gnu:/opt/ros/galactic/lib:/usr/lib/x86_64-linux-gnu/gazebo-11/plugins PYTHONPATH=/home/eero/finalProject/drone_racing_ros2-main/install/tello_msgs/lib/python3.8/site-packages:${PYTHONPATH} /usr/bin/cmake --build /home/eero/finalProject/drone_racing_ros2-main/build/tello_driver -- -j6 -l6
[23.002s] Invoking command in '/home/eero/finalProject/drone_racing_ros2-main/build/tello_driver': AMENT_PREFIX_PATH=/home/eero/finalProject/drone_racing_ros2-main/install/tello_msgs:/home/eero/finalProject/drone_racing_ros2-main/install/ros2_shared:${AMENT_PREFIX_PATH} CMAKE_PREFIX_PATH=/home/eero/finalProject/drone_racing_ros2-main/install/tello_msgs:/home/eero/finalProject/drone_racing_ros2-main/install/ros2_shared:/home/eero/turtlebot3_ws/install/turtlebot3:/home/eero/turtlebot3_ws/install/turtlebot3_simulations:/home/eero/turtlebot3_ws/install/turtlebot3_bringup:/home/eero/turtlebot3_ws/install/turtlebot3_node:/home/eero/turtlebot3_ws/install/turtlebot3_navigation2:/home/eero/turtlebot3_ws/install/turtlebot3_fake_node:/home/eero/turtlebot3_ws/install/turtlebot3_msgs:/home/eero/turtlebot3_ws/install/turtlebot3_manipulation_gazebo:/home/eero/turtlebot3_ws/install/turtlebot3_gazebo:/home/eero/turtlebot3_ws/install/turtlebot3_description:/home/eero/turtlebot3_ws/install/turtlebot3_cartographer:/home/eero/turtlebot3_ws/install/dynamixel_sdk_examples:/home/eero/turtlebot3_ws/install/dynamixel_sdk_custom_interfaces:/home/eero/turtlebot3_ws/install/dynamixel_sdk:/home/eero/turtlebot3_ws/install/turtlebot3_teleop:/home/eero/turtlebot3_ws/install/turtlebot3_example:/opt/ros/galactic LD_LIBRARY_PATH=/home/eero/finalProject/drone_racing_ros2-main/install/tello_msgs/lib:/home/eero/turtlebot3_ws/install/turtlebot3_msgs/lib:/home/eero/turtlebot3_ws/install/dynamixel_sdk_custom_interfaces/lib:/home/eero/turtlebot3_ws/install/dynamixel_sdk/lib:/usr/lib/x86_64-linux-gnu/gazebo-11/plugins:/opt/ros/galactic/opt/yaml_cpp_vendor/lib:/opt/ros/galactic/opt/rviz_ogre_vendor/lib:/opt/ros/galactic/lib/x86_64-linux-gnu:/opt/ros/galactic/lib:/usr/lib/x86_64-linux-gnu/gazebo-11/plugins PYTHONPATH=/home/eero/finalProject/drone_racing_ros2-main/install/tello_msgs/lib/python3.8/site-packages:${PYTHONPATH} /usr/bin/cmake --install /home/eero/finalProject/drone_racing_ros2-main/build/tello_driver
[23.013s] -- Install configuration: ""
[23.013s] -- Installing: /home/eero/finalProject/drone_racing_ros2-main/install/tello_driver/share/tello_driver/environment/library_path.sh
[23.013s] -- Installing: /home/eero/finalProject/drone_racing_ros2-main/install/tello_driver/share/tello_driver/environment/library_path.dsv
[23.013s] -- Installing: /home/eero/finalProject/drone_racing_ros2-main/install/tello_driver/lib/libtello_driver_node.so
[23.019s] -- Set runtime path of "/home/eero/finalProject/drone_racing_ros2-main/install/tello_driver/lib/libtello_driver_node.so" to ""
[23.019s] -- Installing: /home/eero/finalProject/drone_racing_ros2-main/install/tello_driver/lib/libtello_joy_node.so
[23.023s] -- Set runtime path of "/home/eero/finalProject/drone_racing_ros2-main/install/tello_driver/lib/libtello_joy_node.so" to ""
[23.023s] -- Installing: /home/eero/finalProject/drone_racing_ros2-main/install/tello_driver/lib/tello_driver/tello_driver_main
[23.027s] -- Set runtime path of "/home/eero/finalProject/drone_racing_ros2-main/install/tello_driver/lib/tello_driver/tello_driver_main" to ""
[23.027s] -- Installing: /home/eero/finalProject/drone_racing_ros2-main/install/tello_driver/lib/tello_driver/tello_joy_main
[23.029s] -- Set runtime path of "/home/eero/finalProject/drone_racing_ros2-main/install/tello_driver/lib/tello_driver/tello_joy_main" to ""
[23.030s] -- Installing: /home/eero/finalProject/drone_racing_ros2-main/install/tello_driver/lib/tello_driver/tello_emulator
[23.030s] -- Installing: /home/eero/finalProject/drone_racing_ros2-main/install/tello_driver/share/tello_driver/cfg
[23.030s] -- Installing: /home/eero/finalProject/drone_racing_ros2-main/install/tello_driver/share/tello_driver/cfg/camera_info.yaml
[23.030s] -- Installing: /home/eero/finalProject/drone_racing_ros2-main/install/tello_driver/share/tello_driver/launch
[23.030s] -- Installing: /home/eero/finalProject/drone_racing_ros2-main/install/tello_driver/share/tello_driver/launch/emulator_launch.py
[23.030s] -- Installing: /home/eero/finalProject/drone_racing_ros2-main/install/tello_driver/share/tello_driver/launch/emulators_launch.py
[23.030s] -- Installing: /home/eero/finalProject/drone_racing_ros2-main/install/tello_driver/share/tello_driver/launch/teleop_launch.py
[23.031s] -- Installing: /home/eero/finalProject/drone_racing_ros2-main/install/tello_driver/share/ament_index/resource_index/package_run_dependencies/tello_driver
[23.031s] -- Installing: /home/eero/finalProject/drone_racing_ros2-main/install/tello_driver/share/ament_index/resource_index/parent_prefix_path/tello_driver
[23.031s] -- Installing: /home/eero/finalProject/drone_racing_ros2-main/install/tello_driver/share/tello_driver/environment/ament_prefix_path.sh
[23.031s] -- Installing: /home/eero/finalProject/drone_racing_ros2-main/install/tello_driver/share/tello_driver/environment/ament_prefix_path.dsv
[23.031s] -- Installing: /home/eero/finalProject/drone_racing_ros2-main/install/tello_driver/share/tello_driver/environment/path.sh
[23.031s] -- Installing: /home/eero/finalProject/drone_racing_ros2-main/install/tello_driver/share/tello_driver/environment/path.dsv
[23.031s] -- Installing: /home/eero/finalProject/drone_racing_ros2-main/install/tello_driver/share/tello_driver/local_setup.bash
[23.032s] -- Installing: /home/eero/finalProject/drone_racing_ros2-main/install/tello_driver/share/tello_driver/local_setup.sh
[23.032s] -- Installing: /home/eero/finalProject/drone_racing_ros2-main/install/tello_driver/share/tello_driver/local_setup.zsh
[23.032s] -- Installing: /home/eero/finalProject/drone_racing_ros2-main/install/tello_driver/share/tello_driver/local_setup.dsv
[23.032s] -- Installing: /home/eero/finalProject/drone_racing_ros2-main/install/tello_driver/share/tello_driver/package.dsv
[23.032s] -- Installing: /home/eero/finalProject/drone_racing_ros2-main/install/tello_driver/share/ament_index/resource_index/packages/tello_driver
[23.032s] -- Installing: /home/eero/finalProject/drone_racing_ros2-main/install/tello_driver/share/ament_index/resource_index/rclcpp_components/tello_driver
[23.032s] -- Installing: /home/eero/finalProject/drone_racing_ros2-main/install/tello_driver/share/tello_driver/cmake/tello_driverConfig.cmake
[23.032s] -- Installing: /home/eero/finalProject/drone_racing_ros2-main/install/tello_driver/share/tello_driver/cmake/tello_driverConfig-version.cmake
[23.032s] -- Installing: /home/eero/finalProject/drone_racing_ros2-main/install/tello_driver/share/tello_driver/package.xml
[23.034s] Invoked command in '/home/eero/finalProject/drone_racing_ros2-main/build/tello_driver' returned '0': AMENT_PREFIX_PATH=/home/eero/finalProject/drone_racing_ros2-main/install/tello_msgs:/home/eero/finalProject/drone_racing_ros2-main/install/ros2_shared:${AMENT_PREFIX_PATH} CMAKE_PREFIX_PATH=/home/eero/finalProject/drone_racing_ros2-main/install/tello_msgs:/home/eero/finalProject/drone_racing_ros2-main/install/ros2_shared:/home/eero/turtlebot3_ws/install/turtlebot3:/home/eero/turtlebot3_ws/install/turtlebot3_simulations:/home/eero/turtlebot3_ws/install/turtlebot3_bringup:/home/eero/turtlebot3_ws/install/turtlebot3_node:/home/eero/turtlebot3_ws/install/turtlebot3_navigation2:/home/eero/turtlebot3_ws/install/turtlebot3_fake_node:/home/eero/turtlebot3_ws/install/turtlebot3_msgs:/home/eero/turtlebot3_ws/install/turtlebot3_manipulation_gazebo:/home/eero/turtlebot3_ws/install/turtlebot3_gazebo:/home/eero/turtlebot3_ws/install/turtlebot3_description:/home/eero/turtlebot3_ws/install/turtlebot3_cartographer:/home/eero/turtlebot3_ws/install/dynamixel_sdk_examples:/home/eero/turtlebot3_ws/install/dynamixel_sdk_custom_interfaces:/home/eero/turtlebot3_ws/install/dynamixel_sdk:/home/eero/turtlebot3_ws/install/turtlebot3_teleop:/home/eero/turtlebot3_ws/install/turtlebot3_example:/opt/ros/galactic LD_LIBRARY_PATH=/home/eero/finalProject/drone_racing_ros2-main/install/tello_msgs/lib:/home/eero/turtlebot3_ws/install/turtlebot3_msgs/lib:/home/eero/turtlebot3_ws/install/dynamixel_sdk_custom_interfaces/lib:/home/eero/turtlebot3_ws/install/dynamixel_sdk/lib:/usr/lib/x86_64-linux-gnu/gazebo-11/plugins:/opt/ros/galactic/opt/yaml_cpp_vendor/lib:/opt/ros/galactic/opt/rviz_ogre_vendor/lib:/opt/ros/galactic/lib/x86_64-linux-gnu:/opt/ros/galactic/lib:/usr/lib/x86_64-linux-gnu/gazebo-11/plugins PYTHONPATH=/home/eero/finalProject/drone_racing_ros2-main/install/tello_msgs/lib/python3.8/site-packages:${PYTHONPATH} /usr/bin/cmake --install /home/eero/finalProject/drone_racing_ros2-main/build/tello_driver
