[0.260s] DEBUG:colcon:Command line arguments: ['/usr/bin/colcon', 'build']
[0.260s] DEBUG:colcon:Parsed command line arguments: Namespace(allow_overriding=[], ament_cmake_args=None, base_paths=['.'], build_base='build', catkin_cmake_args=None, catkin_skip_building_tests=False, cmake_args=None, cmake_clean_cache=False, cmake_clean_first=False, cmake_force_configure=False, cmake_target=None, cmake_target_skip_unavailable=False, continue_on_error=False, event_handlers=None, executor='parallel', ignore_user_meta=False, install_base='install', log_base=None, log_level=None, main=<bound method BuildVerb.main of <colcon_core.verb.build.BuildVerb object at 0x7f3293797c10>>, merge_install=False, metas=['./colcon.meta'], mixin=None, mixin_files=None, mixin_verb=('build',), packages_above=None, packages_above_and_dependencies=None, packages_above_depth=None, packages_end=None, packages_ignore=None, packages_ignore_regex=None, packages_select=None, packages_select_build_failed=False, packages_select_by_dep=None, packages_select_regex=None, packages_select_test_failures=False, packages_skip=None, packages_skip_build_finished=False, packages_skip_by_dep=None, packages_skip_regex=None, packages_skip_test_passed=False, packages_skip_up_to=None, packages_start=None, packages_up_to=None, packages_up_to_regex=None, parallel_workers=6, paths=None, symlink_install=False, test_result_base=None, verb_extension=<colcon_core.verb.build.BuildVerb object at 0x7f3293797c10>, verb_name='build', verb_parser=<colcon_mixin.mixin.mixin_argument.MixinArgumentDecorator object at 0x7f32936ecd60>)
[0.467s] Level 1:colcon.colcon_core.package_discovery:discover_packages(colcon_meta) check parameters
[0.467s] Level 1:colcon.colcon_core.package_discovery:discover_packages(recursive) check parameters
[0.467s] Level 1:colcon.colcon_core.package_discovery:discover_packages(ignore) check parameters
[0.467s] Level 1:colcon.colcon_core.package_discovery:discover_packages(path) check parameters
[0.468s] Level 1:colcon.colcon_core.package_discovery:discover_packages(colcon_meta) discover
[0.468s] Level 1:colcon.colcon_core.package_discovery:discover_packages(recursive) discover
[0.468s] INFO:colcon.colcon_core.package_discovery:Crawling recursively for packages in '/home/eero/finalProject/drone_racing_ros2-main'
[0.468s] Level 1:colcon.colcon_core.package_identification:_identify(.) by extensions ['ignore', 'ignore_ament_install']
[0.468s] Level 1:colcon.colcon_core.package_identification:_identify(.) by extension 'ignore'
[0.468s] Level 1:colcon.colcon_core.package_identification:_identify(.) by extension 'ignore_ament_install'
[0.468s] Level 1:colcon.colcon_core.package_identification:_identify(.) by extensions ['colcon_pkg']
[0.468s] Level 1:colcon.colcon_core.package_identification:_identify(.) by extension 'colcon_pkg'
[0.468s] Level 1:colcon.colcon_core.package_identification:_identify(.) by extensions ['colcon_meta']
[0.468s] Level 1:colcon.colcon_core.package_identification:_identify(.) by extension 'colcon_meta'
[0.468s] Level 1:colcon.colcon_core.package_identification:_identify(.) by extensions ['ros']
[0.468s] Level 1:colcon.colcon_core.package_identification:_identify(.) by extension 'ros'
[0.483s] Level 1:colcon.colcon_core.package_identification:_identify(.) by extensions ['cmake', 'python']
[0.483s] Level 1:colcon.colcon_core.package_identification:_identify(.) by extension 'cmake'
[0.483s] Level 1:colcon.colcon_core.package_identification:_identify(.) by extension 'python'
[0.483s] Level 1:colcon.colcon_core.package_identification:_identify(.) by extensions ['python_setup_py']
[0.483s] Level 1:colcon.colcon_core.package_identification:_identify(.) by extension 'python_setup_py'
[0.484s] Level 1:colcon.colcon_core.package_identification:_identify(build) by extensions ['ignore', 'ignore_ament_install']
[0.484s] Level 1:colcon.colcon_core.package_identification:_identify(build) by extension 'ignore'
[0.484s] Level 1:colcon.colcon_core.package_identification:_identify(build) ignored
[0.484s] Level 1:colcon.colcon_core.package_identification:_identify(install) by extensions ['ignore', 'ignore_ament_install']
[0.484s] Level 1:colcon.colcon_core.package_identification:_identify(install) by extension 'ignore'
[0.484s] Level 1:colcon.colcon_core.package_identification:_identify(install) ignored
[0.484s] Level 1:colcon.colcon_core.package_identification:_identify(log) by extensions ['ignore', 'ignore_ament_install']
[0.484s] Level 1:colcon.colcon_core.package_identification:_identify(log) by extension 'ignore'
[0.484s] Level 1:colcon.colcon_core.package_identification:_identify(log) ignored
[0.489s] Level 1:colcon.colcon_core.package_identification:_identify(ros2_shared) by extensions ['ignore', 'ignore_ament_install']
[0.489s] Level 1:colcon.colcon_core.package_identification:_identify(ros2_shared) by extension 'ignore'
[0.489s] Level 1:colcon.colcon_core.package_identification:_identify(ros2_shared) by extension 'ignore_ament_install'
[0.489s] Level 1:colcon.colcon_core.package_identification:_identify(ros2_shared) by extensions ['colcon_pkg']
[0.489s] Level 1:colcon.colcon_core.package_identification:_identify(ros2_shared) by extension 'colcon_pkg'
[0.489s] Level 1:colcon.colcon_core.package_identification:_identify(ros2_shared) by extensions ['colcon_meta']
[0.489s] Level 1:colcon.colcon_core.package_identification:_identify(ros2_shared) by extension 'colcon_meta'
[0.489s] Level 1:colcon.colcon_core.package_identification:_identify(ros2_shared) by extensions ['ros']
[0.489s] Level 1:colcon.colcon_core.package_identification:_identify(ros2_shared) by extension 'ros'
[0.493s] DEBUG:colcon.colcon_core.package_identification:Package 'ros2_shared' with type 'ros.ament_cmake' and name 'ros2_shared'
[0.494s] Level 1:colcon.colcon_core.package_identification:_identify(tello_ros) by extensions ['ignore', 'ignore_ament_install']
[0.494s] Level 1:colcon.colcon_core.package_identification:_identify(tello_ros) by extension 'ignore'
[0.494s] Level 1:colcon.colcon_core.package_identification:_identify(tello_ros) by extension 'ignore_ament_install'
[0.494s] Level 1:colcon.colcon_core.package_identification:_identify(tello_ros) by extensions ['colcon_pkg']
[0.494s] Level 1:colcon.colcon_core.package_identification:_identify(tello_ros) by extension 'colcon_pkg'
[0.494s] Level 1:colcon.colcon_core.package_identification:_identify(tello_ros) by extensions ['colcon_meta']
[0.494s] Level 1:colcon.colcon_core.package_identification:_identify(tello_ros) by extension 'colcon_meta'
[0.494s] Level 1:colcon.colcon_core.package_identification:_identify(tello_ros) by extensions ['ros']
[0.494s] Level 1:colcon.colcon_core.package_identification:_identify(tello_ros) by extension 'ros'
[0.494s] Level 1:colcon.colcon_core.package_identification:_identify(tello_ros) by extensions ['cmake', 'python']
[0.494s] Level 1:colcon.colcon_core.package_identification:_identify(tello_ros) by extension 'cmake'
[0.494s] Level 1:colcon.colcon_core.package_identification:_identify(tello_ros) by extension 'python'
[0.495s] Level 1:colcon.colcon_core.package_identification:_identify(tello_ros) by extensions ['python_setup_py']
[0.495s] Level 1:colcon.colcon_core.package_identification:_identify(tello_ros) by extension 'python_setup_py'
[0.495s] Level 1:colcon.colcon_core.package_identification:_identify(tello_ros/docker) by extensions ['ignore', 'ignore_ament_install']
[0.495s] Level 1:colcon.colcon_core.package_identification:_identify(tello_ros/docker) by extension 'ignore'
[0.495s] Level 1:colcon.colcon_core.package_identification:_identify(tello_ros/docker) by extension 'ignore_ament_install'
[0.495s] Level 1:colcon.colcon_core.package_identification:_identify(tello_ros/docker) by extensions ['colcon_pkg']
[0.495s] Level 1:colcon.colcon_core.package_identification:_identify(tello_ros/docker) by extension 'colcon_pkg'
[0.495s] Level 1:colcon.colcon_core.package_identification:_identify(tello_ros/docker) by extensions ['colcon_meta']
[0.495s] Level 1:colcon.colcon_core.package_identification:_identify(tello_ros/docker) by extension 'colcon_meta'
[0.496s] Level 1:colcon.colcon_core.package_identification:_identify(tello_ros/docker) by extensions ['ros']
[0.496s] Level 1:colcon.colcon_core.package_identification:_identify(tello_ros/docker) by extension 'ros'
[0.496s] Level 1:colcon.colcon_core.package_identification:_identify(tello_ros/docker) by extensions ['cmake', 'python']
[0.496s] Level 1:colcon.colcon_core.package_identification:_identify(tello_ros/docker) by extension 'cmake'
[0.496s] Level 1:colcon.colcon_core.package_identification:_identify(tello_ros/docker) by extension 'python'
[0.496s] Level 1:colcon.colcon_core.package_identification:_identify(tello_ros/docker) by extensions ['python_setup_py']
[0.496s] Level 1:colcon.colcon_core.package_identification:_identify(tello_ros/docker) by extension 'python_setup_py'
[0.496s] Level 1:colcon.colcon_core.package_identification:_identify(tello_ros/tello_description) by extensions ['ignore', 'ignore_ament_install']
[0.496s] Level 1:colcon.colcon_core.package_identification:_identify(tello_ros/tello_description) by extension 'ignore'
[0.497s] Level 1:colcon.colcon_core.package_identification:_identify(tello_ros/tello_description) by extension 'ignore_ament_install'
[0.497s] Level 1:colcon.colcon_core.package_identification:_identify(tello_ros/tello_description) by extensions ['colcon_pkg']
[0.497s] Level 1:colcon.colcon_core.package_identification:_identify(tello_ros/tello_description) by extension 'colcon_pkg'
[0.497s] Level 1:colcon.colcon_core.package_identification:_identify(tello_ros/tello_description) by extensions ['colcon_meta']
[0.497s] Level 1:colcon.colcon_core.package_identification:_identify(tello_ros/tello_description) by extension 'colcon_meta'
[0.497s] Level 1:colcon.colcon_core.package_identification:_identify(tello_ros/tello_description) by extensions ['ros']
[0.497s] Level 1:colcon.colcon_core.package_identification:_identify(tello_ros/tello_description) by extension 'ros'
[0.498s] DEBUG:colcon.colcon_core.package_identification:Package 'tello_ros/tello_description' with type 'ros.ament_cmake' and name 'tello_description'
[0.499s] Level 1:colcon.colcon_core.package_identification:_identify(tello_ros/tello_driver) by extensions ['ignore', 'ignore_ament_install']
[0.499s] Level 1:colcon.colcon_core.package_identification:_identify(tello_ros/tello_driver) by extension 'ignore'
[0.499s] Level 1:colcon.colcon_core.package_identification:_identify(tello_ros/tello_driver) by extension 'ignore_ament_install'
[0.499s] Level 1:colcon.colcon_core.package_identification:_identify(tello_ros/tello_driver) by extensions ['colcon_pkg']
[0.499s] Level 1:colcon.colcon_core.package_identification:_identify(tello_ros/tello_driver) by extension 'colcon_pkg'
[0.499s] Level 1:colcon.colcon_core.package_identification:_identify(tello_ros/tello_driver) by extensions ['colcon_meta']
[0.499s] Level 1:colcon.colcon_core.package_identification:_identify(tello_ros/tello_driver) by extension 'colcon_meta'
[0.499s] Level 1:colcon.colcon_core.package_identification:_identify(tello_ros/tello_driver) by extensions ['ros']
[0.499s] Level 1:colcon.colcon_core.package_identification:_identify(tello_ros/tello_driver) by extension 'ros'
[0.502s] DEBUG:colcon.colcon_core.package_identification:Package 'tello_ros/tello_driver' with type 'ros.ament_cmake' and name 'tello_driver'
[0.502s] Level 1:colcon.colcon_core.package_identification:_identify(tello_ros/tello_gazebo) by extensions ['ignore', 'ignore_ament_install']
[0.502s] Level 1:colcon.colcon_core.package_identification:_identify(tello_ros/tello_gazebo) by extension 'ignore'
[0.502s] Level 1:colcon.colcon_core.package_identification:_identify(tello_ros/tello_gazebo) by extension 'ignore_ament_install'
[0.502s] Level 1:colcon.colcon_core.package_identification:_identify(tello_ros/tello_gazebo) by extensions ['colcon_pkg']
[0.502s] Level 1:colcon.colcon_core.package_identification:_identify(tello_ros/tello_gazebo) by extension 'colcon_pkg'
[0.503s] Level 1:colcon.colcon_core.package_identification:_identify(tello_ros/tello_gazebo) by extensions ['colcon_meta']
[0.503s] Level 1:colcon.colcon_core.package_identification:_identify(tello_ros/tello_gazebo) by extension 'colcon_meta'
[0.503s] Level 1:colcon.colcon_core.package_identification:_identify(tello_ros/tello_gazebo) by extensions ['ros']
[0.503s] Level 1:colcon.colcon_core.package_identification:_identify(tello_ros/tello_gazebo) by extension 'ros'
[0.504s] DEBUG:colcon.colcon_core.package_identification:Package 'tello_ros/tello_gazebo' with type 'ros.ament_cmake' and name 'tello_gazebo'
[0.505s] Level 1:colcon.colcon_core.package_identification:_identify(tello_ros/tello_msgs) by extensions ['ignore', 'ignore_ament_install']
[0.505s] Level 1:colcon.colcon_core.package_identification:_identify(tello_ros/tello_msgs) by extension 'ignore'
[0.505s] Level 1:colcon.colcon_core.package_identification:_identify(tello_ros/tello_msgs) by extension 'ignore_ament_install'
[0.505s] Level 1:colcon.colcon_core.package_identification:_identify(tello_ros/tello_msgs) by extensions ['colcon_pkg']
[0.505s] Level 1:colcon.colcon_core.package_identification:_identify(tello_ros/tello_msgs) by extension 'colcon_pkg'
[0.505s] Level 1:colcon.colcon_core.package_identification:_identify(tello_ros/tello_msgs) by extensions ['colcon_meta']
[0.505s] Level 1:colcon.colcon_core.package_identification:_identify(tello_ros/tello_msgs) by extension 'colcon_meta'
[0.505s] Level 1:colcon.colcon_core.package_identification:_identify(tello_ros/tello_msgs) by extensions ['ros']
[0.505s] Level 1:colcon.colcon_core.package_identification:_identify(tello_ros/tello_msgs) by extension 'ros'
[0.506s] DEBUG:colcon.colcon_core.package_identification:Package 'tello_ros/tello_msgs' with type 'ros.ament_cmake' and name 'tello_msgs'
[0.506s] Level 1:colcon.colcon_core.package_discovery:discover_packages(recursive) using defaults
[0.506s] Level 1:colcon.colcon_core.package_discovery:discover_packages(ignore) discover
[0.506s] Level 1:colcon.colcon_core.package_discovery:discover_packages(ignore) using defaults
[0.506s] Level 1:colcon.colcon_core.package_discovery:discover_packages(path) discover
[0.506s] Level 1:colcon.colcon_core.package_discovery:discover_packages(path) using defaults
[0.550s] Level 1:colcon.colcon_core.package_discovery:discover_packages(prefix_path) check parameters
[0.550s] Level 1:colcon.colcon_core.package_discovery:discover_packages(prefix_path) discover
[0.553s] DEBUG:colcon.colcon_installed_package_information.package_discovery:Found 16 installed packages in /home/eero/turtlebot3_ws/install
[0.555s] DEBUG:colcon.colcon_installed_package_information.package_discovery:Found 275 installed packages in /opt/ros/galactic
[0.557s] Level 1:colcon.colcon_core.package_discovery:discover_packages(prefix_path) using defaults
[0.638s] Level 5:colcon.colcon_core.verb:set package 'ros2_shared' build argument 'cmake_args' from command line to 'None'
[0.638s] Level 5:colcon.colcon_core.verb:set package 'ros2_shared' build argument 'cmake_target' from command line to 'None'
[0.638s] Level 5:colcon.colcon_core.verb:set package 'ros2_shared' build argument 'cmake_target_skip_unavailable' from command line to 'False'
[0.638s] Level 5:colcon.colcon_core.verb:set package 'ros2_shared' build argument 'cmake_clean_cache' from command line to 'False'
[0.638s] Level 5:colcon.colcon_core.verb:set package 'ros2_shared' build argument 'cmake_clean_first' from command line to 'False'
[0.638s] Level 5:colcon.colcon_core.verb:set package 'ros2_shared' build argument 'cmake_force_configure' from command line to 'False'
[0.638s] Level 5:colcon.colcon_core.verb:set package 'ros2_shared' build argument 'ament_cmake_args' from command line to 'None'
[0.638s] Level 5:colcon.colcon_core.verb:set package 'ros2_shared' build argument 'catkin_cmake_args' from command line to 'None'
[0.638s] Level 5:colcon.colcon_core.verb:set package 'ros2_shared' build argument 'catkin_skip_building_tests' from command line to 'False'
[0.638s] DEBUG:colcon.colcon_core.verb:Building package 'ros2_shared' with the following arguments: {'ament_cmake_args': None, 'build_base': '/home/eero/finalProject/drone_racing_ros2-main/build/ros2_shared', 'catkin_cmake_args': None, 'catkin_skip_building_tests': False, 'cmake_args': None, 'cmake_clean_cache': False, 'cmake_clean_first': False, 'cmake_force_configure': False, 'cmake_target': None, 'cmake_target_skip_unavailable': False, 'install_base': '/home/eero/finalProject/drone_racing_ros2-main/install/ros2_shared', 'merge_install': False, 'path': '/home/eero/finalProject/drone_racing_ros2-main/ros2_shared', 'symlink_install': False, 'test_result_base': None}
[0.639s] Level 5:colcon.colcon_core.verb:set package 'tello_description' build argument 'cmake_args' from command line to 'None'
[0.639s] Level 5:colcon.colcon_core.verb:set package 'tello_description' build argument 'cmake_target' from command line to 'None'
[0.639s] Level 5:colcon.colcon_core.verb:set package 'tello_description' build argument 'cmake_target_skip_unavailable' from command line to 'False'
[0.639s] Level 5:colcon.colcon_core.verb:set package 'tello_description' build argument 'cmake_clean_cache' from command line to 'False'
[0.639s] Level 5:colcon.colcon_core.verb:set package 'tello_description' build argument 'cmake_clean_first' from command line to 'False'
[0.639s] Level 5:colcon.colcon_core.verb:set package 'tello_description' build argument 'cmake_force_configure' from command line to 'False'
[0.639s] Level 5:colcon.colcon_core.verb:set package 'tello_description' build argument 'ament_cmake_args' from command line to 'None'
[0.639s] Level 5:colcon.colcon_core.verb:set package 'tello_description' build argument 'catkin_cmake_args' from command line to 'None'
[0.639s] Level 5:colcon.colcon_core.verb:set package 'tello_description' build argument 'catkin_skip_building_tests' from command line to 'False'
[0.639s] DEBUG:colcon.colcon_core.verb:Building package 'tello_description' with the following arguments: {'ament_cmake_args': None, 'build_base': '/home/eero/finalProject/drone_racing_ros2-main/build/tello_description', 'catkin_cmake_args': None, 'catkin_skip_building_tests': False, 'cmake_args': None, 'cmake_clean_cache': False, 'cmake_clean_first': False, 'cmake_force_configure': False, 'cmake_target': None, 'cmake_target_skip_unavailable': False, 'install_base': '/home/eero/finalProject/drone_racing_ros2-main/install/tello_description', 'merge_install': False, 'path': '/home/eero/finalProject/drone_racing_ros2-main/tello_ros/tello_description', 'symlink_install': False, 'test_result_base': None}
[0.640s] Level 5:colcon.colcon_core.verb:set package 'tello_msgs' build argument 'cmake_args' from command line to 'None'
[0.640s] Level 5:colcon.colcon_core.verb:set package 'tello_msgs' build argument 'cmake_target' from command line to 'None'
[0.640s] Level 5:colcon.colcon_core.verb:set package 'tello_msgs' build argument 'cmake_target_skip_unavailable' from command line to 'False'
[0.640s] Level 5:colcon.colcon_core.verb:set package 'tello_msgs' build argument 'cmake_clean_cache' from command line to 'False'
[0.640s] Level 5:colcon.colcon_core.verb:set package 'tello_msgs' build argument 'cmake_clean_first' from command line to 'False'
[0.640s] Level 5:colcon.colcon_core.verb:set package 'tello_msgs' build argument 'cmake_force_configure' from command line to 'False'
[0.640s] Level 5:colcon.colcon_core.verb:set package 'tello_msgs' build argument 'ament_cmake_args' from command line to 'None'
[0.640s] Level 5:colcon.colcon_core.verb:set package 'tello_msgs' build argument 'catkin_cmake_args' from command line to 'None'
[0.640s] Level 5:colcon.colcon_core.verb:set package 'tello_msgs' build argument 'catkin_skip_building_tests' from command line to 'False'
[0.640s] DEBUG:colcon.colcon_core.verb:Building package 'tello_msgs' with the following arguments: {'ament_cmake_args': None, 'build_base': '/home/eero/finalProject/drone_racing_ros2-main/build/tello_msgs', 'catkin_cmake_args': None, 'catkin_skip_building_tests': False, 'cmake_args': None, 'cmake_clean_cache': False, 'cmake_clean_first': False, 'cmake_force_configure': False, 'cmake_target': None, 'cmake_target_skip_unavailable': False, 'install_base': '/home/eero/finalProject/drone_racing_ros2-main/install/tello_msgs', 'merge_install': False, 'path': '/home/eero/finalProject/drone_racing_ros2-main/tello_ros/tello_msgs', 'symlink_install': False, 'test_result_base': None}
[0.640s] Level 5:colcon.colcon_core.verb:set package 'tello_driver' build argument 'cmake_args' from command line to 'None'
[0.641s] Level 5:colcon.colcon_core.verb:set package 'tello_driver' build argument 'cmake_target' from command line to 'None'
[0.641s] Level 5:colcon.colcon_core.verb:set package 'tello_driver' build argument 'cmake_target_skip_unavailable' from command line to 'False'
[0.641s] Level 5:colcon.colcon_core.verb:set package 'tello_driver' build argument 'cmake_clean_cache' from command line to 'False'
[0.641s] Level 5:colcon.colcon_core.verb:set package 'tello_driver' build argument 'cmake_clean_first' from command line to 'False'
[0.641s] Level 5:colcon.colcon_core.verb:set package 'tello_driver' build argument 'cmake_force_configure' from command line to 'False'
[0.641s] Level 5:colcon.colcon_core.verb:set package 'tello_driver' build argument 'ament_cmake_args' from command line to 'None'
[0.641s] Level 5:colcon.colcon_core.verb:set package 'tello_driver' build argument 'catkin_cmake_args' from command line to 'None'
[0.641s] Level 5:colcon.colcon_core.verb:set package 'tello_driver' build argument 'catkin_skip_building_tests' from command line to 'False'
[0.641s] DEBUG:colcon.colcon_core.verb:Building package 'tello_driver' with the following arguments: {'ament_cmake_args': None, 'build_base': '/home/eero/finalProject/drone_racing_ros2-main/build/tello_driver', 'catkin_cmake_args': None, 'catkin_skip_building_tests': False, 'cmake_args': None, 'cmake_clean_cache': False, 'cmake_clean_first': False, 'cmake_force_configure': False, 'cmake_target': None, 'cmake_target_skip_unavailable': False, 'install_base': '/home/eero/finalProject/drone_racing_ros2-main/install/tello_driver', 'merge_install': False, 'path': '/home/eero/finalProject/drone_racing_ros2-main/tello_ros/tello_driver', 'symlink_install': False, 'test_result_base': None}
[0.641s] Level 5:colcon.colcon_core.verb:set package 'tello_gazebo' build argument 'cmake_args' from command line to 'None'
[0.641s] Level 5:colcon.colcon_core.verb:set package 'tello_gazebo' build argument 'cmake_target' from command line to 'None'
[0.641s] Level 5:colcon.colcon_core.verb:set package 'tello_gazebo' build argument 'cmake_target_skip_unavailable' from command line to 'False'
[0.641s] Level 5:colcon.colcon_core.verb:set package 'tello_gazebo' build argument 'cmake_clean_cache' from command line to 'False'
[0.641s] Level 5:colcon.colcon_core.verb:set package 'tello_gazebo' build argument 'cmake_clean_first' from command line to 'False'
[0.641s] Level 5:colcon.colcon_core.verb:set package 'tello_gazebo' build argument 'cmake_force_configure' from command line to 'False'
[0.641s] Level 5:colcon.colcon_core.verb:set package 'tello_gazebo' build argument 'ament_cmake_args' from command line to 'None'
[0.641s] Level 5:colcon.colcon_core.verb:set package 'tello_gazebo' build argument 'catkin_cmake_args' from command line to 'None'
[0.641s] Level 5:colcon.colcon_core.verb:set package 'tello_gazebo' build argument 'catkin_skip_building_tests' from command line to 'False'
[0.642s] DEBUG:colcon.colcon_core.verb:Building package 'tello_gazebo' with the following arguments: {'ament_cmake_args': None, 'build_base': '/home/eero/finalProject/drone_racing_ros2-main/build/tello_gazebo', 'catkin_cmake_args': None, 'catkin_skip_building_tests': False, 'cmake_args': None, 'cmake_clean_cache': False, 'cmake_clean_first': False, 'cmake_force_configure': False, 'cmake_target': None, 'cmake_target_skip_unavailable': False, 'install_base': '/home/eero/finalProject/drone_racing_ros2-main/install/tello_gazebo', 'merge_install': False, 'path': '/home/eero/finalProject/drone_racing_ros2-main/tello_ros/tello_gazebo', 'symlink_install': False, 'test_result_base': None}
[0.642s] INFO:colcon.colcon_core.executor:Executing jobs using 'parallel' executor
[0.644s] DEBUG:colcon.colcon_parallel_executor.executor.parallel:run_until_complete
[0.644s] INFO:colcon.colcon_ros.task.ament_cmake.build:Building ROS package in '/home/eero/finalProject/drone_racing_ros2-main/tello_ros/tello_msgs' with build type 'ament_cmake'
[0.644s] INFO:colcon.colcon_cmake.task.cmake.build:Building CMake package in '/home/eero/finalProject/drone_racing_ros2-main/tello_ros/tello_msgs'
[0.648s] INFO:colcon.colcon_core.plugin_system:Skipping extension 'colcon_core.shell.bat': Not used on non-Windows systems
[0.648s] INFO:colcon.colcon_core.shell:Skip shell extension 'powershell' for command environment: Not usable outside of PowerShell
[0.648s] DEBUG:colcon.colcon_core.shell:Skip shell extension 'dsv' for command environment
[0.656s] INFO:colcon.colcon_ros.task.ament_cmake.build:Building ROS package in '/home/eero/finalProject/drone_racing_ros2-main/ros2_shared' with build type 'ament_cmake'
[0.656s] INFO:colcon.colcon_cmake.task.cmake.build:Building CMake package in '/home/eero/finalProject/drone_racing_ros2-main/ros2_shared'
[0.657s] INFO:colcon.colcon_core.shell:Skip shell extension 'powershell' for command environment: Not usable outside of PowerShell
[0.657s] DEBUG:colcon.colcon_core.shell:Skip shell extension 'dsv' for command environment
[0.670s] INFO:colcon.colcon_ros.task.ament_cmake.build:Building ROS package in '/home/eero/finalProject/drone_racing_ros2-main/tello_ros/tello_description' with build type 'ament_cmake'
[0.670s] INFO:colcon.colcon_cmake.task.cmake.build:Building CMake package in '/home/eero/finalProject/drone_racing_ros2-main/tello_ros/tello_description'
[0.671s] INFO:colcon.colcon_core.shell:Skip shell extension 'powershell' for command environment: Not usable outside of PowerShell
[0.671s] DEBUG:colcon.colcon_core.shell:Skip shell extension 'dsv' for command environment
[0.690s] DEBUG:colcon.colcon_core.event_handler.log_command:Invoking command in '/home/eero/finalProject/drone_racing_ros2-main/build/tello_msgs': CMAKE_PREFIX_PATH=${CMAKE_PREFIX_PATH}:/home/eero/turtlebot3_ws/install/turtlebot3_teleop:/home/eero/turtlebot3_ws/install/turtlebot3_example:/opt/ros/galactic /usr/bin/cmake /home/eero/finalProject/drone_racing_ros2-main/tello_ros/tello_msgs -DCMAKE_INSTALL_PREFIX=/home/eero/finalProject/drone_racing_ros2-main/install/tello_msgs
[0.698s] DEBUG:colcon.colcon_core.event_handler.log_command:Invoking command in '/home/eero/finalProject/drone_racing_ros2-main/build/ros2_shared': CMAKE_PREFIX_PATH=${CMAKE_PREFIX_PATH}:/home/eero/turtlebot3_ws/install/turtlebot3_teleop:/home/eero/turtlebot3_ws/install/turtlebot3_example:/opt/ros/galactic /usr/bin/cmake /home/eero/finalProject/drone_racing_ros2-main/ros2_shared -DCMAKE_INSTALL_PREFIX=/home/eero/finalProject/drone_racing_ros2-main/install/ros2_shared
[0.709s] DEBUG:colcon.colcon_core.event_handler.log_command:Invoking command in '/home/eero/finalProject/drone_racing_ros2-main/build/tello_description': CMAKE_PREFIX_PATH=${CMAKE_PREFIX_PATH}:/home/eero/turtlebot3_ws/install/turtlebot3_teleop:/home/eero/turtlebot3_ws/install/turtlebot3_example:/opt/ros/galactic /usr/bin/cmake /home/eero/finalProject/drone_racing_ros2-main/tello_ros/tello_description -DCMAKE_INSTALL_PREFIX=/home/eero/finalProject/drone_racing_ros2-main/install/tello_description
[1.823s] DEBUG:colcon.colcon_core.event_handler.log_command:Invoked command in '/home/eero/finalProject/drone_racing_ros2-main/build/ros2_shared' returned '0': CMAKE_PREFIX_PATH=${CMAKE_PREFIX_PATH}:/home/eero/turtlebot3_ws/install/turtlebot3_teleop:/home/eero/turtlebot3_ws/install/turtlebot3_example:/opt/ros/galactic /usr/bin/cmake /home/eero/finalProject/drone_racing_ros2-main/ros2_shared -DCMAKE_INSTALL_PREFIX=/home/eero/finalProject/drone_racing_ros2-main/install/ros2_shared
[1.828s] DEBUG:colcon.colcon_core.event_handler.log_command:Invoking command in '/home/eero/finalProject/drone_racing_ros2-main/build/ros2_shared': CMAKE_PREFIX_PATH=${CMAKE_PREFIX_PATH}:/home/eero/turtlebot3_ws/install/turtlebot3_teleop:/home/eero/turtlebot3_ws/install/turtlebot3_example:/opt/ros/galactic /usr/bin/cmake --build /home/eero/finalProject/drone_racing_ros2-main/build/ros2_shared -- -j6 -l6
[1.831s] DEBUG:colcon.colcon_core.event_handler.log_command:Invoked command in '/home/eero/finalProject/drone_racing_ros2-main/build/tello_description' returned '0': CMAKE_PREFIX_PATH=${CMAKE_PREFIX_PATH}:/home/eero/turtlebot3_ws/install/turtlebot3_teleop:/home/eero/turtlebot3_ws/install/turtlebot3_example:/opt/ros/galactic /usr/bin/cmake /home/eero/finalProject/drone_racing_ros2-main/tello_ros/tello_description -DCMAKE_INSTALL_PREFIX=/home/eero/finalProject/drone_racing_ros2-main/install/tello_description
[1.835s] DEBUG:colcon.colcon_core.event_handler.log_command:Invoking command in '/home/eero/finalProject/drone_racing_ros2-main/build/tello_description': CMAKE_PREFIX_PATH=${CMAKE_PREFIX_PATH}:/home/eero/turtlebot3_ws/install/turtlebot3_teleop:/home/eero/turtlebot3_ws/install/turtlebot3_example:/opt/ros/galactic /usr/bin/cmake --build /home/eero/finalProject/drone_racing_ros2-main/build/tello_description -- -j6 -l6
[1.903s] DEBUG:colcon.colcon_core.event_handler.log_command:Invoked command in '/home/eero/finalProject/drone_racing_ros2-main/build/ros2_shared' returned '0': CMAKE_PREFIX_PATH=${CMAKE_PREFIX_PATH}:/home/eero/turtlebot3_ws/install/turtlebot3_teleop:/home/eero/turtlebot3_ws/install/turtlebot3_example:/opt/ros/galactic /usr/bin/cmake --build /home/eero/finalProject/drone_racing_ros2-main/build/ros2_shared -- -j6 -l6
[1.929s] DEBUG:colcon.colcon_core.event_handler.log_command:Invoking command in '/home/eero/finalProject/drone_racing_ros2-main/build/ros2_shared': CMAKE_PREFIX_PATH=${CMAKE_PREFIX_PATH}:/home/eero/turtlebot3_ws/install/turtlebot3_teleop:/home/eero/turtlebot3_ws/install/turtlebot3_example:/opt/ros/galactic /usr/bin/cmake --install /home/eero/finalProject/drone_racing_ros2-main/build/ros2_shared
[1.960s] Level 1:colcon.colcon_core.environment:create_environment_scripts_only(ros2_shared)
[1.961s] DEBUG:colcon.colcon_core.event_handler.log_command:Invoked command in '/home/eero/finalProject/drone_racing_ros2-main/build/ros2_shared' returned '0': CMAKE_PREFIX_PATH=${CMAKE_PREFIX_PATH}:/home/eero/turtlebot3_ws/install/turtlebot3_teleop:/home/eero/turtlebot3_ws/install/turtlebot3_example:/opt/ros/galactic /usr/bin/cmake --install /home/eero/finalProject/drone_racing_ros2-main/build/ros2_shared
[1.964s] Level 1:colcon.colcon_core.environment:checking '/home/eero/finalProject/drone_racing_ros2-main/install/ros2_shared' for CMake module files
[1.965s] Level 1:colcon.colcon_core.environment:checking '/home/eero/finalProject/drone_racing_ros2-main/install/ros2_shared' for CMake config files
[1.965s] Level 1:colcon.colcon_core.shell:create_environment_hook('ros2_shared', 'cmake_prefix_path')
[1.966s] INFO:colcon.colcon_core.shell:Creating environment hook '/home/eero/finalProject/drone_racing_ros2-main/install/ros2_shared/share/ros2_shared/hook/cmake_prefix_path.ps1'
[1.967s] INFO:colcon.colcon_core.shell:Creating environment descriptor '/home/eero/finalProject/drone_racing_ros2-main/install/ros2_shared/share/ros2_shared/hook/cmake_prefix_path.dsv'
[1.967s] INFO:colcon.colcon_core.shell:Creating environment hook '/home/eero/finalProject/drone_racing_ros2-main/install/ros2_shared/share/ros2_shared/hook/cmake_prefix_path.sh'
[1.969s] Level 1:colcon.colcon_core.environment:checking '/home/eero/finalProject/drone_racing_ros2-main/install/ros2_shared/bin'
[1.969s] Level 1:colcon.colcon_core.environment:checking '/home/eero/finalProject/drone_racing_ros2-main/install/ros2_shared/lib/pkgconfig/ros2_shared.pc'
[1.970s] Level 1:colcon.colcon_core.environment:checking '/home/eero/finalProject/drone_racing_ros2-main/install/ros2_shared/lib/python3.8/site-packages'
[1.970s] Level 1:colcon.colcon_core.environment:checking '/home/eero/finalProject/drone_racing_ros2-main/install/ros2_shared/bin'
[1.970s] INFO:colcon.colcon_core.shell:Creating package script '/home/eero/finalProject/drone_racing_ros2-main/install/ros2_shared/share/ros2_shared/package.ps1'
[1.972s] INFO:colcon.colcon_core.shell:Creating package descriptor '/home/eero/finalProject/drone_racing_ros2-main/install/ros2_shared/share/ros2_shared/package.dsv'
[1.973s] INFO:colcon.colcon_core.shell:Creating package script '/home/eero/finalProject/drone_racing_ros2-main/install/ros2_shared/share/ros2_shared/package.sh'
[1.974s] INFO:colcon.colcon_core.shell:Creating package script '/home/eero/finalProject/drone_racing_ros2-main/install/ros2_shared/share/ros2_shared/package.bash'
[1.976s] INFO:colcon.colcon_core.shell:Creating package script '/home/eero/finalProject/drone_racing_ros2-main/install/ros2_shared/share/ros2_shared/package.zsh'
[1.977s] Level 1:colcon.colcon_core.environment:create_file_with_runtime_dependencies(/home/eero/finalProject/drone_racing_ros2-main/install/ros2_shared/share/colcon-core/packages/ros2_shared)
[1.978s] Level 1:colcon.colcon_core.environment:create_environment_scripts_only(ros2_shared)
[1.978s] Level 1:colcon.colcon_core.environment:checking '/home/eero/finalProject/drone_racing_ros2-main/install/ros2_shared' for CMake module files
[1.979s] Level 1:colcon.colcon_core.environment:checking '/home/eero/finalProject/drone_racing_ros2-main/install/ros2_shared' for CMake config files
[1.979s] Level 1:colcon.colcon_core.shell:create_environment_hook('ros2_shared', 'cmake_prefix_path')
[1.979s] INFO:colcon.colcon_core.shell:Creating environment hook '/home/eero/finalProject/drone_racing_ros2-main/install/ros2_shared/share/ros2_shared/hook/cmake_prefix_path.ps1'
[1.980s] INFO:colcon.colcon_core.shell:Creating environment descriptor '/home/eero/finalProject/drone_racing_ros2-main/install/ros2_shared/share/ros2_shared/hook/cmake_prefix_path.dsv'
[1.980s] INFO:colcon.colcon_core.shell:Creating environment hook '/home/eero/finalProject/drone_racing_ros2-main/install/ros2_shared/share/ros2_shared/hook/cmake_prefix_path.sh'
[1.982s] Level 1:colcon.colcon_core.environment:checking '/home/eero/finalProject/drone_racing_ros2-main/install/ros2_shared/bin'
[1.982s] Level 1:colcon.colcon_core.environment:checking '/home/eero/finalProject/drone_racing_ros2-main/install/ros2_shared/lib/pkgconfig/ros2_shared.pc'
[1.983s] Level 1:colcon.colcon_core.environment:checking '/home/eero/finalProject/drone_racing_ros2-main/install/ros2_shared/lib/python3.8/site-packages'
[1.983s] Level 1:colcon.colcon_core.environment:checking '/home/eero/finalProject/drone_racing_ros2-main/install/ros2_shared/bin'
[1.983s] INFO:colcon.colcon_core.shell:Creating package script '/home/eero/finalProject/drone_racing_ros2-main/install/ros2_shared/share/ros2_shared/package.ps1'
[1.984s] INFO:colcon.colcon_core.shell:Creating package descriptor '/home/eero/finalProject/drone_racing_ros2-main/install/ros2_shared/share/ros2_shared/package.dsv'
[1.985s] INFO:colcon.colcon_core.shell:Creating package script '/home/eero/finalProject/drone_racing_ros2-main/install/ros2_shared/share/ros2_shared/package.sh'
[1.986s] INFO:colcon.colcon_core.shell:Creating package script '/home/eero/finalProject/drone_racing_ros2-main/install/ros2_shared/share/ros2_shared/package.bash'
[1.986s] INFO:colcon.colcon_core.shell:Creating package script '/home/eero/finalProject/drone_racing_ros2-main/install/ros2_shared/share/ros2_shared/package.zsh'
[1.987s] Level 1:colcon.colcon_core.environment:create_file_with_runtime_dependencies(/home/eero/finalProject/drone_racing_ros2-main/install/ros2_shared/share/colcon-core/packages/ros2_shared)
[2.093s] DEBUG:colcon.colcon_core.event_handler.log_command:Invoked command in '/home/eero/finalProject/drone_racing_ros2-main/build/tello_description' returned '0': CMAKE_PREFIX_PATH=${CMAKE_PREFIX_PATH}:/home/eero/turtlebot3_ws/install/turtlebot3_teleop:/home/eero/turtlebot3_ws/install/turtlebot3_example:/opt/ros/galactic /usr/bin/cmake --build /home/eero/finalProject/drone_racing_ros2-main/build/tello_description -- -j6 -l6
[2.097s] DEBUG:colcon.colcon_core.event_handler.log_command:Invoking command in '/home/eero/finalProject/drone_racing_ros2-main/build/tello_description': CMAKE_PREFIX_PATH=${CMAKE_PREFIX_PATH}:/home/eero/turtlebot3_ws/install/turtlebot3_teleop:/home/eero/turtlebot3_ws/install/turtlebot3_example:/opt/ros/galactic /usr/bin/cmake --install /home/eero/finalProject/drone_racing_ros2-main/build/tello_description
[2.116s] Level 1:colcon.colcon_core.environment:create_environment_scripts_only(tello_description)
[2.117s] Level 1:colcon.colcon_core.environment:checking '/home/eero/finalProject/drone_racing_ros2-main/install/tello_description' for CMake module files
[2.118s] DEBUG:colcon.colcon_core.event_handler.log_command:Invoked command in '/home/eero/finalProject/drone_racing_ros2-main/build/tello_description' returned '0': CMAKE_PREFIX_PATH=${CMAKE_PREFIX_PATH}:/home/eero/turtlebot3_ws/install/turtlebot3_teleop:/home/eero/turtlebot3_ws/install/turtlebot3_example:/opt/ros/galactic /usr/bin/cmake --install /home/eero/finalProject/drone_racing_ros2-main/build/tello_description
[2.118s] Level 1:colcon.colcon_core.environment:checking '/home/eero/finalProject/drone_racing_ros2-main/install/tello_description' for CMake config files
[2.118s] Level 1:colcon.colcon_core.shell:create_environment_hook('tello_description', 'cmake_prefix_path')
[2.119s] INFO:colcon.colcon_core.shell:Creating environment hook '/home/eero/finalProject/drone_racing_ros2-main/install/tello_description/share/tello_description/hook/cmake_prefix_path.ps1'
[2.119s] INFO:colcon.colcon_core.shell:Creating environment descriptor '/home/eero/finalProject/drone_racing_ros2-main/install/tello_description/share/tello_description/hook/cmake_prefix_path.dsv'
[2.120s] INFO:colcon.colcon_core.shell:Creating environment hook '/home/eero/finalProject/drone_racing_ros2-main/install/tello_description/share/tello_description/hook/cmake_prefix_path.sh'
[2.120s] Level 1:colcon.colcon_core.environment:checking '/home/eero/finalProject/drone_racing_ros2-main/install/tello_description/bin'
[2.120s] Level 1:colcon.colcon_core.environment:checking '/home/eero/finalProject/drone_racing_ros2-main/install/tello_description/lib/pkgconfig/tello_description.pc'
[2.121s] Level 1:colcon.colcon_core.environment:checking '/home/eero/finalProject/drone_racing_ros2-main/install/tello_description/lib/python3.8/site-packages'
[2.121s] Level 1:colcon.colcon_core.environment:checking '/home/eero/finalProject/drone_racing_ros2-main/install/tello_description/bin'
[2.121s] INFO:colcon.colcon_core.shell:Creating package script '/home/eero/finalProject/drone_racing_ros2-main/install/tello_description/share/tello_description/package.ps1'
[2.122s] INFO:colcon.colcon_core.shell:Creating package descriptor '/home/eero/finalProject/drone_racing_ros2-main/install/tello_description/share/tello_description/package.dsv'
[2.122s] INFO:colcon.colcon_core.shell:Creating package script '/home/eero/finalProject/drone_racing_ros2-main/install/tello_description/share/tello_description/package.sh'
[2.123s] INFO:colcon.colcon_core.shell:Creating package script '/home/eero/finalProject/drone_racing_ros2-main/install/tello_description/share/tello_description/package.bash'
[2.123s] INFO:colcon.colcon_core.shell:Creating package script '/home/eero/finalProject/drone_racing_ros2-main/install/tello_description/share/tello_description/package.zsh'
[2.124s] Level 1:colcon.colcon_core.environment:create_file_with_runtime_dependencies(/home/eero/finalProject/drone_racing_ros2-main/install/tello_description/share/colcon-core/packages/tello_description)
[2.125s] Level 1:colcon.colcon_core.environment:create_environment_scripts_only(tello_description)
[2.125s] Level 1:colcon.colcon_core.environment:checking '/home/eero/finalProject/drone_racing_ros2-main/install/tello_description' for CMake module files
[2.126s] Level 1:colcon.colcon_core.environment:checking '/home/eero/finalProject/drone_racing_ros2-main/install/tello_description' for CMake config files
[2.126s] Level 1:colcon.colcon_core.shell:create_environment_hook('tello_description', 'cmake_prefix_path')
[2.126s] INFO:colcon.colcon_core.shell:Creating environment hook '/home/eero/finalProject/drone_racing_ros2-main/install/tello_description/share/tello_description/hook/cmake_prefix_path.ps1'
[2.127s] INFO:colcon.colcon_core.shell:Creating environment descriptor '/home/eero/finalProject/drone_racing_ros2-main/install/tello_description/share/tello_description/hook/cmake_prefix_path.dsv'
[2.127s] INFO:colcon.colcon_core.shell:Creating environment hook '/home/eero/finalProject/drone_racing_ros2-main/install/tello_description/share/tello_description/hook/cmake_prefix_path.sh'
[2.128s] Level 1:colcon.colcon_core.environment:checking '/home/eero/finalProject/drone_racing_ros2-main/install/tello_description/bin'
[2.128s] Level 1:colcon.colcon_core.environment:checking '/home/eero/finalProject/drone_racing_ros2-main/install/tello_description/lib/pkgconfig/tello_description.pc'
[2.128s] Level 1:colcon.colcon_core.environment:checking '/home/eero/finalProject/drone_racing_ros2-main/install/tello_description/lib/python3.8/site-packages'
[2.128s] Level 1:colcon.colcon_core.environment:checking '/home/eero/finalProject/drone_racing_ros2-main/install/tello_description/bin'
[2.128s] INFO:colcon.colcon_core.shell:Creating package script '/home/eero/finalProject/drone_racing_ros2-main/install/tello_description/share/tello_description/package.ps1'
[2.129s] INFO:colcon.colcon_core.shell:Creating package descriptor '/home/eero/finalProject/drone_racing_ros2-main/install/tello_description/share/tello_description/package.dsv'
[2.130s] INFO:colcon.colcon_core.shell:Creating package script '/home/eero/finalProject/drone_racing_ros2-main/install/tello_description/share/tello_description/package.sh'
[2.130s] INFO:colcon.colcon_core.shell:Creating package script '/home/eero/finalProject/drone_racing_ros2-main/install/tello_description/share/tello_description/package.bash'
[2.131s] INFO:colcon.colcon_core.shell:Creating package script '/home/eero/finalProject/drone_racing_ros2-main/install/tello_description/share/tello_description/package.zsh'
[2.131s] Level 1:colcon.colcon_core.environment:create_file_with_runtime_dependencies(/home/eero/finalProject/drone_racing_ros2-main/install/tello_description/share/colcon-core/packages/tello_description)
[3.242s] DEBUG:colcon.colcon_core.event_handler.log_command:Invoked command in '/home/eero/finalProject/drone_racing_ros2-main/build/tello_msgs' returned '0': CMAKE_PREFIX_PATH=${CMAKE_PREFIX_PATH}:/home/eero/turtlebot3_ws/install/turtlebot3_teleop:/home/eero/turtlebot3_ws/install/turtlebot3_example:/opt/ros/galactic /usr/bin/cmake /home/eero/finalProject/drone_racing_ros2-main/tello_ros/tello_msgs -DCMAKE_INSTALL_PREFIX=/home/eero/finalProject/drone_racing_ros2-main/install/tello_msgs
[3.247s] DEBUG:colcon.colcon_core.event_handler.log_command:Invoking command in '/home/eero/finalProject/drone_racing_ros2-main/build/tello_msgs': CMAKE_PREFIX_PATH=${CMAKE_PREFIX_PATH}:/home/eero/turtlebot3_ws/install/turtlebot3_teleop:/home/eero/turtlebot3_ws/install/turtlebot3_example:/opt/ros/galactic /usr/bin/cmake --build /home/eero/finalProject/drone_racing_ros2-main/build/tello_msgs -- -j6 -l6
[9.572s] DEBUG:colcon.colcon_core.event_handler.log_command:Invoked command in '/home/eero/finalProject/drone_racing_ros2-main/build/tello_msgs' returned '0': CMAKE_PREFIX_PATH=${CMAKE_PREFIX_PATH}:/home/eero/turtlebot3_ws/install/turtlebot3_teleop:/home/eero/turtlebot3_ws/install/turtlebot3_example:/opt/ros/galactic /usr/bin/cmake --build /home/eero/finalProject/drone_racing_ros2-main/build/tello_msgs -- -j6 -l6
[9.576s] DEBUG:colcon.colcon_core.event_handler.log_command:Invoking command in '/home/eero/finalProject/drone_racing_ros2-main/build/tello_msgs': CMAKE_PREFIX_PATH=${CMAKE_PREFIX_PATH}:/home/eero/turtlebot3_ws/install/turtlebot3_teleop:/home/eero/turtlebot3_ws/install/turtlebot3_example:/opt/ros/galactic /usr/bin/cmake --install /home/eero/finalProject/drone_racing_ros2-main/build/tello_msgs
[9.669s] Level 1:colcon.colcon_core.environment:create_environment_scripts_only(tello_msgs)
[9.670s] Level 1:colcon.colcon_core.environment:checking '/home/eero/finalProject/drone_racing_ros2-main/install/tello_msgs' for CMake module files
[9.671s] DEBUG:colcon.colcon_core.event_handler.log_command:Invoked command in '/home/eero/finalProject/drone_racing_ros2-main/build/tello_msgs' returned '0': CMAKE_PREFIX_PATH=${CMAKE_PREFIX_PATH}:/home/eero/turtlebot3_ws/install/turtlebot3_teleop:/home/eero/turtlebot3_ws/install/turtlebot3_example:/opt/ros/galactic /usr/bin/cmake --install /home/eero/finalProject/drone_racing_ros2-main/build/tello_msgs
[9.672s] Level 1:colcon.colcon_core.environment:checking '/home/eero/finalProject/drone_racing_ros2-main/install/tello_msgs' for CMake config files
[9.672s] Level 1:colcon.colcon_core.shell:create_environment_hook('tello_msgs', 'cmake_prefix_path')
[9.673s] INFO:colcon.colcon_core.shell:Creating environment hook '/home/eero/finalProject/drone_racing_ros2-main/install/tello_msgs/share/tello_msgs/hook/cmake_prefix_path.ps1'
[9.674s] INFO:colcon.colcon_core.shell:Creating environment descriptor '/home/eero/finalProject/drone_racing_ros2-main/install/tello_msgs/share/tello_msgs/hook/cmake_prefix_path.dsv'
[9.674s] INFO:colcon.colcon_core.shell:Creating environment hook '/home/eero/finalProject/drone_racing_ros2-main/install/tello_msgs/share/tello_msgs/hook/cmake_prefix_path.sh'
[9.675s] Level 1:colcon.colcon_core.environment:checking '/home/eero/finalProject/drone_racing_ros2-main/install/tello_msgs/lib'
[9.675s] Level 1:colcon.colcon_core.shell:create_environment_hook('tello_msgs', 'ld_library_path_lib')
[9.676s] INFO:colcon.colcon_core.shell:Creating environment hook '/home/eero/finalProject/drone_racing_ros2-main/install/tello_msgs/share/tello_msgs/hook/ld_library_path_lib.ps1'
[9.676s] INFO:colcon.colcon_core.shell:Creating environment descriptor '/home/eero/finalProject/drone_racing_ros2-main/install/tello_msgs/share/tello_msgs/hook/ld_library_path_lib.dsv'
[9.677s] INFO:colcon.colcon_core.shell:Creating environment hook '/home/eero/finalProject/drone_racing_ros2-main/install/tello_msgs/share/tello_msgs/hook/ld_library_path_lib.sh'
[9.677s] Level 1:colcon.colcon_core.environment:checking '/home/eero/finalProject/drone_racing_ros2-main/install/tello_msgs/bin'
[9.677s] Level 1:colcon.colcon_core.environment:checking '/home/eero/finalProject/drone_racing_ros2-main/install/tello_msgs/lib/pkgconfig/tello_msgs.pc'
[9.678s] Level 1:colcon.colcon_core.environment:checking '/home/eero/finalProject/drone_racing_ros2-main/install/tello_msgs/lib/python3.8/site-packages'
[9.678s] Level 1:colcon.colcon_core.shell:create_environment_hook('tello_msgs', 'pythonpath')
[9.678s] INFO:colcon.colcon_core.shell:Creating environment hook '/home/eero/finalProject/drone_racing_ros2-main/install/tello_msgs/share/tello_msgs/hook/pythonpath.ps1'
[9.679s] INFO:colcon.colcon_core.shell:Creating environment descriptor '/home/eero/finalProject/drone_racing_ros2-main/install/tello_msgs/share/tello_msgs/hook/pythonpath.dsv'
[9.679s] INFO:colcon.colcon_core.shell:Creating environment hook '/home/eero/finalProject/drone_racing_ros2-main/install/tello_msgs/share/tello_msgs/hook/pythonpath.sh'
[9.680s] Level 1:colcon.colcon_core.environment:checking '/home/eero/finalProject/drone_racing_ros2-main/install/tello_msgs/bin'
[9.681s] INFO:colcon.colcon_core.shell:Creating package script '/home/eero/finalProject/drone_racing_ros2-main/install/tello_msgs/share/tello_msgs/package.ps1'
[9.681s] INFO:colcon.colcon_core.shell:Creating package descriptor '/home/eero/finalProject/drone_racing_ros2-main/install/tello_msgs/share/tello_msgs/package.dsv'
[9.682s] INFO:colcon.colcon_core.shell:Creating package script '/home/eero/finalProject/drone_racing_ros2-main/install/tello_msgs/share/tello_msgs/package.sh'
[9.683s] INFO:colcon.colcon_core.shell:Creating package script '/home/eero/finalProject/drone_racing_ros2-main/install/tello_msgs/share/tello_msgs/package.bash'
[9.683s] INFO:colcon.colcon_core.shell:Creating package script '/home/eero/finalProject/drone_racing_ros2-main/install/tello_msgs/share/tello_msgs/package.zsh'
[9.684s] Level 1:colcon.colcon_core.environment:create_file_with_runtime_dependencies(/home/eero/finalProject/drone_racing_ros2-main/install/tello_msgs/share/colcon-core/packages/tello_msgs)
[9.684s] Level 1:colcon.colcon_core.environment:create_environment_scripts_only(tello_msgs)
[9.685s] Level 1:colcon.colcon_core.environment:checking '/home/eero/finalProject/drone_racing_ros2-main/install/tello_msgs' for CMake module files
[9.685s] Level 1:colcon.colcon_core.environment:checking '/home/eero/finalProject/drone_racing_ros2-main/install/tello_msgs' for CMake config files
[9.686s] Level 1:colcon.colcon_core.shell:create_environment_hook('tello_msgs', 'cmake_prefix_path')
[9.686s] INFO:colcon.colcon_core.shell:Creating environment hook '/home/eero/finalProject/drone_racing_ros2-main/install/tello_msgs/share/tello_msgs/hook/cmake_prefix_path.ps1'
[9.686s] INFO:colcon.colcon_core.shell:Creating environment descriptor '/home/eero/finalProject/drone_racing_ros2-main/install/tello_msgs/share/tello_msgs/hook/cmake_prefix_path.dsv'
[9.687s] INFO:colcon.colcon_core.shell:Creating environment hook '/home/eero/finalProject/drone_racing_ros2-main/install/tello_msgs/share/tello_msgs/hook/cmake_prefix_path.sh'
[9.687s] Level 1:colcon.colcon_core.environment:checking '/home/eero/finalProject/drone_racing_ros2-main/install/tello_msgs/lib'
[9.688s] Level 1:colcon.colcon_core.shell:create_environment_hook('tello_msgs', 'ld_library_path_lib')
[9.688s] INFO:colcon.colcon_core.shell:Creating environment hook '/home/eero/finalProject/drone_racing_ros2-main/install/tello_msgs/share/tello_msgs/hook/ld_library_path_lib.ps1'
[9.688s] INFO:colcon.colcon_core.shell:Creating environment descriptor '/home/eero/finalProject/drone_racing_ros2-main/install/tello_msgs/share/tello_msgs/hook/ld_library_path_lib.dsv'
[9.689s] INFO:colcon.colcon_core.shell:Creating environment hook '/home/eero/finalProject/drone_racing_ros2-main/install/tello_msgs/share/tello_msgs/hook/ld_library_path_lib.sh'
[9.689s] Level 1:colcon.colcon_core.environment:checking '/home/eero/finalProject/drone_racing_ros2-main/install/tello_msgs/bin'
[9.689s] Level 1:colcon.colcon_core.environment:checking '/home/eero/finalProject/drone_racing_ros2-main/install/tello_msgs/lib/pkgconfig/tello_msgs.pc'
[9.689s] Level 1:colcon.colcon_core.environment:checking '/home/eero/finalProject/drone_racing_ros2-main/install/tello_msgs/lib/python3.8/site-packages'
[9.689s] Level 1:colcon.colcon_core.shell:create_environment_hook('tello_msgs', 'pythonpath')
[9.690s] INFO:colcon.colcon_core.shell:Creating environment hook '/home/eero/finalProject/drone_racing_ros2-main/install/tello_msgs/share/tello_msgs/hook/pythonpath.ps1'
[9.690s] INFO:colcon.colcon_core.shell:Creating environment descriptor '/home/eero/finalProject/drone_racing_ros2-main/install/tello_msgs/share/tello_msgs/hook/pythonpath.dsv'
[9.690s] INFO:colcon.colcon_core.shell:Creating environment hook '/home/eero/finalProject/drone_racing_ros2-main/install/tello_msgs/share/tello_msgs/hook/pythonpath.sh'
[9.691s] Level 1:colcon.colcon_core.environment:checking '/home/eero/finalProject/drone_racing_ros2-main/install/tello_msgs/bin'
[9.691s] INFO:colcon.colcon_core.shell:Creating package script '/home/eero/finalProject/drone_racing_ros2-main/install/tello_msgs/share/tello_msgs/package.ps1'
[9.692s] INFO:colcon.colcon_core.shell:Creating package descriptor '/home/eero/finalProject/drone_racing_ros2-main/install/tello_msgs/share/tello_msgs/package.dsv'
[9.693s] INFO:colcon.colcon_core.shell:Creating package script '/home/eero/finalProject/drone_racing_ros2-main/install/tello_msgs/share/tello_msgs/package.sh'
[9.693s] INFO:colcon.colcon_core.shell:Creating package script '/home/eero/finalProject/drone_racing_ros2-main/install/tello_msgs/share/tello_msgs/package.bash'
[9.694s] INFO:colcon.colcon_core.shell:Creating package script '/home/eero/finalProject/drone_racing_ros2-main/install/tello_msgs/share/tello_msgs/package.zsh'
[9.694s] Level 1:colcon.colcon_core.environment:create_file_with_runtime_dependencies(/home/eero/finalProject/drone_racing_ros2-main/install/tello_msgs/share/colcon-core/packages/tello_msgs)
[9.695s] INFO:colcon.colcon_ros.task.ament_cmake.build:Building ROS package in '/home/eero/finalProject/drone_racing_ros2-main/tello_ros/tello_driver' with build type 'ament_cmake'
[9.695s] INFO:colcon.colcon_cmake.task.cmake.build:Building CMake package in '/home/eero/finalProject/drone_racing_ros2-main/tello_ros/tello_driver'
[9.695s] INFO:colcon.colcon_core.shell:Skip shell extension 'powershell' for command environment: Not usable outside of PowerShell
[9.695s] DEBUG:colcon.colcon_core.shell:Skip shell extension 'dsv' for command environment
[9.707s] INFO:colcon.colcon_ros.task.ament_cmake.build:Building ROS package in '/home/eero/finalProject/drone_racing_ros2-main/tello_ros/tello_gazebo' with build type 'ament_cmake'
[9.708s] INFO:colcon.colcon_cmake.task.cmake.build:Building CMake package in '/home/eero/finalProject/drone_racing_ros2-main/tello_ros/tello_gazebo'
[9.708s] INFO:colcon.colcon_core.shell:Skip shell extension 'powershell' for command environment: Not usable outside of PowerShell
[9.708s] DEBUG:colcon.colcon_core.shell:Skip shell extension 'dsv' for command environment
[9.722s] DEBUG:colcon.colcon_core.event_handler.log_command:Invoking command in '/home/eero/finalProject/drone_racing_ros2-main/build/tello_driver': AMENT_PREFIX_PATH=/home/eero/finalProject/drone_racing_ros2-main/install/tello_msgs:/home/eero/finalProject/drone_racing_ros2-main/install/ros2_shared:${AMENT_PREFIX_PATH} CMAKE_PREFIX_PATH=/home/eero/finalProject/drone_racing_ros2-main/install/tello_msgs:/home/eero/finalProject/drone_racing_ros2-main/install/ros2_shared:/home/eero/turtlebot3_ws/install/turtlebot3:/home/eero/turtlebot3_ws/install/turtlebot3_simulations:/home/eero/turtlebot3_ws/install/turtlebot3_bringup:/home/eero/turtlebot3_ws/install/turtlebot3_node:/home/eero/turtlebot3_ws/install/turtlebot3_navigation2:/home/eero/turtlebot3_ws/install/turtlebot3_fake_node:/home/eero/turtlebot3_ws/install/turtlebot3_msgs:/home/eero/turtlebot3_ws/install/turtlebot3_manipulation_gazebo:/home/eero/turtlebot3_ws/install/turtlebot3_gazebo:/home/eero/turtlebot3_ws/install/turtlebot3_description:/home/eero/turtlebot3_ws/install/turtlebot3_cartographer:/home/eero/turtlebot3_ws/install/dynamixel_sdk_examples:/home/eero/turtlebot3_ws/install/dynamixel_sdk_custom_interfaces:/home/eero/turtlebot3_ws/install/dynamixel_sdk:/home/eero/turtlebot3_ws/install/turtlebot3_teleop:/home/eero/turtlebot3_ws/install/turtlebot3_example:/opt/ros/galactic LD_LIBRARY_PATH=/home/eero/finalProject/drone_racing_ros2-main/install/tello_msgs/lib:/home/eero/turtlebot3_ws/install/turtlebot3_msgs/lib:/home/eero/turtlebot3_ws/install/dynamixel_sdk_custom_interfaces/lib:/home/eero/turtlebot3_ws/install/dynamixel_sdk/lib:/usr/lib/x86_64-linux-gnu/gazebo-11/plugins:/opt/ros/galactic/opt/yaml_cpp_vendor/lib:/opt/ros/galactic/opt/rviz_ogre_vendor/lib:/opt/ros/galactic/lib/x86_64-linux-gnu:/opt/ros/galactic/lib:/usr/lib/x86_64-linux-gnu/gazebo-11/plugins PYTHONPATH=/home/eero/finalProject/drone_racing_ros2-main/install/tello_msgs/lib/python3.8/site-packages:${PYTHONPATH} /usr/bin/cmake /home/eero/finalProject/drone_racing_ros2-main/tello_ros/tello_driver -DCMAKE_INSTALL_PREFIX=/home/eero/finalProject/drone_racing_ros2-main/install/tello_driver
[9.730s] DEBUG:colcon.colcon_core.event_handler.log_command:Invoking command in '/home/eero/finalProject/drone_racing_ros2-main/build/tello_gazebo': AMENT_PREFIX_PATH=/home/eero/finalProject/drone_racing_ros2-main/install/tello_msgs:${AMENT_PREFIX_PATH} CMAKE_PREFIX_PATH=/home/eero/finalProject/drone_racing_ros2-main/install/tello_msgs:/home/eero/turtlebot3_ws/install/turtlebot3:/home/eero/turtlebot3_ws/install/turtlebot3_simulations:/home/eero/turtlebot3_ws/install/turtlebot3_bringup:/home/eero/turtlebot3_ws/install/turtlebot3_node:/home/eero/turtlebot3_ws/install/turtlebot3_navigation2:/home/eero/turtlebot3_ws/install/turtlebot3_fake_node:/home/eero/turtlebot3_ws/install/turtlebot3_msgs:/home/eero/turtlebot3_ws/install/turtlebot3_manipulation_gazebo:/home/eero/turtlebot3_ws/install/turtlebot3_gazebo:/home/eero/turtlebot3_ws/install/turtlebot3_description:/home/eero/turtlebot3_ws/install/turtlebot3_cartographer:/home/eero/turtlebot3_ws/install/dynamixel_sdk_examples:/home/eero/turtlebot3_ws/install/dynamixel_sdk_custom_interfaces:/home/eero/turtlebot3_ws/install/dynamixel_sdk:/home/eero/turtlebot3_ws/install/turtlebot3_teleop:/home/eero/turtlebot3_ws/install/turtlebot3_example:/opt/ros/galactic LD_LIBRARY_PATH=/home/eero/finalProject/drone_racing_ros2-main/install/tello_msgs/lib:/home/eero/turtlebot3_ws/install/turtlebot3_msgs/lib:/home/eero/turtlebot3_ws/install/dynamixel_sdk_custom_interfaces/lib:/home/eero/turtlebot3_ws/install/dynamixel_sdk/lib:/usr/lib/x86_64-linux-gnu/gazebo-11/plugins:/opt/ros/galactic/opt/yaml_cpp_vendor/lib:/opt/ros/galactic/opt/rviz_ogre_vendor/lib:/opt/ros/galactic/lib/x86_64-linux-gnu:/opt/ros/galactic/lib:/usr/lib/x86_64-linux-gnu/gazebo-11/plugins PYTHONPATH=/home/eero/finalProject/drone_racing_ros2-main/install/tello_msgs/lib/python3.8/site-packages:${PYTHONPATH} /usr/bin/cmake /home/eero/finalProject/drone_racing_ros2-main/tello_ros/tello_gazebo -DCMAKE_INSTALL_PREFIX=/home/eero/finalProject/drone_racing_ros2-main/install/tello_gazebo
[12.071s] DEBUG:colcon.colcon_core.event_handler.log_command:Invoked command in '/home/eero/finalProject/drone_racing_ros2-main/build/tello_driver' returned '0': AMENT_PREFIX_PATH=/home/eero/finalProject/drone_racing_ros2-main/install/tello_msgs:/home/eero/finalProject/drone_racing_ros2-main/install/ros2_shared:${AMENT_PREFIX_PATH} CMAKE_PREFIX_PATH=/home/eero/finalProject/drone_racing_ros2-main/install/tello_msgs:/home/eero/finalProject/drone_racing_ros2-main/install/ros2_shared:/home/eero/turtlebot3_ws/install/turtlebot3:/home/eero/turtlebot3_ws/install/turtlebot3_simulations:/home/eero/turtlebot3_ws/install/turtlebot3_bringup:/home/eero/turtlebot3_ws/install/turtlebot3_node:/home/eero/turtlebot3_ws/install/turtlebot3_navigation2:/home/eero/turtlebot3_ws/install/turtlebot3_fake_node:/home/eero/turtlebot3_ws/install/turtlebot3_msgs:/home/eero/turtlebot3_ws/install/turtlebot3_manipulation_gazebo:/home/eero/turtlebot3_ws/install/turtlebot3_gazebo:/home/eero/turtlebot3_ws/install/turtlebot3_description:/home/eero/turtlebot3_ws/install/turtlebot3_cartographer:/home/eero/turtlebot3_ws/install/dynamixel_sdk_examples:/home/eero/turtlebot3_ws/install/dynamixel_sdk_custom_interfaces:/home/eero/turtlebot3_ws/install/dynamixel_sdk:/home/eero/turtlebot3_ws/install/turtlebot3_teleop:/home/eero/turtlebot3_ws/install/turtlebot3_example:/opt/ros/galactic LD_LIBRARY_PATH=/home/eero/finalProject/drone_racing_ros2-main/install/tello_msgs/lib:/home/eero/turtlebot3_ws/install/turtlebot3_msgs/lib:/home/eero/turtlebot3_ws/install/dynamixel_sdk_custom_interfaces/lib:/home/eero/turtlebot3_ws/install/dynamixel_sdk/lib:/usr/lib/x86_64-linux-gnu/gazebo-11/plugins:/opt/ros/galactic/opt/yaml_cpp_vendor/lib:/opt/ros/galactic/opt/rviz_ogre_vendor/lib:/opt/ros/galactic/lib/x86_64-linux-gnu:/opt/ros/galactic/lib:/usr/lib/x86_64-linux-gnu/gazebo-11/plugins PYTHONPATH=/home/eero/finalProject/drone_racing_ros2-main/install/tello_msgs/lib/python3.8/site-packages:${PYTHONPATH} /usr/bin/cmake /home/eero/finalProject/drone_racing_ros2-main/tello_ros/tello_driver -DCMAKE_INSTALL_PREFIX=/home/eero/finalProject/drone_racing_ros2-main/install/tello_driver
[12.076s] DEBUG:colcon.colcon_core.event_handler.log_command:Invoking command in '/home/eero/finalProject/drone_racing_ros2-main/build/tello_driver': AMENT_PREFIX_PATH=/home/eero/finalProject/drone_racing_ros2-main/install/tello_msgs:/home/eero/finalProject/drone_racing_ros2-main/install/ros2_shared:${AMENT_PREFIX_PATH} CMAKE_PREFIX_PATH=/home/eero/finalProject/drone_racing_ros2-main/install/tello_msgs:/home/eero/finalProject/drone_racing_ros2-main/install/ros2_shared:/home/eero/turtlebot3_ws/install/turtlebot3:/home/eero/turtlebot3_ws/install/turtlebot3_simulations:/home/eero/turtlebot3_ws/install/turtlebot3_bringup:/home/eero/turtlebot3_ws/install/turtlebot3_node:/home/eero/turtlebot3_ws/install/turtlebot3_navigation2:/home/eero/turtlebot3_ws/install/turtlebot3_fake_node:/home/eero/turtlebot3_ws/install/turtlebot3_msgs:/home/eero/turtlebot3_ws/install/turtlebot3_manipulation_gazebo:/home/eero/turtlebot3_ws/install/turtlebot3_gazebo:/home/eero/turtlebot3_ws/install/turtlebot3_description:/home/eero/turtlebot3_ws/install/turtlebot3_cartographer:/home/eero/turtlebot3_ws/install/dynamixel_sdk_examples:/home/eero/turtlebot3_ws/install/dynamixel_sdk_custom_interfaces:/home/eero/turtlebot3_ws/install/dynamixel_sdk:/home/eero/turtlebot3_ws/install/turtlebot3_teleop:/home/eero/turtlebot3_ws/install/turtlebot3_example:/opt/ros/galactic LD_LIBRARY_PATH=/home/eero/finalProject/drone_racing_ros2-main/install/tello_msgs/lib:/home/eero/turtlebot3_ws/install/turtlebot3_msgs/lib:/home/eero/turtlebot3_ws/install/dynamixel_sdk_custom_interfaces/lib:/home/eero/turtlebot3_ws/install/dynamixel_sdk/lib:/usr/lib/x86_64-linux-gnu/gazebo-11/plugins:/opt/ros/galactic/opt/yaml_cpp_vendor/lib:/opt/ros/galactic/opt/rviz_ogre_vendor/lib:/opt/ros/galactic/lib/x86_64-linux-gnu:/opt/ros/galactic/lib:/usr/lib/x86_64-linux-gnu/gazebo-11/plugins PYTHONPATH=/home/eero/finalProject/drone_racing_ros2-main/install/tello_msgs/lib/python3.8/site-packages:${PYTHONPATH} /usr/bin/cmake --build /home/eero/finalProject/drone_racing_ros2-main/build/tello_driver -- -j6 -l6
[13.944s] DEBUG:colcon.colcon_core.event_handler.log_command:Invoked command in '/home/eero/finalProject/drone_racing_ros2-main/build/tello_gazebo' returned '0': AMENT_PREFIX_PATH=/home/eero/finalProject/drone_racing_ros2-main/install/tello_msgs:${AMENT_PREFIX_PATH} CMAKE_PREFIX_PATH=/home/eero/finalProject/drone_racing_ros2-main/install/tello_msgs:/home/eero/turtlebot3_ws/install/turtlebot3:/home/eero/turtlebot3_ws/install/turtlebot3_simulations:/home/eero/turtlebot3_ws/install/turtlebot3_bringup:/home/eero/turtlebot3_ws/install/turtlebot3_node:/home/eero/turtlebot3_ws/install/turtlebot3_navigation2:/home/eero/turtlebot3_ws/install/turtlebot3_fake_node:/home/eero/turtlebot3_ws/install/turtlebot3_msgs:/home/eero/turtlebot3_ws/install/turtlebot3_manipulation_gazebo:/home/eero/turtlebot3_ws/install/turtlebot3_gazebo:/home/eero/turtlebot3_ws/install/turtlebot3_description:/home/eero/turtlebot3_ws/install/turtlebot3_cartographer:/home/eero/turtlebot3_ws/install/dynamixel_sdk_examples:/home/eero/turtlebot3_ws/install/dynamixel_sdk_custom_interfaces:/home/eero/turtlebot3_ws/install/dynamixel_sdk:/home/eero/turtlebot3_ws/install/turtlebot3_teleop:/home/eero/turtlebot3_ws/install/turtlebot3_example:/opt/ros/galactic LD_LIBRARY_PATH=/home/eero/finalProject/drone_racing_ros2-main/install/tello_msgs/lib:/home/eero/turtlebot3_ws/install/turtlebot3_msgs/lib:/home/eero/turtlebot3_ws/install/dynamixel_sdk_custom_interfaces/lib:/home/eero/turtlebot3_ws/install/dynamixel_sdk/lib:/usr/lib/x86_64-linux-gnu/gazebo-11/plugins:/opt/ros/galactic/opt/yaml_cpp_vendor/lib:/opt/ros/galactic/opt/rviz_ogre_vendor/lib:/opt/ros/galactic/lib/x86_64-linux-gnu:/opt/ros/galactic/lib:/usr/lib/x86_64-linux-gnu/gazebo-11/plugins PYTHONPATH=/home/eero/finalProject/drone_racing_ros2-main/install/tello_msgs/lib/python3.8/site-packages:${PYTHONPATH} /usr/bin/cmake /home/eero/finalProject/drone_racing_ros2-main/tello_ros/tello_gazebo -DCMAKE_INSTALL_PREFIX=/home/eero/finalProject/drone_racing_ros2-main/install/tello_gazebo
[13.945s] DEBUG:colcon.colcon_core.event_handler.log_command:Invoking command in '/home/eero/finalProject/drone_racing_ros2-main/build/tello_gazebo': AMENT_PREFIX_PATH=/home/eero/finalProject/drone_racing_ros2-main/install/tello_msgs:${AMENT_PREFIX_PATH} CMAKE_PREFIX_PATH=/home/eero/finalProject/drone_racing_ros2-main/install/tello_msgs:/home/eero/turtlebot3_ws/install/turtlebot3:/home/eero/turtlebot3_ws/install/turtlebot3_simulations:/home/eero/turtlebot3_ws/install/turtlebot3_bringup:/home/eero/turtlebot3_ws/install/turtlebot3_node:/home/eero/turtlebot3_ws/install/turtlebot3_navigation2:/home/eero/turtlebot3_ws/install/turtlebot3_fake_node:/home/eero/turtlebot3_ws/install/turtlebot3_msgs:/home/eero/turtlebot3_ws/install/turtlebot3_manipulation_gazebo:/home/eero/turtlebot3_ws/install/turtlebot3_gazebo:/home/eero/turtlebot3_ws/install/turtlebot3_description:/home/eero/turtlebot3_ws/install/turtlebot3_cartographer:/home/eero/turtlebot3_ws/install/dynamixel_sdk_examples:/home/eero/turtlebot3_ws/install/dynamixel_sdk_custom_interfaces:/home/eero/turtlebot3_ws/install/dynamixel_sdk:/home/eero/turtlebot3_ws/install/turtlebot3_teleop:/home/eero/turtlebot3_ws/install/turtlebot3_example:/opt/ros/galactic LD_LIBRARY_PATH=/home/eero/finalProject/drone_racing_ros2-main/install/tello_msgs/lib:/home/eero/turtlebot3_ws/install/turtlebot3_msgs/lib:/home/eero/turtlebot3_ws/install/dynamixel_sdk_custom_interfaces/lib:/home/eero/turtlebot3_ws/install/dynamixel_sdk/lib:/usr/lib/x86_64-linux-gnu/gazebo-11/plugins:/opt/ros/galactic/opt/yaml_cpp_vendor/lib:/opt/ros/galactic/opt/rviz_ogre_vendor/lib:/opt/ros/galactic/lib/x86_64-linux-gnu:/opt/ros/galactic/lib:/usr/lib/x86_64-linux-gnu/gazebo-11/plugins PYTHONPATH=/home/eero/finalProject/drone_racing_ros2-main/install/tello_msgs/lib/python3.8/site-packages:${PYTHONPATH} /usr/bin/cmake --build /home/eero/finalProject/drone_racing_ros2-main/build/tello_gazebo -- -j6 -l6
[32.694s] DEBUG:colcon.colcon_core.event_handler.log_command:Invoked command in '/home/eero/finalProject/drone_racing_ros2-main/build/tello_driver' returned '0': AMENT_PREFIX_PATH=/home/eero/finalProject/drone_racing_ros2-main/install/tello_msgs:/home/eero/finalProject/drone_racing_ros2-main/install/ros2_shared:${AMENT_PREFIX_PATH} CMAKE_PREFIX_PATH=/home/eero/finalProject/drone_racing_ros2-main/install/tello_msgs:/home/eero/finalProject/drone_racing_ros2-main/install/ros2_shared:/home/eero/turtlebot3_ws/install/turtlebot3:/home/eero/turtlebot3_ws/install/turtlebot3_simulations:/home/eero/turtlebot3_ws/install/turtlebot3_bringup:/home/eero/turtlebot3_ws/install/turtlebot3_node:/home/eero/turtlebot3_ws/install/turtlebot3_navigation2:/home/eero/turtlebot3_ws/install/turtlebot3_fake_node:/home/eero/turtlebot3_ws/install/turtlebot3_msgs:/home/eero/turtlebot3_ws/install/turtlebot3_manipulation_gazebo:/home/eero/turtlebot3_ws/install/turtlebot3_gazebo:/home/eero/turtlebot3_ws/install/turtlebot3_description:/home/eero/turtlebot3_ws/install/turtlebot3_cartographer:/home/eero/turtlebot3_ws/install/dynamixel_sdk_examples:/home/eero/turtlebot3_ws/install/dynamixel_sdk_custom_interfaces:/home/eero/turtlebot3_ws/install/dynamixel_sdk:/home/eero/turtlebot3_ws/install/turtlebot3_teleop:/home/eero/turtlebot3_ws/install/turtlebot3_example:/opt/ros/galactic LD_LIBRARY_PATH=/home/eero/finalProject/drone_racing_ros2-main/install/tello_msgs/lib:/home/eero/turtlebot3_ws/install/turtlebot3_msgs/lib:/home/eero/turtlebot3_ws/install/dynamixel_sdk_custom_interfaces/lib:/home/eero/turtlebot3_ws/install/dynamixel_sdk/lib:/usr/lib/x86_64-linux-gnu/gazebo-11/plugins:/opt/ros/galactic/opt/yaml_cpp_vendor/lib:/opt/ros/galactic/opt/rviz_ogre_vendor/lib:/opt/ros/galactic/lib/x86_64-linux-gnu:/opt/ros/galactic/lib:/usr/lib/x86_64-linux-gnu/gazebo-11/plugins PYTHONPATH=/home/eero/finalProject/drone_racing_ros2-main/install/tello_msgs/lib/python3.8/site-packages:${PYTHONPATH} /usr/bin/cmake --build /home/eero/finalProject/drone_racing_ros2-main/build/tello_driver -- -j6 -l6
[32.698s] DEBUG:colcon.colcon_core.event_handler.log_command:Invoking command in '/home/eero/finalProject/drone_racing_ros2-main/build/tello_driver': AMENT_PREFIX_PATH=/home/eero/finalProject/drone_racing_ros2-main/install/tello_msgs:/home/eero/finalProject/drone_racing_ros2-main/install/ros2_shared:${AMENT_PREFIX_PATH} CMAKE_PREFIX_PATH=/home/eero/finalProject/drone_racing_ros2-main/install/tello_msgs:/home/eero/finalProject/drone_racing_ros2-main/install/ros2_shared:/home/eero/turtlebot3_ws/install/turtlebot3:/home/eero/turtlebot3_ws/install/turtlebot3_simulations:/home/eero/turtlebot3_ws/install/turtlebot3_bringup:/home/eero/turtlebot3_ws/install/turtlebot3_node:/home/eero/turtlebot3_ws/install/turtlebot3_navigation2:/home/eero/turtlebot3_ws/install/turtlebot3_fake_node:/home/eero/turtlebot3_ws/install/turtlebot3_msgs:/home/eero/turtlebot3_ws/install/turtlebot3_manipulation_gazebo:/home/eero/turtlebot3_ws/install/turtlebot3_gazebo:/home/eero/turtlebot3_ws/install/turtlebot3_description:/home/eero/turtlebot3_ws/install/turtlebot3_cartographer:/home/eero/turtlebot3_ws/install/dynamixel_sdk_examples:/home/eero/turtlebot3_ws/install/dynamixel_sdk_custom_interfaces:/home/eero/turtlebot3_ws/install/dynamixel_sdk:/home/eero/turtlebot3_ws/install/turtlebot3_teleop:/home/eero/turtlebot3_ws/install/turtlebot3_example:/opt/ros/galactic LD_LIBRARY_PATH=/home/eero/finalProject/drone_racing_ros2-main/install/tello_msgs/lib:/home/eero/turtlebot3_ws/install/turtlebot3_msgs/lib:/home/eero/turtlebot3_ws/install/dynamixel_sdk_custom_interfaces/lib:/home/eero/turtlebot3_ws/install/dynamixel_sdk/lib:/usr/lib/x86_64-linux-gnu/gazebo-11/plugins:/opt/ros/galactic/opt/yaml_cpp_vendor/lib:/opt/ros/galactic/opt/rviz_ogre_vendor/lib:/opt/ros/galactic/lib/x86_64-linux-gnu:/opt/ros/galactic/lib:/usr/lib/x86_64-linux-gnu/gazebo-11/plugins PYTHONPATH=/home/eero/finalProject/drone_racing_ros2-main/install/tello_msgs/lib/python3.8/site-packages:${PYTHONPATH} /usr/bin/cmake --install /home/eero/finalProject/drone_racing_ros2-main/build/tello_driver
[32.729s] Level 1:colcon.colcon_core.environment:create_environment_scripts_only(tello_driver)
[32.730s] Level 1:colcon.colcon_core.environment:checking '/home/eero/finalProject/drone_racing_ros2-main/install/tello_driver' for CMake module files
[32.730s] DEBUG:colcon.colcon_core.event_handler.log_command:Invoked command in '/home/eero/finalProject/drone_racing_ros2-main/build/tello_driver' returned '0': AMENT_PREFIX_PATH=/home/eero/finalProject/drone_racing_ros2-main/install/tello_msgs:/home/eero/finalProject/drone_racing_ros2-main/install/ros2_shared:${AMENT_PREFIX_PATH} CMAKE_PREFIX_PATH=/home/eero/finalProject/drone_racing_ros2-main/install/tello_msgs:/home/eero/finalProject/drone_racing_ros2-main/install/ros2_shared:/home/eero/turtlebot3_ws/install/turtlebot3:/home/eero/turtlebot3_ws/install/turtlebot3_simulations:/home/eero/turtlebot3_ws/install/turtlebot3_bringup:/home/eero/turtlebot3_ws/install/turtlebot3_node:/home/eero/turtlebot3_ws/install/turtlebot3_navigation2:/home/eero/turtlebot3_ws/install/turtlebot3_fake_node:/home/eero/turtlebot3_ws/install/turtlebot3_msgs:/home/eero/turtlebot3_ws/install/turtlebot3_manipulation_gazebo:/home/eero/turtlebot3_ws/install/turtlebot3_gazebo:/home/eero/turtlebot3_ws/install/turtlebot3_description:/home/eero/turtlebot3_ws/install/turtlebot3_cartographer:/home/eero/turtlebot3_ws/install/dynamixel_sdk_examples:/home/eero/turtlebot3_ws/install/dynamixel_sdk_custom_interfaces:/home/eero/turtlebot3_ws/install/dynamixel_sdk:/home/eero/turtlebot3_ws/install/turtlebot3_teleop:/home/eero/turtlebot3_ws/install/turtlebot3_example:/opt/ros/galactic LD_LIBRARY_PATH=/home/eero/finalProject/drone_racing_ros2-main/install/tello_msgs/lib:/home/eero/turtlebot3_ws/install/turtlebot3_msgs/lib:/home/eero/turtlebot3_ws/install/dynamixel_sdk_custom_interfaces/lib:/home/eero/turtlebot3_ws/install/dynamixel_sdk/lib:/usr/lib/x86_64-linux-gnu/gazebo-11/plugins:/opt/ros/galactic/opt/yaml_cpp_vendor/lib:/opt/ros/galactic/opt/rviz_ogre_vendor/lib:/opt/ros/galactic/lib/x86_64-linux-gnu:/opt/ros/galactic/lib:/usr/lib/x86_64-linux-gnu/gazebo-11/plugins PYTHONPATH=/home/eero/finalProject/drone_racing_ros2-main/install/tello_msgs/lib/python3.8/site-packages:${PYTHONPATH} /usr/bin/cmake --install /home/eero/finalProject/drone_racing_ros2-main/build/tello_driver
[32.731s] Level 1:colcon.colcon_core.environment:checking '/home/eero/finalProject/drone_racing_ros2-main/install/tello_driver' for CMake config files
[32.732s] Level 1:colcon.colcon_core.shell:create_environment_hook('tello_driver', 'cmake_prefix_path')
[32.732s] INFO:colcon.colcon_core.shell:Creating environment hook '/home/eero/finalProject/drone_racing_ros2-main/install/tello_driver/share/tello_driver/hook/cmake_prefix_path.ps1'
[32.733s] INFO:colcon.colcon_core.shell:Creating environment descriptor '/home/eero/finalProject/drone_racing_ros2-main/install/tello_driver/share/tello_driver/hook/cmake_prefix_path.dsv'
[32.734s] INFO:colcon.colcon_core.shell:Creating environment hook '/home/eero/finalProject/drone_racing_ros2-main/install/tello_driver/share/tello_driver/hook/cmake_prefix_path.sh'
[32.735s] Level 1:colcon.colcon_core.environment:checking '/home/eero/finalProject/drone_racing_ros2-main/install/tello_driver/lib'
[32.735s] Level 1:colcon.colcon_core.shell:create_environment_hook('tello_driver', 'ld_library_path_lib')
[32.735s] INFO:colcon.colcon_core.shell:Creating environment hook '/home/eero/finalProject/drone_racing_ros2-main/install/tello_driver/share/tello_driver/hook/ld_library_path_lib.ps1'
[32.735s] INFO:colcon.colcon_core.shell:Creating environment descriptor '/home/eero/finalProject/drone_racing_ros2-main/install/tello_driver/share/tello_driver/hook/ld_library_path_lib.dsv'
[32.736s] INFO:colcon.colcon_core.shell:Creating environment hook '/home/eero/finalProject/drone_racing_ros2-main/install/tello_driver/share/tello_driver/hook/ld_library_path_lib.sh'
[32.736s] Level 1:colcon.colcon_core.environment:checking '/home/eero/finalProject/drone_racing_ros2-main/install/tello_driver/bin'
[32.736s] Level 1:colcon.colcon_core.environment:checking '/home/eero/finalProject/drone_racing_ros2-main/install/tello_driver/lib/pkgconfig/tello_driver.pc'
[32.736s] Level 1:colcon.colcon_core.environment:checking '/home/eero/finalProject/drone_racing_ros2-main/install/tello_driver/lib/python3.8/site-packages'
[32.736s] Level 1:colcon.colcon_core.environment:checking '/home/eero/finalProject/drone_racing_ros2-main/install/tello_driver/bin'
[32.737s] INFO:colcon.colcon_core.shell:Creating package script '/home/eero/finalProject/drone_racing_ros2-main/install/tello_driver/share/tello_driver/package.ps1'
[32.737s] INFO:colcon.colcon_core.shell:Creating package descriptor '/home/eero/finalProject/drone_racing_ros2-main/install/tello_driver/share/tello_driver/package.dsv'
[32.737s] INFO:colcon.colcon_core.shell:Creating package script '/home/eero/finalProject/drone_racing_ros2-main/install/tello_driver/share/tello_driver/package.sh'
[32.738s] INFO:colcon.colcon_core.shell:Creating package script '/home/eero/finalProject/drone_racing_ros2-main/install/tello_driver/share/tello_driver/package.bash'
[32.738s] INFO:colcon.colcon_core.shell:Creating package script '/home/eero/finalProject/drone_racing_ros2-main/install/tello_driver/share/tello_driver/package.zsh'
[32.739s] Level 1:colcon.colcon_core.environment:create_file_with_runtime_dependencies(/home/eero/finalProject/drone_racing_ros2-main/install/tello_driver/share/colcon-core/packages/tello_driver)
[32.739s] Level 1:colcon.colcon_core.environment:create_environment_scripts_only(tello_driver)
[32.739s] Level 1:colcon.colcon_core.environment:checking '/home/eero/finalProject/drone_racing_ros2-main/install/tello_driver' for CMake module files
[32.740s] Level 1:colcon.colcon_core.environment:checking '/home/eero/finalProject/drone_racing_ros2-main/install/tello_driver' for CMake config files
[32.740s] Level 1:colcon.colcon_core.shell:create_environment_hook('tello_driver', 'cmake_prefix_path')
[32.740s] INFO:colcon.colcon_core.shell:Creating environment hook '/home/eero/finalProject/drone_racing_ros2-main/install/tello_driver/share/tello_driver/hook/cmake_prefix_path.ps1'
[32.740s] INFO:colcon.colcon_core.shell:Creating environment descriptor '/home/eero/finalProject/drone_racing_ros2-main/install/tello_driver/share/tello_driver/hook/cmake_prefix_path.dsv'
[32.741s] INFO:colcon.colcon_core.shell:Creating environment hook '/home/eero/finalProject/drone_racing_ros2-main/install/tello_driver/share/tello_driver/hook/cmake_prefix_path.sh'
[32.741s] Level 1:colcon.colcon_core.environment:checking '/home/eero/finalProject/drone_racing_ros2-main/install/tello_driver/lib'
[32.741s] Level 1:colcon.colcon_core.shell:create_environment_hook('tello_driver', 'ld_library_path_lib')
[32.742s] INFO:colcon.colcon_core.shell:Creating environment hook '/home/eero/finalProject/drone_racing_ros2-main/install/tello_driver/share/tello_driver/hook/ld_library_path_lib.ps1'
[32.742s] INFO:colcon.colcon_core.shell:Creating environment descriptor '/home/eero/finalProject/drone_racing_ros2-main/install/tello_driver/share/tello_driver/hook/ld_library_path_lib.dsv'
[32.742s] INFO:colcon.colcon_core.shell:Creating environment hook '/home/eero/finalProject/drone_racing_ros2-main/install/tello_driver/share/tello_driver/hook/ld_library_path_lib.sh'
[32.743s] Level 1:colcon.colcon_core.environment:checking '/home/eero/finalProject/drone_racing_ros2-main/install/tello_driver/bin'
[32.743s] Level 1:colcon.colcon_core.environment:checking '/home/eero/finalProject/drone_racing_ros2-main/install/tello_driver/lib/pkgconfig/tello_driver.pc'
[32.743s] Level 1:colcon.colcon_core.environment:checking '/home/eero/finalProject/drone_racing_ros2-main/install/tello_driver/lib/python3.8/site-packages'
[32.743s] Level 1:colcon.colcon_core.environment:checking '/home/eero/finalProject/drone_racing_ros2-main/install/tello_driver/bin'
[32.743s] INFO:colcon.colcon_core.shell:Creating package script '/home/eero/finalProject/drone_racing_ros2-main/install/tello_driver/share/tello_driver/package.ps1'
[32.744s] INFO:colcon.colcon_core.shell:Creating package descriptor '/home/eero/finalProject/drone_racing_ros2-main/install/tello_driver/share/tello_driver/package.dsv'
[32.744s] INFO:colcon.colcon_core.shell:Creating package script '/home/eero/finalProject/drone_racing_ros2-main/install/tello_driver/share/tello_driver/package.sh'
[32.745s] INFO:colcon.colcon_core.shell:Creating package script '/home/eero/finalProject/drone_racing_ros2-main/install/tello_driver/share/tello_driver/package.bash'
[32.745s] INFO:colcon.colcon_core.shell:Creating package script '/home/eero/finalProject/drone_racing_ros2-main/install/tello_driver/share/tello_driver/package.zsh'
[32.746s] Level 1:colcon.colcon_core.environment:create_file_with_runtime_dependencies(/home/eero/finalProject/drone_racing_ros2-main/install/tello_driver/share/colcon-core/packages/tello_driver)
[36.839s] DEBUG:colcon.colcon_core.event_handler.log_command:Invoked command in '/home/eero/finalProject/drone_racing_ros2-main/build/tello_gazebo' returned '0': AMENT_PREFIX_PATH=/home/eero/finalProject/drone_racing_ros2-main/install/tello_msgs:${AMENT_PREFIX_PATH} CMAKE_PREFIX_PATH=/home/eero/finalProject/drone_racing_ros2-main/install/tello_msgs:/home/eero/turtlebot3_ws/install/turtlebot3:/home/eero/turtlebot3_ws/install/turtlebot3_simulations:/home/eero/turtlebot3_ws/install/turtlebot3_bringup:/home/eero/turtlebot3_ws/install/turtlebot3_node:/home/eero/turtlebot3_ws/install/turtlebot3_navigation2:/home/eero/turtlebot3_ws/install/turtlebot3_fake_node:/home/eero/turtlebot3_ws/install/turtlebot3_msgs:/home/eero/turtlebot3_ws/install/turtlebot3_manipulation_gazebo:/home/eero/turtlebot3_ws/install/turtlebot3_gazebo:/home/eero/turtlebot3_ws/install/turtlebot3_description:/home/eero/turtlebot3_ws/install/turtlebot3_cartographer:/home/eero/turtlebot3_ws/install/dynamixel_sdk_examples:/home/eero/turtlebot3_ws/install/dynamixel_sdk_custom_interfaces:/home/eero/turtlebot3_ws/install/dynamixel_sdk:/home/eero/turtlebot3_ws/install/turtlebot3_teleop:/home/eero/turtlebot3_ws/install/turtlebot3_example:/opt/ros/galactic LD_LIBRARY_PATH=/home/eero/finalProject/drone_racing_ros2-main/install/tello_msgs/lib:/home/eero/turtlebot3_ws/install/turtlebot3_msgs/lib:/home/eero/turtlebot3_ws/install/dynamixel_sdk_custom_interfaces/lib:/home/eero/turtlebot3_ws/install/dynamixel_sdk/lib:/usr/lib/x86_64-linux-gnu/gazebo-11/plugins:/opt/ros/galactic/opt/yaml_cpp_vendor/lib:/opt/ros/galactic/opt/rviz_ogre_vendor/lib:/opt/ros/galactic/lib/x86_64-linux-gnu:/opt/ros/galactic/lib:/usr/lib/x86_64-linux-gnu/gazebo-11/plugins PYTHONPATH=/home/eero/finalProject/drone_racing_ros2-main/install/tello_msgs/lib/python3.8/site-packages:${PYTHONPATH} /usr/bin/cmake --build /home/eero/finalProject/drone_racing_ros2-main/build/tello_gazebo -- -j6 -l6
[36.845s] DEBUG:colcon.colcon_core.event_handler.log_command:Invoking command in '/home/eero/finalProject/drone_racing_ros2-main/build/tello_gazebo': AMENT_PREFIX_PATH=/home/eero/finalProject/drone_racing_ros2-main/install/tello_msgs:${AMENT_PREFIX_PATH} CMAKE_PREFIX_PATH=/home/eero/finalProject/drone_racing_ros2-main/install/tello_msgs:/home/eero/turtlebot3_ws/install/turtlebot3:/home/eero/turtlebot3_ws/install/turtlebot3_simulations:/home/eero/turtlebot3_ws/install/turtlebot3_bringup:/home/eero/turtlebot3_ws/install/turtlebot3_node:/home/eero/turtlebot3_ws/install/turtlebot3_navigation2:/home/eero/turtlebot3_ws/install/turtlebot3_fake_node:/home/eero/turtlebot3_ws/install/turtlebot3_msgs:/home/eero/turtlebot3_ws/install/turtlebot3_manipulation_gazebo:/home/eero/turtlebot3_ws/install/turtlebot3_gazebo:/home/eero/turtlebot3_ws/install/turtlebot3_description:/home/eero/turtlebot3_ws/install/turtlebot3_cartographer:/home/eero/turtlebot3_ws/install/dynamixel_sdk_examples:/home/eero/turtlebot3_ws/install/dynamixel_sdk_custom_interfaces:/home/eero/turtlebot3_ws/install/dynamixel_sdk:/home/eero/turtlebot3_ws/install/turtlebot3_teleop:/home/eero/turtlebot3_ws/install/turtlebot3_example:/opt/ros/galactic LD_LIBRARY_PATH=/home/eero/finalProject/drone_racing_ros2-main/install/tello_msgs/lib:/home/eero/turtlebot3_ws/install/turtlebot3_msgs/lib:/home/eero/turtlebot3_ws/install/dynamixel_sdk_custom_interfaces/lib:/home/eero/turtlebot3_ws/install/dynamixel_sdk/lib:/usr/lib/x86_64-linux-gnu/gazebo-11/plugins:/opt/ros/galactic/opt/yaml_cpp_vendor/lib:/opt/ros/galactic/opt/rviz_ogre_vendor/lib:/opt/ros/galactic/lib/x86_64-linux-gnu:/opt/ros/galactic/lib:/usr/lib/x86_64-linux-gnu/gazebo-11/plugins PYTHONPATH=/home/eero/finalProject/drone_racing_ros2-main/install/tello_msgs/lib/python3.8/site-packages:${PYTHONPATH} /usr/bin/cmake --install /home/eero/finalProject/drone_racing_ros2-main/build/tello_gazebo
[36.886s] Level 1:colcon.colcon_core.environment:create_environment_scripts_only(tello_gazebo)
[36.887s] Level 1:colcon.colcon_core.environment:checking '/home/eero/finalProject/drone_racing_ros2-main/install/tello_gazebo' for CMake module files
[36.888s] DEBUG:colcon.colcon_core.event_handler.log_command:Invoked command in '/home/eero/finalProject/drone_racing_ros2-main/build/tello_gazebo' returned '0': AMENT_PREFIX_PATH=/home/eero/finalProject/drone_racing_ros2-main/install/tello_msgs:${AMENT_PREFIX_PATH} CMAKE_PREFIX_PATH=/home/eero/finalProject/drone_racing_ros2-main/install/tello_msgs:/home/eero/turtlebot3_ws/install/turtlebot3:/home/eero/turtlebot3_ws/install/turtlebot3_simulations:/home/eero/turtlebot3_ws/install/turtlebot3_bringup:/home/eero/turtlebot3_ws/install/turtlebot3_node:/home/eero/turtlebot3_ws/install/turtlebot3_navigation2:/home/eero/turtlebot3_ws/install/turtlebot3_fake_node:/home/eero/turtlebot3_ws/install/turtlebot3_msgs:/home/eero/turtlebot3_ws/install/turtlebot3_manipulation_gazebo:/home/eero/turtlebot3_ws/install/turtlebot3_gazebo:/home/eero/turtlebot3_ws/install/turtlebot3_description:/home/eero/turtlebot3_ws/install/turtlebot3_cartographer:/home/eero/turtlebot3_ws/install/dynamixel_sdk_examples:/home/eero/turtlebot3_ws/install/dynamixel_sdk_custom_interfaces:/home/eero/turtlebot3_ws/install/dynamixel_sdk:/home/eero/turtlebot3_ws/install/turtlebot3_teleop:/home/eero/turtlebot3_ws/install/turtlebot3_example:/opt/ros/galactic LD_LIBRARY_PATH=/home/eero/finalProject/drone_racing_ros2-main/install/tello_msgs/lib:/home/eero/turtlebot3_ws/install/turtlebot3_msgs/lib:/home/eero/turtlebot3_ws/install/dynamixel_sdk_custom_interfaces/lib:/home/eero/turtlebot3_ws/install/dynamixel_sdk/lib:/usr/lib/x86_64-linux-gnu/gazebo-11/plugins:/opt/ros/galactic/opt/yaml_cpp_vendor/lib:/opt/ros/galactic/opt/rviz_ogre_vendor/lib:/opt/ros/galactic/lib/x86_64-linux-gnu:/opt/ros/galactic/lib:/usr/lib/x86_64-linux-gnu/gazebo-11/plugins PYTHONPATH=/home/eero/finalProject/drone_racing_ros2-main/install/tello_msgs/lib/python3.8/site-packages:${PYTHONPATH} /usr/bin/cmake --install /home/eero/finalProject/drone_racing_ros2-main/build/tello_gazebo
[36.888s] Level 1:colcon.colcon_core.environment:checking '/home/eero/finalProject/drone_racing_ros2-main/install/tello_gazebo' for CMake config files
[36.889s] Level 1:colcon.colcon_core.shell:create_environment_hook('tello_gazebo', 'cmake_prefix_path')
[36.890s] INFO:colcon.colcon_core.shell:Creating environment hook '/home/eero/finalProject/drone_racing_ros2-main/install/tello_gazebo/share/tello_gazebo/hook/cmake_prefix_path.ps1'
[36.890s] INFO:colcon.colcon_core.shell:Creating environment descriptor '/home/eero/finalProject/drone_racing_ros2-main/install/tello_gazebo/share/tello_gazebo/hook/cmake_prefix_path.dsv'
[36.891s] INFO:colcon.colcon_core.shell:Creating environment hook '/home/eero/finalProject/drone_racing_ros2-main/install/tello_gazebo/share/tello_gazebo/hook/cmake_prefix_path.sh'
[36.892s] Level 1:colcon.colcon_core.environment:checking '/home/eero/finalProject/drone_racing_ros2-main/install/tello_gazebo/lib'
[36.892s] Level 1:colcon.colcon_core.shell:create_environment_hook('tello_gazebo', 'ld_library_path_lib')
[36.893s] INFO:colcon.colcon_core.shell:Creating environment hook '/home/eero/finalProject/drone_racing_ros2-main/install/tello_gazebo/share/tello_gazebo/hook/ld_library_path_lib.ps1'
[36.893s] INFO:colcon.colcon_core.shell:Creating environment descriptor '/home/eero/finalProject/drone_racing_ros2-main/install/tello_gazebo/share/tello_gazebo/hook/ld_library_path_lib.dsv'
[36.893s] INFO:colcon.colcon_core.shell:Creating environment hook '/home/eero/finalProject/drone_racing_ros2-main/install/tello_gazebo/share/tello_gazebo/hook/ld_library_path_lib.sh'
[36.894s] Level 1:colcon.colcon_core.environment:checking '/home/eero/finalProject/drone_racing_ros2-main/install/tello_gazebo/bin'
[36.894s] Level 1:colcon.colcon_core.environment:checking '/home/eero/finalProject/drone_racing_ros2-main/install/tello_gazebo/lib/pkgconfig/tello_gazebo.pc'
[36.894s] Level 1:colcon.colcon_core.environment:checking '/home/eero/finalProject/drone_racing_ros2-main/install/tello_gazebo/lib/python3.8/site-packages'
[36.894s] Level 1:colcon.colcon_core.environment:checking '/home/eero/finalProject/drone_racing_ros2-main/install/tello_gazebo/bin'
[36.894s] INFO:colcon.colcon_core.shell:Creating package script '/home/eero/finalProject/drone_racing_ros2-main/install/tello_gazebo/share/tello_gazebo/package.ps1'
[36.895s] INFO:colcon.colcon_core.shell:Creating package descriptor '/home/eero/finalProject/drone_racing_ros2-main/install/tello_gazebo/share/tello_gazebo/package.dsv'
[36.895s] INFO:colcon.colcon_core.shell:Creating package script '/home/eero/finalProject/drone_racing_ros2-main/install/tello_gazebo/share/tello_gazebo/package.sh'
[36.895s] INFO:colcon.colcon_core.shell:Creating package script '/home/eero/finalProject/drone_racing_ros2-main/install/tello_gazebo/share/tello_gazebo/package.bash'
[36.895s] INFO:colcon.colcon_core.shell:Creating package script '/home/eero/finalProject/drone_racing_ros2-main/install/tello_gazebo/share/tello_gazebo/package.zsh'
[36.896s] Level 1:colcon.colcon_core.environment:create_file_with_runtime_dependencies(/home/eero/finalProject/drone_racing_ros2-main/install/tello_gazebo/share/colcon-core/packages/tello_gazebo)
[36.896s] Level 1:colcon.colcon_core.environment:create_environment_scripts_only(tello_gazebo)
[36.896s] Level 1:colcon.colcon_core.environment:checking '/home/eero/finalProject/drone_racing_ros2-main/install/tello_gazebo' for CMake module files
[36.897s] Level 1:colcon.colcon_core.environment:checking '/home/eero/finalProject/drone_racing_ros2-main/install/tello_gazebo' for CMake config files
[36.897s] Level 1:colcon.colcon_core.shell:create_environment_hook('tello_gazebo', 'cmake_prefix_path')
[36.897s] INFO:colcon.colcon_core.shell:Creating environment hook '/home/eero/finalProject/drone_racing_ros2-main/install/tello_gazebo/share/tello_gazebo/hook/cmake_prefix_path.ps1'
[36.897s] INFO:colcon.colcon_core.shell:Creating environment descriptor '/home/eero/finalProject/drone_racing_ros2-main/install/tello_gazebo/share/tello_gazebo/hook/cmake_prefix_path.dsv'
[36.898s] INFO:colcon.colcon_core.shell:Creating environment hook '/home/eero/finalProject/drone_racing_ros2-main/install/tello_gazebo/share/tello_gazebo/hook/cmake_prefix_path.sh'
[36.898s] Level 1:colcon.colcon_core.environment:checking '/home/eero/finalProject/drone_racing_ros2-main/install/tello_gazebo/lib'
[36.898s] Level 1:colcon.colcon_core.shell:create_environment_hook('tello_gazebo', 'ld_library_path_lib')
[36.898s] INFO:colcon.colcon_core.shell:Creating environment hook '/home/eero/finalProject/drone_racing_ros2-main/install/tello_gazebo/share/tello_gazebo/hook/ld_library_path_lib.ps1'
[36.899s] INFO:colcon.colcon_core.shell:Creating environment descriptor '/home/eero/finalProject/drone_racing_ros2-main/install/tello_gazebo/share/tello_gazebo/hook/ld_library_path_lib.dsv'
[36.899s] INFO:colcon.colcon_core.shell:Creating environment hook '/home/eero/finalProject/drone_racing_ros2-main/install/tello_gazebo/share/tello_gazebo/hook/ld_library_path_lib.sh'
[36.899s] Level 1:colcon.colcon_core.environment:checking '/home/eero/finalProject/drone_racing_ros2-main/install/tello_gazebo/bin'
[36.899s] Level 1:colcon.colcon_core.environment:checking '/home/eero/finalProject/drone_racing_ros2-main/install/tello_gazebo/lib/pkgconfig/tello_gazebo.pc'
[36.899s] Level 1:colcon.colcon_core.environment:checking '/home/eero/finalProject/drone_racing_ros2-main/install/tello_gazebo/lib/python3.8/site-packages'
[36.899s] Level 1:colcon.colcon_core.environment:checking '/home/eero/finalProject/drone_racing_ros2-main/install/tello_gazebo/bin'
[36.900s] INFO:colcon.colcon_core.shell:Creating package script '/home/eero/finalProject/drone_racing_ros2-main/install/tello_gazebo/share/tello_gazebo/package.ps1'
[36.900s] INFO:colcon.colcon_core.shell:Creating package descriptor '/home/eero/finalProject/drone_racing_ros2-main/install/tello_gazebo/share/tello_gazebo/package.dsv'
[36.900s] INFO:colcon.colcon_core.shell:Creating package script '/home/eero/finalProject/drone_racing_ros2-main/install/tello_gazebo/share/tello_gazebo/package.sh'
[36.901s] INFO:colcon.colcon_core.shell:Creating package script '/home/eero/finalProject/drone_racing_ros2-main/install/tello_gazebo/share/tello_gazebo/package.bash'
[36.901s] INFO:colcon.colcon_core.shell:Creating package script '/home/eero/finalProject/drone_racing_ros2-main/install/tello_gazebo/share/tello_gazebo/package.zsh'
[36.902s] Level 1:colcon.colcon_core.environment:create_file_with_runtime_dependencies(/home/eero/finalProject/drone_racing_ros2-main/install/tello_gazebo/share/colcon-core/packages/tello_gazebo)
[36.902s] DEBUG:colcon.colcon_parallel_executor.executor.parallel:closing loop
[36.902s] DEBUG:colcon.colcon_parallel_executor.executor.parallel:loop closed
[36.902s] DEBUG:colcon.colcon_parallel_executor.executor.parallel:run_until_complete finished with '0'
[36.902s] DEBUG:colcon.colcon_core.event_reactor:joining thread
[36.912s] INFO:colcon.colcon_core.plugin_system:Skipping extension 'colcon_notification.desktop_notification.terminal_notifier': Not used on non-Darwin systems
[36.912s] INFO:colcon.colcon_core.plugin_system:Skipping extension 'colcon_notification.desktop_notification.win32': Not used on non-Windows systems
[36.912s] INFO:colcon.colcon_notification.desktop_notification:Sending desktop notification using 'notify2'
[36.930s] DEBUG:colcon.colcon_core.event_reactor:joined thread
[36.931s] INFO:colcon.colcon_core.shell:Creating prefix script '/home/eero/finalProject/drone_racing_ros2-main/install/local_setup.ps1'
[36.933s] INFO:colcon.colcon_core.shell:Creating prefix util module '/home/eero/finalProject/drone_racing_ros2-main/install/_local_setup_util_ps1.py'
[36.935s] INFO:colcon.colcon_core.shell:Creating prefix chain script '/home/eero/finalProject/drone_racing_ros2-main/install/setup.ps1'
[36.938s] INFO:colcon.colcon_core.shell:Creating prefix script '/home/eero/finalProject/drone_racing_ros2-main/install/local_setup.sh'
[36.939s] INFO:colcon.colcon_core.shell:Creating prefix util module '/home/eero/finalProject/drone_racing_ros2-main/install/_local_setup_util_sh.py'
[36.940s] INFO:colcon.colcon_core.shell:Creating prefix chain script '/home/eero/finalProject/drone_racing_ros2-main/install/setup.sh'
[36.943s] INFO:colcon.colcon_core.shell:Creating prefix script '/home/eero/finalProject/drone_racing_ros2-main/install/local_setup.bash'
[36.943s] INFO:colcon.colcon_core.shell:Creating prefix chain script '/home/eero/finalProject/drone_racing_ros2-main/install/setup.bash'
[36.946s] INFO:colcon.colcon_core.shell:Creating prefix script '/home/eero/finalProject/drone_racing_ros2-main/install/local_setup.zsh'
[36.947s] INFO:colcon.colcon_core.shell:Creating prefix chain script '/home/eero/finalProject/drone_racing_ros2-main/install/setup.zsh'
