[0.258s] DEBUG:colcon:Command line arguments: ['/usr/bin/colcon', 'build']
[0.258s] DEBUG:colcon:Parsed command line arguments: Namespace(allow_overriding=[], ament_cmake_args=None, base_paths=['.'], build_base='build', catkin_cmake_args=None, catkin_skip_building_tests=False, cmake_args=None, cmake_clean_cache=False, cmake_clean_first=False, cmake_force_configure=False, cmake_target=None, cmake_target_skip_unavailable=False, continue_on_error=False, event_handlers=None, executor='parallel', ignore_user_meta=False, install_base='install', log_base=None, log_level=None, main=<bound method BuildVerb.main of <colcon_core.verb.build.BuildVerb object at 0x7f2d470d6a60>>, merge_install=False, metas=['./colcon.meta'], mixin=None, mixin_files=None, mixin_verb=('build',), packages_above=None, packages_above_and_dependencies=None, packages_above_depth=None, packages_end=None, packages_ignore=None, packages_ignore_regex=None, packages_select=None, packages_select_build_failed=False, packages_select_by_dep=None, packages_select_regex=None, packages_select_test_failures=False, packages_skip=None, packages_skip_build_finished=False, packages_skip_by_dep=None, packages_skip_regex=None, packages_skip_test_passed=False, packages_skip_up_to=None, packages_start=None, packages_up_to=None, packages_up_to_regex=None, parallel_workers=6, paths=None, symlink_install=False, test_result_base=None, verb_extension=<colcon_core.verb.build.BuildVerb object at 0x7f2d470d6a60>, verb_name='build', verb_parser=<colcon_mixin.mixin.mixin_argument.MixinArgumentDecorator object at 0x7f2d47026c40>)
[0.465s] Level 1:colcon.colcon_core.package_discovery:discover_packages(colcon_meta) check parameters
[0.465s] Level 1:colcon.colcon_core.package_discovery:discover_packages(recursive) check parameters
[0.465s] Level 1:colcon.colcon_core.package_discovery:discover_packages(ignore) check parameters
[0.465s] Level 1:colcon.colcon_core.package_discovery:discover_packages(path) check parameters
[0.465s] Level 1:colcon.colcon_core.package_discovery:discover_packages(colcon_meta) discover
[0.465s] Level 1:colcon.colcon_core.package_discovery:discover_packages(recursive) discover
[0.465s] INFO:colcon.colcon_core.package_discovery:Crawling recursively for packages in '/home/eero/finalProject/drone_racing_ros2-main'
[0.466s] Level 1:colcon.colcon_core.package_identification:_identify(.) by extensions ['ignore', 'ignore_ament_install']
[0.466s] Level 1:colcon.colcon_core.package_identification:_identify(.) by extension 'ignore'
[0.466s] Level 1:colcon.colcon_core.package_identification:_identify(.) by extension 'ignore_ament_install'
[0.466s] Level 1:colcon.colcon_core.package_identification:_identify(.) by extensions ['colcon_pkg']
[0.466s] Level 1:colcon.colcon_core.package_identification:_identify(.) by extension 'colcon_pkg'
[0.466s] Level 1:colcon.colcon_core.package_identification:_identify(.) by extensions ['colcon_meta']
[0.466s] Level 1:colcon.colcon_core.package_identification:_identify(.) by extension 'colcon_meta'
[0.466s] Level 1:colcon.colcon_core.package_identification:_identify(.) by extensions ['ros']
[0.466s] Level 1:colcon.colcon_core.package_identification:_identify(.) by extension 'ros'
[0.481s] Level 1:colcon.colcon_core.package_identification:_identify(.) by extensions ['cmake', 'python']
[0.481s] Level 1:colcon.colcon_core.package_identification:_identify(.) by extension 'cmake'
[0.481s] Level 1:colcon.colcon_core.package_identification:_identify(.) by extension 'python'
[0.481s] Level 1:colcon.colcon_core.package_identification:_identify(.) by extensions ['python_setup_py']
[0.481s] Level 1:colcon.colcon_core.package_identification:_identify(.) by extension 'python_setup_py'
[0.482s] Level 1:colcon.colcon_core.package_identification:_identify(build) by extensions ['ignore', 'ignore_ament_install']
[0.482s] Level 1:colcon.colcon_core.package_identification:_identify(build) by extension 'ignore'
[0.482s] Level 1:colcon.colcon_core.package_identification:_identify(build) ignored
[0.482s] Level 1:colcon.colcon_core.package_identification:_identify(install) by extensions ['ignore', 'ignore_ament_install']
[0.482s] Level 1:colcon.colcon_core.package_identification:_identify(install) by extension 'ignore'
[0.482s] Level 1:colcon.colcon_core.package_identification:_identify(install) ignored
[0.482s] Level 1:colcon.colcon_core.package_identification:_identify(log) by extensions ['ignore', 'ignore_ament_install']
[0.482s] Level 1:colcon.colcon_core.package_identification:_identify(log) by extension 'ignore'
[0.482s] Level 1:colcon.colcon_core.package_identification:_identify(log) ignored
[0.482s] Level 1:colcon.colcon_core.package_identification:_identify(ros2_shared) by extensions ['ignore', 'ignore_ament_install']
[0.483s] Level 1:colcon.colcon_core.package_identification:_identify(ros2_shared) by extension 'ignore'
[0.483s] Level 1:colcon.colcon_core.package_identification:_identify(ros2_shared) by extension 'ignore_ament_install'
[0.483s] Level 1:colcon.colcon_core.package_identification:_identify(ros2_shared) by extensions ['colcon_pkg']
[0.483s] Level 1:colcon.colcon_core.package_identification:_identify(ros2_shared) by extension 'colcon_pkg'
[0.483s] Level 1:colcon.colcon_core.package_identification:_identify(ros2_shared) by extensions ['colcon_meta']
[0.483s] Level 1:colcon.colcon_core.package_identification:_identify(ros2_shared) by extension 'colcon_meta'
[0.483s] Level 1:colcon.colcon_core.package_identification:_identify(ros2_shared) by extensions ['ros']
[0.483s] Level 1:colcon.colcon_core.package_identification:_identify(ros2_shared) by extension 'ros'
[0.486s] DEBUG:colcon.colcon_core.package_identification:Package 'ros2_shared' with type 'ros.ament_cmake' and name 'ros2_shared'
[0.486s] Level 1:colcon.colcon_core.package_identification:_identify(tello_ros) by extensions ['ignore', 'ignore_ament_install']
[0.486s] Level 1:colcon.colcon_core.package_identification:_identify(tello_ros) by extension 'ignore'
[0.487s] Level 1:colcon.colcon_core.package_identification:_identify(tello_ros) by extension 'ignore_ament_install'
[0.487s] Level 1:colcon.colcon_core.package_identification:_identify(tello_ros) by extensions ['colcon_pkg']
[0.487s] Level 1:colcon.colcon_core.package_identification:_identify(tello_ros) by extension 'colcon_pkg'
[0.487s] Level 1:colcon.colcon_core.package_identification:_identify(tello_ros) by extensions ['colcon_meta']
[0.487s] Level 1:colcon.colcon_core.package_identification:_identify(tello_ros) by extension 'colcon_meta'
[0.487s] Level 1:colcon.colcon_core.package_identification:_identify(tello_ros) by extensions ['ros']
[0.487s] Level 1:colcon.colcon_core.package_identification:_identify(tello_ros) by extension 'ros'
[0.487s] Level 1:colcon.colcon_core.package_identification:_identify(tello_ros) by extensions ['cmake', 'python']
[0.487s] Level 1:colcon.colcon_core.package_identification:_identify(tello_ros) by extension 'cmake'
[0.487s] Level 1:colcon.colcon_core.package_identification:_identify(tello_ros) by extension 'python'
[0.487s] Level 1:colcon.colcon_core.package_identification:_identify(tello_ros) by extensions ['python_setup_py']
[0.487s] Level 1:colcon.colcon_core.package_identification:_identify(tello_ros) by extension 'python_setup_py'
[0.487s] Level 1:colcon.colcon_core.package_identification:_identify(tello_ros/docker) by extensions ['ignore', 'ignore_ament_install']
[0.487s] Level 1:colcon.colcon_core.package_identification:_identify(tello_ros/docker) by extension 'ignore'
[0.487s] Level 1:colcon.colcon_core.package_identification:_identify(tello_ros/docker) by extension 'ignore_ament_install'
[0.487s] Level 1:colcon.colcon_core.package_identification:_identify(tello_ros/docker) by extensions ['colcon_pkg']
[0.488s] Level 1:colcon.colcon_core.package_identification:_identify(tello_ros/docker) by extension 'colcon_pkg'
[0.488s] Level 1:colcon.colcon_core.package_identification:_identify(tello_ros/docker) by extensions ['colcon_meta']
[0.488s] Level 1:colcon.colcon_core.package_identification:_identify(tello_ros/docker) by extension 'colcon_meta'
[0.488s] Level 1:colcon.colcon_core.package_identification:_identify(tello_ros/docker) by extensions ['ros']
[0.488s] Level 1:colcon.colcon_core.package_identification:_identify(tello_ros/docker) by extension 'ros'
[0.488s] Level 1:colcon.colcon_core.package_identification:_identify(tello_ros/docker) by extensions ['cmake', 'python']
[0.488s] Level 1:colcon.colcon_core.package_identification:_identify(tello_ros/docker) by extension 'cmake'
[0.488s] Level 1:colcon.colcon_core.package_identification:_identify(tello_ros/docker) by extension 'python'
[0.488s] Level 1:colcon.colcon_core.package_identification:_identify(tello_ros/docker) by extensions ['python_setup_py']
[0.488s] Level 1:colcon.colcon_core.package_identification:_identify(tello_ros/docker) by extension 'python_setup_py'
[0.488s] Level 1:colcon.colcon_core.package_identification:_identify(tello_ros/tello_description) by extensions ['ignore', 'ignore_ament_install']
[0.488s] Level 1:colcon.colcon_core.package_identification:_identify(tello_ros/tello_description) by extension 'ignore'
[0.488s] Level 1:colcon.colcon_core.package_identification:_identify(tello_ros/tello_description) by extension 'ignore_ament_install'
[0.488s] Level 1:colcon.colcon_core.package_identification:_identify(tello_ros/tello_description) by extensions ['colcon_pkg']
[0.488s] Level 1:colcon.colcon_core.package_identification:_identify(tello_ros/tello_description) by extension 'colcon_pkg'
[0.489s] Level 1:colcon.colcon_core.package_identification:_identify(tello_ros/tello_description) by extensions ['colcon_meta']
[0.489s] Level 1:colcon.colcon_core.package_identification:_identify(tello_ros/tello_description) by extension 'colcon_meta'
[0.489s] Level 1:colcon.colcon_core.package_identification:_identify(tello_ros/tello_description) by extensions ['ros']
[0.489s] Level 1:colcon.colcon_core.package_identification:_identify(tello_ros/tello_description) by extension 'ros'
[0.490s] DEBUG:colcon.colcon_core.package_identification:Package 'tello_ros/tello_description' with type 'ros.ament_cmake' and name 'tello_description'
[0.490s] Level 1:colcon.colcon_core.package_identification:_identify(tello_ros/tello_driver) by extensions ['ignore', 'ignore_ament_install']
[0.490s] Level 1:colcon.colcon_core.package_identification:_identify(tello_ros/tello_driver) by extension 'ignore'
[0.490s] Level 1:colcon.colcon_core.package_identification:_identify(tello_ros/tello_driver) by extension 'ignore_ament_install'
[0.490s] Level 1:colcon.colcon_core.package_identification:_identify(tello_ros/tello_driver) by extensions ['colcon_pkg']
[0.490s] Level 1:colcon.colcon_core.package_identification:_identify(tello_ros/tello_driver) by extension 'colcon_pkg'
[0.490s] Level 1:colcon.colcon_core.package_identification:_identify(tello_ros/tello_driver) by extensions ['colcon_meta']
[0.490s] Level 1:colcon.colcon_core.package_identification:_identify(tello_ros/tello_driver) by extension 'colcon_meta'
[0.490s] Level 1:colcon.colcon_core.package_identification:_identify(tello_ros/tello_driver) by extensions ['ros']
[0.490s] Level 1:colcon.colcon_core.package_identification:_identify(tello_ros/tello_driver) by extension 'ros'
[0.492s] DEBUG:colcon.colcon_core.package_identification:Package 'tello_ros/tello_driver' with type 'ros.ament_cmake' and name 'tello_driver'
[0.492s] Level 1:colcon.colcon_core.package_identification:_identify(tello_ros/tello_gazebo) by extensions ['ignore', 'ignore_ament_install']
[0.492s] Level 1:colcon.colcon_core.package_identification:_identify(tello_ros/tello_gazebo) by extension 'ignore'
[0.492s] Level 1:colcon.colcon_core.package_identification:_identify(tello_ros/tello_gazebo) by extension 'ignore_ament_install'
[0.492s] Level 1:colcon.colcon_core.package_identification:_identify(tello_ros/tello_gazebo) by extensions ['colcon_pkg']
[0.492s] Level 1:colcon.colcon_core.package_identification:_identify(tello_ros/tello_gazebo) by extension 'colcon_pkg'
[0.492s] Level 1:colcon.colcon_core.package_identification:_identify(tello_ros/tello_gazebo) by extensions ['colcon_meta']
[0.492s] Level 1:colcon.colcon_core.package_identification:_identify(tello_ros/tello_gazebo) by extension 'colcon_meta'
[0.493s] Level 1:colcon.colcon_core.package_identification:_identify(tello_ros/tello_gazebo) by extensions ['ros']
[0.493s] Level 1:colcon.colcon_core.package_identification:_identify(tello_ros/tello_gazebo) by extension 'ros'
[0.494s] DEBUG:colcon.colcon_core.package_identification:Package 'tello_ros/tello_gazebo' with type 'ros.ament_cmake' and name 'tello_gazebo'
[0.494s] Level 1:colcon.colcon_core.package_identification:_identify(tello_ros/tello_msgs) by extensions ['ignore', 'ignore_ament_install']
[0.494s] Level 1:colcon.colcon_core.package_identification:_identify(tello_ros/tello_msgs) by extension 'ignore'
[0.494s] Level 1:colcon.colcon_core.package_identification:_identify(tello_ros/tello_msgs) by extension 'ignore_ament_install'
[0.494s] Level 1:colcon.colcon_core.package_identification:_identify(tello_ros/tello_msgs) by extensions ['colcon_pkg']
[0.494s] Level 1:colcon.colcon_core.package_identification:_identify(tello_ros/tello_msgs) by extension 'colcon_pkg'
[0.494s] Level 1:colcon.colcon_core.package_identification:_identify(tello_ros/tello_msgs) by extensions ['colcon_meta']
[0.494s] Level 1:colcon.colcon_core.package_identification:_identify(tello_ros/tello_msgs) by extension 'colcon_meta'
[0.495s] Level 1:colcon.colcon_core.package_identification:_identify(tello_ros/tello_msgs) by extensions ['ros']
[0.495s] Level 1:colcon.colcon_core.package_identification:_identify(tello_ros/tello_msgs) by extension 'ros'
[0.495s] DEBUG:colcon.colcon_core.package_identification:Package 'tello_ros/tello_msgs' with type 'ros.ament_cmake' and name 'tello_msgs'
[0.495s] Level 1:colcon.colcon_core.package_discovery:discover_packages(recursive) using defaults
[0.496s] Level 1:colcon.colcon_core.package_discovery:discover_packages(ignore) discover
[0.496s] Level 1:colcon.colcon_core.package_discovery:discover_packages(ignore) using defaults
[0.496s] Level 1:colcon.colcon_core.package_discovery:discover_packages(path) discover
[0.496s] Level 1:colcon.colcon_core.package_discovery:discover_packages(path) using defaults
[0.538s] Level 1:colcon.colcon_core.package_discovery:discover_packages(prefix_path) check parameters
[0.538s] Level 1:colcon.colcon_core.package_discovery:discover_packages(prefix_path) discover
[0.541s] DEBUG:colcon.colcon_installed_package_information.package_discovery:Found 5 installed packages in /home/eero/finalProject/drone_racing_ros2-main/install
[0.542s] DEBUG:colcon.colcon_installed_package_information.package_discovery:Found 16 installed packages in /home/eero/turtlebot3_ws/install
[0.544s] DEBUG:colcon.colcon_installed_package_information.package_discovery:Found 275 installed packages in /opt/ros/galactic
[0.546s] Level 1:colcon.colcon_core.package_discovery:discover_packages(prefix_path) using defaults
[0.628s] Level 5:colcon.colcon_core.verb:set package 'ros2_shared' build argument 'cmake_args' from command line to 'None'
[0.628s] Level 5:colcon.colcon_core.verb:set package 'ros2_shared' build argument 'cmake_target' from command line to 'None'
[0.628s] Level 5:colcon.colcon_core.verb:set package 'ros2_shared' build argument 'cmake_target_skip_unavailable' from command line to 'False'
[0.628s] Level 5:colcon.colcon_core.verb:set package 'ros2_shared' build argument 'cmake_clean_cache' from command line to 'False'
[0.628s] Level 5:colcon.colcon_core.verb:set package 'ros2_shared' build argument 'cmake_clean_first' from command line to 'False'
[0.628s] Level 5:colcon.colcon_core.verb:set package 'ros2_shared' build argument 'cmake_force_configure' from command line to 'False'
[0.628s] Level 5:colcon.colcon_core.verb:set package 'ros2_shared' build argument 'ament_cmake_args' from command line to 'None'
[0.628s] Level 5:colcon.colcon_core.verb:set package 'ros2_shared' build argument 'catkin_cmake_args' from command line to 'None'
[0.628s] Level 5:colcon.colcon_core.verb:set package 'ros2_shared' build argument 'catkin_skip_building_tests' from command line to 'False'
[0.628s] DEBUG:colcon.colcon_core.verb:Building package 'ros2_shared' with the following arguments: {'ament_cmake_args': None, 'build_base': '/home/eero/finalProject/drone_racing_ros2-main/build/ros2_shared', 'catkin_cmake_args': None, 'catkin_skip_building_tests': False, 'cmake_args': None, 'cmake_clean_cache': False, 'cmake_clean_first': False, 'cmake_force_configure': False, 'cmake_target': None, 'cmake_target_skip_unavailable': False, 'install_base': '/home/eero/finalProject/drone_racing_ros2-main/install/ros2_shared', 'merge_install': False, 'path': '/home/eero/finalProject/drone_racing_ros2-main/ros2_shared', 'symlink_install': False, 'test_result_base': None}
[0.629s] Level 5:colcon.colcon_core.verb:set package 'tello_description' build argument 'cmake_args' from command line to 'None'
[0.629s] Level 5:colcon.colcon_core.verb:set package 'tello_description' build argument 'cmake_target' from command line to 'None'
[0.629s] Level 5:colcon.colcon_core.verb:set package 'tello_description' build argument 'cmake_target_skip_unavailable' from command line to 'False'
[0.629s] Level 5:colcon.colcon_core.verb:set package 'tello_description' build argument 'cmake_clean_cache' from command line to 'False'
[0.629s] Level 5:colcon.colcon_core.verb:set package 'tello_description' build argument 'cmake_clean_first' from command line to 'False'
[0.629s] Level 5:colcon.colcon_core.verb:set package 'tello_description' build argument 'cmake_force_configure' from command line to 'False'
[0.629s] Level 5:colcon.colcon_core.verb:set package 'tello_description' build argument 'ament_cmake_args' from command line to 'None'
[0.629s] Level 5:colcon.colcon_core.verb:set package 'tello_description' build argument 'catkin_cmake_args' from command line to 'None'
[0.629s] Level 5:colcon.colcon_core.verb:set package 'tello_description' build argument 'catkin_skip_building_tests' from command line to 'False'
[0.629s] DEBUG:colcon.colcon_core.verb:Building package 'tello_description' with the following arguments: {'ament_cmake_args': None, 'build_base': '/home/eero/finalProject/drone_racing_ros2-main/build/tello_description', 'catkin_cmake_args': None, 'catkin_skip_building_tests': False, 'cmake_args': None, 'cmake_clean_cache': False, 'cmake_clean_first': False, 'cmake_force_configure': False, 'cmake_target': None, 'cmake_target_skip_unavailable': False, 'install_base': '/home/eero/finalProject/drone_racing_ros2-main/install/tello_description', 'merge_install': False, 'path': '/home/eero/finalProject/drone_racing_ros2-main/tello_ros/tello_description', 'symlink_install': False, 'test_result_base': None}
[0.630s] Level 5:colcon.colcon_core.verb:set package 'tello_msgs' build argument 'cmake_args' from command line to 'None'
[0.630s] Level 5:colcon.colcon_core.verb:set package 'tello_msgs' build argument 'cmake_target' from command line to 'None'
[0.630s] Level 5:colcon.colcon_core.verb:set package 'tello_msgs' build argument 'cmake_target_skip_unavailable' from command line to 'False'
[0.630s] Level 5:colcon.colcon_core.verb:set package 'tello_msgs' build argument 'cmake_clean_cache' from command line to 'False'
[0.630s] Level 5:colcon.colcon_core.verb:set package 'tello_msgs' build argument 'cmake_clean_first' from command line to 'False'
[0.630s] Level 5:colcon.colcon_core.verb:set package 'tello_msgs' build argument 'cmake_force_configure' from command line to 'False'
[0.630s] Level 5:colcon.colcon_core.verb:set package 'tello_msgs' build argument 'ament_cmake_args' from command line to 'None'
[0.630s] Level 5:colcon.colcon_core.verb:set package 'tello_msgs' build argument 'catkin_cmake_args' from command line to 'None'
[0.630s] Level 5:colcon.colcon_core.verb:set package 'tello_msgs' build argument 'catkin_skip_building_tests' from command line to 'False'
[0.630s] DEBUG:colcon.colcon_core.verb:Building package 'tello_msgs' with the following arguments: {'ament_cmake_args': None, 'build_base': '/home/eero/finalProject/drone_racing_ros2-main/build/tello_msgs', 'catkin_cmake_args': None, 'catkin_skip_building_tests': False, 'cmake_args': None, 'cmake_clean_cache': False, 'cmake_clean_first': False, 'cmake_force_configure': False, 'cmake_target': None, 'cmake_target_skip_unavailable': False, 'install_base': '/home/eero/finalProject/drone_racing_ros2-main/install/tello_msgs', 'merge_install': False, 'path': '/home/eero/finalProject/drone_racing_ros2-main/tello_ros/tello_msgs', 'symlink_install': False, 'test_result_base': None}
[0.630s] Level 5:colcon.colcon_core.verb:set package 'tello_driver' build argument 'cmake_args' from command line to 'None'
[0.630s] Level 5:colcon.colcon_core.verb:set package 'tello_driver' build argument 'cmake_target' from command line to 'None'
[0.630s] Level 5:colcon.colcon_core.verb:set package 'tello_driver' build argument 'cmake_target_skip_unavailable' from command line to 'False'
[0.630s] Level 5:colcon.colcon_core.verb:set package 'tello_driver' build argument 'cmake_clean_cache' from command line to 'False'
[0.630s] Level 5:colcon.colcon_core.verb:set package 'tello_driver' build argument 'cmake_clean_first' from command line to 'False'
[0.631s] Level 5:colcon.colcon_core.verb:set package 'tello_driver' build argument 'cmake_force_configure' from command line to 'False'
[0.631s] Level 5:colcon.colcon_core.verb:set package 'tello_driver' build argument 'ament_cmake_args' from command line to 'None'
[0.631s] Level 5:colcon.colcon_core.verb:set package 'tello_driver' build argument 'catkin_cmake_args' from command line to 'None'
[0.631s] Level 5:colcon.colcon_core.verb:set package 'tello_driver' build argument 'catkin_skip_building_tests' from command line to 'False'
[0.631s] DEBUG:colcon.colcon_core.verb:Building package 'tello_driver' with the following arguments: {'ament_cmake_args': None, 'build_base': '/home/eero/finalProject/drone_racing_ros2-main/build/tello_driver', 'catkin_cmake_args': None, 'catkin_skip_building_tests': False, 'cmake_args': None, 'cmake_clean_cache': False, 'cmake_clean_first': False, 'cmake_force_configure': False, 'cmake_target': None, 'cmake_target_skip_unavailable': False, 'install_base': '/home/eero/finalProject/drone_racing_ros2-main/install/tello_driver', 'merge_install': False, 'path': '/home/eero/finalProject/drone_racing_ros2-main/tello_ros/tello_driver', 'symlink_install': False, 'test_result_base': None}
[0.631s] Level 5:colcon.colcon_core.verb:set package 'tello_gazebo' build argument 'cmake_args' from command line to 'None'
[0.631s] Level 5:colcon.colcon_core.verb:set package 'tello_gazebo' build argument 'cmake_target' from command line to 'None'
[0.631s] Level 5:colcon.colcon_core.verb:set package 'tello_gazebo' build argument 'cmake_target_skip_unavailable' from command line to 'False'
[0.631s] Level 5:colcon.colcon_core.verb:set package 'tello_gazebo' build argument 'cmake_clean_cache' from command line to 'False'
[0.631s] Level 5:colcon.colcon_core.verb:set package 'tello_gazebo' build argument 'cmake_clean_first' from command line to 'False'
[0.631s] Level 5:colcon.colcon_core.verb:set package 'tello_gazebo' build argument 'cmake_force_configure' from command line to 'False'
[0.631s] Level 5:colcon.colcon_core.verb:set package 'tello_gazebo' build argument 'ament_cmake_args' from command line to 'None'
[0.631s] Level 5:colcon.colcon_core.verb:set package 'tello_gazebo' build argument 'catkin_cmake_args' from command line to 'None'
[0.631s] Level 5:colcon.colcon_core.verb:set package 'tello_gazebo' build argument 'catkin_skip_building_tests' from command line to 'False'
[0.631s] DEBUG:colcon.colcon_core.verb:Building package 'tello_gazebo' with the following arguments: {'ament_cmake_args': None, 'build_base': '/home/eero/finalProject/drone_racing_ros2-main/build/tello_gazebo', 'catkin_cmake_args': None, 'catkin_skip_building_tests': False, 'cmake_args': None, 'cmake_clean_cache': False, 'cmake_clean_first': False, 'cmake_force_configure': False, 'cmake_target': None, 'cmake_target_skip_unavailable': False, 'install_base': '/home/eero/finalProject/drone_racing_ros2-main/install/tello_gazebo', 'merge_install': False, 'path': '/home/eero/finalProject/drone_racing_ros2-main/tello_ros/tello_gazebo', 'symlink_install': False, 'test_result_base': None}
[0.632s] INFO:colcon.colcon_core.executor:Executing jobs using 'parallel' executor
[0.633s] DEBUG:colcon.colcon_parallel_executor.executor.parallel:run_until_complete
[0.633s] INFO:colcon.colcon_ros.task.ament_cmake.build:Building ROS package in '/home/eero/finalProject/drone_racing_ros2-main/tello_ros/tello_msgs' with build type 'ament_cmake'
[0.634s] INFO:colcon.colcon_cmake.task.cmake.build:Building CMake package in '/home/eero/finalProject/drone_racing_ros2-main/tello_ros/tello_msgs'
[0.637s] INFO:colcon.colcon_core.plugin_system:Skipping extension 'colcon_core.shell.bat': Not used on non-Windows systems
[0.637s] INFO:colcon.colcon_core.shell:Skip shell extension 'powershell' for command environment: Not usable outside of PowerShell
[0.637s] DEBUG:colcon.colcon_core.shell:Skip shell extension 'dsv' for command environment
[0.647s] INFO:colcon.colcon_ros.task.ament_cmake.build:Building ROS package in '/home/eero/finalProject/drone_racing_ros2-main/ros2_shared' with build type 'ament_cmake'
[0.648s] INFO:colcon.colcon_cmake.task.cmake.build:Building CMake package in '/home/eero/finalProject/drone_racing_ros2-main/ros2_shared'
[0.649s] INFO:colcon.colcon_core.shell:Skip shell extension 'powershell' for command environment: Not usable outside of PowerShell
[0.649s] DEBUG:colcon.colcon_core.shell:Skip shell extension 'dsv' for command environment
[0.659s] INFO:colcon.colcon_ros.task.ament_cmake.build:Building ROS package in '/home/eero/finalProject/drone_racing_ros2-main/tello_ros/tello_description' with build type 'ament_cmake'
[0.660s] INFO:colcon.colcon_cmake.task.cmake.build:Building CMake package in '/home/eero/finalProject/drone_racing_ros2-main/tello_ros/tello_description'
[0.661s] INFO:colcon.colcon_core.shell:Skip shell extension 'powershell' for command environment: Not usable outside of PowerShell
[0.661s] DEBUG:colcon.colcon_core.shell:Skip shell extension 'dsv' for command environment
[0.683s] DEBUG:colcon.colcon_core.event_handler.log_command:Invoking command in '/home/eero/finalProject/drone_racing_ros2-main/build/tello_msgs': CMAKE_PREFIX_PATH=${CMAKE_PREFIX_PATH}:/home/eero/turtlebot3_ws/install/turtlebot3_teleop:/home/eero/turtlebot3_ws/install/turtlebot3_example:/opt/ros/galactic /usr/bin/cmake --build /home/eero/finalProject/drone_racing_ros2-main/build/tello_msgs -- -j6 -l6
[0.691s] DEBUG:colcon.colcon_core.event_handler.log_command:Invoking command in '/home/eero/finalProject/drone_racing_ros2-main/build/ros2_shared': CMAKE_PREFIX_PATH=${CMAKE_PREFIX_PATH}:/home/eero/turtlebot3_ws/install/turtlebot3_teleop:/home/eero/turtlebot3_ws/install/turtlebot3_example:/opt/ros/galactic /usr/bin/cmake --build /home/eero/finalProject/drone_racing_ros2-main/build/ros2_shared -- -j6 -l6
[0.703s] DEBUG:colcon.colcon_core.event_handler.log_command:Invoking command in '/home/eero/finalProject/drone_racing_ros2-main/build/tello_description': CMAKE_PREFIX_PATH=${CMAKE_PREFIX_PATH}:/home/eero/turtlebot3_ws/install/turtlebot3_teleop:/home/eero/turtlebot3_ws/install/turtlebot3_example:/opt/ros/galactic /usr/bin/cmake --build /home/eero/finalProject/drone_racing_ros2-main/build/tello_description -- -j6 -l6
[0.770s] DEBUG:colcon.colcon_core.event_handler.log_command:Invoked command in '/home/eero/finalProject/drone_racing_ros2-main/build/ros2_shared' returned '0': CMAKE_PREFIX_PATH=${CMAKE_PREFIX_PATH}:/home/eero/turtlebot3_ws/install/turtlebot3_teleop:/home/eero/turtlebot3_ws/install/turtlebot3_example:/opt/ros/galactic /usr/bin/cmake --build /home/eero/finalProject/drone_racing_ros2-main/build/ros2_shared -- -j6 -l6
[0.807s] DEBUG:colcon.colcon_core.event_handler.log_command:Invoking command in '/home/eero/finalProject/drone_racing_ros2-main/build/ros2_shared': CMAKE_PREFIX_PATH=${CMAKE_PREFIX_PATH}:/home/eero/turtlebot3_ws/install/turtlebot3_teleop:/home/eero/turtlebot3_ws/install/turtlebot3_example:/opt/ros/galactic /usr/bin/cmake --install /home/eero/finalProject/drone_racing_ros2-main/build/ros2_shared
[0.829s] Level 1:colcon.colcon_core.environment:create_environment_scripts_only(ros2_shared)
[0.832s] Level 1:colcon.colcon_core.environment:checking '/home/eero/finalProject/drone_racing_ros2-main/install/ros2_shared' for CMake module files
[0.833s] Level 1:colcon.colcon_core.environment:checking '/home/eero/finalProject/drone_racing_ros2-main/install/ros2_shared' for CMake config files
[0.833s] Level 1:colcon.colcon_core.shell:create_environment_hook('ros2_shared', 'cmake_prefix_path')
[0.834s] INFO:colcon.colcon_core.shell:Creating environment hook '/home/eero/finalProject/drone_racing_ros2-main/install/ros2_shared/share/ros2_shared/hook/cmake_prefix_path.ps1'
[0.835s] INFO:colcon.colcon_core.shell:Creating environment descriptor '/home/eero/finalProject/drone_racing_ros2-main/install/ros2_shared/share/ros2_shared/hook/cmake_prefix_path.dsv'
[0.835s] DEBUG:colcon.colcon_core.event_handler.log_command:Invoked command in '/home/eero/finalProject/drone_racing_ros2-main/build/ros2_shared' returned '0': CMAKE_PREFIX_PATH=${CMAKE_PREFIX_PATH}:/home/eero/turtlebot3_ws/install/turtlebot3_teleop:/home/eero/turtlebot3_ws/install/turtlebot3_example:/opt/ros/galactic /usr/bin/cmake --install /home/eero/finalProject/drone_racing_ros2-main/build/ros2_shared
[0.836s] INFO:colcon.colcon_core.shell:Creating environment hook '/home/eero/finalProject/drone_racing_ros2-main/install/ros2_shared/share/ros2_shared/hook/cmake_prefix_path.sh'
[0.839s] Level 1:colcon.colcon_core.environment:checking '/home/eero/finalProject/drone_racing_ros2-main/install/ros2_shared/bin'
[0.839s] Level 1:colcon.colcon_core.environment:checking '/home/eero/finalProject/drone_racing_ros2-main/install/ros2_shared/lib/pkgconfig/ros2_shared.pc'
[0.841s] Level 1:colcon.colcon_core.environment:checking '/home/eero/finalProject/drone_racing_ros2-main/install/ros2_shared/lib/python3.8/site-packages'
[0.844s] Level 1:colcon.colcon_core.environment:checking '/home/eero/finalProject/drone_racing_ros2-main/install/ros2_shared/bin'
[0.845s] INFO:colcon.colcon_core.shell:Creating package script '/home/eero/finalProject/drone_racing_ros2-main/install/ros2_shared/share/ros2_shared/package.ps1'
[0.851s] INFO:colcon.colcon_core.shell:Creating package descriptor '/home/eero/finalProject/drone_racing_ros2-main/install/ros2_shared/share/ros2_shared/package.dsv'
[0.861s] INFO:colcon.colcon_core.shell:Creating package script '/home/eero/finalProject/drone_racing_ros2-main/install/ros2_shared/share/ros2_shared/package.sh'
[0.864s] INFO:colcon.colcon_core.shell:Creating package script '/home/eero/finalProject/drone_racing_ros2-main/install/ros2_shared/share/ros2_shared/package.bash'
[0.866s] INFO:colcon.colcon_core.shell:Creating package script '/home/eero/finalProject/drone_racing_ros2-main/install/ros2_shared/share/ros2_shared/package.zsh'
[0.870s] Level 1:colcon.colcon_core.environment:create_file_with_runtime_dependencies(/home/eero/finalProject/drone_racing_ros2-main/install/ros2_shared/share/colcon-core/packages/ros2_shared)
[0.874s] Level 1:colcon.colcon_core.environment:create_environment_scripts_only(ros2_shared)
[0.874s] Level 1:colcon.colcon_core.environment:checking '/home/eero/finalProject/drone_racing_ros2-main/install/ros2_shared' for CMake module files
[0.875s] Level 1:colcon.colcon_core.environment:checking '/home/eero/finalProject/drone_racing_ros2-main/install/ros2_shared' for CMake config files
[0.875s] Level 1:colcon.colcon_core.shell:create_environment_hook('ros2_shared', 'cmake_prefix_path')
[0.876s] INFO:colcon.colcon_core.shell:Creating environment hook '/home/eero/finalProject/drone_racing_ros2-main/install/ros2_shared/share/ros2_shared/hook/cmake_prefix_path.ps1'
[0.877s] INFO:colcon.colcon_core.shell:Creating environment descriptor '/home/eero/finalProject/drone_racing_ros2-main/install/ros2_shared/share/ros2_shared/hook/cmake_prefix_path.dsv'
[0.880s] INFO:colcon.colcon_core.shell:Creating environment hook '/home/eero/finalProject/drone_racing_ros2-main/install/ros2_shared/share/ros2_shared/hook/cmake_prefix_path.sh'
[0.881s] Level 1:colcon.colcon_core.environment:checking '/home/eero/finalProject/drone_racing_ros2-main/install/ros2_shared/bin'
[0.881s] Level 1:colcon.colcon_core.environment:checking '/home/eero/finalProject/drone_racing_ros2-main/install/ros2_shared/lib/pkgconfig/ros2_shared.pc'
[0.882s] Level 1:colcon.colcon_core.environment:checking '/home/eero/finalProject/drone_racing_ros2-main/install/ros2_shared/lib/python3.8/site-packages'
[0.882s] Level 1:colcon.colcon_core.environment:checking '/home/eero/finalProject/drone_racing_ros2-main/install/ros2_shared/bin'
[0.883s] INFO:colcon.colcon_core.shell:Creating package script '/home/eero/finalProject/drone_racing_ros2-main/install/ros2_shared/share/ros2_shared/package.ps1'
[0.884s] INFO:colcon.colcon_core.shell:Creating package descriptor '/home/eero/finalProject/drone_racing_ros2-main/install/ros2_shared/share/ros2_shared/package.dsv'
[0.885s] INFO:colcon.colcon_core.shell:Creating package script '/home/eero/finalProject/drone_racing_ros2-main/install/ros2_shared/share/ros2_shared/package.sh'
[0.886s] INFO:colcon.colcon_core.shell:Creating package script '/home/eero/finalProject/drone_racing_ros2-main/install/ros2_shared/share/ros2_shared/package.bash'
[0.887s] INFO:colcon.colcon_core.shell:Creating package script '/home/eero/finalProject/drone_racing_ros2-main/install/ros2_shared/share/ros2_shared/package.zsh'
[0.889s] Level 1:colcon.colcon_core.environment:create_file_with_runtime_dependencies(/home/eero/finalProject/drone_racing_ros2-main/install/ros2_shared/share/colcon-core/packages/ros2_shared)
[0.936s] DEBUG:colcon.colcon_core.event_handler.log_command:Invoked command in '/home/eero/finalProject/drone_racing_ros2-main/build/tello_description' returned '0': CMAKE_PREFIX_PATH=${CMAKE_PREFIX_PATH}:/home/eero/turtlebot3_ws/install/turtlebot3_teleop:/home/eero/turtlebot3_ws/install/turtlebot3_example:/opt/ros/galactic /usr/bin/cmake --build /home/eero/finalProject/drone_racing_ros2-main/build/tello_description -- -j6 -l6
[0.941s] DEBUG:colcon.colcon_core.event_handler.log_command:Invoking command in '/home/eero/finalProject/drone_racing_ros2-main/build/tello_description': CMAKE_PREFIX_PATH=${CMAKE_PREFIX_PATH}:/home/eero/turtlebot3_ws/install/turtlebot3_teleop:/home/eero/turtlebot3_ws/install/turtlebot3_example:/opt/ros/galactic /usr/bin/cmake --install /home/eero/finalProject/drone_racing_ros2-main/build/tello_description
[0.966s] Level 1:colcon.colcon_core.environment:create_environment_scripts_only(tello_description)
[0.966s] Level 1:colcon.colcon_core.environment:checking '/home/eero/finalProject/drone_racing_ros2-main/install/tello_description' for CMake module files
[0.967s] DEBUG:colcon.colcon_core.event_handler.log_command:Invoked command in '/home/eero/finalProject/drone_racing_ros2-main/build/tello_description' returned '0': CMAKE_PREFIX_PATH=${CMAKE_PREFIX_PATH}:/home/eero/turtlebot3_ws/install/turtlebot3_teleop:/home/eero/turtlebot3_ws/install/turtlebot3_example:/opt/ros/galactic /usr/bin/cmake --install /home/eero/finalProject/drone_racing_ros2-main/build/tello_description
[0.967s] Level 1:colcon.colcon_core.environment:checking '/home/eero/finalProject/drone_racing_ros2-main/install/tello_description' for CMake config files
[0.968s] Level 1:colcon.colcon_core.shell:create_environment_hook('tello_description', 'cmake_prefix_path')
[0.968s] INFO:colcon.colcon_core.shell:Creating environment hook '/home/eero/finalProject/drone_racing_ros2-main/install/tello_description/share/tello_description/hook/cmake_prefix_path.ps1'
[0.970s] INFO:colcon.colcon_core.shell:Creating environment descriptor '/home/eero/finalProject/drone_racing_ros2-main/install/tello_description/share/tello_description/hook/cmake_prefix_path.dsv'
[0.970s] INFO:colcon.colcon_core.shell:Creating environment hook '/home/eero/finalProject/drone_racing_ros2-main/install/tello_description/share/tello_description/hook/cmake_prefix_path.sh'
[0.971s] Level 1:colcon.colcon_core.environment:checking '/home/eero/finalProject/drone_racing_ros2-main/install/tello_description/bin'
[0.971s] Level 1:colcon.colcon_core.environment:checking '/home/eero/finalProject/drone_racing_ros2-main/install/tello_description/lib/pkgconfig/tello_description.pc'
[0.971s] Level 1:colcon.colcon_core.environment:checking '/home/eero/finalProject/drone_racing_ros2-main/install/tello_description/lib/python3.8/site-packages'
[0.972s] Level 1:colcon.colcon_core.environment:checking '/home/eero/finalProject/drone_racing_ros2-main/install/tello_description/bin'
[0.972s] INFO:colcon.colcon_core.shell:Creating package script '/home/eero/finalProject/drone_racing_ros2-main/install/tello_description/share/tello_description/package.ps1'
[0.973s] INFO:colcon.colcon_core.shell:Creating package descriptor '/home/eero/finalProject/drone_racing_ros2-main/install/tello_description/share/tello_description/package.dsv'
[0.973s] INFO:colcon.colcon_core.shell:Creating package script '/home/eero/finalProject/drone_racing_ros2-main/install/tello_description/share/tello_description/package.sh'
[0.973s] INFO:colcon.colcon_core.shell:Creating package script '/home/eero/finalProject/drone_racing_ros2-main/install/tello_description/share/tello_description/package.bash'
[0.974s] INFO:colcon.colcon_core.shell:Creating package script '/home/eero/finalProject/drone_racing_ros2-main/install/tello_description/share/tello_description/package.zsh'
[0.974s] Level 1:colcon.colcon_core.environment:create_file_with_runtime_dependencies(/home/eero/finalProject/drone_racing_ros2-main/install/tello_description/share/colcon-core/packages/tello_description)
[0.975s] Level 1:colcon.colcon_core.environment:create_environment_scripts_only(tello_description)
[0.975s] Level 1:colcon.colcon_core.environment:checking '/home/eero/finalProject/drone_racing_ros2-main/install/tello_description' for CMake module files
[0.976s] Level 1:colcon.colcon_core.environment:checking '/home/eero/finalProject/drone_racing_ros2-main/install/tello_description' for CMake config files
[0.976s] Level 1:colcon.colcon_core.shell:create_environment_hook('tello_description', 'cmake_prefix_path')
[0.977s] INFO:colcon.colcon_core.shell:Creating environment hook '/home/eero/finalProject/drone_racing_ros2-main/install/tello_description/share/tello_description/hook/cmake_prefix_path.ps1'
[0.977s] INFO:colcon.colcon_core.shell:Creating environment descriptor '/home/eero/finalProject/drone_racing_ros2-main/install/tello_description/share/tello_description/hook/cmake_prefix_path.dsv'
[0.978s] INFO:colcon.colcon_core.shell:Creating environment hook '/home/eero/finalProject/drone_racing_ros2-main/install/tello_description/share/tello_description/hook/cmake_prefix_path.sh'
[0.978s] Level 1:colcon.colcon_core.environment:checking '/home/eero/finalProject/drone_racing_ros2-main/install/tello_description/bin'
[0.978s] Level 1:colcon.colcon_core.environment:checking '/home/eero/finalProject/drone_racing_ros2-main/install/tello_description/lib/pkgconfig/tello_description.pc'
[0.979s] Level 1:colcon.colcon_core.environment:checking '/home/eero/finalProject/drone_racing_ros2-main/install/tello_description/lib/python3.8/site-packages'
[0.979s] Level 1:colcon.colcon_core.environment:checking '/home/eero/finalProject/drone_racing_ros2-main/install/tello_description/bin'
[0.979s] INFO:colcon.colcon_core.shell:Creating package script '/home/eero/finalProject/drone_racing_ros2-main/install/tello_description/share/tello_description/package.ps1'
[0.980s] INFO:colcon.colcon_core.shell:Creating package descriptor '/home/eero/finalProject/drone_racing_ros2-main/install/tello_description/share/tello_description/package.dsv'
[0.981s] INFO:colcon.colcon_core.shell:Creating package script '/home/eero/finalProject/drone_racing_ros2-main/install/tello_description/share/tello_description/package.sh'
[0.981s] INFO:colcon.colcon_core.shell:Creating package script '/home/eero/finalProject/drone_racing_ros2-main/install/tello_description/share/tello_description/package.bash'
[0.982s] INFO:colcon.colcon_core.shell:Creating package script '/home/eero/finalProject/drone_racing_ros2-main/install/tello_description/share/tello_description/package.zsh'
[0.982s] Level 1:colcon.colcon_core.environment:create_file_with_runtime_dependencies(/home/eero/finalProject/drone_racing_ros2-main/install/tello_description/share/colcon-core/packages/tello_description)
[1.121s] DEBUG:colcon.colcon_core.event_handler.log_command:Invoked command in '/home/eero/finalProject/drone_racing_ros2-main/build/tello_msgs' returned '0': CMAKE_PREFIX_PATH=${CMAKE_PREFIX_PATH}:/home/eero/turtlebot3_ws/install/turtlebot3_teleop:/home/eero/turtlebot3_ws/install/turtlebot3_example:/opt/ros/galactic /usr/bin/cmake --build /home/eero/finalProject/drone_racing_ros2-main/build/tello_msgs -- -j6 -l6
[1.127s] DEBUG:colcon.colcon_core.event_handler.log_command:Invoking command in '/home/eero/finalProject/drone_racing_ros2-main/build/tello_msgs': CMAKE_PREFIX_PATH=${CMAKE_PREFIX_PATH}:/home/eero/turtlebot3_ws/install/turtlebot3_teleop:/home/eero/turtlebot3_ws/install/turtlebot3_example:/opt/ros/galactic /usr/bin/cmake --install /home/eero/finalProject/drone_racing_ros2-main/build/tello_msgs
[1.214s] Level 1:colcon.colcon_core.environment:create_environment_scripts_only(tello_msgs)
[1.215s] Level 1:colcon.colcon_core.environment:checking '/home/eero/finalProject/drone_racing_ros2-main/install/tello_msgs' for CMake module files
[1.215s] DEBUG:colcon.colcon_core.event_handler.log_command:Invoked command in '/home/eero/finalProject/drone_racing_ros2-main/build/tello_msgs' returned '0': CMAKE_PREFIX_PATH=${CMAKE_PREFIX_PATH}:/home/eero/turtlebot3_ws/install/turtlebot3_teleop:/home/eero/turtlebot3_ws/install/turtlebot3_example:/opt/ros/galactic /usr/bin/cmake --install /home/eero/finalProject/drone_racing_ros2-main/build/tello_msgs
[1.216s] Level 1:colcon.colcon_core.environment:checking '/home/eero/finalProject/drone_racing_ros2-main/install/tello_msgs' for CMake config files
[1.217s] Level 1:colcon.colcon_core.shell:create_environment_hook('tello_msgs', 'cmake_prefix_path')
[1.218s] INFO:colcon.colcon_core.shell:Creating environment hook '/home/eero/finalProject/drone_racing_ros2-main/install/tello_msgs/share/tello_msgs/hook/cmake_prefix_path.ps1'
[1.219s] INFO:colcon.colcon_core.shell:Creating environment descriptor '/home/eero/finalProject/drone_racing_ros2-main/install/tello_msgs/share/tello_msgs/hook/cmake_prefix_path.dsv'
[1.219s] INFO:colcon.colcon_core.shell:Creating environment hook '/home/eero/finalProject/drone_racing_ros2-main/install/tello_msgs/share/tello_msgs/hook/cmake_prefix_path.sh'
[1.220s] Level 1:colcon.colcon_core.environment:checking '/home/eero/finalProject/drone_racing_ros2-main/install/tello_msgs/lib'
[1.221s] Level 1:colcon.colcon_core.shell:create_environment_hook('tello_msgs', 'ld_library_path_lib')
[1.221s] INFO:colcon.colcon_core.shell:Creating environment hook '/home/eero/finalProject/drone_racing_ros2-main/install/tello_msgs/share/tello_msgs/hook/ld_library_path_lib.ps1'
[1.222s] INFO:colcon.colcon_core.shell:Creating environment descriptor '/home/eero/finalProject/drone_racing_ros2-main/install/tello_msgs/share/tello_msgs/hook/ld_library_path_lib.dsv'
[1.222s] INFO:colcon.colcon_core.shell:Creating environment hook '/home/eero/finalProject/drone_racing_ros2-main/install/tello_msgs/share/tello_msgs/hook/ld_library_path_lib.sh'
[1.222s] Level 1:colcon.colcon_core.environment:checking '/home/eero/finalProject/drone_racing_ros2-main/install/tello_msgs/bin'
[1.222s] Level 1:colcon.colcon_core.environment:checking '/home/eero/finalProject/drone_racing_ros2-main/install/tello_msgs/lib/pkgconfig/tello_msgs.pc'
[1.223s] Level 1:colcon.colcon_core.environment:checking '/home/eero/finalProject/drone_racing_ros2-main/install/tello_msgs/lib/python3.8/site-packages'
[1.223s] Level 1:colcon.colcon_core.shell:create_environment_hook('tello_msgs', 'pythonpath')
[1.223s] INFO:colcon.colcon_core.shell:Creating environment hook '/home/eero/finalProject/drone_racing_ros2-main/install/tello_msgs/share/tello_msgs/hook/pythonpath.ps1'
[1.224s] INFO:colcon.colcon_core.shell:Creating environment descriptor '/home/eero/finalProject/drone_racing_ros2-main/install/tello_msgs/share/tello_msgs/hook/pythonpath.dsv'
[1.224s] INFO:colcon.colcon_core.shell:Creating environment hook '/home/eero/finalProject/drone_racing_ros2-main/install/tello_msgs/share/tello_msgs/hook/pythonpath.sh'
[1.225s] Level 1:colcon.colcon_core.environment:checking '/home/eero/finalProject/drone_racing_ros2-main/install/tello_msgs/bin'
[1.225s] INFO:colcon.colcon_core.shell:Creating package script '/home/eero/finalProject/drone_racing_ros2-main/install/tello_msgs/share/tello_msgs/package.ps1'
[1.226s] INFO:colcon.colcon_core.shell:Creating package descriptor '/home/eero/finalProject/drone_racing_ros2-main/install/tello_msgs/share/tello_msgs/package.dsv'
[1.226s] INFO:colcon.colcon_core.shell:Creating package script '/home/eero/finalProject/drone_racing_ros2-main/install/tello_msgs/share/tello_msgs/package.sh'
[1.227s] INFO:colcon.colcon_core.shell:Creating package script '/home/eero/finalProject/drone_racing_ros2-main/install/tello_msgs/share/tello_msgs/package.bash'
[1.227s] INFO:colcon.colcon_core.shell:Creating package script '/home/eero/finalProject/drone_racing_ros2-main/install/tello_msgs/share/tello_msgs/package.zsh'
[1.228s] Level 1:colcon.colcon_core.environment:create_file_with_runtime_dependencies(/home/eero/finalProject/drone_racing_ros2-main/install/tello_msgs/share/colcon-core/packages/tello_msgs)
[1.229s] Level 1:colcon.colcon_core.environment:create_environment_scripts_only(tello_msgs)
[1.229s] Level 1:colcon.colcon_core.environment:checking '/home/eero/finalProject/drone_racing_ros2-main/install/tello_msgs' for CMake module files
[1.230s] Level 1:colcon.colcon_core.environment:checking '/home/eero/finalProject/drone_racing_ros2-main/install/tello_msgs' for CMake config files
[1.230s] Level 1:colcon.colcon_core.shell:create_environment_hook('tello_msgs', 'cmake_prefix_path')
[1.230s] INFO:colcon.colcon_core.shell:Creating environment hook '/home/eero/finalProject/drone_racing_ros2-main/install/tello_msgs/share/tello_msgs/hook/cmake_prefix_path.ps1'
[1.231s] INFO:colcon.colcon_core.shell:Creating environment descriptor '/home/eero/finalProject/drone_racing_ros2-main/install/tello_msgs/share/tello_msgs/hook/cmake_prefix_path.dsv'
[1.231s] INFO:colcon.colcon_core.shell:Creating environment hook '/home/eero/finalProject/drone_racing_ros2-main/install/tello_msgs/share/tello_msgs/hook/cmake_prefix_path.sh'
[1.232s] Level 1:colcon.colcon_core.environment:checking '/home/eero/finalProject/drone_racing_ros2-main/install/tello_msgs/lib'
[1.232s] Level 1:colcon.colcon_core.shell:create_environment_hook('tello_msgs', 'ld_library_path_lib')
[1.232s] INFO:colcon.colcon_core.shell:Creating environment hook '/home/eero/finalProject/drone_racing_ros2-main/install/tello_msgs/share/tello_msgs/hook/ld_library_path_lib.ps1'
[1.233s] INFO:colcon.colcon_core.shell:Creating environment descriptor '/home/eero/finalProject/drone_racing_ros2-main/install/tello_msgs/share/tello_msgs/hook/ld_library_path_lib.dsv'
[1.233s] INFO:colcon.colcon_core.shell:Creating environment hook '/home/eero/finalProject/drone_racing_ros2-main/install/tello_msgs/share/tello_msgs/hook/ld_library_path_lib.sh'
[1.234s] Level 1:colcon.colcon_core.environment:checking '/home/eero/finalProject/drone_racing_ros2-main/install/tello_msgs/bin'
[1.234s] Level 1:colcon.colcon_core.environment:checking '/home/eero/finalProject/drone_racing_ros2-main/install/tello_msgs/lib/pkgconfig/tello_msgs.pc'
[1.234s] Level 1:colcon.colcon_core.environment:checking '/home/eero/finalProject/drone_racing_ros2-main/install/tello_msgs/lib/python3.8/site-packages'
[1.234s] Level 1:colcon.colcon_core.shell:create_environment_hook('tello_msgs', 'pythonpath')
[1.234s] INFO:colcon.colcon_core.shell:Creating environment hook '/home/eero/finalProject/drone_racing_ros2-main/install/tello_msgs/share/tello_msgs/hook/pythonpath.ps1'
[1.235s] INFO:colcon.colcon_core.shell:Creating environment descriptor '/home/eero/finalProject/drone_racing_ros2-main/install/tello_msgs/share/tello_msgs/hook/pythonpath.dsv'
[1.235s] INFO:colcon.colcon_core.shell:Creating environment hook '/home/eero/finalProject/drone_racing_ros2-main/install/tello_msgs/share/tello_msgs/hook/pythonpath.sh'
[1.236s] Level 1:colcon.colcon_core.environment:checking '/home/eero/finalProject/drone_racing_ros2-main/install/tello_msgs/bin'
[1.236s] INFO:colcon.colcon_core.shell:Creating package script '/home/eero/finalProject/drone_racing_ros2-main/install/tello_msgs/share/tello_msgs/package.ps1'
[1.237s] INFO:colcon.colcon_core.shell:Creating package descriptor '/home/eero/finalProject/drone_racing_ros2-main/install/tello_msgs/share/tello_msgs/package.dsv'
[1.238s] INFO:colcon.colcon_core.shell:Creating package script '/home/eero/finalProject/drone_racing_ros2-main/install/tello_msgs/share/tello_msgs/package.sh'
[1.239s] INFO:colcon.colcon_core.shell:Creating package script '/home/eero/finalProject/drone_racing_ros2-main/install/tello_msgs/share/tello_msgs/package.bash'
[1.239s] INFO:colcon.colcon_core.shell:Creating package script '/home/eero/finalProject/drone_racing_ros2-main/install/tello_msgs/share/tello_msgs/package.zsh'
[1.239s] Level 1:colcon.colcon_core.environment:create_file_with_runtime_dependencies(/home/eero/finalProject/drone_racing_ros2-main/install/tello_msgs/share/colcon-core/packages/tello_msgs)
[1.240s] INFO:colcon.colcon_ros.task.ament_cmake.build:Building ROS package in '/home/eero/finalProject/drone_racing_ros2-main/tello_ros/tello_driver' with build type 'ament_cmake'
[1.240s] INFO:colcon.colcon_cmake.task.cmake.build:Building CMake package in '/home/eero/finalProject/drone_racing_ros2-main/tello_ros/tello_driver'
[1.241s] INFO:colcon.colcon_core.shell:Skip shell extension 'powershell' for command environment: Not usable outside of PowerShell
[1.241s] DEBUG:colcon.colcon_core.shell:Skip shell extension 'dsv' for command environment
[1.252s] INFO:colcon.colcon_ros.task.ament_cmake.build:Building ROS package in '/home/eero/finalProject/drone_racing_ros2-main/tello_ros/tello_gazebo' with build type 'ament_cmake'
[1.252s] INFO:colcon.colcon_cmake.task.cmake.build:Building CMake package in '/home/eero/finalProject/drone_racing_ros2-main/tello_ros/tello_gazebo'
[1.254s] INFO:colcon.colcon_core.shell:Skip shell extension 'powershell' for command environment: Not usable outside of PowerShell
[1.254s] DEBUG:colcon.colcon_core.shell:Skip shell extension 'dsv' for command environment
[1.275s] DEBUG:colcon.colcon_core.event_handler.log_command:Invoking command in '/home/eero/finalProject/drone_racing_ros2-main/build/tello_driver': CMAKE_PREFIX_PATH=/home/eero/finalProject/drone_racing_ros2-main/install/tello_msgs:/home/eero/finalProject/drone_racing_ros2-main/install/ros2_shared:/home/eero/finalProject/drone_racing_ros2-main/install/tello_gazebo:/home/eero/finalProject/drone_racing_ros2-main/install/tello_driver:/home/eero/finalProject/drone_racing_ros2-main/install/tello_description:/home/eero/turtlebot3_ws/install/turtlebot3:/home/eero/turtlebot3_ws/install/turtlebot3_simulations:/home/eero/turtlebot3_ws/install/turtlebot3_bringup:/home/eero/turtlebot3_ws/install/turtlebot3_node:/home/eero/turtlebot3_ws/install/turtlebot3_navigation2:/home/eero/turtlebot3_ws/install/turtlebot3_fake_node:/home/eero/turtlebot3_ws/install/turtlebot3_msgs:/home/eero/turtlebot3_ws/install/turtlebot3_manipulation_gazebo:/home/eero/turtlebot3_ws/install/turtlebot3_gazebo:/home/eero/turtlebot3_ws/install/turtlebot3_description:/home/eero/turtlebot3_ws/install/turtlebot3_cartographer:/home/eero/turtlebot3_ws/install/dynamixel_sdk_examples:/home/eero/turtlebot3_ws/install/dynamixel_sdk_custom_interfaces:/home/eero/turtlebot3_ws/install/dynamixel_sdk:/home/eero/turtlebot3_ws/install/turtlebot3_teleop:/home/eero/turtlebot3_ws/install/turtlebot3_example:/opt/ros/galactic LD_LIBRARY_PATH=/home/eero/finalProject/drone_racing_ros2-main/install/tello_msgs/lib:/home/eero/finalProject/drone_racing_ros2-main/install/tello_gazebo/lib:/home/eero/finalProject/drone_racing_ros2-main/install/tello_driver/lib:/home/eero/turtlebot3_ws/install/turtlebot3_msgs/lib:/home/eero/turtlebot3_ws/install/dynamixel_sdk_custom_interfaces/lib:/home/eero/turtlebot3_ws/install/dynamixel_sdk/lib:/usr/lib/x86_64-linux-gnu/gazebo-11/plugins:/opt/ros/galactic/opt/yaml_cpp_vendor/lib:/opt/ros/galactic/opt/rviz_ogre_vendor/lib:/opt/ros/galactic/lib/x86_64-linux-gnu:/opt/ros/galactic/lib:/usr/lib/x86_64-linux-gnu/gazebo-11/plugins /usr/bin/cmake --build /home/eero/finalProject/drone_racing_ros2-main/build/tello_driver -- -j6 -l6
[1.283s] DEBUG:colcon.colcon_core.event_handler.log_command:Invoking command in '/home/eero/finalProject/drone_racing_ros2-main/build/tello_gazebo': CMAKE_PREFIX_PATH=/home/eero/finalProject/drone_racing_ros2-main/install/tello_msgs:/home/eero/finalProject/drone_racing_ros2-main/install/tello_gazebo:/home/eero/finalProject/drone_racing_ros2-main/install/tello_driver:/home/eero/finalProject/drone_racing_ros2-main/install/tello_description:/home/eero/finalProject/drone_racing_ros2-main/install/ros2_shared:/home/eero/turtlebot3_ws/install/turtlebot3:/home/eero/turtlebot3_ws/install/turtlebot3_simulations:/home/eero/turtlebot3_ws/install/turtlebot3_bringup:/home/eero/turtlebot3_ws/install/turtlebot3_node:/home/eero/turtlebot3_ws/install/turtlebot3_navigation2:/home/eero/turtlebot3_ws/install/turtlebot3_fake_node:/home/eero/turtlebot3_ws/install/turtlebot3_msgs:/home/eero/turtlebot3_ws/install/turtlebot3_manipulation_gazebo:/home/eero/turtlebot3_ws/install/turtlebot3_gazebo:/home/eero/turtlebot3_ws/install/turtlebot3_description:/home/eero/turtlebot3_ws/install/turtlebot3_cartographer:/home/eero/turtlebot3_ws/install/dynamixel_sdk_examples:/home/eero/turtlebot3_ws/install/dynamixel_sdk_custom_interfaces:/home/eero/turtlebot3_ws/install/dynamixel_sdk:/home/eero/turtlebot3_ws/install/turtlebot3_teleop:/home/eero/turtlebot3_ws/install/turtlebot3_example:/opt/ros/galactic LD_LIBRARY_PATH=/home/eero/finalProject/drone_racing_ros2-main/install/tello_msgs/lib:/home/eero/finalProject/drone_racing_ros2-main/install/tello_gazebo/lib:/home/eero/finalProject/drone_racing_ros2-main/install/tello_driver/lib:/home/eero/turtlebot3_ws/install/turtlebot3_msgs/lib:/home/eero/turtlebot3_ws/install/dynamixel_sdk_custom_interfaces/lib:/home/eero/turtlebot3_ws/install/dynamixel_sdk/lib:/usr/lib/x86_64-linux-gnu/gazebo-11/plugins:/opt/ros/galactic/opt/yaml_cpp_vendor/lib:/opt/ros/galactic/opt/rviz_ogre_vendor/lib:/opt/ros/galactic/lib/x86_64-linux-gnu:/opt/ros/galactic/lib:/usr/lib/x86_64-linux-gnu/gazebo-11/plugins /usr/bin/cmake --build /home/eero/finalProject/drone_racing_ros2-main/build/tello_gazebo -- -j6 -l6
[1.431s] DEBUG:colcon.colcon_core.event_handler.log_command:Invoked command in '/home/eero/finalProject/drone_racing_ros2-main/build/tello_driver' returned '0': CMAKE_PREFIX_PATH=/home/eero/finalProject/drone_racing_ros2-main/install/tello_msgs:/home/eero/finalProject/drone_racing_ros2-main/install/ros2_shared:/home/eero/finalProject/drone_racing_ros2-main/install/tello_gazebo:/home/eero/finalProject/drone_racing_ros2-main/install/tello_driver:/home/eero/finalProject/drone_racing_ros2-main/install/tello_description:/home/eero/turtlebot3_ws/install/turtlebot3:/home/eero/turtlebot3_ws/install/turtlebot3_simulations:/home/eero/turtlebot3_ws/install/turtlebot3_bringup:/home/eero/turtlebot3_ws/install/turtlebot3_node:/home/eero/turtlebot3_ws/install/turtlebot3_navigation2:/home/eero/turtlebot3_ws/install/turtlebot3_fake_node:/home/eero/turtlebot3_ws/install/turtlebot3_msgs:/home/eero/turtlebot3_ws/install/turtlebot3_manipulation_gazebo:/home/eero/turtlebot3_ws/install/turtlebot3_gazebo:/home/eero/turtlebot3_ws/install/turtlebot3_description:/home/eero/turtlebot3_ws/install/turtlebot3_cartographer:/home/eero/turtlebot3_ws/install/dynamixel_sdk_examples:/home/eero/turtlebot3_ws/install/dynamixel_sdk_custom_interfaces:/home/eero/turtlebot3_ws/install/dynamixel_sdk:/home/eero/turtlebot3_ws/install/turtlebot3_teleop:/home/eero/turtlebot3_ws/install/turtlebot3_example:/opt/ros/galactic LD_LIBRARY_PATH=/home/eero/finalProject/drone_racing_ros2-main/install/tello_msgs/lib:/home/eero/finalProject/drone_racing_ros2-main/install/tello_gazebo/lib:/home/eero/finalProject/drone_racing_ros2-main/install/tello_driver/lib:/home/eero/turtlebot3_ws/install/turtlebot3_msgs/lib:/home/eero/turtlebot3_ws/install/dynamixel_sdk_custom_interfaces/lib:/home/eero/turtlebot3_ws/install/dynamixel_sdk/lib:/usr/lib/x86_64-linux-gnu/gazebo-11/plugins:/opt/ros/galactic/opt/yaml_cpp_vendor/lib:/opt/ros/galactic/opt/rviz_ogre_vendor/lib:/opt/ros/galactic/lib/x86_64-linux-gnu:/opt/ros/galactic/lib:/usr/lib/x86_64-linux-gnu/gazebo-11/plugins /usr/bin/cmake --build /home/eero/finalProject/drone_racing_ros2-main/build/tello_driver -- -j6 -l6
[1.437s] DEBUG:colcon.colcon_core.event_handler.log_command:Invoking command in '/home/eero/finalProject/drone_racing_ros2-main/build/tello_driver': CMAKE_PREFIX_PATH=/home/eero/finalProject/drone_racing_ros2-main/install/tello_msgs:/home/eero/finalProject/drone_racing_ros2-main/install/ros2_shared:/home/eero/finalProject/drone_racing_ros2-main/install/tello_gazebo:/home/eero/finalProject/drone_racing_ros2-main/install/tello_driver:/home/eero/finalProject/drone_racing_ros2-main/install/tello_description:/home/eero/turtlebot3_ws/install/turtlebot3:/home/eero/turtlebot3_ws/install/turtlebot3_simulations:/home/eero/turtlebot3_ws/install/turtlebot3_bringup:/home/eero/turtlebot3_ws/install/turtlebot3_node:/home/eero/turtlebot3_ws/install/turtlebot3_navigation2:/home/eero/turtlebot3_ws/install/turtlebot3_fake_node:/home/eero/turtlebot3_ws/install/turtlebot3_msgs:/home/eero/turtlebot3_ws/install/turtlebot3_manipulation_gazebo:/home/eero/turtlebot3_ws/install/turtlebot3_gazebo:/home/eero/turtlebot3_ws/install/turtlebot3_description:/home/eero/turtlebot3_ws/install/turtlebot3_cartographer:/home/eero/turtlebot3_ws/install/dynamixel_sdk_examples:/home/eero/turtlebot3_ws/install/dynamixel_sdk_custom_interfaces:/home/eero/turtlebot3_ws/install/dynamixel_sdk:/home/eero/turtlebot3_ws/install/turtlebot3_teleop:/home/eero/turtlebot3_ws/install/turtlebot3_example:/opt/ros/galactic LD_LIBRARY_PATH=/home/eero/finalProject/drone_racing_ros2-main/install/tello_msgs/lib:/home/eero/finalProject/drone_racing_ros2-main/install/tello_gazebo/lib:/home/eero/finalProject/drone_racing_ros2-main/install/tello_driver/lib:/home/eero/turtlebot3_ws/install/turtlebot3_msgs/lib:/home/eero/turtlebot3_ws/install/dynamixel_sdk_custom_interfaces/lib:/home/eero/turtlebot3_ws/install/dynamixel_sdk/lib:/usr/lib/x86_64-linux-gnu/gazebo-11/plugins:/opt/ros/galactic/opt/yaml_cpp_vendor/lib:/opt/ros/galactic/opt/rviz_ogre_vendor/lib:/opt/ros/galactic/lib/x86_64-linux-gnu:/opt/ros/galactic/lib:/usr/lib/x86_64-linux-gnu/gazebo-11/plugins /usr/bin/cmake --install /home/eero/finalProject/drone_racing_ros2-main/build/tello_driver
[1.441s] DEBUG:colcon.colcon_core.event_handler.log_command:Invoked command in '/home/eero/finalProject/drone_racing_ros2-main/build/tello_gazebo' returned '0': CMAKE_PREFIX_PATH=/home/eero/finalProject/drone_racing_ros2-main/install/tello_msgs:/home/eero/finalProject/drone_racing_ros2-main/install/tello_gazebo:/home/eero/finalProject/drone_racing_ros2-main/install/tello_driver:/home/eero/finalProject/drone_racing_ros2-main/install/tello_description:/home/eero/finalProject/drone_racing_ros2-main/install/ros2_shared:/home/eero/turtlebot3_ws/install/turtlebot3:/home/eero/turtlebot3_ws/install/turtlebot3_simulations:/home/eero/turtlebot3_ws/install/turtlebot3_bringup:/home/eero/turtlebot3_ws/install/turtlebot3_node:/home/eero/turtlebot3_ws/install/turtlebot3_navigation2:/home/eero/turtlebot3_ws/install/turtlebot3_fake_node:/home/eero/turtlebot3_ws/install/turtlebot3_msgs:/home/eero/turtlebot3_ws/install/turtlebot3_manipulation_gazebo:/home/eero/turtlebot3_ws/install/turtlebot3_gazebo:/home/eero/turtlebot3_ws/install/turtlebot3_description:/home/eero/turtlebot3_ws/install/turtlebot3_cartographer:/home/eero/turtlebot3_ws/install/dynamixel_sdk_examples:/home/eero/turtlebot3_ws/install/dynamixel_sdk_custom_interfaces:/home/eero/turtlebot3_ws/install/dynamixel_sdk:/home/eero/turtlebot3_ws/install/turtlebot3_teleop:/home/eero/turtlebot3_ws/install/turtlebot3_example:/opt/ros/galactic LD_LIBRARY_PATH=/home/eero/finalProject/drone_racing_ros2-main/install/tello_msgs/lib:/home/eero/finalProject/drone_racing_ros2-main/install/tello_gazebo/lib:/home/eero/finalProject/drone_racing_ros2-main/install/tello_driver/lib:/home/eero/turtlebot3_ws/install/turtlebot3_msgs/lib:/home/eero/turtlebot3_ws/install/dynamixel_sdk_custom_interfaces/lib:/home/eero/turtlebot3_ws/install/dynamixel_sdk/lib:/usr/lib/x86_64-linux-gnu/gazebo-11/plugins:/opt/ros/galactic/opt/yaml_cpp_vendor/lib:/opt/ros/galactic/opt/rviz_ogre_vendor/lib:/opt/ros/galactic/lib/x86_64-linux-gnu:/opt/ros/galactic/lib:/usr/lib/x86_64-linux-gnu/gazebo-11/plugins /usr/bin/cmake --build /home/eero/finalProject/drone_racing_ros2-main/build/tello_gazebo -- -j6 -l6
[1.447s] DEBUG:colcon.colcon_core.event_handler.log_command:Invoking command in '/home/eero/finalProject/drone_racing_ros2-main/build/tello_gazebo': CMAKE_PREFIX_PATH=/home/eero/finalProject/drone_racing_ros2-main/install/tello_msgs:/home/eero/finalProject/drone_racing_ros2-main/install/tello_gazebo:/home/eero/finalProject/drone_racing_ros2-main/install/tello_driver:/home/eero/finalProject/drone_racing_ros2-main/install/tello_description:/home/eero/finalProject/drone_racing_ros2-main/install/ros2_shared:/home/eero/turtlebot3_ws/install/turtlebot3:/home/eero/turtlebot3_ws/install/turtlebot3_simulations:/home/eero/turtlebot3_ws/install/turtlebot3_bringup:/home/eero/turtlebot3_ws/install/turtlebot3_node:/home/eero/turtlebot3_ws/install/turtlebot3_navigation2:/home/eero/turtlebot3_ws/install/turtlebot3_fake_node:/home/eero/turtlebot3_ws/install/turtlebot3_msgs:/home/eero/turtlebot3_ws/install/turtlebot3_manipulation_gazebo:/home/eero/turtlebot3_ws/install/turtlebot3_gazebo:/home/eero/turtlebot3_ws/install/turtlebot3_description:/home/eero/turtlebot3_ws/install/turtlebot3_cartographer:/home/eero/turtlebot3_ws/install/dynamixel_sdk_examples:/home/eero/turtlebot3_ws/install/dynamixel_sdk_custom_interfaces:/home/eero/turtlebot3_ws/install/dynamixel_sdk:/home/eero/turtlebot3_ws/install/turtlebot3_teleop:/home/eero/turtlebot3_ws/install/turtlebot3_example:/opt/ros/galactic LD_LIBRARY_PATH=/home/eero/finalProject/drone_racing_ros2-main/install/tello_msgs/lib:/home/eero/finalProject/drone_racing_ros2-main/install/tello_gazebo/lib:/home/eero/finalProject/drone_racing_ros2-main/install/tello_driver/lib:/home/eero/turtlebot3_ws/install/turtlebot3_msgs/lib:/home/eero/turtlebot3_ws/install/dynamixel_sdk_custom_interfaces/lib:/home/eero/turtlebot3_ws/install/dynamixel_sdk/lib:/usr/lib/x86_64-linux-gnu/gazebo-11/plugins:/opt/ros/galactic/opt/yaml_cpp_vendor/lib:/opt/ros/galactic/opt/rviz_ogre_vendor/lib:/opt/ros/galactic/lib/x86_64-linux-gnu:/opt/ros/galactic/lib:/usr/lib/x86_64-linux-gnu/gazebo-11/plugins /usr/bin/cmake --install /home/eero/finalProject/drone_racing_ros2-main/build/tello_gazebo
[1.468s] Level 1:colcon.colcon_core.environment:create_environment_scripts_only(tello_driver)
[1.469s] Level 1:colcon.colcon_core.environment:checking '/home/eero/finalProject/drone_racing_ros2-main/install/tello_driver' for CMake module files
[1.471s] Level 1:colcon.colcon_core.environment:checking '/home/eero/finalProject/drone_racing_ros2-main/install/tello_driver' for CMake config files
[1.474s] Level 1:colcon.colcon_core.shell:create_environment_hook('tello_driver', 'cmake_prefix_path')
[1.475s] INFO:colcon.colcon_core.shell:Creating environment hook '/home/eero/finalProject/drone_racing_ros2-main/install/tello_driver/share/tello_driver/hook/cmake_prefix_path.ps1'
[1.477s] INFO:colcon.colcon_core.shell:Creating environment descriptor '/home/eero/finalProject/drone_racing_ros2-main/install/tello_driver/share/tello_driver/hook/cmake_prefix_path.dsv'
[1.478s] INFO:colcon.colcon_core.shell:Creating environment hook '/home/eero/finalProject/drone_racing_ros2-main/install/tello_driver/share/tello_driver/hook/cmake_prefix_path.sh'
[1.480s] Level 1:colcon.colcon_core.environment:checking '/home/eero/finalProject/drone_racing_ros2-main/install/tello_driver/lib'
[1.480s] DEBUG:colcon.colcon_core.event_handler.log_command:Invoked command in '/home/eero/finalProject/drone_racing_ros2-main/build/tello_driver' returned '0': CMAKE_PREFIX_PATH=/home/eero/finalProject/drone_racing_ros2-main/install/tello_msgs:/home/eero/finalProject/drone_racing_ros2-main/install/ros2_shared:/home/eero/finalProject/drone_racing_ros2-main/install/tello_gazebo:/home/eero/finalProject/drone_racing_ros2-main/install/tello_driver:/home/eero/finalProject/drone_racing_ros2-main/install/tello_description:/home/eero/turtlebot3_ws/install/turtlebot3:/home/eero/turtlebot3_ws/install/turtlebot3_simulations:/home/eero/turtlebot3_ws/install/turtlebot3_bringup:/home/eero/turtlebot3_ws/install/turtlebot3_node:/home/eero/turtlebot3_ws/install/turtlebot3_navigation2:/home/eero/turtlebot3_ws/install/turtlebot3_fake_node:/home/eero/turtlebot3_ws/install/turtlebot3_msgs:/home/eero/turtlebot3_ws/install/turtlebot3_manipulation_gazebo:/home/eero/turtlebot3_ws/install/turtlebot3_gazebo:/home/eero/turtlebot3_ws/install/turtlebot3_description:/home/eero/turtlebot3_ws/install/turtlebot3_cartographer:/home/eero/turtlebot3_ws/install/dynamixel_sdk_examples:/home/eero/turtlebot3_ws/install/dynamixel_sdk_custom_interfaces:/home/eero/turtlebot3_ws/install/dynamixel_sdk:/home/eero/turtlebot3_ws/install/turtlebot3_teleop:/home/eero/turtlebot3_ws/install/turtlebot3_example:/opt/ros/galactic LD_LIBRARY_PATH=/home/eero/finalProject/drone_racing_ros2-main/install/tello_msgs/lib:/home/eero/finalProject/drone_racing_ros2-main/install/tello_gazebo/lib:/home/eero/finalProject/drone_racing_ros2-main/install/tello_driver/lib:/home/eero/turtlebot3_ws/install/turtlebot3_msgs/lib:/home/eero/turtlebot3_ws/install/dynamixel_sdk_custom_interfaces/lib:/home/eero/turtlebot3_ws/install/dynamixel_sdk/lib:/usr/lib/x86_64-linux-gnu/gazebo-11/plugins:/opt/ros/galactic/opt/yaml_cpp_vendor/lib:/opt/ros/galactic/opt/rviz_ogre_vendor/lib:/opt/ros/galactic/lib/x86_64-linux-gnu:/opt/ros/galactic/lib:/usr/lib/x86_64-linux-gnu/gazebo-11/plugins /usr/bin/cmake --install /home/eero/finalProject/drone_racing_ros2-main/build/tello_driver
[1.480s] Level 1:colcon.colcon_core.shell:create_environment_hook('tello_driver', 'ld_library_path_lib')
[1.481s] INFO:colcon.colcon_core.shell:Creating environment hook '/home/eero/finalProject/drone_racing_ros2-main/install/tello_driver/share/tello_driver/hook/ld_library_path_lib.ps1'
[1.482s] INFO:colcon.colcon_core.shell:Creating environment descriptor '/home/eero/finalProject/drone_racing_ros2-main/install/tello_driver/share/tello_driver/hook/ld_library_path_lib.dsv'
[1.482s] INFO:colcon.colcon_core.shell:Creating environment hook '/home/eero/finalProject/drone_racing_ros2-main/install/tello_driver/share/tello_driver/hook/ld_library_path_lib.sh'
[1.483s] Level 1:colcon.colcon_core.environment:checking '/home/eero/finalProject/drone_racing_ros2-main/install/tello_driver/bin'
[1.483s] Level 1:colcon.colcon_core.environment:checking '/home/eero/finalProject/drone_racing_ros2-main/install/tello_driver/lib/pkgconfig/tello_driver.pc'
[1.483s] Level 1:colcon.colcon_core.environment:checking '/home/eero/finalProject/drone_racing_ros2-main/install/tello_driver/lib/python3.8/site-packages'
[1.484s] Level 1:colcon.colcon_core.environment:checking '/home/eero/finalProject/drone_racing_ros2-main/install/tello_driver/bin'
[1.484s] INFO:colcon.colcon_core.shell:Creating package script '/home/eero/finalProject/drone_racing_ros2-main/install/tello_driver/share/tello_driver/package.ps1'
[1.485s] INFO:colcon.colcon_core.shell:Creating package descriptor '/home/eero/finalProject/drone_racing_ros2-main/install/tello_driver/share/tello_driver/package.dsv'
[1.485s] INFO:colcon.colcon_core.shell:Creating package script '/home/eero/finalProject/drone_racing_ros2-main/install/tello_driver/share/tello_driver/package.sh'
[1.486s] INFO:colcon.colcon_core.shell:Creating package script '/home/eero/finalProject/drone_racing_ros2-main/install/tello_driver/share/tello_driver/package.bash'
[1.486s] INFO:colcon.colcon_core.shell:Creating package script '/home/eero/finalProject/drone_racing_ros2-main/install/tello_driver/share/tello_driver/package.zsh'
[1.487s] Level 1:colcon.colcon_core.environment:create_file_with_runtime_dependencies(/home/eero/finalProject/drone_racing_ros2-main/install/tello_driver/share/colcon-core/packages/tello_driver)
[1.487s] Level 1:colcon.colcon_core.environment:create_environment_scripts_only(tello_driver)
[1.488s] Level 1:colcon.colcon_core.environment:checking '/home/eero/finalProject/drone_racing_ros2-main/install/tello_driver' for CMake module files
[1.488s] Level 1:colcon.colcon_core.environment:checking '/home/eero/finalProject/drone_racing_ros2-main/install/tello_driver' for CMake config files
[1.489s] Level 1:colcon.colcon_core.shell:create_environment_hook('tello_driver', 'cmake_prefix_path')
[1.489s] INFO:colcon.colcon_core.shell:Creating environment hook '/home/eero/finalProject/drone_racing_ros2-main/install/tello_driver/share/tello_driver/hook/cmake_prefix_path.ps1'
[1.489s] INFO:colcon.colcon_core.shell:Creating environment descriptor '/home/eero/finalProject/drone_racing_ros2-main/install/tello_driver/share/tello_driver/hook/cmake_prefix_path.dsv'
[1.490s] INFO:colcon.colcon_core.shell:Creating environment hook '/home/eero/finalProject/drone_racing_ros2-main/install/tello_driver/share/tello_driver/hook/cmake_prefix_path.sh'
[1.490s] Level 1:colcon.colcon_core.environment:checking '/home/eero/finalProject/drone_racing_ros2-main/install/tello_driver/lib'
[1.490s] Level 1:colcon.colcon_core.shell:create_environment_hook('tello_driver', 'ld_library_path_lib')
[1.491s] INFO:colcon.colcon_core.shell:Creating environment hook '/home/eero/finalProject/drone_racing_ros2-main/install/tello_driver/share/tello_driver/hook/ld_library_path_lib.ps1'
[1.491s] INFO:colcon.colcon_core.shell:Creating environment descriptor '/home/eero/finalProject/drone_racing_ros2-main/install/tello_driver/share/tello_driver/hook/ld_library_path_lib.dsv'
[1.492s] INFO:colcon.colcon_core.shell:Creating environment hook '/home/eero/finalProject/drone_racing_ros2-main/install/tello_driver/share/tello_driver/hook/ld_library_path_lib.sh'
[1.492s] Level 1:colcon.colcon_core.environment:checking '/home/eero/finalProject/drone_racing_ros2-main/install/tello_driver/bin'
[1.492s] Level 1:colcon.colcon_core.environment:checking '/home/eero/finalProject/drone_racing_ros2-main/install/tello_driver/lib/pkgconfig/tello_driver.pc'
[1.492s] Level 1:colcon.colcon_core.environment:checking '/home/eero/finalProject/drone_racing_ros2-main/install/tello_driver/lib/python3.8/site-packages'
[1.493s] Level 1:colcon.colcon_core.environment:checking '/home/eero/finalProject/drone_racing_ros2-main/install/tello_driver/bin'
[1.493s] INFO:colcon.colcon_core.shell:Creating package script '/home/eero/finalProject/drone_racing_ros2-main/install/tello_driver/share/tello_driver/package.ps1'
[1.494s] INFO:colcon.colcon_core.shell:Creating package descriptor '/home/eero/finalProject/drone_racing_ros2-main/install/tello_driver/share/tello_driver/package.dsv'
[1.494s] INFO:colcon.colcon_core.shell:Creating package script '/home/eero/finalProject/drone_racing_ros2-main/install/tello_driver/share/tello_driver/package.sh'
[1.495s] INFO:colcon.colcon_core.shell:Creating package script '/home/eero/finalProject/drone_racing_ros2-main/install/tello_driver/share/tello_driver/package.bash'
[1.495s] INFO:colcon.colcon_core.shell:Creating package script '/home/eero/finalProject/drone_racing_ros2-main/install/tello_driver/share/tello_driver/package.zsh'
[1.496s] Level 1:colcon.colcon_core.environment:create_file_with_runtime_dependencies(/home/eero/finalProject/drone_racing_ros2-main/install/tello_driver/share/colcon-core/packages/tello_driver)
[1.498s] Level 1:colcon.colcon_core.environment:create_environment_scripts_only(tello_gazebo)
[1.498s] Level 1:colcon.colcon_core.environment:checking '/home/eero/finalProject/drone_racing_ros2-main/install/tello_gazebo' for CMake module files
[1.499s] DEBUG:colcon.colcon_core.event_handler.log_command:Invoked command in '/home/eero/finalProject/drone_racing_ros2-main/build/tello_gazebo' returned '0': CMAKE_PREFIX_PATH=/home/eero/finalProject/drone_racing_ros2-main/install/tello_msgs:/home/eero/finalProject/drone_racing_ros2-main/install/tello_gazebo:/home/eero/finalProject/drone_racing_ros2-main/install/tello_driver:/home/eero/finalProject/drone_racing_ros2-main/install/tello_description:/home/eero/finalProject/drone_racing_ros2-main/install/ros2_shared:/home/eero/turtlebot3_ws/install/turtlebot3:/home/eero/turtlebot3_ws/install/turtlebot3_simulations:/home/eero/turtlebot3_ws/install/turtlebot3_bringup:/home/eero/turtlebot3_ws/install/turtlebot3_node:/home/eero/turtlebot3_ws/install/turtlebot3_navigation2:/home/eero/turtlebot3_ws/install/turtlebot3_fake_node:/home/eero/turtlebot3_ws/install/turtlebot3_msgs:/home/eero/turtlebot3_ws/install/turtlebot3_manipulation_gazebo:/home/eero/turtlebot3_ws/install/turtlebot3_gazebo:/home/eero/turtlebot3_ws/install/turtlebot3_description:/home/eero/turtlebot3_ws/install/turtlebot3_cartographer:/home/eero/turtlebot3_ws/install/dynamixel_sdk_examples:/home/eero/turtlebot3_ws/install/dynamixel_sdk_custom_interfaces:/home/eero/turtlebot3_ws/install/dynamixel_sdk:/home/eero/turtlebot3_ws/install/turtlebot3_teleop:/home/eero/turtlebot3_ws/install/turtlebot3_example:/opt/ros/galactic LD_LIBRARY_PATH=/home/eero/finalProject/drone_racing_ros2-main/install/tello_msgs/lib:/home/eero/finalProject/drone_racing_ros2-main/install/tello_gazebo/lib:/home/eero/finalProject/drone_racing_ros2-main/install/tello_driver/lib:/home/eero/turtlebot3_ws/install/turtlebot3_msgs/lib:/home/eero/turtlebot3_ws/install/dynamixel_sdk_custom_interfaces/lib:/home/eero/turtlebot3_ws/install/dynamixel_sdk/lib:/usr/lib/x86_64-linux-gnu/gazebo-11/plugins:/opt/ros/galactic/opt/yaml_cpp_vendor/lib:/opt/ros/galactic/opt/rviz_ogre_vendor/lib:/opt/ros/galactic/lib/x86_64-linux-gnu:/opt/ros/galactic/lib:/usr/lib/x86_64-linux-gnu/gazebo-11/plugins /usr/bin/cmake --install /home/eero/finalProject/drone_racing_ros2-main/build/tello_gazebo
[1.499s] Level 1:colcon.colcon_core.environment:checking '/home/eero/finalProject/drone_racing_ros2-main/install/tello_gazebo' for CMake config files
[1.500s] Level 1:colcon.colcon_core.shell:create_environment_hook('tello_gazebo', 'cmake_prefix_path')
[1.501s] INFO:colcon.colcon_core.shell:Creating environment hook '/home/eero/finalProject/drone_racing_ros2-main/install/tello_gazebo/share/tello_gazebo/hook/cmake_prefix_path.ps1'
[1.501s] INFO:colcon.colcon_core.shell:Creating environment descriptor '/home/eero/finalProject/drone_racing_ros2-main/install/tello_gazebo/share/tello_gazebo/hook/cmake_prefix_path.dsv'
[1.502s] INFO:colcon.colcon_core.shell:Creating environment hook '/home/eero/finalProject/drone_racing_ros2-main/install/tello_gazebo/share/tello_gazebo/hook/cmake_prefix_path.sh'
[1.502s] Level 1:colcon.colcon_core.environment:checking '/home/eero/finalProject/drone_racing_ros2-main/install/tello_gazebo/lib'
[1.503s] Level 1:colcon.colcon_core.shell:create_environment_hook('tello_gazebo', 'ld_library_path_lib')
[1.503s] INFO:colcon.colcon_core.shell:Creating environment hook '/home/eero/finalProject/drone_racing_ros2-main/install/tello_gazebo/share/tello_gazebo/hook/ld_library_path_lib.ps1'
[1.503s] INFO:colcon.colcon_core.shell:Creating environment descriptor '/home/eero/finalProject/drone_racing_ros2-main/install/tello_gazebo/share/tello_gazebo/hook/ld_library_path_lib.dsv'
[1.504s] INFO:colcon.colcon_core.shell:Creating environment hook '/home/eero/finalProject/drone_racing_ros2-main/install/tello_gazebo/share/tello_gazebo/hook/ld_library_path_lib.sh'
[1.504s] Level 1:colcon.colcon_core.environment:checking '/home/eero/finalProject/drone_racing_ros2-main/install/tello_gazebo/bin'
[1.504s] Level 1:colcon.colcon_core.environment:checking '/home/eero/finalProject/drone_racing_ros2-main/install/tello_gazebo/lib/pkgconfig/tello_gazebo.pc'
[1.505s] Level 1:colcon.colcon_core.environment:checking '/home/eero/finalProject/drone_racing_ros2-main/install/tello_gazebo/lib/python3.8/site-packages'
[1.505s] Level 1:colcon.colcon_core.environment:checking '/home/eero/finalProject/drone_racing_ros2-main/install/tello_gazebo/bin'
[1.505s] INFO:colcon.colcon_core.shell:Creating package script '/home/eero/finalProject/drone_racing_ros2-main/install/tello_gazebo/share/tello_gazebo/package.ps1'
[1.506s] INFO:colcon.colcon_core.shell:Creating package descriptor '/home/eero/finalProject/drone_racing_ros2-main/install/tello_gazebo/share/tello_gazebo/package.dsv'
[1.506s] INFO:colcon.colcon_core.shell:Creating package script '/home/eero/finalProject/drone_racing_ros2-main/install/tello_gazebo/share/tello_gazebo/package.sh'
[1.507s] INFO:colcon.colcon_core.shell:Creating package script '/home/eero/finalProject/drone_racing_ros2-main/install/tello_gazebo/share/tello_gazebo/package.bash'
[1.507s] INFO:colcon.colcon_core.shell:Creating package script '/home/eero/finalProject/drone_racing_ros2-main/install/tello_gazebo/share/tello_gazebo/package.zsh'
[1.508s] Level 1:colcon.colcon_core.environment:create_file_with_runtime_dependencies(/home/eero/finalProject/drone_racing_ros2-main/install/tello_gazebo/share/colcon-core/packages/tello_gazebo)
[1.508s] Level 1:colcon.colcon_core.environment:create_environment_scripts_only(tello_gazebo)
[1.509s] Level 1:colcon.colcon_core.environment:checking '/home/eero/finalProject/drone_racing_ros2-main/install/tello_gazebo' for CMake module files
[1.509s] Level 1:colcon.colcon_core.environment:checking '/home/eero/finalProject/drone_racing_ros2-main/install/tello_gazebo' for CMake config files
[1.510s] Level 1:colcon.colcon_core.shell:create_environment_hook('tello_gazebo', 'cmake_prefix_path')
[1.510s] INFO:colcon.colcon_core.shell:Creating environment hook '/home/eero/finalProject/drone_racing_ros2-main/install/tello_gazebo/share/tello_gazebo/hook/cmake_prefix_path.ps1'
[1.511s] INFO:colcon.colcon_core.shell:Creating environment descriptor '/home/eero/finalProject/drone_racing_ros2-main/install/tello_gazebo/share/tello_gazebo/hook/cmake_prefix_path.dsv'
[1.511s] INFO:colcon.colcon_core.shell:Creating environment hook '/home/eero/finalProject/drone_racing_ros2-main/install/tello_gazebo/share/tello_gazebo/hook/cmake_prefix_path.sh'
[1.512s] Level 1:colcon.colcon_core.environment:checking '/home/eero/finalProject/drone_racing_ros2-main/install/tello_gazebo/lib'
[1.512s] Level 1:colcon.colcon_core.shell:create_environment_hook('tello_gazebo', 'ld_library_path_lib')
[1.512s] INFO:colcon.colcon_core.shell:Creating environment hook '/home/eero/finalProject/drone_racing_ros2-main/install/tello_gazebo/share/tello_gazebo/hook/ld_library_path_lib.ps1'
[1.513s] INFO:colcon.colcon_core.shell:Creating environment descriptor '/home/eero/finalProject/drone_racing_ros2-main/install/tello_gazebo/share/tello_gazebo/hook/ld_library_path_lib.dsv'
[1.514s] INFO:colcon.colcon_core.shell:Creating environment hook '/home/eero/finalProject/drone_racing_ros2-main/install/tello_gazebo/share/tello_gazebo/hook/ld_library_path_lib.sh'
[1.514s] Level 1:colcon.colcon_core.environment:checking '/home/eero/finalProject/drone_racing_ros2-main/install/tello_gazebo/bin'
[1.514s] Level 1:colcon.colcon_core.environment:checking '/home/eero/finalProject/drone_racing_ros2-main/install/tello_gazebo/lib/pkgconfig/tello_gazebo.pc'
[1.514s] Level 1:colcon.colcon_core.environment:checking '/home/eero/finalProject/drone_racing_ros2-main/install/tello_gazebo/lib/python3.8/site-packages'
[1.515s] Level 1:colcon.colcon_core.environment:checking '/home/eero/finalProject/drone_racing_ros2-main/install/tello_gazebo/bin'
[1.515s] INFO:colcon.colcon_core.shell:Creating package script '/home/eero/finalProject/drone_racing_ros2-main/install/tello_gazebo/share/tello_gazebo/package.ps1'
[1.516s] INFO:colcon.colcon_core.shell:Creating package descriptor '/home/eero/finalProject/drone_racing_ros2-main/install/tello_gazebo/share/tello_gazebo/package.dsv'
[1.517s] INFO:colcon.colcon_core.shell:Creating package script '/home/eero/finalProject/drone_racing_ros2-main/install/tello_gazebo/share/tello_gazebo/package.sh'
[1.517s] INFO:colcon.colcon_core.shell:Creating package script '/home/eero/finalProject/drone_racing_ros2-main/install/tello_gazebo/share/tello_gazebo/package.bash'
[1.518s] INFO:colcon.colcon_core.shell:Creating package script '/home/eero/finalProject/drone_racing_ros2-main/install/tello_gazebo/share/tello_gazebo/package.zsh'
[1.518s] Level 1:colcon.colcon_core.environment:create_file_with_runtime_dependencies(/home/eero/finalProject/drone_racing_ros2-main/install/tello_gazebo/share/colcon-core/packages/tello_gazebo)
[1.519s] DEBUG:colcon.colcon_parallel_executor.executor.parallel:closing loop
[1.519s] DEBUG:colcon.colcon_parallel_executor.executor.parallel:loop closed
[1.519s] DEBUG:colcon.colcon_parallel_executor.executor.parallel:run_until_complete finished with '0'
[1.520s] DEBUG:colcon.colcon_core.event_reactor:joining thread
[1.530s] INFO:colcon.colcon_core.plugin_system:Skipping extension 'colcon_notification.desktop_notification.terminal_notifier': Not used on non-Darwin systems
[1.530s] INFO:colcon.colcon_core.plugin_system:Skipping extension 'colcon_notification.desktop_notification.win32': Not used on non-Windows systems
[1.530s] INFO:colcon.colcon_notification.desktop_notification:Sending desktop notification using 'notify2'
[1.555s] DEBUG:colcon.colcon_core.event_reactor:joined thread
[1.556s] INFO:colcon.colcon_core.shell:Creating prefix script '/home/eero/finalProject/drone_racing_ros2-main/install/local_setup.ps1'
[1.558s] INFO:colcon.colcon_core.shell:Creating prefix util module '/home/eero/finalProject/drone_racing_ros2-main/install/_local_setup_util_ps1.py'
[1.561s] INFO:colcon.colcon_core.shell:Creating prefix chain script '/home/eero/finalProject/drone_racing_ros2-main/install/setup.ps1'
[1.565s] INFO:colcon.colcon_core.shell:Creating prefix script '/home/eero/finalProject/drone_racing_ros2-main/install/local_setup.sh'
[1.566s] INFO:colcon.colcon_core.shell:Creating prefix util module '/home/eero/finalProject/drone_racing_ros2-main/install/_local_setup_util_sh.py'
[1.567s] INFO:colcon.colcon_core.shell:Creating prefix chain script '/home/eero/finalProject/drone_racing_ros2-main/install/setup.sh'
[1.569s] INFO:colcon.colcon_core.shell:Creating prefix script '/home/eero/finalProject/drone_racing_ros2-main/install/local_setup.bash'
[1.570s] INFO:colcon.colcon_core.shell:Creating prefix chain script '/home/eero/finalProject/drone_racing_ros2-main/install/setup.bash'
[1.572s] INFO:colcon.colcon_core.shell:Creating prefix script '/home/eero/finalProject/drone_racing_ros2-main/install/local_setup.zsh'
[1.573s] INFO:colcon.colcon_core.shell:Creating prefix chain script '/home/eero/finalProject/drone_racing_ros2-main/install/setup.zsh'
