[0.077s] Invoking command in '/home/eero/turtlebot3_ws/build/dynamixel_sdk': CMAKE_PREFIX_PATH=${CMAKE_PREFIX_PATH}:/home/eero/turtlebot3_ws/install/turtlebot3_teleop:/home/eero/turtlebot3_ws/install/turtlebot3_example:/opt/ros/galactic /usr/bin/cmake --build /home/eero/turtlebot3_ws/build/dynamixel_sdk -- -j6 -l6
[0.192s] [100%] Built target dynamixel_sdk
[0.207s] [100%] Built target ament_cmake_python_symlink_dynamixel_sdk
[0.629s] running egg_info
[0.630s] writing dynamixel_sdk.egg-info/PKG-INFO
[0.631s] writing dependency_links to dynamixel_sdk.egg-info/dependency_links.txt
[0.631s] writing top-level names to dynamixel_sdk.egg-info/top_level.txt
[0.686s] reading manifest file 'dynamixel_sdk.egg-info/SOURCES.txt'
[0.687s] writing manifest file 'dynamixel_sdk.egg-info/SOURCES.txt'
[0.732s] [100%] Built target ament_cmake_python_build_dynamixel_sdk_egg
[0.825s] Invoked command in '/home/eero/turtlebot3_ws/build/dynamixel_sdk' returned '0': CMAKE_PREFIX_PATH=${CMAKE_PREFIX_PATH}:/home/eero/turtlebot3_ws/install/turtlebot3_teleop:/home/eero/turtlebot3_ws/install/turtlebot3_example:/opt/ros/galactic /usr/bin/cmake --build /home/eero/turtlebot3_ws/build/dynamixel_sdk -- -j6 -l6
[0.826s] Invoking command in '/home/eero/turtlebot3_ws/build/dynamixel_sdk': CMAKE_PREFIX_PATH=${CMAKE_PREFIX_PATH}:/home/eero/turtlebot3_ws/install/turtlebot3_teleop:/home/eero/turtlebot3_ws/install/turtlebot3_example:/opt/ros/galactic /usr/bin/cmake --install /home/eero/turtlebot3_ws/build/dynamixel_sdk
[0.867s] -- Install configuration: ""
[0.867s] -- Execute custom install script
[0.867s] -- Up-to-date symlink: /home/eero/turtlebot3_ws/install/dynamixel_sdk/include//dynamixel_sdk/dynamixel_sdk.h
[0.867s] -- Up-to-date symlink: /home/eero/turtlebot3_ws/install/dynamixel_sdk/include//dynamixel_sdk/group_bulk_read.h
[0.868s] -- Up-to-date symlink: /home/eero/turtlebot3_ws/install/dynamixel_sdk/include//dynamixel_sdk/group_bulk_write.h
[0.868s] -- Up-to-date symlink: /home/eero/turtlebot3_ws/install/dynamixel_sdk/include//dynamixel_sdk/group_fast_bulk_read.h
[0.868s] -- Up-to-date symlink: /home/eero/turtlebot3_ws/install/dynamixel_sdk/include//dynamixel_sdk/group_fast_sync_read.h
[0.868s] -- Up-to-date symlink: /home/eero/turtlebot3_ws/install/dynamixel_sdk/include//dynamixel_sdk/group_handler.h
[0.868s] -- Up-to-date symlink: /home/eero/turtlebot3_ws/install/dynamixel_sdk/include//dynamixel_sdk/group_sync_read.h
[0.868s] -- Up-to-date symlink: /home/eero/turtlebot3_ws/install/dynamixel_sdk/include//dynamixel_sdk/group_sync_write.h
[0.868s] -- Up-to-date symlink: /home/eero/turtlebot3_ws/install/dynamixel_sdk/include//dynamixel_sdk/packet_handler.h
[0.868s] -- Up-to-date symlink: /home/eero/turtlebot3_ws/install/dynamixel_sdk/include//dynamixel_sdk/port_handler.h
[0.868s] -- Up-to-date symlink: /home/eero/turtlebot3_ws/install/dynamixel_sdk/include//dynamixel_sdk/port_handler_arduino.h
[0.868s] -- Up-to-date symlink: /home/eero/turtlebot3_ws/install/dynamixel_sdk/include//dynamixel_sdk/port_handler_linux.h
[0.868s] -- Up-to-date symlink: /home/eero/turtlebot3_ws/install/dynamixel_sdk/include//dynamixel_sdk/port_handler_mac.h
[0.868s] -- Up-to-date symlink: /home/eero/turtlebot3_ws/install/dynamixel_sdk/include//dynamixel_sdk/port_handler_windows.h
[0.868s] -- Up-to-date symlink: /home/eero/turtlebot3_ws/install/dynamixel_sdk/include//dynamixel_sdk/protocol1_packet_handler.h
[0.869s] -- Up-to-date symlink: /home/eero/turtlebot3_ws/install/dynamixel_sdk/include//dynamixel_sdk/protocol2_packet_handler.h
[0.869s] -- Up-to-date symlink: /home/eero/turtlebot3_ws/install/dynamixel_sdk/share/dynamixel_sdk/environment/pythonpath.sh
[0.876s] -- Up-to-date symlink: /home/eero/turtlebot3_ws/install/dynamixel_sdk/share/dynamixel_sdk/environment/pythonpath.dsv
[0.876s] -- Up-to-date symlink: /home/eero/turtlebot3_ws/install/dynamixel_sdk/lib/python3.8/site-packages//dynamixel_sdk.egg-info/PKG-INFO
[0.876s] -- Up-to-date symlink: /home/eero/turtlebot3_ws/install/dynamixel_sdk/lib/python3.8/site-packages//dynamixel_sdk.egg-info/SOURCES.txt
[0.876s] -- Up-to-date symlink: /home/eero/turtlebot3_ws/install/dynamixel_sdk/lib/python3.8/site-packages//dynamixel_sdk.egg-info/dependency_links.txt
[0.876s] -- Up-to-date symlink: /home/eero/turtlebot3_ws/install/dynamixel_sdk/lib/python3.8/site-packages//dynamixel_sdk.egg-info/top_level.txt
[0.878s] -- Up-to-date symlink: /home/eero/turtlebot3_ws/install/dynamixel_sdk/lib/python3.8/site-packages/dynamixel_sdk/__init__.py
[0.878s] -- Up-to-date symlink: /home/eero/turtlebot3_ws/install/dynamixel_sdk/lib/python3.8/site-packages/dynamixel_sdk/group_bulk_read.cpp
[0.879s] -- Up-to-date symlink: /home/eero/turtlebot3_ws/install/dynamixel_sdk/lib/python3.8/site-packages/dynamixel_sdk/group_bulk_read.py
[0.879s] -- Up-to-date symlink: /home/eero/turtlebot3_ws/install/dynamixel_sdk/lib/python3.8/site-packages/dynamixel_sdk/group_bulk_write.cpp
[0.879s] -- Up-to-date symlink: /home/eero/turtlebot3_ws/install/dynamixel_sdk/lib/python3.8/site-packages/dynamixel_sdk/group_bulk_write.py
[0.879s] -- Up-to-date symlink: /home/eero/turtlebot3_ws/install/dynamixel_sdk/lib/python3.8/site-packages/dynamixel_sdk/group_fast_bulk_read.cpp
[0.879s] -- Up-to-date symlink: /home/eero/turtlebot3_ws/install/dynamixel_sdk/lib/python3.8/site-packages/dynamixel_sdk/group_fast_sync_read.cpp
[0.879s] -- Up-to-date symlink: /home/eero/turtlebot3_ws/install/dynamixel_sdk/lib/python3.8/site-packages/dynamixel_sdk/group_handler.cpp
[0.879s] -- Up-to-date symlink: /home/eero/turtlebot3_ws/install/dynamixel_sdk/lib/python3.8/site-packages/dynamixel_sdk/group_sync_read.cpp
[0.880s] -- Up-to-date symlink: /home/eero/turtlebot3_ws/install/dynamixel_sdk/lib/python3.8/site-packages/dynamixel_sdk/group_sync_read.py
[0.880s] -- Up-to-date symlink: /home/eero/turtlebot3_ws/install/dynamixel_sdk/lib/python3.8/site-packages/dynamixel_sdk/group_sync_write.cpp
[0.880s] -- Up-to-date symlink: /home/eero/turtlebot3_ws/install/dynamixel_sdk/lib/python3.8/site-packages/dynamixel_sdk/group_sync_write.py
[0.880s] -- Up-to-date symlink: /home/eero/turtlebot3_ws/install/dynamixel_sdk/lib/python3.8/site-packages/dynamixel_sdk/packet_handler.cpp
[0.880s] -- Up-to-date symlink: /home/eero/turtlebot3_ws/install/dynamixel_sdk/lib/python3.8/site-packages/dynamixel_sdk/packet_handler.py
[0.880s] -- Up-to-date symlink: /home/eero/turtlebot3_ws/install/dynamixel_sdk/lib/python3.8/site-packages/dynamixel_sdk/port_handler.cpp
[0.880s] -- Up-to-date symlink: /home/eero/turtlebot3_ws/install/dynamixel_sdk/lib/python3.8/site-packages/dynamixel_sdk/port_handler.py
[0.881s] -- Up-to-date symlink: /home/eero/turtlebot3_ws/install/dynamixel_sdk/lib/python3.8/site-packages/dynamixel_sdk/port_handler_arduino.cpp
[0.881s] -- Up-to-date symlink: /home/eero/turtlebot3_ws/install/dynamixel_sdk/lib/python3.8/site-packages/dynamixel_sdk/port_handler_linux.cpp
[0.881s] -- Up-to-date symlink: /home/eero/turtlebot3_ws/install/dynamixel_sdk/lib/python3.8/site-packages/dynamixel_sdk/port_handler_mac.cpp
[0.881s] -- Up-to-date symlink: /home/eero/turtlebot3_ws/install/dynamixel_sdk/lib/python3.8/site-packages/dynamixel_sdk/port_handler_windows.cpp
[0.881s] -- Up-to-date symlink: /home/eero/turtlebot3_ws/install/dynamixel_sdk/lib/python3.8/site-packages/dynamixel_sdk/protocol1_packet_handler.cpp
[0.882s] -- Up-to-date symlink: /home/eero/turtlebot3_ws/install/dynamixel_sdk/lib/python3.8/site-packages/dynamixel_sdk/protocol1_packet_handler.py
[0.882s] -- Up-to-date symlink: /home/eero/turtlebot3_ws/install/dynamixel_sdk/lib/python3.8/site-packages/dynamixel_sdk/protocol2_packet_handler.cpp
[0.882s] -- Up-to-date symlink: /home/eero/turtlebot3_ws/install/dynamixel_sdk/lib/python3.8/site-packages/dynamixel_sdk/protocol2_packet_handler.py
[0.882s] -- Up-to-date symlink: /home/eero/turtlebot3_ws/install/dynamixel_sdk/lib/python3.8/site-packages/dynamixel_sdk/robotis_def.py
[0.882s] -- Up-to-date symlink: /home/eero/turtlebot3_ws/install/dynamixel_sdk/share/dynamixel_sdk/environment/library_path.sh
[0.883s] -- Up-to-date symlink: /home/eero/turtlebot3_ws/install/dynamixel_sdk/share/dynamixel_sdk/environment/library_path.dsv
[0.883s] -- Up-to-date symlink: /home/eero/turtlebot3_ws/install/dynamixel_sdk/share/ament_index/resource_index/package_run_dependencies/dynamixel_sdk
[0.885s] -- Up-to-date symlink: /home/eero/turtlebot3_ws/install/dynamixel_sdk/share/ament_index/resource_index/parent_prefix_path/dynamixel_sdk
[0.886s] -- Up-to-date symlink: /home/eero/turtlebot3_ws/install/dynamixel_sdk/share/dynamixel_sdk/environment/ament_prefix_path.sh
[0.887s] -- Up-to-date symlink: /home/eero/turtlebot3_ws/install/dynamixel_sdk/share/dynamixel_sdk/environment/ament_prefix_path.dsv
[0.888s] -- Up-to-date symlink: /home/eero/turtlebot3_ws/install/dynamixel_sdk/share/dynamixel_sdk/environment/path.sh
[0.888s] -- Up-to-date symlink: /home/eero/turtlebot3_ws/install/dynamixel_sdk/share/dynamixel_sdk/environment/path.dsv
[0.889s] -- Up-to-date symlink: /home/eero/turtlebot3_ws/install/dynamixel_sdk/share/dynamixel_sdk/local_setup.bash
[0.889s] -- Up-to-date symlink: /home/eero/turtlebot3_ws/install/dynamixel_sdk/share/dynamixel_sdk/local_setup.sh
[0.889s] -- Up-to-date symlink: /home/eero/turtlebot3_ws/install/dynamixel_sdk/share/dynamixel_sdk/local_setup.zsh
[0.889s] -- Up-to-date symlink: /home/eero/turtlebot3_ws/install/dynamixel_sdk/share/dynamixel_sdk/local_setup.dsv
[0.891s] -- Symlinking: /home/eero/turtlebot3_ws/install/dynamixel_sdk/share/dynamixel_sdk/package.dsv
[0.907s] -- Up-to-date symlink: /home/eero/turtlebot3_ws/install/dynamixel_sdk/share/ament_index/resource_index/packages/dynamixel_sdk
[0.907s] -- Up-to-date symlink: /home/eero/turtlebot3_ws/install/dynamixel_sdk/share/dynamixel_sdk/cmake/ament_cmake_export_targets-extras.cmake
[0.907s] -- Up-to-date symlink: /home/eero/turtlebot3_ws/install/dynamixel_sdk/share/dynamixel_sdk/cmake/ament_cmake_export_include_directories-extras.cmake
[0.908s] -- Up-to-date symlink: /home/eero/turtlebot3_ws/install/dynamixel_sdk/share/dynamixel_sdk/cmake/ament_cmake_export_libraries-extras.cmake
[0.908s] -- Up-to-date symlink: /home/eero/turtlebot3_ws/install/dynamixel_sdk/share/dynamixel_sdk/cmake/dynamixel_sdkConfig.cmake
[0.908s] -- Up-to-date symlink: /home/eero/turtlebot3_ws/install/dynamixel_sdk/share/dynamixel_sdk/cmake/dynamixel_sdkConfig-version.cmake
[0.908s] -- Up-to-date symlink: /home/eero/turtlebot3_ws/install/dynamixel_sdk/share/dynamixel_sdk/package.xml
[0.908s] -- Up-to-date: /home/eero/turtlebot3_ws/install/dynamixel_sdk/lib/libdynamixel_sdk.so
[0.940s] Listing '/home/eero/turtlebot3_ws/install/dynamixel_sdk/lib/python3.8/site-packages/dynamixel_sdk'...
[0.943s] -- Up-to-date: /home/eero/turtlebot3_ws/install/dynamixel_sdk/share/dynamixel_sdk/cmake/dynamixel_sdkExport.cmake
[0.943s] -- Up-to-date: /home/eero/turtlebot3_ws/install/dynamixel_sdk/share/dynamixel_sdk/cmake/dynamixel_sdkExport-noconfig.cmake
[0.970s] Invoked command in '/home/eero/turtlebot3_ws/build/dynamixel_sdk' returned '0': CMAKE_PREFIX_PATH=${CMAKE_PREFIX_PATH}:/home/eero/turtlebot3_ws/install/turtlebot3_teleop:/home/eero/turtlebot3_ws/install/turtlebot3_example:/opt/ros/galactic /usr/bin/cmake --install /home/eero/turtlebot3_ws/build/dynamixel_sdk
