[0.037s] Invoking command in '/home/eero/finalProject/drone_racing_ros2-main/build/tello_description': CMAKE_PREFIX_PATH=${CMAKE_PREFIX_PATH}:/home/eero/turtlebot3_ws/install/turtlebot3_teleop:/home/eero/turtlebot3_ws/install/turtlebot3_example:/opt/ros/galactic /usr/bin/cmake /home/eero/finalProject/drone_racing_ros2-main/tello_ros/tello_description -DCMAKE_INSTALL_PREFIX=/home/eero/finalProject/drone_racing_ros2-main/install/tello_description
[0.186s] -- The C compiler identification is GNU 9.4.0
[0.337s] -- The CXX compiler identification is GNU 9.4.0
[0.347s] -- Check for working C compiler: /usr/bin/cc
[0.451s] -- Check for working C compiler: /usr/bin/cc -- works
[0.452s] -- Detecting C compiler ABI info
[0.556s] -- Detecting C compiler ABI info - done
[0.576s] -- Detecting C compile features
[0.576s] -- Detecting C compile features - done
[0.580s] -- Check for working CXX compiler: /usr/bin/c++
[0.706s] -- Check for working CXX compiler: /usr/bin/c++ -- works
[0.710s] -- Detecting CXX compiler ABI info
[0.848s] -- Detecting CXX compiler ABI info - done
[0.866s] -- Detecting CXX compile features
[0.867s] -- Detecting CXX compile features - done
[0.871s] -- Found ament_cmake: 1.1.6 (/opt/ros/galactic/share/ament_cmake/cmake)
[0.920s] -- Found PythonInterp: /usr/bin/python3 (found suitable version "3.8.10", minimum required is "3") 
[0.928s] -- Using PYTHON_EXECUTABLE: /usr/bin/python3
[1.049s] -- creating rules for /home/eero/finalProject/drone_racing_ros2-main/build/tello_description/urdf/tello.urdf
[1.050s] -- creating rules for /home/eero/finalProject/drone_racing_ros2-main/build/tello_description/urdf/tello_1.urdf
[1.050s] -- creating rules for /home/eero/finalProject/drone_racing_ros2-main/build/tello_description/urdf/tello_2.urdf
[1.050s] -- creating rules for /home/eero/finalProject/drone_racing_ros2-main/build/tello_description/urdf/tello_3.urdf
[1.050s] -- creating rules for /home/eero/finalProject/drone_racing_ros2-main/build/tello_description/urdf/tello_4.urdf
[1.050s] -- creating rules for /home/eero/finalProject/drone_racing_ros2-main/build/tello_description/urdf/tello_5.urdf
[1.051s] -- creating rules for /home/eero/finalProject/drone_racing_ros2-main/build/tello_description/urdf/tello_6.urdf
[1.051s] -- creating rules for /home/eero/finalProject/drone_racing_ros2-main/build/tello_description/urdf/tello_7.urdf
[1.051s] -- creating rules for /home/eero/finalProject/drone_racing_ros2-main/build/tello_description/urdf/tello_8.urdf
[1.138s] -- Configuring done
[1.145s] -- Generating done
[1.149s] -- Build files have been written to: /home/eero/finalProject/drone_racing_ros2-main/build/tello_description
[1.160s] Invoked command in '/home/eero/finalProject/drone_racing_ros2-main/build/tello_description' returned '0': CMAKE_PREFIX_PATH=${CMAKE_PREFIX_PATH}:/home/eero/turtlebot3_ws/install/turtlebot3_teleop:/home/eero/turtlebot3_ws/install/turtlebot3_example:/opt/ros/galactic /usr/bin/cmake /home/eero/finalProject/drone_racing_ros2-main/tello_ros/tello_description -DCMAKE_INSTALL_PREFIX=/home/eero/finalProject/drone_racing_ros2-main/install/tello_description
[1.163s] Invoking command in '/home/eero/finalProject/drone_racing_ros2-main/build/tello_description': CMAKE_PREFIX_PATH=${CMAKE_PREFIX_PATH}:/home/eero/turtlebot3_ws/install/turtlebot3_teleop:/home/eero/turtlebot3_ws/install/turtlebot3_example:/opt/ros/galactic /usr/bin/cmake --build /home/eero/finalProject/drone_racing_ros2-main/build/tello_description -- -j6 -l6
[1.232s] [35m[1mScanning dependencies of target generate_urdf_1[0m
[1.233s] [35m[1mScanning dependencies of target generate_urdf_6[0m
[1.233s] [35m[1mScanning dependencies of target generate_urdf[0m
[1.236s] [35m[1mScanning dependencies of target generate_urdf_8[0m
[1.236s] [35m[1mScanning dependencies of target generate_urdf_3[0m
[1.252s] [ 11%] [34m[1mGenerate /home/eero/finalProject/drone_racing_ros2-main/build/tello_description/urdf/tello_6.urdf[0m
[1.252s] [ 22%] [34m[1mGenerate /home/eero/finalProject/drone_racing_ros2-main/build/tello_description/urdf/tello_8.urdf[0m
[1.259s] [35m[1mScanning dependencies of target generate_urdf_4[0m
[1.259s] [ 33%] [34m[1mGenerate /home/eero/finalProject/drone_racing_ros2-main/build/tello_description/urdf/tello_1.urdf[0m
[1.262s] [ 44%] [34m[1mGenerate /home/eero/finalProject/drone_racing_ros2-main/build/tello_description/urdf/tello_3.urdf[0m
[1.268s] [ 55%] [34m[1mGenerate /home/eero/finalProject/drone_racing_ros2-main/build/tello_description/urdf/tello.urdf[0m
[1.290s] [ 66%] [34m[1mGenerate /home/eero/finalProject/drone_racing_ros2-main/build/tello_description/urdf/tello_4.urdf[0m
[1.321s] [ 66%] Built target generate_urdf_1
[1.328s] [ 66%] Built target generate_urdf_3
[1.328s] [ 66%] Built target generate_urdf_8
[1.332s] [ 66%] Built target generate_urdf_6
[1.339s] [ 66%] Built target generate_urdf
[1.344s] [35m[1mScanning dependencies of target generate_urdf_2[0m
[1.344s] [35m[1mScanning dependencies of target generate_urdf_5[0m
[1.345s] [35m[1mScanning dependencies of target generate_urdf_7[0m
[1.353s] [ 66%] Built target generate_urdf_4
[1.358s] [ 77%] [34m[1mGenerate /home/eero/finalProject/drone_racing_ros2-main/build/tello_description/urdf/tello_2.urdf[0m
[1.358s] [ 88%] [34m[1mGenerate /home/eero/finalProject/drone_racing_ros2-main/build/tello_description/urdf/tello_5.urdf[0m
[1.358s] [100%] [34m[1mGenerate /home/eero/finalProject/drone_racing_ros2-main/build/tello_description/urdf/tello_7.urdf[0m
[1.408s] [100%] Built target generate_urdf_7
[1.408s] [100%] Built target generate_urdf_2
[1.408s] [100%] Built target generate_urdf_5
[1.422s] Invoked command in '/home/eero/finalProject/drone_racing_ros2-main/build/tello_description' returned '0': CMAKE_PREFIX_PATH=${CMAKE_PREFIX_PATH}:/home/eero/turtlebot3_ws/install/turtlebot3_teleop:/home/eero/turtlebot3_ws/install/turtlebot3_example:/opt/ros/galactic /usr/bin/cmake --build /home/eero/finalProject/drone_racing_ros2-main/build/tello_description -- -j6 -l6
[1.426s] Invoking command in '/home/eero/finalProject/drone_racing_ros2-main/build/tello_description': CMAKE_PREFIX_PATH=${CMAKE_PREFIX_PATH}:/home/eero/turtlebot3_ws/install/turtlebot3_teleop:/home/eero/turtlebot3_ws/install/turtlebot3_example:/opt/ros/galactic /usr/bin/cmake --install /home/eero/finalProject/drone_racing_ros2-main/build/tello_description
[1.440s] -- Install configuration: ""
[1.440s] -- Installing: /home/eero/finalProject/drone_racing_ros2-main/install/tello_description/share/tello_description/urdf
[1.440s] -- Installing: /home/eero/finalProject/drone_racing_ros2-main/install/tello_description/share/tello_description/urdf/tello.urdf
[1.441s] -- Installing: /home/eero/finalProject/drone_racing_ros2-main/install/tello_description/share/tello_description/urdf/tello_5.urdf
[1.441s] -- Installing: /home/eero/finalProject/drone_racing_ros2-main/install/tello_description/share/tello_description/urdf/tello_3.urdf
[1.441s] -- Installing: /home/eero/finalProject/drone_racing_ros2-main/install/tello_description/share/tello_description/urdf/tello_8.urdf
[1.441s] -- Installing: /home/eero/finalProject/drone_racing_ros2-main/install/tello_description/share/tello_description/urdf/tello_7.urdf
[1.441s] -- Installing: /home/eero/finalProject/drone_racing_ros2-main/install/tello_description/share/tello_description/urdf/tello_4.urdf
[1.441s] -- Installing: /home/eero/finalProject/drone_racing_ros2-main/install/tello_description/share/tello_description/urdf/tello_1.urdf
[1.441s] -- Installing: /home/eero/finalProject/drone_racing_ros2-main/install/tello_description/share/tello_description/urdf/tello_2.urdf
[1.442s] -- Installing: /home/eero/finalProject/drone_racing_ros2-main/install/tello_description/share/tello_description/urdf/tello_6.urdf
[1.442s] -- Installing: /home/eero/finalProject/drone_racing_ros2-main/install/tello_description/share/ament_index/resource_index/package_run_dependencies/tello_description
[1.442s] -- Installing: /home/eero/finalProject/drone_racing_ros2-main/install/tello_description/share/ament_index/resource_index/parent_prefix_path/tello_description
[1.442s] -- Installing: /home/eero/finalProject/drone_racing_ros2-main/install/tello_description/share/tello_description/environment/ament_prefix_path.sh
[1.442s] -- Installing: /home/eero/finalProject/drone_racing_ros2-main/install/tello_description/share/tello_description/environment/ament_prefix_path.dsv
[1.442s] -- Installing: /home/eero/finalProject/drone_racing_ros2-main/install/tello_description/share/tello_description/environment/path.sh
[1.443s] -- Installing: /home/eero/finalProject/drone_racing_ros2-main/install/tello_description/share/tello_description/environment/path.dsv
[1.443s] -- Installing: /home/eero/finalProject/drone_racing_ros2-main/install/tello_description/share/tello_description/local_setup.bash
[1.443s] -- Installing: /home/eero/finalProject/drone_racing_ros2-main/install/tello_description/share/tello_description/local_setup.sh
[1.443s] -- Installing: /home/eero/finalProject/drone_racing_ros2-main/install/tello_description/share/tello_description/local_setup.zsh
[1.443s] -- Installing: /home/eero/finalProject/drone_racing_ros2-main/install/tello_description/share/tello_description/local_setup.dsv
[1.443s] -- Installing: /home/eero/finalProject/drone_racing_ros2-main/install/tello_description/share/tello_description/package.dsv
[1.444s] -- Installing: /home/eero/finalProject/drone_racing_ros2-main/install/tello_description/share/ament_index/resource_index/packages/tello_description
[1.444s] -- Installing: /home/eero/finalProject/drone_racing_ros2-main/install/tello_description/share/tello_description/cmake/tello_descriptionConfig.cmake
[1.444s] -- Installing: /home/eero/finalProject/drone_racing_ros2-main/install/tello_description/share/tello_description/cmake/tello_descriptionConfig-version.cmake
[1.444s] -- Installing: /home/eero/finalProject/drone_racing_ros2-main/install/tello_description/share/tello_description/package.xml
[1.446s] Invoked command in '/home/eero/finalProject/drone_racing_ros2-main/build/tello_description' returned '0': CMAKE_PREFIX_PATH=${CMAKE_PREFIX_PATH}:/home/eero/turtlebot3_ws/install/turtlebot3_teleop:/home/eero/turtlebot3_ws/install/turtlebot3_example:/opt/ros/galactic /usr/bin/cmake --install /home/eero/finalProject/drone_racing_ros2-main/build/tello_description
