[0.921s] Invoking command in '/home/eero/turtlebot3_ws/src/turtlebot3/turtlebot3_example': CMAKE_PREFIX_PATH=/home/eero/turtlebot3_ws/install/turtlebot3_msgs:/home/eero/turtlebot3_ws/install/turtlebot3:/home/eero/turtlebot3_ws/install/turtlebot3_simulations:/home/eero/turtlebot3_ws/install/turtlebot3_bringup:/home/eero/turtlebot3_ws/install/turtlebot3_node:/home/eero/turtlebot3_ws/install/turtlebot3_navigation2:/home/eero/turtlebot3_ws/install/turtlebot3_fake_node:/home/eero/turtlebot3_ws/install/turtlebot3_manipulation_gazebo:/home/eero/turtlebot3_ws/install/turtlebot3_gazebo:/home/eero/turtlebot3_ws/install/turtlebot3_description:/home/eero/turtlebot3_ws/install/turtlebot3_cartographer:/home/eero/turtlebot3_ws/install/dynamixel_sdk_examples:/home/eero/turtlebot3_ws/install/dynamixel_sdk_custom_interfaces:/home/eero/turtlebot3_ws/install/dynamixel_sdk LD_LIBRARY_PATH=/home/eero/turtlebot3_ws/install/turtlebot3_msgs/lib:/home/eero/turtlebot3_ws/install/dynamixel_sdk_custom_interfaces/lib:/home/eero/turtlebot3_ws/install/dynamixel_sdk/lib:/usr/lib/x86_64-linux-gnu/gazebo-11/plugins:/opt/ros/galactic/opt/yaml_cpp_vendor/lib:/opt/ros/galactic/opt/rviz_ogre_vendor/lib:/opt/ros/galactic/lib/x86_64-linux-gnu:/opt/ros/galactic/lib:/usr/lib/x86_64-linux-gnu/gazebo-11/plugins PYTHONPATH=/home/eero/turtlebot3_ws/build/turtlebot3_example/prefix_override:/usr/lib/python3/dist-packages/colcon_core/task/python/colcon_distutils_commands:/home/eero/turtlebot3_ws/install/turtlebot3_example/lib/python3.8/site-packages:/home/eero/turtlebot3_ws/install/turtlebot3_msgs/lib/python3.8/site-packages:/home/eero/turtlebot3_ws/build/turtlebot3_teleop:/home/eero/turtlebot3_ws/install/turtlebot3_teleop/lib/python3.8/site-packages:/home/eero/turtlebot3_ws/build/turtlebot3_example:/home/eero/turtlebot3_ws/install/turtlebot3_example/lib/python3.8/site-packages:/home/eero/turtlebot3_ws/install/dynamixel_sdk_custom_interfaces/lib/python3.8/site-packages:/home/eero/turtlebot3_ws/install/dynamixel_sdk/lib/python3.8/site-packages:/opt/ros/galactic/lib/python3.8/site-packages /usr/bin/python3 -W ignore:setup.py install is deprecated -W ignore:easy_install command is deprecated setup.py egg_info --egg-base ../../../build/turtlebot3_example build --build-base /home/eero/turtlebot3_ws/build/turtlebot3_example/build install --record /home/eero/turtlebot3_ws/build/turtlebot3_example/install.log --single-version-externally-managed install_data
[1.202s] running egg_info
[1.202s] writing ../../../build/turtlebot3_example/turtlebot3_example.egg-info/PKG-INFO
[1.202s] writing dependency_links to ../../../build/turtlebot3_example/turtlebot3_example.egg-info/dependency_links.txt
[1.203s] writing entry points to ../../../build/turtlebot3_example/turtlebot3_example.egg-info/entry_points.txt
[1.203s] writing requirements to ../../../build/turtlebot3_example/turtlebot3_example.egg-info/requires.txt
[1.203s] writing top-level names to ../../../build/turtlebot3_example/turtlebot3_example.egg-info/top_level.txt
[1.248s] reading manifest file '../../../build/turtlebot3_example/turtlebot3_example.egg-info/SOURCES.txt'
[1.249s] writing manifest file '../../../build/turtlebot3_example/turtlebot3_example.egg-info/SOURCES.txt'
[1.250s] running build
[1.250s] running build_py
[1.251s] running install
[1.252s] running install_lib
[1.254s] running install_data
[1.254s] running install_egg_info
[1.256s] removing '/home/eero/turtlebot3_ws/install/turtlebot3_example/lib/python3.8/site-packages/turtlebot3_example-2.3.1-py3.8.egg-info' (and everything under it)
[1.257s] Copying ../../../build/turtlebot3_example/turtlebot3_example.egg-info to /home/eero/turtlebot3_ws/install/turtlebot3_example/lib/python3.8/site-packages/turtlebot3_example-2.3.1-py3.8.egg-info
[1.257s] running install_scripts
[1.279s] Installing turtlebot3_absolute_move script to /home/eero/turtlebot3_ws/install/turtlebot3_example/lib/turtlebot3_example
[1.279s] Installing turtlebot3_interactive_marker script to /home/eero/turtlebot3_ws/install/turtlebot3_example/lib/turtlebot3_example
[1.279s] Installing turtlebot3_obstacle_detection script to /home/eero/turtlebot3_ws/install/turtlebot3_example/lib/turtlebot3_example
[1.279s] Installing turtlebot3_patrol_client script to /home/eero/turtlebot3_ws/install/turtlebot3_example/lib/turtlebot3_example
[1.279s] Installing turtlebot3_patrol_server script to /home/eero/turtlebot3_ws/install/turtlebot3_example/lib/turtlebot3_example
[1.280s] Installing turtlebot3_relative_move script to /home/eero/turtlebot3_ws/install/turtlebot3_example/lib/turtlebot3_example
[1.280s] writing list of installed files to '/home/eero/turtlebot3_ws/build/turtlebot3_example/install.log'
[1.310s] Invoked command in '/home/eero/turtlebot3_ws/src/turtlebot3/turtlebot3_example' returned '0': CMAKE_PREFIX_PATH=/home/eero/turtlebot3_ws/install/turtlebot3_msgs:/home/eero/turtlebot3_ws/install/turtlebot3:/home/eero/turtlebot3_ws/install/turtlebot3_simulations:/home/eero/turtlebot3_ws/install/turtlebot3_bringup:/home/eero/turtlebot3_ws/install/turtlebot3_node:/home/eero/turtlebot3_ws/install/turtlebot3_navigation2:/home/eero/turtlebot3_ws/install/turtlebot3_fake_node:/home/eero/turtlebot3_ws/install/turtlebot3_manipulation_gazebo:/home/eero/turtlebot3_ws/install/turtlebot3_gazebo:/home/eero/turtlebot3_ws/install/turtlebot3_description:/home/eero/turtlebot3_ws/install/turtlebot3_cartographer:/home/eero/turtlebot3_ws/install/dynamixel_sdk_examples:/home/eero/turtlebot3_ws/install/dynamixel_sdk_custom_interfaces:/home/eero/turtlebot3_ws/install/dynamixel_sdk LD_LIBRARY_PATH=/home/eero/turtlebot3_ws/install/turtlebot3_msgs/lib:/home/eero/turtlebot3_ws/install/dynamixel_sdk_custom_interfaces/lib:/home/eero/turtlebot3_ws/install/dynamixel_sdk/lib:/usr/lib/x86_64-linux-gnu/gazebo-11/plugins:/opt/ros/galactic/opt/yaml_cpp_vendor/lib:/opt/ros/galactic/opt/rviz_ogre_vendor/lib:/opt/ros/galactic/lib/x86_64-linux-gnu:/opt/ros/galactic/lib:/usr/lib/x86_64-linux-gnu/gazebo-11/plugins PYTHONPATH=/home/eero/turtlebot3_ws/build/turtlebot3_example/prefix_override:/usr/lib/python3/dist-packages/colcon_core/task/python/colcon_distutils_commands:/home/eero/turtlebot3_ws/install/turtlebot3_example/lib/python3.8/site-packages:/home/eero/turtlebot3_ws/install/turtlebot3_msgs/lib/python3.8/site-packages:/home/eero/turtlebot3_ws/build/turtlebot3_teleop:/home/eero/turtlebot3_ws/install/turtlebot3_teleop/lib/python3.8/site-packages:/home/eero/turtlebot3_ws/build/turtlebot3_example:/home/eero/turtlebot3_ws/install/turtlebot3_example/lib/python3.8/site-packages:/home/eero/turtlebot3_ws/install/dynamixel_sdk_custom_interfaces/lib/python3.8/site-packages:/home/eero/turtlebot3_ws/install/dynamixel_sdk/lib/python3.8/site-packages:/opt/ros/galactic/lib/python3.8/site-packages /usr/bin/python3 -W ignore:setup.py install is deprecated -W ignore:easy_install command is deprecated setup.py egg_info --egg-base ../../../build/turtlebot3_example build --build-base /home/eero/turtlebot3_ws/build/turtlebot3_example/build install --record /home/eero/turtlebot3_ws/build/turtlebot3_example/install.log --single-version-externally-managed install_data
