[0.036s] Invoking command in '/home/eero/finalProject/drone_racing_ros2-main/build/tello_description': CMAKE_PREFIX_PATH=${CMAKE_PREFIX_PATH}:/home/eero/turtlebot3_ws/install/turtlebot3_teleop:/home/eero/turtlebot3_ws/install/turtlebot3_example:/opt/ros/galactic /usr/bin/cmake --build /home/eero/finalProject/drone_racing_ros2-main/build/tello_description -- -j6 -l6
[0.149s] [ 11%] Built target generate_urdf_1
[0.161s] [ 22%] Built target generate_urdf_6
[0.161s] [ 33%] Built target generate_urdf
[0.180s] [ 44%] Built target generate_urdf_3
[0.180s] [ 55%] Built target generate_urdf_4
[0.181s] [ 66%] Built target generate_urdf_8
[0.219s] [ 77%] Built target generate_urdf_5
[0.242s] [ 88%] Built target generate_urdf_7
[0.254s] [100%] Built target generate_urdf_2
[0.278s] Invoked command in '/home/eero/finalProject/drone_racing_ros2-main/build/tello_description' returned '0': CMAKE_PREFIX_PATH=${CMAKE_PREFIX_PATH}:/home/eero/turtlebot3_ws/install/turtlebot3_teleop:/home/eero/turtlebot3_ws/install/turtlebot3_example:/opt/ros/galactic /usr/bin/cmake --build /home/eero/finalProject/drone_racing_ros2-main/build/tello_description -- -j6 -l6
[0.279s] Invoking command in '/home/eero/finalProject/drone_racing_ros2-main/build/tello_description': CMAKE_PREFIX_PATH=${CMAKE_PREFIX_PATH}:/home/eero/turtlebot3_ws/install/turtlebot3_teleop:/home/eero/turtlebot3_ws/install/turtlebot3_example:/opt/ros/galactic /usr/bin/cmake --install /home/eero/finalProject/drone_racing_ros2-main/build/tello_description
[0.295s] -- Install configuration: ""
[0.295s] -- Up-to-date: /home/eero/finalProject/drone_racing_ros2-main/install/tello_description/share/tello_description/urdf
[0.295s] -- Up-to-date: /home/eero/finalProject/drone_racing_ros2-main/install/tello_description/share/tello_description/urdf/tello.urdf
[0.295s] -- Up-to-date: /home/eero/finalProject/drone_racing_ros2-main/install/tello_description/share/tello_description/urdf/tello_5.urdf
[0.296s] -- Up-to-date: /home/eero/finalProject/drone_racing_ros2-main/install/tello_description/share/tello_description/urdf/tello_3.urdf
[0.296s] -- Up-to-date: /home/eero/finalProject/drone_racing_ros2-main/install/tello_description/share/tello_description/urdf/tello_8.urdf
[0.296s] -- Up-to-date: /home/eero/finalProject/drone_racing_ros2-main/install/tello_description/share/tello_description/urdf/tello_7.urdf
[0.296s] -- Up-to-date: /home/eero/finalProject/drone_racing_ros2-main/install/tello_description/share/tello_description/urdf/tello_4.urdf
[0.296s] -- Up-to-date: /home/eero/finalProject/drone_racing_ros2-main/install/tello_description/share/tello_description/urdf/tello_1.urdf
[0.296s] -- Up-to-date: /home/eero/finalProject/drone_racing_ros2-main/install/tello_description/share/tello_description/urdf/tello_2.urdf
[0.296s] -- Up-to-date: /home/eero/finalProject/drone_racing_ros2-main/install/tello_description/share/tello_description/urdf/tello_6.urdf
[0.297s] -- Up-to-date: /home/eero/finalProject/drone_racing_ros2-main/install/tello_description/share/ament_index/resource_index/package_run_dependencies/tello_description
[0.297s] -- Up-to-date: /home/eero/finalProject/drone_racing_ros2-main/install/tello_description/share/ament_index/resource_index/parent_prefix_path/tello_description
[0.297s] -- Up-to-date: /home/eero/finalProject/drone_racing_ros2-main/install/tello_description/share/tello_description/environment/ament_prefix_path.sh
[0.297s] -- Up-to-date: /home/eero/finalProject/drone_racing_ros2-main/install/tello_description/share/tello_description/environment/ament_prefix_path.dsv
[0.297s] -- Up-to-date: /home/eero/finalProject/drone_racing_ros2-main/install/tello_description/share/tello_description/environment/path.sh
[0.297s] -- Up-to-date: /home/eero/finalProject/drone_racing_ros2-main/install/tello_description/share/tello_description/environment/path.dsv
[0.297s] -- Up-to-date: /home/eero/finalProject/drone_racing_ros2-main/install/tello_description/share/tello_description/local_setup.bash
[0.297s] -- Up-to-date: /home/eero/finalProject/drone_racing_ros2-main/install/tello_description/share/tello_description/local_setup.sh
[0.298s] -- Up-to-date: /home/eero/finalProject/drone_racing_ros2-main/install/tello_description/share/tello_description/local_setup.zsh
[0.298s] -- Up-to-date: /home/eero/finalProject/drone_racing_ros2-main/install/tello_description/share/tello_description/local_setup.dsv
[0.298s] -- Installing: /home/eero/finalProject/drone_racing_ros2-main/install/tello_description/share/tello_description/package.dsv
[0.298s] -- Up-to-date: /home/eero/finalProject/drone_racing_ros2-main/install/tello_description/share/ament_index/resource_index/packages/tello_description
[0.298s] -- Up-to-date: /home/eero/finalProject/drone_racing_ros2-main/install/tello_description/share/tello_description/cmake/tello_descriptionConfig.cmake
[0.298s] -- Up-to-date: /home/eero/finalProject/drone_racing_ros2-main/install/tello_description/share/tello_description/cmake/tello_descriptionConfig-version.cmake
[0.298s] -- Up-to-date: /home/eero/finalProject/drone_racing_ros2-main/install/tello_description/share/tello_description/package.xml
[0.307s] Invoked command in '/home/eero/finalProject/drone_racing_ros2-main/build/tello_description' returned '0': CMAKE_PREFIX_PATH=${CMAKE_PREFIX_PATH}:/home/eero/turtlebot3_ws/install/turtlebot3_teleop:/home/eero/turtlebot3_ws/install/turtlebot3_example:/opt/ros/galactic /usr/bin/cmake --install /home/eero/finalProject/drone_racing_ros2-main/build/tello_description
