[1.024s] Invoking command in '/home/eero/turtlebot3_ws/build/turtlebot3_example': CMAKE_PREFIX_PATH=/home/eero/turtlebot3_ws/install/turtlebot3_msgs:/home/eero/turtlebot3_ws/install/turtlebot3:/home/eero/turtlebot3_ws/install/turtlebot3_bringup:/home/eero/turtlebot3_ws/install/turtlebot3_node:/home/eero/turtlebot3_ws/install/turtlebot3_navigation2:/home/eero/turtlebot3_ws/install/turtlebot3_description:/home/eero/turtlebot3_ws/install/turtlebot3_cartographer:/home/eero/turtlebot3_ws/install/dynamixel_sdk_examples:/home/eero/turtlebot3_ws/install/dynamixel_sdk_custom_interfaces:/home/eero/turtlebot3_ws/install/dynamixel_sdk LD_LIBRARY_PATH=/home/eero/turtlebot3_ws/install/turtlebot3_msgs/lib:/home/eero/turtlebot3_ws/install/dynamixel_sdk_custom_interfaces/lib:/home/eero/turtlebot3_ws/install/dynamixel_sdk/lib:/usr/lib/x86_64-linux-gnu/gazebo-11/plugins:/opt/ros/galactic/opt/yaml_cpp_vendor/lib:/opt/ros/galactic/opt/rviz_ogre_vendor/lib:/opt/ros/galactic/lib/x86_64-linux-gnu:/opt/ros/galactic/lib:/usr/lib/x86_64-linux-gnu/gazebo-11/plugins:/usr/lib/x86_64-linux-gnu/gazebo-11/plugins:/usr/lib/x86_64-linux-gnu/gazebo-11/plugins PYTHONPATH=/home/eero/turtlebot3_ws/build/turtlebot3_example/prefix_override:/usr/lib/python3/dist-packages/colcon_core/task/python/colcon_distutils_commands:/home/eero/turtlebot3_ws/install/turtlebot3_example/lib/python3.8/site-packages:/home/eero/turtlebot3_ws/install/turtlebot3_msgs/lib/python3.8/site-packages:/home/eero/turtlebot3_ws/build/turtlebot3_teleop:/home/eero/turtlebot3_ws/install/turtlebot3_teleop/lib/python3.8/site-packages:/home/eero/turtlebot3_ws/build/turtlebot3_example:/home/eero/turtlebot3_ws/install/turtlebot3_example/lib/python3.8/site-packages:/home/eero/turtlebot3_ws/install/dynamixel_sdk_custom_interfaces/lib/python3.8/site-packages:/home/eero/turtlebot3_ws/install/dynamixel_sdk/lib/python3.8/site-packages:/opt/ros/galactic/lib/python3.8/site-packages /usr/bin/python3 -W ignore:setup.py install is deprecated -W ignore:easy_install command is deprecated setup.py develop --editable --build-directory /home/eero/turtlebot3_ws/build/turtlebot3_example/build --no-deps symlink_data
[1.352s] running develop
[1.529s] running egg_info
[1.529s] writing turtlebot3_example.egg-info/PKG-INFO
[1.529s] writing dependency_links to turtlebot3_example.egg-info/dependency_links.txt
[1.529s] writing entry points to turtlebot3_example.egg-info/entry_points.txt
[1.529s] writing requirements to turtlebot3_example.egg-info/requires.txt
[1.529s] writing top-level names to turtlebot3_example.egg-info/top_level.txt
[1.572s] reading manifest file 'turtlebot3_example.egg-info/SOURCES.txt'
[1.573s] writing manifest file 'turtlebot3_example.egg-info/SOURCES.txt'
[1.616s] running build_ext
[1.616s] Creating /home/eero/turtlebot3_ws/install/turtlebot3_example/lib/python3.8/site-packages/turtlebot3-example.egg-link (link to .)
[1.617s] Installing turtlebot3_absolute_move script to /home/eero/turtlebot3_ws/install/turtlebot3_example/lib/turtlebot3_example
[1.618s] Installing turtlebot3_interactive_marker script to /home/eero/turtlebot3_ws/install/turtlebot3_example/lib/turtlebot3_example
[1.618s] Installing turtlebot3_obstacle_detection script to /home/eero/turtlebot3_ws/install/turtlebot3_example/lib/turtlebot3_example
[1.618s] Installing turtlebot3_patrol_client script to /home/eero/turtlebot3_ws/install/turtlebot3_example/lib/turtlebot3_example
[1.618s] Installing turtlebot3_patrol_server script to /home/eero/turtlebot3_ws/install/turtlebot3_example/lib/turtlebot3_example
[1.618s] Installing turtlebot3_relative_move script to /home/eero/turtlebot3_ws/install/turtlebot3_example/lib/turtlebot3_example
[1.619s] 
[1.619s] Installed /home/eero/turtlebot3_ws/build/turtlebot3_example
[1.619s] running symlink_data
[1.663s] Invoked command in '/home/eero/turtlebot3_ws/build/turtlebot3_example' returned '0': CMAKE_PREFIX_PATH=/home/eero/turtlebot3_ws/install/turtlebot3_msgs:/home/eero/turtlebot3_ws/install/turtlebot3:/home/eero/turtlebot3_ws/install/turtlebot3_bringup:/home/eero/turtlebot3_ws/install/turtlebot3_node:/home/eero/turtlebot3_ws/install/turtlebot3_navigation2:/home/eero/turtlebot3_ws/install/turtlebot3_description:/home/eero/turtlebot3_ws/install/turtlebot3_cartographer:/home/eero/turtlebot3_ws/install/dynamixel_sdk_examples:/home/eero/turtlebot3_ws/install/dynamixel_sdk_custom_interfaces:/home/eero/turtlebot3_ws/install/dynamixel_sdk LD_LIBRARY_PATH=/home/eero/turtlebot3_ws/install/turtlebot3_msgs/lib:/home/eero/turtlebot3_ws/install/dynamixel_sdk_custom_interfaces/lib:/home/eero/turtlebot3_ws/install/dynamixel_sdk/lib:/usr/lib/x86_64-linux-gnu/gazebo-11/plugins:/opt/ros/galactic/opt/yaml_cpp_vendor/lib:/opt/ros/galactic/opt/rviz_ogre_vendor/lib:/opt/ros/galactic/lib/x86_64-linux-gnu:/opt/ros/galactic/lib:/usr/lib/x86_64-linux-gnu/gazebo-11/plugins:/usr/lib/x86_64-linux-gnu/gazebo-11/plugins:/usr/lib/x86_64-linux-gnu/gazebo-11/plugins PYTHONPATH=/home/eero/turtlebot3_ws/build/turtlebot3_example/prefix_override:/usr/lib/python3/dist-packages/colcon_core/task/python/colcon_distutils_commands:/home/eero/turtlebot3_ws/install/turtlebot3_example/lib/python3.8/site-packages:/home/eero/turtlebot3_ws/install/turtlebot3_msgs/lib/python3.8/site-packages:/home/eero/turtlebot3_ws/build/turtlebot3_teleop:/home/eero/turtlebot3_ws/install/turtlebot3_teleop/lib/python3.8/site-packages:/home/eero/turtlebot3_ws/build/turtlebot3_example:/home/eero/turtlebot3_ws/install/turtlebot3_example/lib/python3.8/site-packages:/home/eero/turtlebot3_ws/install/dynamixel_sdk_custom_interfaces/lib/python3.8/site-packages:/home/eero/turtlebot3_ws/install/dynamixel_sdk/lib/python3.8/site-packages:/opt/ros/galactic/lib/python3.8/site-packages /usr/bin/python3 -W ignore:setup.py install is deprecated -W ignore:easy_install command is deprecated setup.py develop --editable --build-directory /home/eero/turtlebot3_ws/build/turtlebot3_example/build --no-deps symlink_data
