[0.069s] Invoking command in '/home/eero/turtlebot3_ws/build/dynamixel_sdk': CMAKE_PREFIX_PATH=/opt/ros/galactic /usr/bin/cmake /home/eero/turtlebot3_ws/src/DynamixelSDK/ros/dynamixel_sdk -DAMENT_CMAKE_SYMLINK_INSTALL=1 -DCMAKE_INSTALL_PREFIX=/home/eero/turtlebot3_ws/install/dynamixel_sdk
[0.178s] -- The C compiler identification is GNU 9.4.0
[0.271s] -- The CXX compiler identification is GNU 9.4.0
[0.279s] -- Check for working C compiler: /usr/bin/cc
[0.394s] -- Check for working C compiler: /usr/bin/cc -- works
[0.395s] -- Detecting C compiler ABI info
[0.514s] -- Detecting C compiler ABI info - done
[0.531s] -- Detecting C compile features
[0.532s] -- Detecting C compile features - done
[0.536s] -- Check for working CXX compiler: /usr/bin/c++
[0.689s] -- Check for working CXX compiler: /usr/bin/c++ -- works
[0.691s] -- Detecting CXX compiler ABI info
[0.853s] -- Detecting CXX compiler ABI info - done
[0.884s] -- Detecting CXX compile features
[0.886s] -- Detecting CXX compile features - done
[0.891s] -- Found ament_cmake: 1.1.6 (/opt/ros/galactic/share/ament_cmake/cmake)
[0.929s] -- Found PythonInterp: /usr/bin/python3 (found suitable version "3.8.10", minimum required is "3") 
[0.930s] -- Using PYTHON_EXECUTABLE: /usr/bin/python3
[1.037s] -- Override CMake install command with custom implementation using symlinks instead of copying resources
[1.315s] -- Configuring done
[1.326s] -- Generating done
[1.326s] -- Build files have been written to: /home/eero/turtlebot3_ws/build/dynamixel_sdk
[1.337s] Invoked command in '/home/eero/turtlebot3_ws/build/dynamixel_sdk' returned '0': CMAKE_PREFIX_PATH=/opt/ros/galactic /usr/bin/cmake /home/eero/turtlebot3_ws/src/DynamixelSDK/ros/dynamixel_sdk -DAMENT_CMAKE_SYMLINK_INSTALL=1 -DCMAKE_INSTALL_PREFIX=/home/eero/turtlebot3_ws/install/dynamixel_sdk
[1.338s] Invoking command in '/home/eero/turtlebot3_ws/build/dynamixel_sdk': CMAKE_PREFIX_PATH=/opt/ros/galactic /usr/bin/cmake --build /home/eero/turtlebot3_ws/build/dynamixel_sdk -- -j6 -l6
[1.391s] [35m[1mScanning dependencies of target ament_cmake_python_symlink_dynamixel_sdk[0m
[1.402s] [35m[1mScanning dependencies of target dynamixel_sdk[0m
[1.437s] [  7%] [32mBuilding CXX object CMakeFiles/dynamixel_sdk.dir/src/dynamixel_sdk/packet_handler.cpp.o[0m
[1.438s] [  7%] Built target ament_cmake_python_symlink_dynamixel_sdk
[1.440s] [ 15%] [32mBuilding CXX object CMakeFiles/dynamixel_sdk.dir/src/dynamixel_sdk/protocol1_packet_handler.cpp.o[0m
[1.449s] [ 23%] [32mBuilding CXX object CMakeFiles/dynamixel_sdk.dir/src/dynamixel_sdk/protocol2_packet_handler.cpp.o[0m
[1.452s] [ 30%] [32mBuilding CXX object CMakeFiles/dynamixel_sdk.dir/src/dynamixel_sdk/group_sync_read.cpp.o[0m
[1.457s] [ 38%] [32mBuilding CXX object CMakeFiles/dynamixel_sdk.dir/src/dynamixel_sdk/group_sync_write.cpp.o[0m
[1.469s] [35m[1mScanning dependencies of target ament_cmake_python_build_dynamixel_sdk_egg[0m
[1.710s] [ 46%] [32mBuilding CXX object CMakeFiles/dynamixel_sdk.dir/src/dynamixel_sdk/group_bulk_read.cpp.o[0m
[1.889s] [ 53%] [32mBuilding CXX object CMakeFiles/dynamixel_sdk.dir/src/dynamixel_sdk/group_bulk_write.cpp.o[0m
[1.892s] running egg_info
[1.896s] creating dynamixel_sdk.egg-info
[1.897s] writing dynamixel_sdk.egg-info/PKG-INFO
[1.897s] writing dependency_links to dynamixel_sdk.egg-info/dependency_links.txt
[1.898s] writing top-level names to dynamixel_sdk.egg-info/top_level.txt
[1.902s] writing manifest file 'dynamixel_sdk.egg-info/SOURCES.txt'
[1.981s] reading manifest file 'dynamixel_sdk.egg-info/SOURCES.txt'
[1.982s] writing manifest file 'dynamixel_sdk.egg-info/SOURCES.txt'
[2.025s] [ 53%] Built target ament_cmake_python_build_dynamixel_sdk_egg
[2.043s] [ 61%] [32mBuilding CXX object CMakeFiles/dynamixel_sdk.dir/src/dynamixel_sdk/group_fast_bulk_read.cpp.o[0m
[2.083s] [ 69%] [32mBuilding CXX object CMakeFiles/dynamixel_sdk.dir/src/dynamixel_sdk/group_fast_sync_read.cpp.o[0m
[2.777s] [ 76%] [32mBuilding CXX object CMakeFiles/dynamixel_sdk.dir/src/dynamixel_sdk/group_handler.cpp.o[0m
[3.043s] [ 84%] [32mBuilding CXX object CMakeFiles/dynamixel_sdk.dir/src/dynamixel_sdk/port_handler.cpp.o[0m
[3.081s] [ 92%] [32mBuilding CXX object CMakeFiles/dynamixel_sdk.dir/src/dynamixel_sdk/port_handler_linux.cpp.o[0m
[3.465s] [100%] [32m[1mLinking CXX shared library libdynamixel_sdk.so[0m
[3.649s] [100%] Built target dynamixel_sdk
[3.676s] Invoked command in '/home/eero/turtlebot3_ws/build/dynamixel_sdk' returned '0': CMAKE_PREFIX_PATH=/opt/ros/galactic /usr/bin/cmake --build /home/eero/turtlebot3_ws/build/dynamixel_sdk -- -j6 -l6
[3.679s] Invoking command in '/home/eero/turtlebot3_ws/build/dynamixel_sdk': CMAKE_PREFIX_PATH=/opt/ros/galactic /usr/bin/cmake --install /home/eero/turtlebot3_ws/build/dynamixel_sdk
[3.713s] -- Install configuration: ""
[3.714s] -- Execute custom install script
[3.716s] -- Symlinking: /home/eero/turtlebot3_ws/install/dynamixel_sdk/include//dynamixel_sdk/dynamixel_sdk.h
[3.751s] -- Symlinking: /home/eero/turtlebot3_ws/install/dynamixel_sdk/include//dynamixel_sdk/group_bulk_read.h
[3.785s] -- Symlinking: /home/eero/turtlebot3_ws/install/dynamixel_sdk/include//dynamixel_sdk/group_bulk_write.h
[3.805s] -- Symlinking: /home/eero/turtlebot3_ws/install/dynamixel_sdk/include//dynamixel_sdk/group_fast_bulk_read.h
[3.816s] -- Symlinking: /home/eero/turtlebot3_ws/install/dynamixel_sdk/include//dynamixel_sdk/group_fast_sync_read.h
[3.846s] -- Symlinking: /home/eero/turtlebot3_ws/install/dynamixel_sdk/include//dynamixel_sdk/group_handler.h
[3.859s] -- Symlinking: /home/eero/turtlebot3_ws/install/dynamixel_sdk/include//dynamixel_sdk/group_sync_read.h
[3.872s] -- Symlinking: /home/eero/turtlebot3_ws/install/dynamixel_sdk/include//dynamixel_sdk/group_sync_write.h
[3.899s] -- Symlinking: /home/eero/turtlebot3_ws/install/dynamixel_sdk/include//dynamixel_sdk/packet_handler.h
[3.922s] -- Symlinking: /home/eero/turtlebot3_ws/install/dynamixel_sdk/include//dynamixel_sdk/port_handler.h
[3.937s] -- Symlinking: /home/eero/turtlebot3_ws/install/dynamixel_sdk/include//dynamixel_sdk/port_handler_arduino.h
[3.972s] -- Symlinking: /home/eero/turtlebot3_ws/install/dynamixel_sdk/include//dynamixel_sdk/port_handler_linux.h
[3.995s] -- Symlinking: /home/eero/turtlebot3_ws/install/dynamixel_sdk/include//dynamixel_sdk/port_handler_mac.h
[4.021s] -- Symlinking: /home/eero/turtlebot3_ws/install/dynamixel_sdk/include//dynamixel_sdk/port_handler_windows.h
[4.037s] -- Symlinking: /home/eero/turtlebot3_ws/install/dynamixel_sdk/include//dynamixel_sdk/protocol1_packet_handler.h
[4.068s] -- Symlinking: /home/eero/turtlebot3_ws/install/dynamixel_sdk/include//dynamixel_sdk/protocol2_packet_handler.h
[4.098s] -- Symlinking: /home/eero/turtlebot3_ws/install/dynamixel_sdk/share/dynamixel_sdk/environment/pythonpath.sh
[4.129s] -- Symlinking: /home/eero/turtlebot3_ws/install/dynamixel_sdk/share/dynamixel_sdk/environment/pythonpath.dsv
[4.160s] -- Symlinking: /home/eero/turtlebot3_ws/install/dynamixel_sdk/lib/python3.8/site-packages//dynamixel_sdk.egg-info/PKG-INFO
[4.197s] -- Symlinking: /home/eero/turtlebot3_ws/install/dynamixel_sdk/lib/python3.8/site-packages//dynamixel_sdk.egg-info/SOURCES.txt
[4.227s] -- Symlinking: /home/eero/turtlebot3_ws/install/dynamixel_sdk/lib/python3.8/site-packages//dynamixel_sdk.egg-info/dependency_links.txt
[4.260s] -- Symlinking: /home/eero/turtlebot3_ws/install/dynamixel_sdk/lib/python3.8/site-packages//dynamixel_sdk.egg-info/top_level.txt
[4.289s] -- Symlinking: /home/eero/turtlebot3_ws/install/dynamixel_sdk/lib/python3.8/site-packages/dynamixel_sdk/__init__.py
[4.318s] -- Symlinking: /home/eero/turtlebot3_ws/install/dynamixel_sdk/lib/python3.8/site-packages/dynamixel_sdk/group_bulk_read.cpp
[4.350s] -- Symlinking: /home/eero/turtlebot3_ws/install/dynamixel_sdk/lib/python3.8/site-packages/dynamixel_sdk/group_bulk_read.py
[4.384s] -- Symlinking: /home/eero/turtlebot3_ws/install/dynamixel_sdk/lib/python3.8/site-packages/dynamixel_sdk/group_bulk_write.cpp
[4.418s] -- Symlinking: /home/eero/turtlebot3_ws/install/dynamixel_sdk/lib/python3.8/site-packages/dynamixel_sdk/group_bulk_write.py
[4.443s] -- Symlinking: /home/eero/turtlebot3_ws/install/dynamixel_sdk/lib/python3.8/site-packages/dynamixel_sdk/group_fast_bulk_read.cpp
[4.462s] -- Symlinking: /home/eero/turtlebot3_ws/install/dynamixel_sdk/lib/python3.8/site-packages/dynamixel_sdk/group_fast_sync_read.cpp
[4.498s] -- Symlinking: /home/eero/turtlebot3_ws/install/dynamixel_sdk/lib/python3.8/site-packages/dynamixel_sdk/group_handler.cpp
[4.533s] -- Symlinking: /home/eero/turtlebot3_ws/install/dynamixel_sdk/lib/python3.8/site-packages/dynamixel_sdk/group_sync_read.cpp
[4.547s] -- Symlinking: /home/eero/turtlebot3_ws/install/dynamixel_sdk/lib/python3.8/site-packages/dynamixel_sdk/group_sync_read.py
[4.573s] -- Symlinking: /home/eero/turtlebot3_ws/install/dynamixel_sdk/lib/python3.8/site-packages/dynamixel_sdk/group_sync_write.cpp
[4.594s] -- Symlinking: /home/eero/turtlebot3_ws/install/dynamixel_sdk/lib/python3.8/site-packages/dynamixel_sdk/group_sync_write.py
[4.610s] -- Symlinking: /home/eero/turtlebot3_ws/install/dynamixel_sdk/lib/python3.8/site-packages/dynamixel_sdk/packet_handler.cpp
[4.622s] -- Symlinking: /home/eero/turtlebot3_ws/install/dynamixel_sdk/lib/python3.8/site-packages/dynamixel_sdk/packet_handler.py
[4.658s] -- Symlinking: /home/eero/turtlebot3_ws/install/dynamixel_sdk/lib/python3.8/site-packages/dynamixel_sdk/port_handler.cpp
[4.691s] -- Symlinking: /home/eero/turtlebot3_ws/install/dynamixel_sdk/lib/python3.8/site-packages/dynamixel_sdk/port_handler.py
[4.721s] -- Symlinking: /home/eero/turtlebot3_ws/install/dynamixel_sdk/lib/python3.8/site-packages/dynamixel_sdk/port_handler_arduino.cpp
[4.745s] -- Symlinking: /home/eero/turtlebot3_ws/install/dynamixel_sdk/lib/python3.8/site-packages/dynamixel_sdk/port_handler_linux.cpp
[4.758s] -- Symlinking: /home/eero/turtlebot3_ws/install/dynamixel_sdk/lib/python3.8/site-packages/dynamixel_sdk/port_handler_mac.cpp
[4.778s] -- Symlinking: /home/eero/turtlebot3_ws/install/dynamixel_sdk/lib/python3.8/site-packages/dynamixel_sdk/port_handler_windows.cpp
[4.803s] -- Symlinking: /home/eero/turtlebot3_ws/install/dynamixel_sdk/lib/python3.8/site-packages/dynamixel_sdk/protocol1_packet_handler.cpp
[4.823s] -- Symlinking: /home/eero/turtlebot3_ws/install/dynamixel_sdk/lib/python3.8/site-packages/dynamixel_sdk/protocol1_packet_handler.py
[4.841s] -- Symlinking: /home/eero/turtlebot3_ws/install/dynamixel_sdk/lib/python3.8/site-packages/dynamixel_sdk/protocol2_packet_handler.cpp
[4.864s] -- Symlinking: /home/eero/turtlebot3_ws/install/dynamixel_sdk/lib/python3.8/site-packages/dynamixel_sdk/protocol2_packet_handler.py
[4.875s] -- Symlinking: /home/eero/turtlebot3_ws/install/dynamixel_sdk/lib/python3.8/site-packages/dynamixel_sdk/robotis_def.py
[4.886s] -- Symlinking: /home/eero/turtlebot3_ws/install/dynamixel_sdk/share/dynamixel_sdk/environment/library_path.sh
[4.898s] -- Symlinking: /home/eero/turtlebot3_ws/install/dynamixel_sdk/share/dynamixel_sdk/environment/library_path.dsv
[4.909s] -- Symlinking: /home/eero/turtlebot3_ws/install/dynamixel_sdk/share/ament_index/resource_index/package_run_dependencies/dynamixel_sdk
[4.921s] -- Symlinking: /home/eero/turtlebot3_ws/install/dynamixel_sdk/share/ament_index/resource_index/parent_prefix_path/dynamixel_sdk
[4.936s] -- Symlinking: /home/eero/turtlebot3_ws/install/dynamixel_sdk/share/dynamixel_sdk/environment/ament_prefix_path.sh
[4.949s] -- Symlinking: /home/eero/turtlebot3_ws/install/dynamixel_sdk/share/dynamixel_sdk/environment/ament_prefix_path.dsv
[4.960s] -- Symlinking: /home/eero/turtlebot3_ws/install/dynamixel_sdk/share/dynamixel_sdk/environment/path.sh
[4.971s] -- Symlinking: /home/eero/turtlebot3_ws/install/dynamixel_sdk/share/dynamixel_sdk/environment/path.dsv
[4.982s] -- Symlinking: /home/eero/turtlebot3_ws/install/dynamixel_sdk/share/dynamixel_sdk/local_setup.bash
[4.993s] -- Symlinking: /home/eero/turtlebot3_ws/install/dynamixel_sdk/share/dynamixel_sdk/local_setup.sh
[5.004s] -- Symlinking: /home/eero/turtlebot3_ws/install/dynamixel_sdk/share/dynamixel_sdk/local_setup.zsh
[5.016s] -- Symlinking: /home/eero/turtlebot3_ws/install/dynamixel_sdk/share/dynamixel_sdk/local_setup.dsv
[5.028s] -- Symlinking: /home/eero/turtlebot3_ws/install/dynamixel_sdk/share/dynamixel_sdk/package.dsv
[5.040s] -- Symlinking: /home/eero/turtlebot3_ws/install/dynamixel_sdk/share/ament_index/resource_index/packages/dynamixel_sdk
[5.055s] -- Symlinking: /home/eero/turtlebot3_ws/install/dynamixel_sdk/share/dynamixel_sdk/cmake/ament_cmake_export_targets-extras.cmake
[5.070s] -- Symlinking: /home/eero/turtlebot3_ws/install/dynamixel_sdk/share/dynamixel_sdk/cmake/ament_cmake_export_include_directories-extras.cmake
[5.081s] -- Symlinking: /home/eero/turtlebot3_ws/install/dynamixel_sdk/share/dynamixel_sdk/cmake/ament_cmake_export_libraries-extras.cmake
[5.092s] -- Symlinking: /home/eero/turtlebot3_ws/install/dynamixel_sdk/share/dynamixel_sdk/cmake/dynamixel_sdkConfig.cmake
[5.103s] -- Symlinking: /home/eero/turtlebot3_ws/install/dynamixel_sdk/share/dynamixel_sdk/cmake/dynamixel_sdkConfig-version.cmake
[5.114s] -- Symlinking: /home/eero/turtlebot3_ws/install/dynamixel_sdk/share/dynamixel_sdk/package.xml
[5.126s] -- Installing: /home/eero/turtlebot3_ws/install/dynamixel_sdk/lib/libdynamixel_sdk.so
[5.179s] Listing '/home/eero/turtlebot3_ws/install/dynamixel_sdk/lib/python3.8/site-packages/dynamixel_sdk'...
[5.179s] Compiling '/home/eero/turtlebot3_ws/install/dynamixel_sdk/lib/python3.8/site-packages/dynamixel_sdk/__init__.py'...
[5.179s] Compiling '/home/eero/turtlebot3_ws/install/dynamixel_sdk/lib/python3.8/site-packages/dynamixel_sdk/group_bulk_read.py'...
[5.180s] Compiling '/home/eero/turtlebot3_ws/install/dynamixel_sdk/lib/python3.8/site-packages/dynamixel_sdk/group_bulk_write.py'...
[5.180s] Compiling '/home/eero/turtlebot3_ws/install/dynamixel_sdk/lib/python3.8/site-packages/dynamixel_sdk/group_sync_read.py'...
[5.180s] Compiling '/home/eero/turtlebot3_ws/install/dynamixel_sdk/lib/python3.8/site-packages/dynamixel_sdk/group_sync_write.py'...
[5.180s] Compiling '/home/eero/turtlebot3_ws/install/dynamixel_sdk/lib/python3.8/site-packages/dynamixel_sdk/packet_handler.py'...
[5.180s] Compiling '/home/eero/turtlebot3_ws/install/dynamixel_sdk/lib/python3.8/site-packages/dynamixel_sdk/port_handler.py'...
[5.181s] Compiling '/home/eero/turtlebot3_ws/install/dynamixel_sdk/lib/python3.8/site-packages/dynamixel_sdk/protocol1_packet_handler.py'...
[5.181s] Compiling '/home/eero/turtlebot3_ws/install/dynamixel_sdk/lib/python3.8/site-packages/dynamixel_sdk/protocol2_packet_handler.py'...
[5.181s] Compiling '/home/eero/turtlebot3_ws/install/dynamixel_sdk/lib/python3.8/site-packages/dynamixel_sdk/robotis_def.py'...
[5.184s] -- Installing: /home/eero/turtlebot3_ws/install/dynamixel_sdk/share/dynamixel_sdk/cmake/dynamixel_sdkExport.cmake
[5.185s] -- Installing: /home/eero/turtlebot3_ws/install/dynamixel_sdk/share/dynamixel_sdk/cmake/dynamixel_sdkExport-noconfig.cmake
[5.190s] Invoked command in '/home/eero/turtlebot3_ws/build/dynamixel_sdk' returned '0': CMAKE_PREFIX_PATH=/opt/ros/galactic /usr/bin/cmake --install /home/eero/turtlebot3_ws/build/dynamixel_sdk
