[1.111s] Invoking command in '/home/eero/turtlebot3_ws/src/turtlebot3/turtlebot3_teleop': PYTHONPATH=/home/eero/turtlebot3_ws/build/turtlebot3_teleop/prefix_override:/usr/lib/python3/dist-packages/colcon_core/task/python/colcon_distutils_commands:/home/eero/turtlebot3_ws/install/turtlebot3_teleop/lib/python3.8/site-packages:${PYTHONPATH} /usr/bin/python3 -W ignore:setup.py install is deprecated -W ignore:easy_install command is deprecated setup.py egg_info --egg-base ../../../build/turtlebot3_teleop build --build-base /home/eero/turtlebot3_ws/build/turtlebot3_teleop/build install --record /home/eero/turtlebot3_ws/build/turtlebot3_teleop/install.log --single-version-externally-managed install_data
[1.403s] running egg_info
[1.403s] writing ../../../build/turtlebot3_teleop/turtlebot3_teleop.egg-info/PKG-INFO
[1.404s] writing dependency_links to ../../../build/turtlebot3_teleop/turtlebot3_teleop.egg-info/dependency_links.txt
[1.404s] writing entry points to ../../../build/turtlebot3_teleop/turtlebot3_teleop.egg-info/entry_points.txt
[1.404s] writing requirements to ../../../build/turtlebot3_teleop/turtlebot3_teleop.egg-info/requires.txt
[1.404s] writing top-level names to ../../../build/turtlebot3_teleop/turtlebot3_teleop.egg-info/top_level.txt
[1.449s] reading manifest file '../../../build/turtlebot3_teleop/turtlebot3_teleop.egg-info/SOURCES.txt'
[1.450s] writing manifest file '../../../build/turtlebot3_teleop/turtlebot3_teleop.egg-info/SOURCES.txt'
[1.450s] running build
[1.450s] running build_py
[1.450s] running install
[1.451s] running install_lib
[1.453s] running install_data
[1.453s] running install_egg_info
[1.455s] removing '/home/eero/turtlebot3_ws/install/turtlebot3_teleop/lib/python3.8/site-packages/turtlebot3_teleop-2.3.1-py3.8.egg-info' (and everything under it)
[1.455s] Copying ../../../build/turtlebot3_teleop/turtlebot3_teleop.egg-info to /home/eero/turtlebot3_ws/install/turtlebot3_teleop/lib/python3.8/site-packages/turtlebot3_teleop-2.3.1-py3.8.egg-info
[1.456s] running install_scripts
[1.477s] Installing teleop_keyboard script to /home/eero/turtlebot3_ws/install/turtlebot3_teleop/lib/turtlebot3_teleop
[1.478s] writing list of installed files to '/home/eero/turtlebot3_ws/build/turtlebot3_teleop/install.log'
[1.508s] Invoked command in '/home/eero/turtlebot3_ws/src/turtlebot3/turtlebot3_teleop' returned '0': PYTHONPATH=/home/eero/turtlebot3_ws/build/turtlebot3_teleop/prefix_override:/usr/lib/python3/dist-packages/colcon_core/task/python/colcon_distutils_commands:/home/eero/turtlebot3_ws/install/turtlebot3_teleop/lib/python3.8/site-packages:${PYTHONPATH} /usr/bin/python3 -W ignore:setup.py install is deprecated -W ignore:easy_install command is deprecated setup.py egg_info --egg-base ../../../build/turtlebot3_teleop build --build-base /home/eero/turtlebot3_ws/build/turtlebot3_teleop/build install --record /home/eero/turtlebot3_ws/build/turtlebot3_teleop/install.log --single-version-externally-managed install_data
