[0.259s] DEBUG:colcon:Command line arguments: ['/usr/bin/colcon', 'build']
[0.259s] DEBUG:colcon:Parsed command line arguments: Namespace(allow_overriding=[], ament_cmake_args=None, base_paths=['.'], build_base='build', catkin_cmake_args=None, catkin_skip_building_tests=False, cmake_args=None, cmake_clean_cache=False, cmake_clean_first=False, cmake_force_configure=False, cmake_target=None, cmake_target_skip_unavailable=False, continue_on_error=False, event_handlers=None, executor='parallel', ignore_user_meta=False, install_base='install', log_base=None, log_level=None, main=<bound method BuildVerb.main of <colcon_core.verb.build.BuildVerb object at 0x7f52c8346c10>>, merge_install=False, metas=['./colcon.meta'], mixin=None, mixin_files=None, mixin_verb=('build',), packages_above=None, packages_above_and_dependencies=None, packages_above_depth=None, packages_end=None, packages_ignore=None, packages_ignore_regex=None, packages_select=None, packages_select_build_failed=False, packages_select_by_dep=None, packages_select_regex=None, packages_select_test_failures=False, packages_skip=None, packages_skip_build_finished=False, packages_skip_by_dep=None, packages_skip_regex=None, packages_skip_test_passed=False, packages_skip_up_to=None, packages_start=None, packages_up_to=None, packages_up_to_regex=None, parallel_workers=6, paths=None, symlink_install=False, test_result_base=None, verb_extension=<colcon_core.verb.build.BuildVerb object at 0x7f52c8346c10>, verb_name='build', verb_parser=<colcon_mixin.mixin.mixin_argument.MixinArgumentDecorator object at 0x7f52c829bd60>)
[0.463s] Level 1:colcon.colcon_core.package_discovery:discover_packages(colcon_meta) check parameters
[0.463s] Level 1:colcon.colcon_core.package_discovery:discover_packages(recursive) check parameters
[0.463s] Level 1:colcon.colcon_core.package_discovery:discover_packages(ignore) check parameters
[0.463s] Level 1:colcon.colcon_core.package_discovery:discover_packages(path) check parameters
[0.463s] Level 1:colcon.colcon_core.package_discovery:discover_packages(colcon_meta) discover
[0.463s] Level 1:colcon.colcon_core.package_discovery:discover_packages(recursive) discover
[0.463s] INFO:colcon.colcon_core.package_discovery:Crawling recursively for packages in '/home/eero/finalProject/drone_racing_ros2-main'
[0.463s] Level 1:colcon.colcon_core.package_identification:_identify(.) by extensions ['ignore', 'ignore_ament_install']
[0.463s] Level 1:colcon.colcon_core.package_identification:_identify(.) by extension 'ignore'
[0.463s] Level 1:colcon.colcon_core.package_identification:_identify(.) by extension 'ignore_ament_install'
[0.464s] Level 1:colcon.colcon_core.package_identification:_identify(.) by extensions ['colcon_pkg']
[0.464s] Level 1:colcon.colcon_core.package_identification:_identify(.) by extension 'colcon_pkg'
[0.464s] Level 1:colcon.colcon_core.package_identification:_identify(.) by extensions ['colcon_meta']
[0.464s] Level 1:colcon.colcon_core.package_identification:_identify(.) by extension 'colcon_meta'
[0.464s] Level 1:colcon.colcon_core.package_identification:_identify(.) by extensions ['ros']
[0.464s] Level 1:colcon.colcon_core.package_identification:_identify(.) by extension 'ros'
[0.478s] Level 1:colcon.colcon_core.package_identification:_identify(.) by extensions ['cmake', 'python']
[0.479s] Level 1:colcon.colcon_core.package_identification:_identify(.) by extension 'cmake'
[0.479s] Level 1:colcon.colcon_core.package_identification:_identify(.) by extension 'python'
[0.479s] Level 1:colcon.colcon_core.package_identification:_identify(.) by extensions ['python_setup_py']
[0.479s] Level 1:colcon.colcon_core.package_identification:_identify(.) by extension 'python_setup_py'
[0.479s] Level 1:colcon.colcon_core.package_identification:_identify(build) by extensions ['ignore', 'ignore_ament_install']
[0.479s] Level 1:colcon.colcon_core.package_identification:_identify(build) by extension 'ignore'
[0.479s] Level 1:colcon.colcon_core.package_identification:_identify(build) ignored
[0.479s] Level 1:colcon.colcon_core.package_identification:_identify(install) by extensions ['ignore', 'ignore_ament_install']
[0.479s] Level 1:colcon.colcon_core.package_identification:_identify(install) by extension 'ignore'
[0.480s] Level 1:colcon.colcon_core.package_identification:_identify(install) ignored
[0.480s] Level 1:colcon.colcon_core.package_identification:_identify(log) by extensions ['ignore', 'ignore_ament_install']
[0.480s] Level 1:colcon.colcon_core.package_identification:_identify(log) by extension 'ignore'
[0.480s] Level 1:colcon.colcon_core.package_identification:_identify(log) ignored
[0.480s] Level 1:colcon.colcon_core.package_identification:_identify(ros2_shared) by extensions ['ignore', 'ignore_ament_install']
[0.480s] Level 1:colcon.colcon_core.package_identification:_identify(ros2_shared) by extension 'ignore'
[0.480s] Level 1:colcon.colcon_core.package_identification:_identify(ros2_shared) by extension 'ignore_ament_install'
[0.480s] Level 1:colcon.colcon_core.package_identification:_identify(ros2_shared) by extensions ['colcon_pkg']
[0.480s] Level 1:colcon.colcon_core.package_identification:_identify(ros2_shared) by extension 'colcon_pkg'
[0.480s] Level 1:colcon.colcon_core.package_identification:_identify(ros2_shared) by extensions ['colcon_meta']
[0.480s] Level 1:colcon.colcon_core.package_identification:_identify(ros2_shared) by extension 'colcon_meta'
[0.480s] Level 1:colcon.colcon_core.package_identification:_identify(ros2_shared) by extensions ['ros']
[0.480s] Level 1:colcon.colcon_core.package_identification:_identify(ros2_shared) by extension 'ros'
[0.484s] DEBUG:colcon.colcon_core.package_identification:Package 'ros2_shared' with type 'ros.ament_cmake' and name 'ros2_shared'
[0.484s] Level 1:colcon.colcon_core.package_identification:_identify(tello_ros) by extensions ['ignore', 'ignore_ament_install']
[0.484s] Level 1:colcon.colcon_core.package_identification:_identify(tello_ros) by extension 'ignore'
[0.484s] Level 1:colcon.colcon_core.package_identification:_identify(tello_ros) by extension 'ignore_ament_install'
[0.484s] Level 1:colcon.colcon_core.package_identification:_identify(tello_ros) by extensions ['colcon_pkg']
[0.484s] Level 1:colcon.colcon_core.package_identification:_identify(tello_ros) by extension 'colcon_pkg'
[0.484s] Level 1:colcon.colcon_core.package_identification:_identify(tello_ros) by extensions ['colcon_meta']
[0.484s] Level 1:colcon.colcon_core.package_identification:_identify(tello_ros) by extension 'colcon_meta'
[0.484s] Level 1:colcon.colcon_core.package_identification:_identify(tello_ros) by extensions ['ros']
[0.484s] Level 1:colcon.colcon_core.package_identification:_identify(tello_ros) by extension 'ros'
[0.484s] Level 1:colcon.colcon_core.package_identification:_identify(tello_ros) by extensions ['cmake', 'python']
[0.484s] Level 1:colcon.colcon_core.package_identification:_identify(tello_ros) by extension 'cmake'
[0.484s] Level 1:colcon.colcon_core.package_identification:_identify(tello_ros) by extension 'python'
[0.485s] Level 1:colcon.colcon_core.package_identification:_identify(tello_ros) by extensions ['python_setup_py']
[0.485s] Level 1:colcon.colcon_core.package_identification:_identify(tello_ros) by extension 'python_setup_py'
[0.485s] Level 1:colcon.colcon_core.package_identification:_identify(tello_ros/docker) by extensions ['ignore', 'ignore_ament_install']
[0.485s] Level 1:colcon.colcon_core.package_identification:_identify(tello_ros/docker) by extension 'ignore'
[0.485s] Level 1:colcon.colcon_core.package_identification:_identify(tello_ros/docker) by extension 'ignore_ament_install'
[0.485s] Level 1:colcon.colcon_core.package_identification:_identify(tello_ros/docker) by extensions ['colcon_pkg']
[0.485s] Level 1:colcon.colcon_core.package_identification:_identify(tello_ros/docker) by extension 'colcon_pkg'
[0.485s] Level 1:colcon.colcon_core.package_identification:_identify(tello_ros/docker) by extensions ['colcon_meta']
[0.485s] Level 1:colcon.colcon_core.package_identification:_identify(tello_ros/docker) by extension 'colcon_meta'
[0.485s] Level 1:colcon.colcon_core.package_identification:_identify(tello_ros/docker) by extensions ['ros']
[0.485s] Level 1:colcon.colcon_core.package_identification:_identify(tello_ros/docker) by extension 'ros'
[0.485s] Level 1:colcon.colcon_core.package_identification:_identify(tello_ros/docker) by extensions ['cmake', 'python']
[0.485s] Level 1:colcon.colcon_core.package_identification:_identify(tello_ros/docker) by extension 'cmake'
[0.485s] Level 1:colcon.colcon_core.package_identification:_identify(tello_ros/docker) by extension 'python'
[0.485s] Level 1:colcon.colcon_core.package_identification:_identify(tello_ros/docker) by extensions ['python_setup_py']
[0.486s] Level 1:colcon.colcon_core.package_identification:_identify(tello_ros/docker) by extension 'python_setup_py'
[0.486s] Level 1:colcon.colcon_core.package_identification:_identify(tello_ros/tello_description) by extensions ['ignore', 'ignore_ament_install']
[0.486s] Level 1:colcon.colcon_core.package_identification:_identify(tello_ros/tello_description) by extension 'ignore'
[0.486s] Level 1:colcon.colcon_core.package_identification:_identify(tello_ros/tello_description) by extension 'ignore_ament_install'
[0.486s] Level 1:colcon.colcon_core.package_identification:_identify(tello_ros/tello_description) by extensions ['colcon_pkg']
[0.486s] Level 1:colcon.colcon_core.package_identification:_identify(tello_ros/tello_description) by extension 'colcon_pkg'
[0.486s] Level 1:colcon.colcon_core.package_identification:_identify(tello_ros/tello_description) by extensions ['colcon_meta']
[0.486s] Level 1:colcon.colcon_core.package_identification:_identify(tello_ros/tello_description) by extension 'colcon_meta'
[0.486s] Level 1:colcon.colcon_core.package_identification:_identify(tello_ros/tello_description) by extensions ['ros']
[0.486s] Level 1:colcon.colcon_core.package_identification:_identify(tello_ros/tello_description) by extension 'ros'
[0.487s] DEBUG:colcon.colcon_core.package_identification:Package 'tello_ros/tello_description' with type 'ros.ament_cmake' and name 'tello_description'
[0.487s] Level 1:colcon.colcon_core.package_identification:_identify(tello_ros/tello_driver) by extensions ['ignore', 'ignore_ament_install']
[0.487s] Level 1:colcon.colcon_core.package_identification:_identify(tello_ros/tello_driver) by extension 'ignore'
[0.487s] Level 1:colcon.colcon_core.package_identification:_identify(tello_ros/tello_driver) by extension 'ignore_ament_install'
[0.488s] Level 1:colcon.colcon_core.package_identification:_identify(tello_ros/tello_driver) by extensions ['colcon_pkg']
[0.488s] Level 1:colcon.colcon_core.package_identification:_identify(tello_ros/tello_driver) by extension 'colcon_pkg'
[0.488s] Level 1:colcon.colcon_core.package_identification:_identify(tello_ros/tello_driver) by extensions ['colcon_meta']
[0.488s] Level 1:colcon.colcon_core.package_identification:_identify(tello_ros/tello_driver) by extension 'colcon_meta'
[0.488s] Level 1:colcon.colcon_core.package_identification:_identify(tello_ros/tello_driver) by extensions ['ros']
[0.488s] Level 1:colcon.colcon_core.package_identification:_identify(tello_ros/tello_driver) by extension 'ros'
[0.489s] DEBUG:colcon.colcon_core.package_identification:Package 'tello_ros/tello_driver' with type 'ros.ament_cmake' and name 'tello_driver'
[0.490s] Level 1:colcon.colcon_core.package_identification:_identify(tello_ros/tello_gazebo) by extensions ['ignore', 'ignore_ament_install']
[0.490s] Level 1:colcon.colcon_core.package_identification:_identify(tello_ros/tello_gazebo) by extension 'ignore'
[0.490s] Level 1:colcon.colcon_core.package_identification:_identify(tello_ros/tello_gazebo) by extension 'ignore_ament_install'
[0.490s] Level 1:colcon.colcon_core.package_identification:_identify(tello_ros/tello_gazebo) by extensions ['colcon_pkg']
[0.490s] Level 1:colcon.colcon_core.package_identification:_identify(tello_ros/tello_gazebo) by extension 'colcon_pkg'
[0.490s] Level 1:colcon.colcon_core.package_identification:_identify(tello_ros/tello_gazebo) by extensions ['colcon_meta']
[0.490s] Level 1:colcon.colcon_core.package_identification:_identify(tello_ros/tello_gazebo) by extension 'colcon_meta'
[0.490s] Level 1:colcon.colcon_core.package_identification:_identify(tello_ros/tello_gazebo) by extensions ['ros']
[0.490s] Level 1:colcon.colcon_core.package_identification:_identify(tello_ros/tello_gazebo) by extension 'ros'
[0.491s] DEBUG:colcon.colcon_core.package_identification:Package 'tello_ros/tello_gazebo' with type 'ros.ament_cmake' and name 'tello_gazebo'
[0.492s] Level 1:colcon.colcon_core.package_identification:_identify(tello_ros/tello_msgs) by extensions ['ignore', 'ignore_ament_install']
[0.492s] Level 1:colcon.colcon_core.package_identification:_identify(tello_ros/tello_msgs) by extension 'ignore'
[0.492s] Level 1:colcon.colcon_core.package_identification:_identify(tello_ros/tello_msgs) by extension 'ignore_ament_install'
[0.492s] Level 1:colcon.colcon_core.package_identification:_identify(tello_ros/tello_msgs) by extensions ['colcon_pkg']
[0.492s] Level 1:colcon.colcon_core.package_identification:_identify(tello_ros/tello_msgs) by extension 'colcon_pkg'
[0.492s] Level 1:colcon.colcon_core.package_identification:_identify(tello_ros/tello_msgs) by extensions ['colcon_meta']
[0.492s] Level 1:colcon.colcon_core.package_identification:_identify(tello_ros/tello_msgs) by extension 'colcon_meta'
[0.492s] Level 1:colcon.colcon_core.package_identification:_identify(tello_ros/tello_msgs) by extensions ['ros']
[0.492s] Level 1:colcon.colcon_core.package_identification:_identify(tello_ros/tello_msgs) by extension 'ros'
[0.493s] DEBUG:colcon.colcon_core.package_identification:Package 'tello_ros/tello_msgs' with type 'ros.ament_cmake' and name 'tello_msgs'
[0.493s] Level 1:colcon.colcon_core.package_discovery:discover_packages(recursive) using defaults
[0.493s] Level 1:colcon.colcon_core.package_discovery:discover_packages(ignore) discover
[0.493s] Level 1:colcon.colcon_core.package_discovery:discover_packages(ignore) using defaults
[0.493s] Level 1:colcon.colcon_core.package_discovery:discover_packages(path) discover
[0.493s] Level 1:colcon.colcon_core.package_discovery:discover_packages(path) using defaults
[0.536s] Level 1:colcon.colcon_core.package_discovery:discover_packages(prefix_path) check parameters
[0.536s] Level 1:colcon.colcon_core.package_discovery:discover_packages(prefix_path) discover
[0.540s] DEBUG:colcon.colcon_installed_package_information.package_discovery:Found 16 installed packages in /home/eero/turtlebot3_ws/install
[0.541s] DEBUG:colcon.colcon_installed_package_information.package_discovery:Found 275 installed packages in /opt/ros/galactic
[0.543s] Level 1:colcon.colcon_core.package_discovery:discover_packages(prefix_path) using defaults
[0.625s] Level 5:colcon.colcon_core.verb:set package 'ros2_shared' build argument 'cmake_args' from command line to 'None'
[0.625s] Level 5:colcon.colcon_core.verb:set package 'ros2_shared' build argument 'cmake_target' from command line to 'None'
[0.625s] Level 5:colcon.colcon_core.verb:set package 'ros2_shared' build argument 'cmake_target_skip_unavailable' from command line to 'False'
[0.625s] Level 5:colcon.colcon_core.verb:set package 'ros2_shared' build argument 'cmake_clean_cache' from command line to 'False'
[0.625s] Level 5:colcon.colcon_core.verb:set package 'ros2_shared' build argument 'cmake_clean_first' from command line to 'False'
[0.625s] Level 5:colcon.colcon_core.verb:set package 'ros2_shared' build argument 'cmake_force_configure' from command line to 'False'
[0.625s] Level 5:colcon.colcon_core.verb:set package 'ros2_shared' build argument 'ament_cmake_args' from command line to 'None'
[0.625s] Level 5:colcon.colcon_core.verb:set package 'ros2_shared' build argument 'catkin_cmake_args' from command line to 'None'
[0.625s] Level 5:colcon.colcon_core.verb:set package 'ros2_shared' build argument 'catkin_skip_building_tests' from command line to 'False'
[0.625s] DEBUG:colcon.colcon_core.verb:Building package 'ros2_shared' with the following arguments: {'ament_cmake_args': None, 'build_base': '/home/eero/finalProject/drone_racing_ros2-main/build/ros2_shared', 'catkin_cmake_args': None, 'catkin_skip_building_tests': False, 'cmake_args': None, 'cmake_clean_cache': False, 'cmake_clean_first': False, 'cmake_force_configure': False, 'cmake_target': None, 'cmake_target_skip_unavailable': False, 'install_base': '/home/eero/finalProject/drone_racing_ros2-main/install/ros2_shared', 'merge_install': False, 'path': '/home/eero/finalProject/drone_racing_ros2-main/ros2_shared', 'symlink_install': False, 'test_result_base': None}
[0.626s] Level 5:colcon.colcon_core.verb:set package 'tello_description' build argument 'cmake_args' from command line to 'None'
[0.626s] Level 5:colcon.colcon_core.verb:set package 'tello_description' build argument 'cmake_target' from command line to 'None'
[0.626s] Level 5:colcon.colcon_core.verb:set package 'tello_description' build argument 'cmake_target_skip_unavailable' from command line to 'False'
[0.626s] Level 5:colcon.colcon_core.verb:set package 'tello_description' build argument 'cmake_clean_cache' from command line to 'False'
[0.626s] Level 5:colcon.colcon_core.verb:set package 'tello_description' build argument 'cmake_clean_first' from command line to 'False'
[0.626s] Level 5:colcon.colcon_core.verb:set package 'tello_description' build argument 'cmake_force_configure' from command line to 'False'
[0.626s] Level 5:colcon.colcon_core.verb:set package 'tello_description' build argument 'ament_cmake_args' from command line to 'None'
[0.626s] Level 5:colcon.colcon_core.verb:set package 'tello_description' build argument 'catkin_cmake_args' from command line to 'None'
[0.626s] Level 5:colcon.colcon_core.verb:set package 'tello_description' build argument 'catkin_skip_building_tests' from command line to 'False'
[0.626s] DEBUG:colcon.colcon_core.verb:Building package 'tello_description' with the following arguments: {'ament_cmake_args': None, 'build_base': '/home/eero/finalProject/drone_racing_ros2-main/build/tello_description', 'catkin_cmake_args': None, 'catkin_skip_building_tests': False, 'cmake_args': None, 'cmake_clean_cache': False, 'cmake_clean_first': False, 'cmake_force_configure': False, 'cmake_target': None, 'cmake_target_skip_unavailable': False, 'install_base': '/home/eero/finalProject/drone_racing_ros2-main/install/tello_description', 'merge_install': False, 'path': '/home/eero/finalProject/drone_racing_ros2-main/tello_ros/tello_description', 'symlink_install': False, 'test_result_base': None}
[0.626s] Level 5:colcon.colcon_core.verb:set package 'tello_msgs' build argument 'cmake_args' from command line to 'None'
[0.627s] Level 5:colcon.colcon_core.verb:set package 'tello_msgs' build argument 'cmake_target' from command line to 'None'
[0.627s] Level 5:colcon.colcon_core.verb:set package 'tello_msgs' build argument 'cmake_target_skip_unavailable' from command line to 'False'
[0.627s] Level 5:colcon.colcon_core.verb:set package 'tello_msgs' build argument 'cmake_clean_cache' from command line to 'False'
[0.627s] Level 5:colcon.colcon_core.verb:set package 'tello_msgs' build argument 'cmake_clean_first' from command line to 'False'
[0.627s] Level 5:colcon.colcon_core.verb:set package 'tello_msgs' build argument 'cmake_force_configure' from command line to 'False'
[0.627s] Level 5:colcon.colcon_core.verb:set package 'tello_msgs' build argument 'ament_cmake_args' from command line to 'None'
[0.627s] Level 5:colcon.colcon_core.verb:set package 'tello_msgs' build argument 'catkin_cmake_args' from command line to 'None'
[0.627s] Level 5:colcon.colcon_core.verb:set package 'tello_msgs' build argument 'catkin_skip_building_tests' from command line to 'False'
[0.627s] DEBUG:colcon.colcon_core.verb:Building package 'tello_msgs' with the following arguments: {'ament_cmake_args': None, 'build_base': '/home/eero/finalProject/drone_racing_ros2-main/build/tello_msgs', 'catkin_cmake_args': None, 'catkin_skip_building_tests': False, 'cmake_args': None, 'cmake_clean_cache': False, 'cmake_clean_first': False, 'cmake_force_configure': False, 'cmake_target': None, 'cmake_target_skip_unavailable': False, 'install_base': '/home/eero/finalProject/drone_racing_ros2-main/install/tello_msgs', 'merge_install': False, 'path': '/home/eero/finalProject/drone_racing_ros2-main/tello_ros/tello_msgs', 'symlink_install': False, 'test_result_base': None}
[0.627s] Level 5:colcon.colcon_core.verb:set package 'tello_driver' build argument 'cmake_args' from command line to 'None'
[0.627s] Level 5:colcon.colcon_core.verb:set package 'tello_driver' build argument 'cmake_target' from command line to 'None'
[0.627s] Level 5:colcon.colcon_core.verb:set package 'tello_driver' build argument 'cmake_target_skip_unavailable' from command line to 'False'
[0.627s] Level 5:colcon.colcon_core.verb:set package 'tello_driver' build argument 'cmake_clean_cache' from command line to 'False'
[0.627s] Level 5:colcon.colcon_core.verb:set package 'tello_driver' build argument 'cmake_clean_first' from command line to 'False'
[0.627s] Level 5:colcon.colcon_core.verb:set package 'tello_driver' build argument 'cmake_force_configure' from command line to 'False'
[0.628s] Level 5:colcon.colcon_core.verb:set package 'tello_driver' build argument 'ament_cmake_args' from command line to 'None'
[0.628s] Level 5:colcon.colcon_core.verb:set package 'tello_driver' build argument 'catkin_cmake_args' from command line to 'None'
[0.628s] Level 5:colcon.colcon_core.verb:set package 'tello_driver' build argument 'catkin_skip_building_tests' from command line to 'False'
[0.628s] DEBUG:colcon.colcon_core.verb:Building package 'tello_driver' with the following arguments: {'ament_cmake_args': None, 'build_base': '/home/eero/finalProject/drone_racing_ros2-main/build/tello_driver', 'catkin_cmake_args': None, 'catkin_skip_building_tests': False, 'cmake_args': None, 'cmake_clean_cache': False, 'cmake_clean_first': False, 'cmake_force_configure': False, 'cmake_target': None, 'cmake_target_skip_unavailable': False, 'install_base': '/home/eero/finalProject/drone_racing_ros2-main/install/tello_driver', 'merge_install': False, 'path': '/home/eero/finalProject/drone_racing_ros2-main/tello_ros/tello_driver', 'symlink_install': False, 'test_result_base': None}
[0.628s] Level 5:colcon.colcon_core.verb:set package 'tello_gazebo' build argument 'cmake_args' from command line to 'None'
[0.628s] Level 5:colcon.colcon_core.verb:set package 'tello_gazebo' build argument 'cmake_target' from command line to 'None'
[0.628s] Level 5:colcon.colcon_core.verb:set package 'tello_gazebo' build argument 'cmake_target_skip_unavailable' from command line to 'False'
[0.628s] Level 5:colcon.colcon_core.verb:set package 'tello_gazebo' build argument 'cmake_clean_cache' from command line to 'False'
[0.628s] Level 5:colcon.colcon_core.verb:set package 'tello_gazebo' build argument 'cmake_clean_first' from command line to 'False'
[0.628s] Level 5:colcon.colcon_core.verb:set package 'tello_gazebo' build argument 'cmake_force_configure' from command line to 'False'
[0.628s] Level 5:colcon.colcon_core.verb:set package 'tello_gazebo' build argument 'ament_cmake_args' from command line to 'None'
[0.628s] Level 5:colcon.colcon_core.verb:set package 'tello_gazebo' build argument 'catkin_cmake_args' from command line to 'None'
[0.628s] Level 5:colcon.colcon_core.verb:set package 'tello_gazebo' build argument 'catkin_skip_building_tests' from command line to 'False'
[0.628s] DEBUG:colcon.colcon_core.verb:Building package 'tello_gazebo' with the following arguments: {'ament_cmake_args': None, 'build_base': '/home/eero/finalProject/drone_racing_ros2-main/build/tello_gazebo', 'catkin_cmake_args': None, 'catkin_skip_building_tests': False, 'cmake_args': None, 'cmake_clean_cache': False, 'cmake_clean_first': False, 'cmake_force_configure': False, 'cmake_target': None, 'cmake_target_skip_unavailable': False, 'install_base': '/home/eero/finalProject/drone_racing_ros2-main/install/tello_gazebo', 'merge_install': False, 'path': '/home/eero/finalProject/drone_racing_ros2-main/tello_ros/tello_gazebo', 'symlink_install': False, 'test_result_base': None}
[0.629s] INFO:colcon.colcon_core.executor:Executing jobs using 'parallel' executor
[0.631s] DEBUG:colcon.colcon_parallel_executor.executor.parallel:run_until_complete
[0.631s] INFO:colcon.colcon_ros.task.ament_cmake.build:Building ROS package in '/home/eero/finalProject/drone_racing_ros2-main/tello_ros/tello_msgs' with build type 'ament_cmake'
[0.632s] INFO:colcon.colcon_cmake.task.cmake.build:Building CMake package in '/home/eero/finalProject/drone_racing_ros2-main/tello_ros/tello_msgs'
[0.634s] INFO:colcon.colcon_core.plugin_system:Skipping extension 'colcon_core.shell.bat': Not used on non-Windows systems
[0.634s] INFO:colcon.colcon_core.shell:Skip shell extension 'powershell' for command environment: Not usable outside of PowerShell
[0.634s] DEBUG:colcon.colcon_core.shell:Skip shell extension 'dsv' for command environment
[0.642s] INFO:colcon.colcon_ros.task.ament_cmake.build:Building ROS package in '/home/eero/finalProject/drone_racing_ros2-main/ros2_shared' with build type 'ament_cmake'
[0.643s] INFO:colcon.colcon_cmake.task.cmake.build:Building CMake package in '/home/eero/finalProject/drone_racing_ros2-main/ros2_shared'
[0.644s] INFO:colcon.colcon_core.shell:Skip shell extension 'powershell' for command environment: Not usable outside of PowerShell
[0.644s] DEBUG:colcon.colcon_core.shell:Skip shell extension 'dsv' for command environment
[0.654s] INFO:colcon.colcon_ros.task.ament_cmake.build:Building ROS package in '/home/eero/finalProject/drone_racing_ros2-main/tello_ros/tello_description' with build type 'ament_cmake'
[0.655s] INFO:colcon.colcon_cmake.task.cmake.build:Building CMake package in '/home/eero/finalProject/drone_racing_ros2-main/tello_ros/tello_description'
[0.656s] INFO:colcon.colcon_core.shell:Skip shell extension 'powershell' for command environment: Not usable outside of PowerShell
[0.656s] DEBUG:colcon.colcon_core.shell:Skip shell extension 'dsv' for command environment
[0.681s] DEBUG:colcon.colcon_core.event_handler.log_command:Invoking command in '/home/eero/finalProject/drone_racing_ros2-main/build/tello_msgs': CMAKE_PREFIX_PATH=${CMAKE_PREFIX_PATH}:/home/eero/turtlebot3_ws/install/turtlebot3_teleop:/home/eero/turtlebot3_ws/install/turtlebot3_example:/opt/ros/galactic /usr/bin/cmake --build /home/eero/finalProject/drone_racing_ros2-main/build/tello_msgs -- -j6 -l6
[0.688s] DEBUG:colcon.colcon_core.event_handler.log_command:Invoking command in '/home/eero/finalProject/drone_racing_ros2-main/build/ros2_shared': CMAKE_PREFIX_PATH=${CMAKE_PREFIX_PATH}:/home/eero/turtlebot3_ws/install/turtlebot3_teleop:/home/eero/turtlebot3_ws/install/turtlebot3_example:/opt/ros/galactic /usr/bin/cmake --build /home/eero/finalProject/drone_racing_ros2-main/build/ros2_shared -- -j6 -l6
[0.697s] DEBUG:colcon.colcon_core.event_handler.log_command:Invoking command in '/home/eero/finalProject/drone_racing_ros2-main/build/tello_description': CMAKE_PREFIX_PATH=${CMAKE_PREFIX_PATH}:/home/eero/turtlebot3_ws/install/turtlebot3_teleop:/home/eero/turtlebot3_ws/install/turtlebot3_example:/opt/ros/galactic /usr/bin/cmake --build /home/eero/finalProject/drone_racing_ros2-main/build/tello_description -- -j6 -l6
[0.753s] DEBUG:colcon.colcon_core.event_handler.log_command:Invoked command in '/home/eero/finalProject/drone_racing_ros2-main/build/ros2_shared' returned '0': CMAKE_PREFIX_PATH=${CMAKE_PREFIX_PATH}:/home/eero/turtlebot3_ws/install/turtlebot3_teleop:/home/eero/turtlebot3_ws/install/turtlebot3_example:/opt/ros/galactic /usr/bin/cmake --build /home/eero/finalProject/drone_racing_ros2-main/build/ros2_shared -- -j6 -l6
[0.776s] DEBUG:colcon.colcon_core.event_handler.log_command:Invoking command in '/home/eero/finalProject/drone_racing_ros2-main/build/ros2_shared': CMAKE_PREFIX_PATH=${CMAKE_PREFIX_PATH}:/home/eero/turtlebot3_ws/install/turtlebot3_teleop:/home/eero/turtlebot3_ws/install/turtlebot3_example:/opt/ros/galactic /usr/bin/cmake --install /home/eero/finalProject/drone_racing_ros2-main/build/ros2_shared
[0.800s] Level 1:colcon.colcon_core.environment:create_environment_scripts_only(ros2_shared)
[0.804s] DEBUG:colcon.colcon_core.event_handler.log_command:Invoked command in '/home/eero/finalProject/drone_racing_ros2-main/build/ros2_shared' returned '0': CMAKE_PREFIX_PATH=${CMAKE_PREFIX_PATH}:/home/eero/turtlebot3_ws/install/turtlebot3_teleop:/home/eero/turtlebot3_ws/install/turtlebot3_example:/opt/ros/galactic /usr/bin/cmake --install /home/eero/finalProject/drone_racing_ros2-main/build/ros2_shared
[0.806s] Level 1:colcon.colcon_core.environment:checking '/home/eero/finalProject/drone_racing_ros2-main/install/ros2_shared' for CMake module files
[0.807s] Level 1:colcon.colcon_core.environment:checking '/home/eero/finalProject/drone_racing_ros2-main/install/ros2_shared' for CMake config files
[0.807s] Level 1:colcon.colcon_core.shell:create_environment_hook('ros2_shared', 'cmake_prefix_path')
[0.807s] INFO:colcon.colcon_core.shell:Creating environment hook '/home/eero/finalProject/drone_racing_ros2-main/install/ros2_shared/share/ros2_shared/hook/cmake_prefix_path.ps1'
[0.809s] INFO:colcon.colcon_core.shell:Creating environment descriptor '/home/eero/finalProject/drone_racing_ros2-main/install/ros2_shared/share/ros2_shared/hook/cmake_prefix_path.dsv'
[0.809s] INFO:colcon.colcon_core.shell:Creating environment hook '/home/eero/finalProject/drone_racing_ros2-main/install/ros2_shared/share/ros2_shared/hook/cmake_prefix_path.sh'
[0.810s] Level 1:colcon.colcon_core.environment:checking '/home/eero/finalProject/drone_racing_ros2-main/install/ros2_shared/bin'
[0.811s] Level 1:colcon.colcon_core.environment:checking '/home/eero/finalProject/drone_racing_ros2-main/install/ros2_shared/lib/pkgconfig/ros2_shared.pc'
[0.811s] Level 1:colcon.colcon_core.environment:checking '/home/eero/finalProject/drone_racing_ros2-main/install/ros2_shared/lib/python3.8/site-packages'
[0.811s] Level 1:colcon.colcon_core.environment:checking '/home/eero/finalProject/drone_racing_ros2-main/install/ros2_shared/bin'
[0.813s] INFO:colcon.colcon_core.shell:Creating package script '/home/eero/finalProject/drone_racing_ros2-main/install/ros2_shared/share/ros2_shared/package.ps1'
[0.814s] INFO:colcon.colcon_core.shell:Creating package descriptor '/home/eero/finalProject/drone_racing_ros2-main/install/ros2_shared/share/ros2_shared/package.dsv'
[0.815s] INFO:colcon.colcon_core.shell:Creating package script '/home/eero/finalProject/drone_racing_ros2-main/install/ros2_shared/share/ros2_shared/package.sh'
[0.816s] INFO:colcon.colcon_core.shell:Creating package script '/home/eero/finalProject/drone_racing_ros2-main/install/ros2_shared/share/ros2_shared/package.bash'
[0.817s] INFO:colcon.colcon_core.shell:Creating package script '/home/eero/finalProject/drone_racing_ros2-main/install/ros2_shared/share/ros2_shared/package.zsh'
[0.818s] Level 1:colcon.colcon_core.environment:create_file_with_runtime_dependencies(/home/eero/finalProject/drone_racing_ros2-main/install/ros2_shared/share/colcon-core/packages/ros2_shared)
[0.819s] Level 1:colcon.colcon_core.environment:create_environment_scripts_only(ros2_shared)
[0.820s] Level 1:colcon.colcon_core.environment:checking '/home/eero/finalProject/drone_racing_ros2-main/install/ros2_shared' for CMake module files
[0.820s] Level 1:colcon.colcon_core.environment:checking '/home/eero/finalProject/drone_racing_ros2-main/install/ros2_shared' for CMake config files
[0.821s] Level 1:colcon.colcon_core.shell:create_environment_hook('ros2_shared', 'cmake_prefix_path')
[0.821s] INFO:colcon.colcon_core.shell:Creating environment hook '/home/eero/finalProject/drone_racing_ros2-main/install/ros2_shared/share/ros2_shared/hook/cmake_prefix_path.ps1'
[0.822s] INFO:colcon.colcon_core.shell:Creating environment descriptor '/home/eero/finalProject/drone_racing_ros2-main/install/ros2_shared/share/ros2_shared/hook/cmake_prefix_path.dsv'
[0.824s] INFO:colcon.colcon_core.shell:Creating environment hook '/home/eero/finalProject/drone_racing_ros2-main/install/ros2_shared/share/ros2_shared/hook/cmake_prefix_path.sh'
[0.826s] Level 1:colcon.colcon_core.environment:checking '/home/eero/finalProject/drone_racing_ros2-main/install/ros2_shared/bin'
[0.826s] Level 1:colcon.colcon_core.environment:checking '/home/eero/finalProject/drone_racing_ros2-main/install/ros2_shared/lib/pkgconfig/ros2_shared.pc'
[0.826s] Level 1:colcon.colcon_core.environment:checking '/home/eero/finalProject/drone_racing_ros2-main/install/ros2_shared/lib/python3.8/site-packages'
[0.826s] Level 1:colcon.colcon_core.environment:checking '/home/eero/finalProject/drone_racing_ros2-main/install/ros2_shared/bin'
[0.827s] INFO:colcon.colcon_core.shell:Creating package script '/home/eero/finalProject/drone_racing_ros2-main/install/ros2_shared/share/ros2_shared/package.ps1'
[0.828s] INFO:colcon.colcon_core.shell:Creating package descriptor '/home/eero/finalProject/drone_racing_ros2-main/install/ros2_shared/share/ros2_shared/package.dsv'
[0.828s] INFO:colcon.colcon_core.shell:Creating package script '/home/eero/finalProject/drone_racing_ros2-main/install/ros2_shared/share/ros2_shared/package.sh'
[0.829s] INFO:colcon.colcon_core.shell:Creating package script '/home/eero/finalProject/drone_racing_ros2-main/install/ros2_shared/share/ros2_shared/package.bash'
[0.829s] INFO:colcon.colcon_core.shell:Creating package script '/home/eero/finalProject/drone_racing_ros2-main/install/ros2_shared/share/ros2_shared/package.zsh'
[0.830s] Level 1:colcon.colcon_core.environment:create_file_with_runtime_dependencies(/home/eero/finalProject/drone_racing_ros2-main/install/ros2_shared/share/colcon-core/packages/ros2_shared)
[0.895s] DEBUG:colcon.colcon_core.event_handler.log_command:Invoked command in '/home/eero/finalProject/drone_racing_ros2-main/build/tello_description' returned '0': CMAKE_PREFIX_PATH=${CMAKE_PREFIX_PATH}:/home/eero/turtlebot3_ws/install/turtlebot3_teleop:/home/eero/turtlebot3_ws/install/turtlebot3_example:/opt/ros/galactic /usr/bin/cmake --build /home/eero/finalProject/drone_racing_ros2-main/build/tello_description -- -j6 -l6
[0.899s] DEBUG:colcon.colcon_core.event_handler.log_command:Invoking command in '/home/eero/finalProject/drone_racing_ros2-main/build/tello_description': CMAKE_PREFIX_PATH=${CMAKE_PREFIX_PATH}:/home/eero/turtlebot3_ws/install/turtlebot3_teleop:/home/eero/turtlebot3_ws/install/turtlebot3_example:/opt/ros/galactic /usr/bin/cmake --install /home/eero/finalProject/drone_racing_ros2-main/build/tello_description
[0.920s] Level 1:colcon.colcon_core.environment:create_environment_scripts_only(tello_description)
[0.921s] Level 1:colcon.colcon_core.environment:checking '/home/eero/finalProject/drone_racing_ros2-main/install/tello_description' for CMake module files
[0.922s] DEBUG:colcon.colcon_core.event_handler.log_command:Invoked command in '/home/eero/finalProject/drone_racing_ros2-main/build/tello_description' returned '0': CMAKE_PREFIX_PATH=${CMAKE_PREFIX_PATH}:/home/eero/turtlebot3_ws/install/turtlebot3_teleop:/home/eero/turtlebot3_ws/install/turtlebot3_example:/opt/ros/galactic /usr/bin/cmake --install /home/eero/finalProject/drone_racing_ros2-main/build/tello_description
[0.923s] Level 1:colcon.colcon_core.environment:checking '/home/eero/finalProject/drone_racing_ros2-main/install/tello_description' for CMake config files
[0.923s] Level 1:colcon.colcon_core.shell:create_environment_hook('tello_description', 'cmake_prefix_path')
[0.924s] INFO:colcon.colcon_core.shell:Creating environment hook '/home/eero/finalProject/drone_racing_ros2-main/install/tello_description/share/tello_description/hook/cmake_prefix_path.ps1'
[0.926s] INFO:colcon.colcon_core.shell:Creating environment descriptor '/home/eero/finalProject/drone_racing_ros2-main/install/tello_description/share/tello_description/hook/cmake_prefix_path.dsv'
[0.927s] INFO:colcon.colcon_core.shell:Creating environment hook '/home/eero/finalProject/drone_racing_ros2-main/install/tello_description/share/tello_description/hook/cmake_prefix_path.sh'
[0.927s] Level 1:colcon.colcon_core.environment:checking '/home/eero/finalProject/drone_racing_ros2-main/install/tello_description/bin'
[0.928s] Level 1:colcon.colcon_core.environment:checking '/home/eero/finalProject/drone_racing_ros2-main/install/tello_description/lib/pkgconfig/tello_description.pc'
[0.928s] Level 1:colcon.colcon_core.environment:checking '/home/eero/finalProject/drone_racing_ros2-main/install/tello_description/lib/python3.8/site-packages'
[0.928s] Level 1:colcon.colcon_core.environment:checking '/home/eero/finalProject/drone_racing_ros2-main/install/tello_description/bin'
[0.929s] INFO:colcon.colcon_core.shell:Creating package script '/home/eero/finalProject/drone_racing_ros2-main/install/tello_description/share/tello_description/package.ps1'
[0.929s] INFO:colcon.colcon_core.shell:Creating package descriptor '/home/eero/finalProject/drone_racing_ros2-main/install/tello_description/share/tello_description/package.dsv'
[0.931s] INFO:colcon.colcon_core.shell:Creating package script '/home/eero/finalProject/drone_racing_ros2-main/install/tello_description/share/tello_description/package.sh'
[0.932s] INFO:colcon.colcon_core.shell:Creating package script '/home/eero/finalProject/drone_racing_ros2-main/install/tello_description/share/tello_description/package.bash'
[0.932s] INFO:colcon.colcon_core.shell:Creating package script '/home/eero/finalProject/drone_racing_ros2-main/install/tello_description/share/tello_description/package.zsh'
[0.933s] Level 1:colcon.colcon_core.environment:create_file_with_runtime_dependencies(/home/eero/finalProject/drone_racing_ros2-main/install/tello_description/share/colcon-core/packages/tello_description)
[0.934s] Level 1:colcon.colcon_core.environment:create_environment_scripts_only(tello_description)
[0.934s] Level 1:colcon.colcon_core.environment:checking '/home/eero/finalProject/drone_racing_ros2-main/install/tello_description' for CMake module files
[0.934s] Level 1:colcon.colcon_core.environment:checking '/home/eero/finalProject/drone_racing_ros2-main/install/tello_description' for CMake config files
[0.935s] Level 1:colcon.colcon_core.shell:create_environment_hook('tello_description', 'cmake_prefix_path')
[0.935s] INFO:colcon.colcon_core.shell:Creating environment hook '/home/eero/finalProject/drone_racing_ros2-main/install/tello_description/share/tello_description/hook/cmake_prefix_path.ps1'
[0.936s] INFO:colcon.colcon_core.shell:Creating environment descriptor '/home/eero/finalProject/drone_racing_ros2-main/install/tello_description/share/tello_description/hook/cmake_prefix_path.dsv'
[0.936s] INFO:colcon.colcon_core.shell:Creating environment hook '/home/eero/finalProject/drone_racing_ros2-main/install/tello_description/share/tello_description/hook/cmake_prefix_path.sh'
[0.937s] Level 1:colcon.colcon_core.environment:checking '/home/eero/finalProject/drone_racing_ros2-main/install/tello_description/bin'
[0.937s] Level 1:colcon.colcon_core.environment:checking '/home/eero/finalProject/drone_racing_ros2-main/install/tello_description/lib/pkgconfig/tello_description.pc'
[0.937s] Level 1:colcon.colcon_core.environment:checking '/home/eero/finalProject/drone_racing_ros2-main/install/tello_description/lib/python3.8/site-packages'
[0.937s] Level 1:colcon.colcon_core.environment:checking '/home/eero/finalProject/drone_racing_ros2-main/install/tello_description/bin'
[0.938s] INFO:colcon.colcon_core.shell:Creating package script '/home/eero/finalProject/drone_racing_ros2-main/install/tello_description/share/tello_description/package.ps1'
[0.938s] INFO:colcon.colcon_core.shell:Creating package descriptor '/home/eero/finalProject/drone_racing_ros2-main/install/tello_description/share/tello_description/package.dsv'
[0.939s] INFO:colcon.colcon_core.shell:Creating package script '/home/eero/finalProject/drone_racing_ros2-main/install/tello_description/share/tello_description/package.sh'
[0.939s] INFO:colcon.colcon_core.shell:Creating package script '/home/eero/finalProject/drone_racing_ros2-main/install/tello_description/share/tello_description/package.bash'
[0.940s] INFO:colcon.colcon_core.shell:Creating package script '/home/eero/finalProject/drone_racing_ros2-main/install/tello_description/share/tello_description/package.zsh'
[0.940s] Level 1:colcon.colcon_core.environment:create_file_with_runtime_dependencies(/home/eero/finalProject/drone_racing_ros2-main/install/tello_description/share/colcon-core/packages/tello_description)
[1.109s] DEBUG:colcon.colcon_core.event_handler.log_command:Invoked command in '/home/eero/finalProject/drone_racing_ros2-main/build/tello_msgs' returned '0': CMAKE_PREFIX_PATH=${CMAKE_PREFIX_PATH}:/home/eero/turtlebot3_ws/install/turtlebot3_teleop:/home/eero/turtlebot3_ws/install/turtlebot3_example:/opt/ros/galactic /usr/bin/cmake --build /home/eero/finalProject/drone_racing_ros2-main/build/tello_msgs -- -j6 -l6
[1.114s] DEBUG:colcon.colcon_core.event_handler.log_command:Invoking command in '/home/eero/finalProject/drone_racing_ros2-main/build/tello_msgs': CMAKE_PREFIX_PATH=${CMAKE_PREFIX_PATH}:/home/eero/turtlebot3_ws/install/turtlebot3_teleop:/home/eero/turtlebot3_ws/install/turtlebot3_example:/opt/ros/galactic /usr/bin/cmake --install /home/eero/finalProject/drone_racing_ros2-main/build/tello_msgs
[1.200s] Level 1:colcon.colcon_core.environment:create_environment_scripts_only(tello_msgs)
[1.200s] Level 1:colcon.colcon_core.environment:checking '/home/eero/finalProject/drone_racing_ros2-main/install/tello_msgs' for CMake module files
[1.201s] DEBUG:colcon.colcon_core.event_handler.log_command:Invoked command in '/home/eero/finalProject/drone_racing_ros2-main/build/tello_msgs' returned '0': CMAKE_PREFIX_PATH=${CMAKE_PREFIX_PATH}:/home/eero/turtlebot3_ws/install/turtlebot3_teleop:/home/eero/turtlebot3_ws/install/turtlebot3_example:/opt/ros/galactic /usr/bin/cmake --install /home/eero/finalProject/drone_racing_ros2-main/build/tello_msgs
[1.202s] Level 1:colcon.colcon_core.environment:checking '/home/eero/finalProject/drone_racing_ros2-main/install/tello_msgs' for CMake config files
[1.203s] Level 1:colcon.colcon_core.shell:create_environment_hook('tello_msgs', 'cmake_prefix_path')
[1.203s] INFO:colcon.colcon_core.shell:Creating environment hook '/home/eero/finalProject/drone_racing_ros2-main/install/tello_msgs/share/tello_msgs/hook/cmake_prefix_path.ps1'
[1.204s] INFO:colcon.colcon_core.shell:Creating environment descriptor '/home/eero/finalProject/drone_racing_ros2-main/install/tello_msgs/share/tello_msgs/hook/cmake_prefix_path.dsv'
[1.205s] INFO:colcon.colcon_core.shell:Creating environment hook '/home/eero/finalProject/drone_racing_ros2-main/install/tello_msgs/share/tello_msgs/hook/cmake_prefix_path.sh'
[1.205s] Level 1:colcon.colcon_core.environment:checking '/home/eero/finalProject/drone_racing_ros2-main/install/tello_msgs/lib'
[1.206s] Level 1:colcon.colcon_core.shell:create_environment_hook('tello_msgs', 'ld_library_path_lib')
[1.206s] INFO:colcon.colcon_core.shell:Creating environment hook '/home/eero/finalProject/drone_racing_ros2-main/install/tello_msgs/share/tello_msgs/hook/ld_library_path_lib.ps1'
[1.207s] INFO:colcon.colcon_core.shell:Creating environment descriptor '/home/eero/finalProject/drone_racing_ros2-main/install/tello_msgs/share/tello_msgs/hook/ld_library_path_lib.dsv'
[1.207s] INFO:colcon.colcon_core.shell:Creating environment hook '/home/eero/finalProject/drone_racing_ros2-main/install/tello_msgs/share/tello_msgs/hook/ld_library_path_lib.sh'
[1.208s] Level 1:colcon.colcon_core.environment:checking '/home/eero/finalProject/drone_racing_ros2-main/install/tello_msgs/bin'
[1.208s] Level 1:colcon.colcon_core.environment:checking '/home/eero/finalProject/drone_racing_ros2-main/install/tello_msgs/lib/pkgconfig/tello_msgs.pc'
[1.208s] Level 1:colcon.colcon_core.environment:checking '/home/eero/finalProject/drone_racing_ros2-main/install/tello_msgs/lib/python3.8/site-packages'
[1.208s] Level 1:colcon.colcon_core.shell:create_environment_hook('tello_msgs', 'pythonpath')
[1.209s] INFO:colcon.colcon_core.shell:Creating environment hook '/home/eero/finalProject/drone_racing_ros2-main/install/tello_msgs/share/tello_msgs/hook/pythonpath.ps1'
[1.209s] INFO:colcon.colcon_core.shell:Creating environment descriptor '/home/eero/finalProject/drone_racing_ros2-main/install/tello_msgs/share/tello_msgs/hook/pythonpath.dsv'
[1.210s] INFO:colcon.colcon_core.shell:Creating environment hook '/home/eero/finalProject/drone_racing_ros2-main/install/tello_msgs/share/tello_msgs/hook/pythonpath.sh'
[1.210s] Level 1:colcon.colcon_core.environment:checking '/home/eero/finalProject/drone_racing_ros2-main/install/tello_msgs/bin'
[1.211s] INFO:colcon.colcon_core.shell:Creating package script '/home/eero/finalProject/drone_racing_ros2-main/install/tello_msgs/share/tello_msgs/package.ps1'
[1.212s] INFO:colcon.colcon_core.shell:Creating package descriptor '/home/eero/finalProject/drone_racing_ros2-main/install/tello_msgs/share/tello_msgs/package.dsv'
[1.212s] INFO:colcon.colcon_core.shell:Creating package script '/home/eero/finalProject/drone_racing_ros2-main/install/tello_msgs/share/tello_msgs/package.sh'
[1.213s] INFO:colcon.colcon_core.shell:Creating package script '/home/eero/finalProject/drone_racing_ros2-main/install/tello_msgs/share/tello_msgs/package.bash'
[1.213s] INFO:colcon.colcon_core.shell:Creating package script '/home/eero/finalProject/drone_racing_ros2-main/install/tello_msgs/share/tello_msgs/package.zsh'
[1.214s] Level 1:colcon.colcon_core.environment:create_file_with_runtime_dependencies(/home/eero/finalProject/drone_racing_ros2-main/install/tello_msgs/share/colcon-core/packages/tello_msgs)
[1.215s] Level 1:colcon.colcon_core.environment:create_environment_scripts_only(tello_msgs)
[1.215s] Level 1:colcon.colcon_core.environment:checking '/home/eero/finalProject/drone_racing_ros2-main/install/tello_msgs' for CMake module files
[1.216s] Level 1:colcon.colcon_core.environment:checking '/home/eero/finalProject/drone_racing_ros2-main/install/tello_msgs' for CMake config files
[1.217s] Level 1:colcon.colcon_core.shell:create_environment_hook('tello_msgs', 'cmake_prefix_path')
[1.218s] INFO:colcon.colcon_core.shell:Creating environment hook '/home/eero/finalProject/drone_racing_ros2-main/install/tello_msgs/share/tello_msgs/hook/cmake_prefix_path.ps1'
[1.218s] INFO:colcon.colcon_core.shell:Creating environment descriptor '/home/eero/finalProject/drone_racing_ros2-main/install/tello_msgs/share/tello_msgs/hook/cmake_prefix_path.dsv'
[1.219s] INFO:colcon.colcon_core.shell:Creating environment hook '/home/eero/finalProject/drone_racing_ros2-main/install/tello_msgs/share/tello_msgs/hook/cmake_prefix_path.sh'
[1.219s] Level 1:colcon.colcon_core.environment:checking '/home/eero/finalProject/drone_racing_ros2-main/install/tello_msgs/lib'
[1.220s] Level 1:colcon.colcon_core.shell:create_environment_hook('tello_msgs', 'ld_library_path_lib')
[1.220s] INFO:colcon.colcon_core.shell:Creating environment hook '/home/eero/finalProject/drone_racing_ros2-main/install/tello_msgs/share/tello_msgs/hook/ld_library_path_lib.ps1'
[1.220s] INFO:colcon.colcon_core.shell:Creating environment descriptor '/home/eero/finalProject/drone_racing_ros2-main/install/tello_msgs/share/tello_msgs/hook/ld_library_path_lib.dsv'
[1.221s] INFO:colcon.colcon_core.shell:Creating environment hook '/home/eero/finalProject/drone_racing_ros2-main/install/tello_msgs/share/tello_msgs/hook/ld_library_path_lib.sh'
[1.221s] Level 1:colcon.colcon_core.environment:checking '/home/eero/finalProject/drone_racing_ros2-main/install/tello_msgs/bin'
[1.221s] Level 1:colcon.colcon_core.environment:checking '/home/eero/finalProject/drone_racing_ros2-main/install/tello_msgs/lib/pkgconfig/tello_msgs.pc'
[1.221s] Level 1:colcon.colcon_core.environment:checking '/home/eero/finalProject/drone_racing_ros2-main/install/tello_msgs/lib/python3.8/site-packages'
[1.222s] Level 1:colcon.colcon_core.shell:create_environment_hook('tello_msgs', 'pythonpath')
[1.222s] INFO:colcon.colcon_core.shell:Creating environment hook '/home/eero/finalProject/drone_racing_ros2-main/install/tello_msgs/share/tello_msgs/hook/pythonpath.ps1'
[1.222s] INFO:colcon.colcon_core.shell:Creating environment descriptor '/home/eero/finalProject/drone_racing_ros2-main/install/tello_msgs/share/tello_msgs/hook/pythonpath.dsv'
[1.223s] INFO:colcon.colcon_core.shell:Creating environment hook '/home/eero/finalProject/drone_racing_ros2-main/install/tello_msgs/share/tello_msgs/hook/pythonpath.sh'
[1.223s] Level 1:colcon.colcon_core.environment:checking '/home/eero/finalProject/drone_racing_ros2-main/install/tello_msgs/bin'
[1.224s] INFO:colcon.colcon_core.shell:Creating package script '/home/eero/finalProject/drone_racing_ros2-main/install/tello_msgs/share/tello_msgs/package.ps1'
[1.225s] INFO:colcon.colcon_core.shell:Creating package descriptor '/home/eero/finalProject/drone_racing_ros2-main/install/tello_msgs/share/tello_msgs/package.dsv'
[1.225s] INFO:colcon.colcon_core.shell:Creating package script '/home/eero/finalProject/drone_racing_ros2-main/install/tello_msgs/share/tello_msgs/package.sh'
[1.226s] INFO:colcon.colcon_core.shell:Creating package script '/home/eero/finalProject/drone_racing_ros2-main/install/tello_msgs/share/tello_msgs/package.bash'
[1.226s] INFO:colcon.colcon_core.shell:Creating package script '/home/eero/finalProject/drone_racing_ros2-main/install/tello_msgs/share/tello_msgs/package.zsh'
[1.227s] Level 1:colcon.colcon_core.environment:create_file_with_runtime_dependencies(/home/eero/finalProject/drone_racing_ros2-main/install/tello_msgs/share/colcon-core/packages/tello_msgs)
[1.227s] INFO:colcon.colcon_ros.task.ament_cmake.build:Building ROS package in '/home/eero/finalProject/drone_racing_ros2-main/tello_ros/tello_driver' with build type 'ament_cmake'
[1.228s] INFO:colcon.colcon_cmake.task.cmake.build:Building CMake package in '/home/eero/finalProject/drone_racing_ros2-main/tello_ros/tello_driver'
[1.228s] INFO:colcon.colcon_core.shell:Skip shell extension 'powershell' for command environment: Not usable outside of PowerShell
[1.228s] DEBUG:colcon.colcon_core.shell:Skip shell extension 'dsv' for command environment
[1.239s] INFO:colcon.colcon_ros.task.ament_cmake.build:Building ROS package in '/home/eero/finalProject/drone_racing_ros2-main/tello_ros/tello_gazebo' with build type 'ament_cmake'
[1.240s] INFO:colcon.colcon_cmake.task.cmake.build:Building CMake package in '/home/eero/finalProject/drone_racing_ros2-main/tello_ros/tello_gazebo'
[1.241s] INFO:colcon.colcon_core.shell:Skip shell extension 'powershell' for command environment: Not usable outside of PowerShell
[1.241s] DEBUG:colcon.colcon_core.shell:Skip shell extension 'dsv' for command environment
[1.261s] DEBUG:colcon.colcon_core.event_handler.log_command:Invoking command in '/home/eero/finalProject/drone_racing_ros2-main/build/tello_driver': AMENT_PREFIX_PATH=/home/eero/finalProject/drone_racing_ros2-main/install/tello_msgs:/home/eero/finalProject/drone_racing_ros2-main/install/ros2_shared:${AMENT_PREFIX_PATH} CMAKE_PREFIX_PATH=/home/eero/finalProject/drone_racing_ros2-main/install/tello_msgs:/home/eero/finalProject/drone_racing_ros2-main/install/ros2_shared:/home/eero/turtlebot3_ws/install/turtlebot3:/home/eero/turtlebot3_ws/install/turtlebot3_simulations:/home/eero/turtlebot3_ws/install/turtlebot3_bringup:/home/eero/turtlebot3_ws/install/turtlebot3_node:/home/eero/turtlebot3_ws/install/turtlebot3_navigation2:/home/eero/turtlebot3_ws/install/turtlebot3_fake_node:/home/eero/turtlebot3_ws/install/turtlebot3_msgs:/home/eero/turtlebot3_ws/install/turtlebot3_manipulation_gazebo:/home/eero/turtlebot3_ws/install/turtlebot3_gazebo:/home/eero/turtlebot3_ws/install/turtlebot3_description:/home/eero/turtlebot3_ws/install/turtlebot3_cartographer:/home/eero/turtlebot3_ws/install/dynamixel_sdk_examples:/home/eero/turtlebot3_ws/install/dynamixel_sdk_custom_interfaces:/home/eero/turtlebot3_ws/install/dynamixel_sdk:/home/eero/turtlebot3_ws/install/turtlebot3_teleop:/home/eero/turtlebot3_ws/install/turtlebot3_example:/opt/ros/galactic LD_LIBRARY_PATH=/home/eero/finalProject/drone_racing_ros2-main/install/tello_msgs/lib:/home/eero/turtlebot3_ws/install/turtlebot3_msgs/lib:/home/eero/turtlebot3_ws/install/dynamixel_sdk_custom_interfaces/lib:/home/eero/turtlebot3_ws/install/dynamixel_sdk/lib:/usr/lib/x86_64-linux-gnu/gazebo-11/plugins:/opt/ros/galactic/opt/yaml_cpp_vendor/lib:/opt/ros/galactic/opt/rviz_ogre_vendor/lib:/opt/ros/galactic/lib/x86_64-linux-gnu:/opt/ros/galactic/lib:/usr/lib/x86_64-linux-gnu/gazebo-11/plugins PYTHONPATH=/home/eero/finalProject/drone_racing_ros2-main/install/tello_msgs/lib/python3.8/site-packages:${PYTHONPATH} /usr/bin/cmake --build /home/eero/finalProject/drone_racing_ros2-main/build/tello_driver -- -j6 -l6
[1.270s] DEBUG:colcon.colcon_core.event_handler.log_command:Invoking command in '/home/eero/finalProject/drone_racing_ros2-main/build/tello_gazebo': AMENT_PREFIX_PATH=/home/eero/finalProject/drone_racing_ros2-main/install/tello_msgs:${AMENT_PREFIX_PATH} CMAKE_PREFIX_PATH=/home/eero/finalProject/drone_racing_ros2-main/install/tello_msgs:/home/eero/turtlebot3_ws/install/turtlebot3:/home/eero/turtlebot3_ws/install/turtlebot3_simulations:/home/eero/turtlebot3_ws/install/turtlebot3_bringup:/home/eero/turtlebot3_ws/install/turtlebot3_node:/home/eero/turtlebot3_ws/install/turtlebot3_navigation2:/home/eero/turtlebot3_ws/install/turtlebot3_fake_node:/home/eero/turtlebot3_ws/install/turtlebot3_msgs:/home/eero/turtlebot3_ws/install/turtlebot3_manipulation_gazebo:/home/eero/turtlebot3_ws/install/turtlebot3_gazebo:/home/eero/turtlebot3_ws/install/turtlebot3_description:/home/eero/turtlebot3_ws/install/turtlebot3_cartographer:/home/eero/turtlebot3_ws/install/dynamixel_sdk_examples:/home/eero/turtlebot3_ws/install/dynamixel_sdk_custom_interfaces:/home/eero/turtlebot3_ws/install/dynamixel_sdk:/home/eero/turtlebot3_ws/install/turtlebot3_teleop:/home/eero/turtlebot3_ws/install/turtlebot3_example:/opt/ros/galactic LD_LIBRARY_PATH=/home/eero/finalProject/drone_racing_ros2-main/install/tello_msgs/lib:/home/eero/turtlebot3_ws/install/turtlebot3_msgs/lib:/home/eero/turtlebot3_ws/install/dynamixel_sdk_custom_interfaces/lib:/home/eero/turtlebot3_ws/install/dynamixel_sdk/lib:/usr/lib/x86_64-linux-gnu/gazebo-11/plugins:/opt/ros/galactic/opt/yaml_cpp_vendor/lib:/opt/ros/galactic/opt/rviz_ogre_vendor/lib:/opt/ros/galactic/lib/x86_64-linux-gnu:/opt/ros/galactic/lib:/usr/lib/x86_64-linux-gnu/gazebo-11/plugins PYTHONPATH=/home/eero/finalProject/drone_racing_ros2-main/install/tello_msgs/lib/python3.8/site-packages:${PYTHONPATH} /usr/bin/cmake --build /home/eero/finalProject/drone_racing_ros2-main/build/tello_gazebo -- -j6 -l6
[1.417s] DEBUG:colcon.colcon_core.event_handler.log_command:Invoked command in '/home/eero/finalProject/drone_racing_ros2-main/build/tello_driver' returned '0': AMENT_PREFIX_PATH=/home/eero/finalProject/drone_racing_ros2-main/install/tello_msgs:/home/eero/finalProject/drone_racing_ros2-main/install/ros2_shared:${AMENT_PREFIX_PATH} CMAKE_PREFIX_PATH=/home/eero/finalProject/drone_racing_ros2-main/install/tello_msgs:/home/eero/finalProject/drone_racing_ros2-main/install/ros2_shared:/home/eero/turtlebot3_ws/install/turtlebot3:/home/eero/turtlebot3_ws/install/turtlebot3_simulations:/home/eero/turtlebot3_ws/install/turtlebot3_bringup:/home/eero/turtlebot3_ws/install/turtlebot3_node:/home/eero/turtlebot3_ws/install/turtlebot3_navigation2:/home/eero/turtlebot3_ws/install/turtlebot3_fake_node:/home/eero/turtlebot3_ws/install/turtlebot3_msgs:/home/eero/turtlebot3_ws/install/turtlebot3_manipulation_gazebo:/home/eero/turtlebot3_ws/install/turtlebot3_gazebo:/home/eero/turtlebot3_ws/install/turtlebot3_description:/home/eero/turtlebot3_ws/install/turtlebot3_cartographer:/home/eero/turtlebot3_ws/install/dynamixel_sdk_examples:/home/eero/turtlebot3_ws/install/dynamixel_sdk_custom_interfaces:/home/eero/turtlebot3_ws/install/dynamixel_sdk:/home/eero/turtlebot3_ws/install/turtlebot3_teleop:/home/eero/turtlebot3_ws/install/turtlebot3_example:/opt/ros/galactic LD_LIBRARY_PATH=/home/eero/finalProject/drone_racing_ros2-main/install/tello_msgs/lib:/home/eero/turtlebot3_ws/install/turtlebot3_msgs/lib:/home/eero/turtlebot3_ws/install/dynamixel_sdk_custom_interfaces/lib:/home/eero/turtlebot3_ws/install/dynamixel_sdk/lib:/usr/lib/x86_64-linux-gnu/gazebo-11/plugins:/opt/ros/galactic/opt/yaml_cpp_vendor/lib:/opt/ros/galactic/opt/rviz_ogre_vendor/lib:/opt/ros/galactic/lib/x86_64-linux-gnu:/opt/ros/galactic/lib:/usr/lib/x86_64-linux-gnu/gazebo-11/plugins PYTHONPATH=/home/eero/finalProject/drone_racing_ros2-main/install/tello_msgs/lib/python3.8/site-packages:${PYTHONPATH} /usr/bin/cmake --build /home/eero/finalProject/drone_racing_ros2-main/build/tello_driver -- -j6 -l6
[1.422s] DEBUG:colcon.colcon_core.event_handler.log_command:Invoking command in '/home/eero/finalProject/drone_racing_ros2-main/build/tello_driver': AMENT_PREFIX_PATH=/home/eero/finalProject/drone_racing_ros2-main/install/tello_msgs:/home/eero/finalProject/drone_racing_ros2-main/install/ros2_shared:${AMENT_PREFIX_PATH} CMAKE_PREFIX_PATH=/home/eero/finalProject/drone_racing_ros2-main/install/tello_msgs:/home/eero/finalProject/drone_racing_ros2-main/install/ros2_shared:/home/eero/turtlebot3_ws/install/turtlebot3:/home/eero/turtlebot3_ws/install/turtlebot3_simulations:/home/eero/turtlebot3_ws/install/turtlebot3_bringup:/home/eero/turtlebot3_ws/install/turtlebot3_node:/home/eero/turtlebot3_ws/install/turtlebot3_navigation2:/home/eero/turtlebot3_ws/install/turtlebot3_fake_node:/home/eero/turtlebot3_ws/install/turtlebot3_msgs:/home/eero/turtlebot3_ws/install/turtlebot3_manipulation_gazebo:/home/eero/turtlebot3_ws/install/turtlebot3_gazebo:/home/eero/turtlebot3_ws/install/turtlebot3_description:/home/eero/turtlebot3_ws/install/turtlebot3_cartographer:/home/eero/turtlebot3_ws/install/dynamixel_sdk_examples:/home/eero/turtlebot3_ws/install/dynamixel_sdk_custom_interfaces:/home/eero/turtlebot3_ws/install/dynamixel_sdk:/home/eero/turtlebot3_ws/install/turtlebot3_teleop:/home/eero/turtlebot3_ws/install/turtlebot3_example:/opt/ros/galactic LD_LIBRARY_PATH=/home/eero/finalProject/drone_racing_ros2-main/install/tello_msgs/lib:/home/eero/turtlebot3_ws/install/turtlebot3_msgs/lib:/home/eero/turtlebot3_ws/install/dynamixel_sdk_custom_interfaces/lib:/home/eero/turtlebot3_ws/install/dynamixel_sdk/lib:/usr/lib/x86_64-linux-gnu/gazebo-11/plugins:/opt/ros/galactic/opt/yaml_cpp_vendor/lib:/opt/ros/galactic/opt/rviz_ogre_vendor/lib:/opt/ros/galactic/lib/x86_64-linux-gnu:/opt/ros/galactic/lib:/usr/lib/x86_64-linux-gnu/gazebo-11/plugins PYTHONPATH=/home/eero/finalProject/drone_racing_ros2-main/install/tello_msgs/lib/python3.8/site-packages:${PYTHONPATH} /usr/bin/cmake --install /home/eero/finalProject/drone_racing_ros2-main/build/tello_driver
[1.425s] DEBUG:colcon.colcon_core.event_handler.log_command:Invoked command in '/home/eero/finalProject/drone_racing_ros2-main/build/tello_gazebo' returned '0': AMENT_PREFIX_PATH=/home/eero/finalProject/drone_racing_ros2-main/install/tello_msgs:${AMENT_PREFIX_PATH} CMAKE_PREFIX_PATH=/home/eero/finalProject/drone_racing_ros2-main/install/tello_msgs:/home/eero/turtlebot3_ws/install/turtlebot3:/home/eero/turtlebot3_ws/install/turtlebot3_simulations:/home/eero/turtlebot3_ws/install/turtlebot3_bringup:/home/eero/turtlebot3_ws/install/turtlebot3_node:/home/eero/turtlebot3_ws/install/turtlebot3_navigation2:/home/eero/turtlebot3_ws/install/turtlebot3_fake_node:/home/eero/turtlebot3_ws/install/turtlebot3_msgs:/home/eero/turtlebot3_ws/install/turtlebot3_manipulation_gazebo:/home/eero/turtlebot3_ws/install/turtlebot3_gazebo:/home/eero/turtlebot3_ws/install/turtlebot3_description:/home/eero/turtlebot3_ws/install/turtlebot3_cartographer:/home/eero/turtlebot3_ws/install/dynamixel_sdk_examples:/home/eero/turtlebot3_ws/install/dynamixel_sdk_custom_interfaces:/home/eero/turtlebot3_ws/install/dynamixel_sdk:/home/eero/turtlebot3_ws/install/turtlebot3_teleop:/home/eero/turtlebot3_ws/install/turtlebot3_example:/opt/ros/galactic LD_LIBRARY_PATH=/home/eero/finalProject/drone_racing_ros2-main/install/tello_msgs/lib:/home/eero/turtlebot3_ws/install/turtlebot3_msgs/lib:/home/eero/turtlebot3_ws/install/dynamixel_sdk_custom_interfaces/lib:/home/eero/turtlebot3_ws/install/dynamixel_sdk/lib:/usr/lib/x86_64-linux-gnu/gazebo-11/plugins:/opt/ros/galactic/opt/yaml_cpp_vendor/lib:/opt/ros/galactic/opt/rviz_ogre_vendor/lib:/opt/ros/galactic/lib/x86_64-linux-gnu:/opt/ros/galactic/lib:/usr/lib/x86_64-linux-gnu/gazebo-11/plugins PYTHONPATH=/home/eero/finalProject/drone_racing_ros2-main/install/tello_msgs/lib/python3.8/site-packages:${PYTHONPATH} /usr/bin/cmake --build /home/eero/finalProject/drone_racing_ros2-main/build/tello_gazebo -- -j6 -l6
[1.430s] DEBUG:colcon.colcon_core.event_handler.log_command:Invoking command in '/home/eero/finalProject/drone_racing_ros2-main/build/tello_gazebo': AMENT_PREFIX_PATH=/home/eero/finalProject/drone_racing_ros2-main/install/tello_msgs:${AMENT_PREFIX_PATH} CMAKE_PREFIX_PATH=/home/eero/finalProject/drone_racing_ros2-main/install/tello_msgs:/home/eero/turtlebot3_ws/install/turtlebot3:/home/eero/turtlebot3_ws/install/turtlebot3_simulations:/home/eero/turtlebot3_ws/install/turtlebot3_bringup:/home/eero/turtlebot3_ws/install/turtlebot3_node:/home/eero/turtlebot3_ws/install/turtlebot3_navigation2:/home/eero/turtlebot3_ws/install/turtlebot3_fake_node:/home/eero/turtlebot3_ws/install/turtlebot3_msgs:/home/eero/turtlebot3_ws/install/turtlebot3_manipulation_gazebo:/home/eero/turtlebot3_ws/install/turtlebot3_gazebo:/home/eero/turtlebot3_ws/install/turtlebot3_description:/home/eero/turtlebot3_ws/install/turtlebot3_cartographer:/home/eero/turtlebot3_ws/install/dynamixel_sdk_examples:/home/eero/turtlebot3_ws/install/dynamixel_sdk_custom_interfaces:/home/eero/turtlebot3_ws/install/dynamixel_sdk:/home/eero/turtlebot3_ws/install/turtlebot3_teleop:/home/eero/turtlebot3_ws/install/turtlebot3_example:/opt/ros/galactic LD_LIBRARY_PATH=/home/eero/finalProject/drone_racing_ros2-main/install/tello_msgs/lib:/home/eero/turtlebot3_ws/install/turtlebot3_msgs/lib:/home/eero/turtlebot3_ws/install/dynamixel_sdk_custom_interfaces/lib:/home/eero/turtlebot3_ws/install/dynamixel_sdk/lib:/usr/lib/x86_64-linux-gnu/gazebo-11/plugins:/opt/ros/galactic/opt/yaml_cpp_vendor/lib:/opt/ros/galactic/opt/rviz_ogre_vendor/lib:/opt/ros/galactic/lib/x86_64-linux-gnu:/opt/ros/galactic/lib:/usr/lib/x86_64-linux-gnu/gazebo-11/plugins PYTHONPATH=/home/eero/finalProject/drone_racing_ros2-main/install/tello_msgs/lib/python3.8/site-packages:${PYTHONPATH} /usr/bin/cmake --install /home/eero/finalProject/drone_racing_ros2-main/build/tello_gazebo
[1.446s] Level 1:colcon.colcon_core.environment:create_environment_scripts_only(tello_driver)
[1.447s] DEBUG:colcon.colcon_core.event_handler.log_command:Invoked command in '/home/eero/finalProject/drone_racing_ros2-main/build/tello_driver' returned '0': AMENT_PREFIX_PATH=/home/eero/finalProject/drone_racing_ros2-main/install/tello_msgs:/home/eero/finalProject/drone_racing_ros2-main/install/ros2_shared:${AMENT_PREFIX_PATH} CMAKE_PREFIX_PATH=/home/eero/finalProject/drone_racing_ros2-main/install/tello_msgs:/home/eero/finalProject/drone_racing_ros2-main/install/ros2_shared:/home/eero/turtlebot3_ws/install/turtlebot3:/home/eero/turtlebot3_ws/install/turtlebot3_simulations:/home/eero/turtlebot3_ws/install/turtlebot3_bringup:/home/eero/turtlebot3_ws/install/turtlebot3_node:/home/eero/turtlebot3_ws/install/turtlebot3_navigation2:/home/eero/turtlebot3_ws/install/turtlebot3_fake_node:/home/eero/turtlebot3_ws/install/turtlebot3_msgs:/home/eero/turtlebot3_ws/install/turtlebot3_manipulation_gazebo:/home/eero/turtlebot3_ws/install/turtlebot3_gazebo:/home/eero/turtlebot3_ws/install/turtlebot3_description:/home/eero/turtlebot3_ws/install/turtlebot3_cartographer:/home/eero/turtlebot3_ws/install/dynamixel_sdk_examples:/home/eero/turtlebot3_ws/install/dynamixel_sdk_custom_interfaces:/home/eero/turtlebot3_ws/install/dynamixel_sdk:/home/eero/turtlebot3_ws/install/turtlebot3_teleop:/home/eero/turtlebot3_ws/install/turtlebot3_example:/opt/ros/galactic LD_LIBRARY_PATH=/home/eero/finalProject/drone_racing_ros2-main/install/tello_msgs/lib:/home/eero/turtlebot3_ws/install/turtlebot3_msgs/lib:/home/eero/turtlebot3_ws/install/dynamixel_sdk_custom_interfaces/lib:/home/eero/turtlebot3_ws/install/dynamixel_sdk/lib:/usr/lib/x86_64-linux-gnu/gazebo-11/plugins:/opt/ros/galactic/opt/yaml_cpp_vendor/lib:/opt/ros/galactic/opt/rviz_ogre_vendor/lib:/opt/ros/galactic/lib/x86_64-linux-gnu:/opt/ros/galactic/lib:/usr/lib/x86_64-linux-gnu/gazebo-11/plugins PYTHONPATH=/home/eero/finalProject/drone_racing_ros2-main/install/tello_msgs/lib/python3.8/site-packages:${PYTHONPATH} /usr/bin/cmake --install /home/eero/finalProject/drone_racing_ros2-main/build/tello_driver
[1.448s] Level 1:colcon.colcon_core.environment:checking '/home/eero/finalProject/drone_racing_ros2-main/install/tello_driver' for CMake module files
[1.452s] Level 1:colcon.colcon_core.environment:checking '/home/eero/finalProject/drone_racing_ros2-main/install/tello_driver' for CMake config files
[1.462s] Level 1:colcon.colcon_core.shell:create_environment_hook('tello_driver', 'cmake_prefix_path')
[1.463s] INFO:colcon.colcon_core.shell:Creating environment hook '/home/eero/finalProject/drone_racing_ros2-main/install/tello_driver/share/tello_driver/hook/cmake_prefix_path.ps1'
[1.464s] INFO:colcon.colcon_core.shell:Creating environment descriptor '/home/eero/finalProject/drone_racing_ros2-main/install/tello_driver/share/tello_driver/hook/cmake_prefix_path.dsv'
[1.465s] INFO:colcon.colcon_core.shell:Creating environment hook '/home/eero/finalProject/drone_racing_ros2-main/install/tello_driver/share/tello_driver/hook/cmake_prefix_path.sh'
[1.466s] Level 1:colcon.colcon_core.environment:checking '/home/eero/finalProject/drone_racing_ros2-main/install/tello_driver/lib'
[1.466s] Level 1:colcon.colcon_core.shell:create_environment_hook('tello_driver', 'ld_library_path_lib')
[1.466s] INFO:colcon.colcon_core.shell:Creating environment hook '/home/eero/finalProject/drone_racing_ros2-main/install/tello_driver/share/tello_driver/hook/ld_library_path_lib.ps1'
[1.467s] INFO:colcon.colcon_core.shell:Creating environment descriptor '/home/eero/finalProject/drone_racing_ros2-main/install/tello_driver/share/tello_driver/hook/ld_library_path_lib.dsv'
[1.468s] INFO:colcon.colcon_core.shell:Creating environment hook '/home/eero/finalProject/drone_racing_ros2-main/install/tello_driver/share/tello_driver/hook/ld_library_path_lib.sh'
[1.468s] Level 1:colcon.colcon_core.environment:checking '/home/eero/finalProject/drone_racing_ros2-main/install/tello_driver/bin'
[1.469s] Level 1:colcon.colcon_core.environment:checking '/home/eero/finalProject/drone_racing_ros2-main/install/tello_driver/lib/pkgconfig/tello_driver.pc'
[1.469s] Level 1:colcon.colcon_core.environment:checking '/home/eero/finalProject/drone_racing_ros2-main/install/tello_driver/lib/python3.8/site-packages'
[1.469s] Level 1:colcon.colcon_core.environment:checking '/home/eero/finalProject/drone_racing_ros2-main/install/tello_driver/bin'
[1.470s] INFO:colcon.colcon_core.shell:Creating package script '/home/eero/finalProject/drone_racing_ros2-main/install/tello_driver/share/tello_driver/package.ps1'
[1.471s] INFO:colcon.colcon_core.shell:Creating package descriptor '/home/eero/finalProject/drone_racing_ros2-main/install/tello_driver/share/tello_driver/package.dsv'
[1.472s] INFO:colcon.colcon_core.shell:Creating package script '/home/eero/finalProject/drone_racing_ros2-main/install/tello_driver/share/tello_driver/package.sh'
[1.472s] INFO:colcon.colcon_core.shell:Creating package script '/home/eero/finalProject/drone_racing_ros2-main/install/tello_driver/share/tello_driver/package.bash'
[1.473s] INFO:colcon.colcon_core.shell:Creating package script '/home/eero/finalProject/drone_racing_ros2-main/install/tello_driver/share/tello_driver/package.zsh'
[1.473s] Level 1:colcon.colcon_core.environment:create_file_with_runtime_dependencies(/home/eero/finalProject/drone_racing_ros2-main/install/tello_driver/share/colcon-core/packages/tello_driver)
[1.474s] Level 1:colcon.colcon_core.environment:create_environment_scripts_only(tello_driver)
[1.474s] Level 1:colcon.colcon_core.environment:checking '/home/eero/finalProject/drone_racing_ros2-main/install/tello_driver' for CMake module files
[1.475s] Level 1:colcon.colcon_core.environment:checking '/home/eero/finalProject/drone_racing_ros2-main/install/tello_driver' for CMake config files
[1.475s] Level 1:colcon.colcon_core.shell:create_environment_hook('tello_driver', 'cmake_prefix_path')
[1.476s] INFO:colcon.colcon_core.shell:Creating environment hook '/home/eero/finalProject/drone_racing_ros2-main/install/tello_driver/share/tello_driver/hook/cmake_prefix_path.ps1'
[1.476s] INFO:colcon.colcon_core.shell:Creating environment descriptor '/home/eero/finalProject/drone_racing_ros2-main/install/tello_driver/share/tello_driver/hook/cmake_prefix_path.dsv'
[1.477s] INFO:colcon.colcon_core.shell:Creating environment hook '/home/eero/finalProject/drone_racing_ros2-main/install/tello_driver/share/tello_driver/hook/cmake_prefix_path.sh'
[1.477s] Level 1:colcon.colcon_core.environment:checking '/home/eero/finalProject/drone_racing_ros2-main/install/tello_driver/lib'
[1.478s] Level 1:colcon.colcon_core.shell:create_environment_hook('tello_driver', 'ld_library_path_lib')
[1.478s] INFO:colcon.colcon_core.shell:Creating environment hook '/home/eero/finalProject/drone_racing_ros2-main/install/tello_driver/share/tello_driver/hook/ld_library_path_lib.ps1'
[1.478s] INFO:colcon.colcon_core.shell:Creating environment descriptor '/home/eero/finalProject/drone_racing_ros2-main/install/tello_driver/share/tello_driver/hook/ld_library_path_lib.dsv'
[1.479s] INFO:colcon.colcon_core.shell:Creating environment hook '/home/eero/finalProject/drone_racing_ros2-main/install/tello_driver/share/tello_driver/hook/ld_library_path_lib.sh'
[1.479s] Level 1:colcon.colcon_core.environment:checking '/home/eero/finalProject/drone_racing_ros2-main/install/tello_driver/bin'
[1.480s] Level 1:colcon.colcon_core.environment:checking '/home/eero/finalProject/drone_racing_ros2-main/install/tello_driver/lib/pkgconfig/tello_driver.pc'
[1.480s] Level 1:colcon.colcon_core.environment:checking '/home/eero/finalProject/drone_racing_ros2-main/install/tello_driver/lib/python3.8/site-packages'
[1.480s] Level 1:colcon.colcon_core.environment:checking '/home/eero/finalProject/drone_racing_ros2-main/install/tello_driver/bin'
[1.481s] INFO:colcon.colcon_core.shell:Creating package script '/home/eero/finalProject/drone_racing_ros2-main/install/tello_driver/share/tello_driver/package.ps1'
[1.481s] INFO:colcon.colcon_core.shell:Creating package descriptor '/home/eero/finalProject/drone_racing_ros2-main/install/tello_driver/share/tello_driver/package.dsv'
[1.482s] INFO:colcon.colcon_core.shell:Creating package script '/home/eero/finalProject/drone_racing_ros2-main/install/tello_driver/share/tello_driver/package.sh'
[1.483s] INFO:colcon.colcon_core.shell:Creating package script '/home/eero/finalProject/drone_racing_ros2-main/install/tello_driver/share/tello_driver/package.bash'
[1.483s] INFO:colcon.colcon_core.shell:Creating package script '/home/eero/finalProject/drone_racing_ros2-main/install/tello_driver/share/tello_driver/package.zsh'
[1.484s] Level 1:colcon.colcon_core.environment:create_file_with_runtime_dependencies(/home/eero/finalProject/drone_racing_ros2-main/install/tello_driver/share/colcon-core/packages/tello_driver)
[1.485s] Level 1:colcon.colcon_core.environment:create_environment_scripts_only(tello_gazebo)
[1.486s] Level 1:colcon.colcon_core.environment:checking '/home/eero/finalProject/drone_racing_ros2-main/install/tello_gazebo' for CMake module files
[1.488s] DEBUG:colcon.colcon_core.event_handler.log_command:Invoked command in '/home/eero/finalProject/drone_racing_ros2-main/build/tello_gazebo' returned '0': AMENT_PREFIX_PATH=/home/eero/finalProject/drone_racing_ros2-main/install/tello_msgs:${AMENT_PREFIX_PATH} CMAKE_PREFIX_PATH=/home/eero/finalProject/drone_racing_ros2-main/install/tello_msgs:/home/eero/turtlebot3_ws/install/turtlebot3:/home/eero/turtlebot3_ws/install/turtlebot3_simulations:/home/eero/turtlebot3_ws/install/turtlebot3_bringup:/home/eero/turtlebot3_ws/install/turtlebot3_node:/home/eero/turtlebot3_ws/install/turtlebot3_navigation2:/home/eero/turtlebot3_ws/install/turtlebot3_fake_node:/home/eero/turtlebot3_ws/install/turtlebot3_msgs:/home/eero/turtlebot3_ws/install/turtlebot3_manipulation_gazebo:/home/eero/turtlebot3_ws/install/turtlebot3_gazebo:/home/eero/turtlebot3_ws/install/turtlebot3_description:/home/eero/turtlebot3_ws/install/turtlebot3_cartographer:/home/eero/turtlebot3_ws/install/dynamixel_sdk_examples:/home/eero/turtlebot3_ws/install/dynamixel_sdk_custom_interfaces:/home/eero/turtlebot3_ws/install/dynamixel_sdk:/home/eero/turtlebot3_ws/install/turtlebot3_teleop:/home/eero/turtlebot3_ws/install/turtlebot3_example:/opt/ros/galactic LD_LIBRARY_PATH=/home/eero/finalProject/drone_racing_ros2-main/install/tello_msgs/lib:/home/eero/turtlebot3_ws/install/turtlebot3_msgs/lib:/home/eero/turtlebot3_ws/install/dynamixel_sdk_custom_interfaces/lib:/home/eero/turtlebot3_ws/install/dynamixel_sdk/lib:/usr/lib/x86_64-linux-gnu/gazebo-11/plugins:/opt/ros/galactic/opt/yaml_cpp_vendor/lib:/opt/ros/galactic/opt/rviz_ogre_vendor/lib:/opt/ros/galactic/lib/x86_64-linux-gnu:/opt/ros/galactic/lib:/usr/lib/x86_64-linux-gnu/gazebo-11/plugins PYTHONPATH=/home/eero/finalProject/drone_racing_ros2-main/install/tello_msgs/lib/python3.8/site-packages:${PYTHONPATH} /usr/bin/cmake --install /home/eero/finalProject/drone_racing_ros2-main/build/tello_gazebo
[1.488s] Level 1:colcon.colcon_core.environment:checking '/home/eero/finalProject/drone_racing_ros2-main/install/tello_gazebo' for CMake config files
[1.489s] Level 1:colcon.colcon_core.shell:create_environment_hook('tello_gazebo', 'cmake_prefix_path')
[1.490s] INFO:colcon.colcon_core.shell:Creating environment hook '/home/eero/finalProject/drone_racing_ros2-main/install/tello_gazebo/share/tello_gazebo/hook/cmake_prefix_path.ps1'
[1.490s] INFO:colcon.colcon_core.shell:Creating environment descriptor '/home/eero/finalProject/drone_racing_ros2-main/install/tello_gazebo/share/tello_gazebo/hook/cmake_prefix_path.dsv'
[1.491s] INFO:colcon.colcon_core.shell:Creating environment hook '/home/eero/finalProject/drone_racing_ros2-main/install/tello_gazebo/share/tello_gazebo/hook/cmake_prefix_path.sh'
[1.492s] Level 1:colcon.colcon_core.environment:checking '/home/eero/finalProject/drone_racing_ros2-main/install/tello_gazebo/lib'
[1.492s] Level 1:colcon.colcon_core.shell:create_environment_hook('tello_gazebo', 'ld_library_path_lib')
[1.492s] INFO:colcon.colcon_core.shell:Creating environment hook '/home/eero/finalProject/drone_racing_ros2-main/install/tello_gazebo/share/tello_gazebo/hook/ld_library_path_lib.ps1'
[1.493s] INFO:colcon.colcon_core.shell:Creating environment descriptor '/home/eero/finalProject/drone_racing_ros2-main/install/tello_gazebo/share/tello_gazebo/hook/ld_library_path_lib.dsv'
[1.493s] INFO:colcon.colcon_core.shell:Creating environment hook '/home/eero/finalProject/drone_racing_ros2-main/install/tello_gazebo/share/tello_gazebo/hook/ld_library_path_lib.sh'
[1.494s] Level 1:colcon.colcon_core.environment:checking '/home/eero/finalProject/drone_racing_ros2-main/install/tello_gazebo/bin'
[1.494s] Level 1:colcon.colcon_core.environment:checking '/home/eero/finalProject/drone_racing_ros2-main/install/tello_gazebo/lib/pkgconfig/tello_gazebo.pc'
[1.494s] Level 1:colcon.colcon_core.environment:checking '/home/eero/finalProject/drone_racing_ros2-main/install/tello_gazebo/lib/python3.8/site-packages'
[1.494s] Level 1:colcon.colcon_core.environment:checking '/home/eero/finalProject/drone_racing_ros2-main/install/tello_gazebo/bin'
[1.495s] INFO:colcon.colcon_core.shell:Creating package script '/home/eero/finalProject/drone_racing_ros2-main/install/tello_gazebo/share/tello_gazebo/package.ps1'
[1.496s] INFO:colcon.colcon_core.shell:Creating package descriptor '/home/eero/finalProject/drone_racing_ros2-main/install/tello_gazebo/share/tello_gazebo/package.dsv'
[1.496s] INFO:colcon.colcon_core.shell:Creating package script '/home/eero/finalProject/drone_racing_ros2-main/install/tello_gazebo/share/tello_gazebo/package.sh'
[1.497s] INFO:colcon.colcon_core.shell:Creating package script '/home/eero/finalProject/drone_racing_ros2-main/install/tello_gazebo/share/tello_gazebo/package.bash'
[1.497s] INFO:colcon.colcon_core.shell:Creating package script '/home/eero/finalProject/drone_racing_ros2-main/install/tello_gazebo/share/tello_gazebo/package.zsh'
[1.498s] Level 1:colcon.colcon_core.environment:create_file_with_runtime_dependencies(/home/eero/finalProject/drone_racing_ros2-main/install/tello_gazebo/share/colcon-core/packages/tello_gazebo)
[1.498s] Level 1:colcon.colcon_core.environment:create_environment_scripts_only(tello_gazebo)
[1.499s] Level 1:colcon.colcon_core.environment:checking '/home/eero/finalProject/drone_racing_ros2-main/install/tello_gazebo' for CMake module files
[1.499s] Level 1:colcon.colcon_core.environment:checking '/home/eero/finalProject/drone_racing_ros2-main/install/tello_gazebo' for CMake config files
[1.500s] Level 1:colcon.colcon_core.shell:create_environment_hook('tello_gazebo', 'cmake_prefix_path')
[1.500s] INFO:colcon.colcon_core.shell:Creating environment hook '/home/eero/finalProject/drone_racing_ros2-main/install/tello_gazebo/share/tello_gazebo/hook/cmake_prefix_path.ps1'
[1.501s] INFO:colcon.colcon_core.shell:Creating environment descriptor '/home/eero/finalProject/drone_racing_ros2-main/install/tello_gazebo/share/tello_gazebo/hook/cmake_prefix_path.dsv'
[1.501s] INFO:colcon.colcon_core.shell:Creating environment hook '/home/eero/finalProject/drone_racing_ros2-main/install/tello_gazebo/share/tello_gazebo/hook/cmake_prefix_path.sh'
[1.502s] Level 1:colcon.colcon_core.environment:checking '/home/eero/finalProject/drone_racing_ros2-main/install/tello_gazebo/lib'
[1.502s] Level 1:colcon.colcon_core.shell:create_environment_hook('tello_gazebo', 'ld_library_path_lib')
[1.502s] INFO:colcon.colcon_core.shell:Creating environment hook '/home/eero/finalProject/drone_racing_ros2-main/install/tello_gazebo/share/tello_gazebo/hook/ld_library_path_lib.ps1'
[1.503s] INFO:colcon.colcon_core.shell:Creating environment descriptor '/home/eero/finalProject/drone_racing_ros2-main/install/tello_gazebo/share/tello_gazebo/hook/ld_library_path_lib.dsv'
[1.503s] INFO:colcon.colcon_core.shell:Creating environment hook '/home/eero/finalProject/drone_racing_ros2-main/install/tello_gazebo/share/tello_gazebo/hook/ld_library_path_lib.sh'
[1.503s] Level 1:colcon.colcon_core.environment:checking '/home/eero/finalProject/drone_racing_ros2-main/install/tello_gazebo/bin'
[1.503s] Level 1:colcon.colcon_core.environment:checking '/home/eero/finalProject/drone_racing_ros2-main/install/tello_gazebo/lib/pkgconfig/tello_gazebo.pc'
[1.504s] Level 1:colcon.colcon_core.environment:checking '/home/eero/finalProject/drone_racing_ros2-main/install/tello_gazebo/lib/python3.8/site-packages'
[1.504s] Level 1:colcon.colcon_core.environment:checking '/home/eero/finalProject/drone_racing_ros2-main/install/tello_gazebo/bin'
[1.504s] INFO:colcon.colcon_core.shell:Creating package script '/home/eero/finalProject/drone_racing_ros2-main/install/tello_gazebo/share/tello_gazebo/package.ps1'
[1.505s] INFO:colcon.colcon_core.shell:Creating package descriptor '/home/eero/finalProject/drone_racing_ros2-main/install/tello_gazebo/share/tello_gazebo/package.dsv'
[1.506s] INFO:colcon.colcon_core.shell:Creating package script '/home/eero/finalProject/drone_racing_ros2-main/install/tello_gazebo/share/tello_gazebo/package.sh'
[1.506s] INFO:colcon.colcon_core.shell:Creating package script '/home/eero/finalProject/drone_racing_ros2-main/install/tello_gazebo/share/tello_gazebo/package.bash'
[1.507s] INFO:colcon.colcon_core.shell:Creating package script '/home/eero/finalProject/drone_racing_ros2-main/install/tello_gazebo/share/tello_gazebo/package.zsh'
[1.507s] Level 1:colcon.colcon_core.environment:create_file_with_runtime_dependencies(/home/eero/finalProject/drone_racing_ros2-main/install/tello_gazebo/share/colcon-core/packages/tello_gazebo)
[1.508s] DEBUG:colcon.colcon_parallel_executor.executor.parallel:closing loop
[1.508s] DEBUG:colcon.colcon_parallel_executor.executor.parallel:loop closed
[1.508s] DEBUG:colcon.colcon_parallel_executor.executor.parallel:run_until_complete finished with '0'
[1.508s] DEBUG:colcon.colcon_core.event_reactor:joining thread
[1.519s] INFO:colcon.colcon_core.plugin_system:Skipping extension 'colcon_notification.desktop_notification.terminal_notifier': Not used on non-Darwin systems
[1.519s] INFO:colcon.colcon_core.plugin_system:Skipping extension 'colcon_notification.desktop_notification.win32': Not used on non-Windows systems
[1.520s] INFO:colcon.colcon_notification.desktop_notification:Sending desktop notification using 'notify2'
[1.547s] DEBUG:colcon.colcon_core.event_reactor:joined thread
[1.547s] INFO:colcon.colcon_core.shell:Creating prefix script '/home/eero/finalProject/drone_racing_ros2-main/install/local_setup.ps1'
[1.550s] INFO:colcon.colcon_core.shell:Creating prefix util module '/home/eero/finalProject/drone_racing_ros2-main/install/_local_setup_util_ps1.py'
[1.552s] INFO:colcon.colcon_core.shell:Creating prefix chain script '/home/eero/finalProject/drone_racing_ros2-main/install/setup.ps1'
[1.555s] INFO:colcon.colcon_core.shell:Creating prefix script '/home/eero/finalProject/drone_racing_ros2-main/install/local_setup.sh'
[1.556s] INFO:colcon.colcon_core.shell:Creating prefix util module '/home/eero/finalProject/drone_racing_ros2-main/install/_local_setup_util_sh.py'
[1.557s] INFO:colcon.colcon_core.shell:Creating prefix chain script '/home/eero/finalProject/drone_racing_ros2-main/install/setup.sh'
[1.560s] INFO:colcon.colcon_core.shell:Creating prefix script '/home/eero/finalProject/drone_racing_ros2-main/install/local_setup.bash'
[1.561s] INFO:colcon.colcon_core.shell:Creating prefix chain script '/home/eero/finalProject/drone_racing_ros2-main/install/setup.bash'
[1.563s] INFO:colcon.colcon_core.shell:Creating prefix script '/home/eero/finalProject/drone_racing_ros2-main/install/local_setup.zsh'
[1.564s] INFO:colcon.colcon_core.shell:Creating prefix chain script '/home/eero/finalProject/drone_racing_ros2-main/install/setup.zsh'
