[1.456s] Invoking command in '/home/eero/turtlebot3_ws/build/turtlebot3_teleop': PYTHONPATH=/home/eero/turtlebot3_ws/build/turtlebot3_teleop/prefix_override:/usr/lib/python3/dist-packages/colcon_core/task/python/colcon_distutils_commands:/home/eero/turtlebot3_ws/install/turtlebot3_teleop/lib/python3.8/site-packages:${PYTHONPATH} /usr/bin/python3 -W ignore:setup.py install is deprecated -W ignore:easy_install command is deprecated setup.py develop --editable --build-directory /home/eero/turtlebot3_ws/build/turtlebot3_teleop/build --no-deps symlink_data
[1.779s] running develop
[1.983s] running egg_info
[1.983s] creating turtlebot3_teleop.egg-info
[1.984s] writing turtlebot3_teleop.egg-info/PKG-INFO
[1.984s] writing dependency_links to turtlebot3_teleop.egg-info/dependency_links.txt
[1.984s] writing entry points to turtlebot3_teleop.egg-info/entry_points.txt
[1.984s] writing requirements to turtlebot3_teleop.egg-info/requires.txt
[1.984s] writing top-level names to turtlebot3_teleop.egg-info/top_level.txt
[1.985s] writing manifest file 'turtlebot3_teleop.egg-info/SOURCES.txt'
[2.035s] reading manifest file 'turtlebot3_teleop.egg-info/SOURCES.txt'
[2.035s] writing manifest file 'turtlebot3_teleop.egg-info/SOURCES.txt'
[2.096s] running build_ext
[2.096s] Creating /home/eero/turtlebot3_ws/install/turtlebot3_teleop/lib/python3.8/site-packages/site.py
[2.098s] Creating /home/eero/turtlebot3_ws/install/turtlebot3_teleop/lib/python3.8/site-packages/turtlebot3-teleop.egg-link (link to .)
[2.099s] Installing teleop_keyboard script to /home/eero/turtlebot3_ws/install/turtlebot3_teleop/lib/turtlebot3_teleop
[2.100s] 
[2.100s] Installed /home/eero/turtlebot3_ws/build/turtlebot3_teleop
[2.101s] running symlink_data
[2.101s] creating /home/eero/turtlebot3_ws/install/turtlebot3_teleop/share/ament_index
[2.101s] creating /home/eero/turtlebot3_ws/install/turtlebot3_teleop/share/ament_index/resource_index
[2.101s] creating /home/eero/turtlebot3_ws/install/turtlebot3_teleop/share/ament_index/resource_index/packages
[2.101s] symbolically linking /home/eero/turtlebot3_ws/build/turtlebot3_teleop/resource/turtlebot3_teleop -> /home/eero/turtlebot3_ws/install/turtlebot3_teleop/share/ament_index/resource_index/packages
[2.102s] symbolically linking /home/eero/turtlebot3_ws/build/turtlebot3_teleop/package.xml -> /home/eero/turtlebot3_ws/install/turtlebot3_teleop/share/turtlebot3_teleop
[2.184s] Invoked command in '/home/eero/turtlebot3_ws/build/turtlebot3_teleop' returned '0': PYTHONPATH=/home/eero/turtlebot3_ws/build/turtlebot3_teleop/prefix_override:/usr/lib/python3/dist-packages/colcon_core/task/python/colcon_distutils_commands:/home/eero/turtlebot3_ws/install/turtlebot3_teleop/lib/python3.8/site-packages:${PYTHONPATH} /usr/bin/python3 -W ignore:setup.py install is deprecated -W ignore:easy_install command is deprecated setup.py develop --editable --build-directory /home/eero/turtlebot3_ws/build/turtlebot3_teleop/build --no-deps symlink_data
