[0.066s] Invoking command in '/home/eero/turtlebot3_ws/build/turtlebot3_description': CMAKE_PREFIX_PATH=/opt/ros/galactic /usr/bin/cmake /home/eero/turtlebot3_ws/src/turtlebot3/turtlebot3_description -DAMENT_CMAKE_SYMLINK_INSTALL=1 -DCMAKE_INSTALL_PREFIX=/home/eero/turtlebot3_ws/install/turtlebot3_description
[0.185s] -- The C compiler identification is GNU 9.4.0
[0.291s] -- The CXX compiler identification is GNU 9.4.0
[0.297s] -- Check for working C compiler: /usr/bin/cc
[0.456s] -- Check for working C compiler: /usr/bin/cc -- works
[0.459s] -- Detecting C compiler ABI info
[0.587s] -- Detecting C compiler ABI info - done
[0.603s] -- Detecting C compile features
[0.604s] -- Detecting C compile features - done
[0.608s] -- Check for working CXX compiler: /usr/bin/c++
[0.736s] -- Check for working CXX compiler: /usr/bin/c++ -- works
[0.739s] -- Detecting CXX compiler ABI info
[0.893s] -- Detecting CXX compiler ABI info - done
[0.934s] -- Detecting CXX compile features
[0.935s] -- Detecting CXX compile features - done
[0.944s] -- Found ament_cmake: 1.1.6 (/opt/ros/galactic/share/ament_cmake/cmake)
[0.988s] -- Found PythonInterp: /usr/bin/python3 (found suitable version "3.8.10", minimum required is "3") 
[0.988s] -- Using PYTHON_EXECUTABLE: /usr/bin/python3
[1.077s] -- Override CMake install command with custom implementation using symlinks instead of copying resources
[1.109s] -- Found urdf: 2.5.2 (/opt/ros/galactic/share/urdf/cmake)
[1.282s] -- Configuring done
[1.282s] -- Generating done
[1.284s] -- Build files have been written to: /home/eero/turtlebot3_ws/build/turtlebot3_description
[1.311s] Invoked command in '/home/eero/turtlebot3_ws/build/turtlebot3_description' returned '0': CMAKE_PREFIX_PATH=/opt/ros/galactic /usr/bin/cmake /home/eero/turtlebot3_ws/src/turtlebot3/turtlebot3_description -DAMENT_CMAKE_SYMLINK_INSTALL=1 -DCMAKE_INSTALL_PREFIX=/home/eero/turtlebot3_ws/install/turtlebot3_description
[1.312s] Invoking command in '/home/eero/turtlebot3_ws/build/turtlebot3_description': CMAKE_PREFIX_PATH=/opt/ros/galactic /usr/bin/cmake --build /home/eero/turtlebot3_ws/build/turtlebot3_description -- -j6 -l6
[1.366s] Invoked command in '/home/eero/turtlebot3_ws/build/turtlebot3_description' returned '0': CMAKE_PREFIX_PATH=/opt/ros/galactic /usr/bin/cmake --build /home/eero/turtlebot3_ws/build/turtlebot3_description -- -j6 -l6
[1.367s] Invoking command in '/home/eero/turtlebot3_ws/build/turtlebot3_description': CMAKE_PREFIX_PATH=/opt/ros/galactic /usr/bin/cmake --install /home/eero/turtlebot3_ws/build/turtlebot3_description
[1.800s] -- Install configuration: ""
[1.800s] -- Execute custom install script
[1.801s] -- Symlinking: /home/eero/turtlebot3_ws/install/turtlebot3_description/share/turtlebot3_description/meshes/bases/burger_base.stl
[1.801s] -- Symlinking: /home/eero/turtlebot3_ws/install/turtlebot3_description/share/turtlebot3_description/meshes/bases/waffle_base.stl
[1.801s] -- Symlinking: /home/eero/turtlebot3_ws/install/turtlebot3_description/share/turtlebot3_description/meshes/bases/waffle_pi_base.stl
[1.801s] -- Symlinking: /home/eero/turtlebot3_ws/install/turtlebot3_description/share/turtlebot3_description/meshes/sensors/astra.dae
[1.801s] -- Symlinking: /home/eero/turtlebot3_ws/install/turtlebot3_description/share/turtlebot3_description/meshes/sensors/astra.jpg
[1.801s] -- Symlinking: /home/eero/turtlebot3_ws/install/turtlebot3_description/share/turtlebot3_description/meshes/sensors/lds.stl
[1.801s] -- Symlinking: /home/eero/turtlebot3_ws/install/turtlebot3_description/share/turtlebot3_description/meshes/sensors/r200.dae
[1.801s] -- Symlinking: /home/eero/turtlebot3_ws/install/turtlebot3_description/share/turtlebot3_description/meshes/sensors/r200.jpg
[1.801s] -- Symlinking: /home/eero/turtlebot3_ws/install/turtlebot3_description/share/turtlebot3_description/meshes/wheels/left_tire.stl
[1.801s] -- Symlinking: /home/eero/turtlebot3_ws/install/turtlebot3_description/share/turtlebot3_description/meshes/wheels/right_tire.stl
[1.801s] -- Symlinking: /home/eero/turtlebot3_ws/install/turtlebot3_description/share/turtlebot3_description/rviz/model.rviz
[1.802s] -- Symlinking: /home/eero/turtlebot3_ws/install/turtlebot3_description/share/turtlebot3_description/urdf/common_properties.urdf
[1.802s] -- Symlinking: /home/eero/turtlebot3_ws/install/turtlebot3_description/share/turtlebot3_description/urdf/turtlebot3_burger.urdf
[1.802s] -- Symlinking: /home/eero/turtlebot3_ws/install/turtlebot3_description/share/turtlebot3_description/urdf/turtlebot3_waffle.urdf
[1.802s] -- Symlinking: /home/eero/turtlebot3_ws/install/turtlebot3_description/share/turtlebot3_description/urdf/turtlebot3_waffle_pi.urdf
[1.802s] -- Symlinking: /home/eero/turtlebot3_ws/install/turtlebot3_description/share/ament_index/resource_index/package_run_dependencies/turtlebot3_description
[1.818s] -- Symlinking: /home/eero/turtlebot3_ws/install/turtlebot3_description/share/ament_index/resource_index/parent_prefix_path/turtlebot3_description
[1.853s] -- Symlinking: /home/eero/turtlebot3_ws/install/turtlebot3_description/share/turtlebot3_description/environment/ament_prefix_path.sh
[1.890s] -- Symlinking: /home/eero/turtlebot3_ws/install/turtlebot3_description/share/turtlebot3_description/environment/ament_prefix_path.dsv
[1.927s] -- Symlinking: /home/eero/turtlebot3_ws/install/turtlebot3_description/share/turtlebot3_description/environment/path.sh
[1.959s] -- Symlinking: /home/eero/turtlebot3_ws/install/turtlebot3_description/share/turtlebot3_description/environment/path.dsv
[1.992s] -- Symlinking: /home/eero/turtlebot3_ws/install/turtlebot3_description/share/turtlebot3_description/local_setup.bash
[2.022s] -- Symlinking: /home/eero/turtlebot3_ws/install/turtlebot3_description/share/turtlebot3_description/local_setup.sh
[2.065s] -- Symlinking: /home/eero/turtlebot3_ws/install/turtlebot3_description/share/turtlebot3_description/local_setup.zsh
[2.088s] -- Symlinking: /home/eero/turtlebot3_ws/install/turtlebot3_description/share/turtlebot3_description/local_setup.dsv
[2.120s] -- Symlinking: /home/eero/turtlebot3_ws/install/turtlebot3_description/share/turtlebot3_description/package.dsv
[2.151s] -- Symlinking: /home/eero/turtlebot3_ws/install/turtlebot3_description/share/ament_index/resource_index/packages/turtlebot3_description
[2.173s] -- Symlinking: /home/eero/turtlebot3_ws/install/turtlebot3_description/share/turtlebot3_description/cmake/turtlebot3_descriptionConfig.cmake
[2.202s] -- Symlinking: /home/eero/turtlebot3_ws/install/turtlebot3_description/share/turtlebot3_description/cmake/turtlebot3_descriptionConfig-version.cmake
[2.235s] -- Symlinking: /home/eero/turtlebot3_ws/install/turtlebot3_description/share/turtlebot3_description/package.xml
[2.517s] Invoked command in '/home/eero/turtlebot3_ws/build/turtlebot3_description' returned '0': CMAKE_PREFIX_PATH=/opt/ros/galactic /usr/bin/cmake --install /home/eero/turtlebot3_ws/build/turtlebot3_description
