[0.078s] Invoking command in '/home/eero/turtlebot3_ws/build/turtlebot3_description': CMAKE_PREFIX_PATH=${CMAKE_PREFIX_PATH}:/home/eero/turtlebot3_ws/install/turtlebot3_teleop:/home/eero/turtlebot3_ws/install/turtlebot3_example:/opt/ros/galactic /usr/bin/cmake /home/eero/turtlebot3_ws/src/turtlebot3/turtlebot3_description -DCMAKE_INSTALL_PREFIX=/home/eero/turtlebot3_ws/install/turtlebot3_description
[0.113s] -- Found ament_cmake: 1.1.6 (/opt/ros/galactic/share/ament_cmake/cmake)
[0.161s] -- Using PYTHON_EXECUTABLE: /usr/bin/python3
[0.272s] -- Override CMake install command with custom implementation using symlinks instead of copying resources
[0.288s] -- Found urdf: 2.5.2 (/opt/ros/galactic/share/urdf/cmake)
[0.464s] -- Configuring done
[0.468s] -- Generating done
[0.471s] -- Build files have been written to: /home/eero/turtlebot3_ws/build/turtlebot3_description
[0.479s] Invoked command in '/home/eero/turtlebot3_ws/build/turtlebot3_description' returned '0': CMAKE_PREFIX_PATH=${CMAKE_PREFIX_PATH}:/home/eero/turtlebot3_ws/install/turtlebot3_teleop:/home/eero/turtlebot3_ws/install/turtlebot3_example:/opt/ros/galactic /usr/bin/cmake /home/eero/turtlebot3_ws/src/turtlebot3/turtlebot3_description -DCMAKE_INSTALL_PREFIX=/home/eero/turtlebot3_ws/install/turtlebot3_description
[0.480s] Invoking command in '/home/eero/turtlebot3_ws/build/turtlebot3_description': CMAKE_PREFIX_PATH=${CMAKE_PREFIX_PATH}:/home/eero/turtlebot3_ws/install/turtlebot3_teleop:/home/eero/turtlebot3_ws/install/turtlebot3_example:/opt/ros/galactic /usr/bin/cmake --build /home/eero/turtlebot3_ws/build/turtlebot3_description -- -j6 -l6
[0.573s] Invoked command in '/home/eero/turtlebot3_ws/build/turtlebot3_description' returned '0': CMAKE_PREFIX_PATH=${CMAKE_PREFIX_PATH}:/home/eero/turtlebot3_ws/install/turtlebot3_teleop:/home/eero/turtlebot3_ws/install/turtlebot3_example:/opt/ros/galactic /usr/bin/cmake --build /home/eero/turtlebot3_ws/build/turtlebot3_description -- -j6 -l6
[0.576s] Invoking command in '/home/eero/turtlebot3_ws/build/turtlebot3_description': CMAKE_PREFIX_PATH=${CMAKE_PREFIX_PATH}:/home/eero/turtlebot3_ws/install/turtlebot3_teleop:/home/eero/turtlebot3_ws/install/turtlebot3_example:/opt/ros/galactic /usr/bin/cmake --install /home/eero/turtlebot3_ws/build/turtlebot3_description
[0.588s] -- Install configuration: ""
[0.589s] -- Execute custom install script
[0.596s] -- Up-to-date symlink: /home/eero/turtlebot3_ws/install/turtlebot3_description/share/turtlebot3_description/meshes/bases/burger_base.stl
[0.596s] -- Up-to-date symlink: /home/eero/turtlebot3_ws/install/turtlebot3_description/share/turtlebot3_description/meshes/bases/waffle_base.stl
[0.596s] -- Up-to-date symlink: /home/eero/turtlebot3_ws/install/turtlebot3_description/share/turtlebot3_description/meshes/bases/waffle_pi_base.stl
[0.597s] -- Up-to-date symlink: /home/eero/turtlebot3_ws/install/turtlebot3_description/share/turtlebot3_description/meshes/sensors/astra.dae
[0.597s] -- Up-to-date symlink: /home/eero/turtlebot3_ws/install/turtlebot3_description/share/turtlebot3_description/meshes/sensors/astra.jpg
[0.597s] -- Up-to-date symlink: /home/eero/turtlebot3_ws/install/turtlebot3_description/share/turtlebot3_description/meshes/sensors/lds.stl
[0.598s] -- Up-to-date symlink: /home/eero/turtlebot3_ws/install/turtlebot3_description/share/turtlebot3_description/meshes/sensors/r200.dae
[0.598s] -- Up-to-date symlink: /home/eero/turtlebot3_ws/install/turtlebot3_description/share/turtlebot3_description/meshes/sensors/r200.jpg
[0.599s] -- Up-to-date symlink: /home/eero/turtlebot3_ws/install/turtlebot3_description/share/turtlebot3_description/meshes/wheels/left_tire.stl
[0.599s] -- Up-to-date symlink: /home/eero/turtlebot3_ws/install/turtlebot3_description/share/turtlebot3_description/meshes/wheels/right_tire.stl
[0.600s] -- Up-to-date symlink: /home/eero/turtlebot3_ws/install/turtlebot3_description/share/turtlebot3_description/rviz/model.rviz
[0.602s] -- Up-to-date symlink: /home/eero/turtlebot3_ws/install/turtlebot3_description/share/turtlebot3_description/urdf/common_properties.urdf
[0.603s] -- Up-to-date symlink: /home/eero/turtlebot3_ws/install/turtlebot3_description/share/turtlebot3_description/urdf/turtlebot3_burger.urdf
[0.603s] -- Up-to-date symlink: /home/eero/turtlebot3_ws/install/turtlebot3_description/share/turtlebot3_description/urdf/turtlebot3_waffle.urdf
[0.603s] -- Up-to-date symlink: /home/eero/turtlebot3_ws/install/turtlebot3_description/share/turtlebot3_description/urdf/turtlebot3_waffle_pi.urdf
[0.603s] -- Up-to-date symlink: /home/eero/turtlebot3_ws/install/turtlebot3_description/share/ament_index/resource_index/package_run_dependencies/turtlebot3_description
[0.603s] -- Up-to-date symlink: /home/eero/turtlebot3_ws/install/turtlebot3_description/share/ament_index/resource_index/parent_prefix_path/turtlebot3_description
[0.604s] -- Up-to-date symlink: /home/eero/turtlebot3_ws/install/turtlebot3_description/share/turtlebot3_description/environment/ament_prefix_path.sh
[0.604s] -- Up-to-date symlink: /home/eero/turtlebot3_ws/install/turtlebot3_description/share/turtlebot3_description/environment/ament_prefix_path.dsv
[0.604s] -- Up-to-date symlink: /home/eero/turtlebot3_ws/install/turtlebot3_description/share/turtlebot3_description/environment/path.sh
[0.605s] -- Up-to-date symlink: /home/eero/turtlebot3_ws/install/turtlebot3_description/share/turtlebot3_description/environment/path.dsv
[0.605s] -- Up-to-date symlink: /home/eero/turtlebot3_ws/install/turtlebot3_description/share/turtlebot3_description/local_setup.bash
[0.608s] -- Up-to-date symlink: /home/eero/turtlebot3_ws/install/turtlebot3_description/share/turtlebot3_description/local_setup.sh
[0.608s] -- Up-to-date symlink: /home/eero/turtlebot3_ws/install/turtlebot3_description/share/turtlebot3_description/local_setup.zsh
[0.609s] -- Up-to-date symlink: /home/eero/turtlebot3_ws/install/turtlebot3_description/share/turtlebot3_description/local_setup.dsv
[0.609s] -- Symlinking: /home/eero/turtlebot3_ws/install/turtlebot3_description/share/turtlebot3_description/package.dsv
[0.619s] -- Up-to-date symlink: /home/eero/turtlebot3_ws/install/turtlebot3_description/share/ament_index/resource_index/packages/turtlebot3_description
[0.620s] -- Up-to-date symlink: /home/eero/turtlebot3_ws/install/turtlebot3_description/share/turtlebot3_description/cmake/turtlebot3_descriptionConfig.cmake
[0.621s] -- Up-to-date symlink: /home/eero/turtlebot3_ws/install/turtlebot3_description/share/turtlebot3_description/cmake/turtlebot3_descriptionConfig-version.cmake
[0.622s] -- Up-to-date symlink: /home/eero/turtlebot3_ws/install/turtlebot3_description/share/turtlebot3_description/package.xml
[0.626s] Invoked command in '/home/eero/turtlebot3_ws/build/turtlebot3_description' returned '0': CMAKE_PREFIX_PATH=${CMAKE_PREFIX_PATH}:/home/eero/turtlebot3_ws/install/turtlebot3_teleop:/home/eero/turtlebot3_ws/install/turtlebot3_example:/opt/ros/galactic /usr/bin/cmake --install /home/eero/turtlebot3_ws/build/turtlebot3_description
