[0.564s] Invoking command in '/home/eero/turtlebot3_ws/build/turtlebot3_example': AMENT_PREFIX_PATH=/home/eero/turtlebot3_ws/install/turtlebot3_msgs:${AMENT_PREFIX_PATH} CMAKE_PREFIX_PATH=/home/eero/turtlebot3_ws/install/turtlebot3_msgs LD_LIBRARY_PATH=/home/eero/turtlebot3_ws/install/turtlebot3_msgs/lib:${LD_LIBRARY_PATH} PYTHONPATH=/home/eero/turtlebot3_ws/build/turtlebot3_example/prefix_override:/usr/lib/python3/dist-packages/colcon_core/task/python/colcon_distutils_commands:/home/eero/turtlebot3_ws/install/turtlebot3_example/lib/python3.8/site-packages:/home/eero/turtlebot3_ws/install/turtlebot3_msgs/lib/python3.8/site-packages:${PYTHONPATH} /usr/bin/python3 -W ignore:setup.py install is deprecated -W ignore:easy_install command is deprecated setup.py develop --editable --build-directory /home/eero/turtlebot3_ws/build/turtlebot3_example/build --no-deps symlink_data
[0.756s] running develop
[0.865s] running egg_info
[0.866s] creating turtlebot3_example.egg-info
[0.866s] writing turtlebot3_example.egg-info/PKG-INFO
[0.866s] writing dependency_links to turtlebot3_example.egg-info/dependency_links.txt
[0.866s] writing entry points to turtlebot3_example.egg-info/entry_points.txt
[0.866s] writing requirements to turtlebot3_example.egg-info/requires.txt
[0.866s] writing top-level names to turtlebot3_example.egg-info/top_level.txt
[0.867s] writing manifest file 'turtlebot3_example.egg-info/SOURCES.txt'
[0.895s] reading manifest file 'turtlebot3_example.egg-info/SOURCES.txt'
[0.896s] writing manifest file 'turtlebot3_example.egg-info/SOURCES.txt'
[0.926s] running build_ext
[0.926s] Creating /home/eero/turtlebot3_ws/install/turtlebot3_example/lib/python3.8/site-packages/site.py
[0.928s] Creating /home/eero/turtlebot3_ws/install/turtlebot3_example/lib/python3.8/site-packages/turtlebot3-example.egg-link (link to .)
[0.929s] Installing turtlebot3_absolute_move script to /home/eero/turtlebot3_ws/install/turtlebot3_example/lib/turtlebot3_example
[0.929s] Installing turtlebot3_interactive_marker script to /home/eero/turtlebot3_ws/install/turtlebot3_example/lib/turtlebot3_example
[0.929s] Installing turtlebot3_obstacle_detection script to /home/eero/turtlebot3_ws/install/turtlebot3_example/lib/turtlebot3_example
[0.929s] Installing turtlebot3_patrol_client script to /home/eero/turtlebot3_ws/install/turtlebot3_example/lib/turtlebot3_example
[0.930s] Installing turtlebot3_patrol_server script to /home/eero/turtlebot3_ws/install/turtlebot3_example/lib/turtlebot3_example
[0.930s] Installing turtlebot3_relative_move script to /home/eero/turtlebot3_ws/install/turtlebot3_example/lib/turtlebot3_example
[0.930s] 
[0.930s] Installed /home/eero/turtlebot3_ws/build/turtlebot3_example
[0.930s] running symlink_data
[0.930s] creating /home/eero/turtlebot3_ws/install/turtlebot3_example/share/ament_index
[0.930s] creating /home/eero/turtlebot3_ws/install/turtlebot3_example/share/ament_index/resource_index
[0.931s] creating /home/eero/turtlebot3_ws/install/turtlebot3_example/share/ament_index/resource_index/packages
[0.931s] symbolically linking /home/eero/turtlebot3_ws/build/turtlebot3_example/resource/turtlebot3_example -> /home/eero/turtlebot3_ws/install/turtlebot3_example/share/ament_index/resource_index/packages
[0.931s] symbolically linking /home/eero/turtlebot3_ws/build/turtlebot3_example/package.xml -> /home/eero/turtlebot3_ws/install/turtlebot3_example/share/turtlebot3_example
[0.969s] Invoked command in '/home/eero/turtlebot3_ws/build/turtlebot3_example' returned '0': AMENT_PREFIX_PATH=/home/eero/turtlebot3_ws/install/turtlebot3_msgs:${AMENT_PREFIX_PATH} CMAKE_PREFIX_PATH=/home/eero/turtlebot3_ws/install/turtlebot3_msgs LD_LIBRARY_PATH=/home/eero/turtlebot3_ws/install/turtlebot3_msgs/lib:${LD_LIBRARY_PATH} PYTHONPATH=/home/eero/turtlebot3_ws/build/turtlebot3_example/prefix_override:/usr/lib/python3/dist-packages/colcon_core/task/python/colcon_distutils_commands:/home/eero/turtlebot3_ws/install/turtlebot3_example/lib/python3.8/site-packages:/home/eero/turtlebot3_ws/install/turtlebot3_msgs/lib/python3.8/site-packages:${PYTHONPATH} /usr/bin/python3 -W ignore:setup.py install is deprecated -W ignore:easy_install command is deprecated setup.py develop --editable --build-directory /home/eero/turtlebot3_ws/build/turtlebot3_example/build --no-deps symlink_data
