[0.259s] DEBUG:colcon:Command line arguments: ['/usr/bin/colcon', 'build']
[0.259s] DEBUG:colcon:Parsed command line arguments: Namespace(allow_overriding=[], ament_cmake_args=None, base_paths=['.'], build_base='build', catkin_cmake_args=None, catkin_skip_building_tests=False, cmake_args=None, cmake_clean_cache=False, cmake_clean_first=False, cmake_force_configure=False, cmake_target=None, cmake_target_skip_unavailable=False, continue_on_error=False, event_handlers=None, executor='parallel', ignore_user_meta=False, install_base='install', log_base=None, log_level=None, main=<bound method BuildVerb.main of <colcon_core.verb.build.BuildVerb object at 0x7f52125b0a60>>, merge_install=False, metas=['./colcon.meta'], mixin=None, mixin_files=None, mixin_verb=('build',), packages_above=None, packages_above_and_dependencies=None, packages_above_depth=None, packages_end=None, packages_ignore=None, packages_ignore_regex=None, packages_select=None, packages_select_build_failed=False, packages_select_by_dep=None, packages_select_regex=None, packages_select_test_failures=False, packages_skip=None, packages_skip_build_finished=False, packages_skip_by_dep=None, packages_skip_regex=None, packages_skip_test_passed=False, packages_skip_up_to=None, packages_start=None, packages_up_to=None, packages_up_to_regex=None, parallel_workers=6, paths=None, symlink_install=False, test_result_base=None, verb_extension=<colcon_core.verb.build.BuildVerb object at 0x7f52125b0a60>, verb_name='build', verb_parser=<colcon_mixin.mixin.mixin_argument.MixinArgumentDecorator object at 0x7f5212501c40>)
[0.464s] Level 1:colcon.colcon_core.package_discovery:discover_packages(colcon_meta) check parameters
[0.464s] Level 1:colcon.colcon_core.package_discovery:discover_packages(recursive) check parameters
[0.464s] Level 1:colcon.colcon_core.package_discovery:discover_packages(ignore) check parameters
[0.464s] Level 1:colcon.colcon_core.package_discovery:discover_packages(path) check parameters
[0.464s] Level 1:colcon.colcon_core.package_discovery:discover_packages(colcon_meta) discover
[0.464s] Level 1:colcon.colcon_core.package_discovery:discover_packages(recursive) discover
[0.465s] INFO:colcon.colcon_core.package_discovery:Crawling recursively for packages in '/home/eero/finalProject/drone_racing_ros2-main'
[0.465s] Level 1:colcon.colcon_core.package_identification:_identify(.) by extensions ['ignore', 'ignore_ament_install']
[0.465s] Level 1:colcon.colcon_core.package_identification:_identify(.) by extension 'ignore'
[0.465s] Level 1:colcon.colcon_core.package_identification:_identify(.) by extension 'ignore_ament_install'
[0.465s] Level 1:colcon.colcon_core.package_identification:_identify(.) by extensions ['colcon_pkg']
[0.465s] Level 1:colcon.colcon_core.package_identification:_identify(.) by extension 'colcon_pkg'
[0.465s] Level 1:colcon.colcon_core.package_identification:_identify(.) by extensions ['colcon_meta']
[0.465s] Level 1:colcon.colcon_core.package_identification:_identify(.) by extension 'colcon_meta'
[0.465s] Level 1:colcon.colcon_core.package_identification:_identify(.) by extensions ['ros']
[0.465s] Level 1:colcon.colcon_core.package_identification:_identify(.) by extension 'ros'
[0.480s] Level 1:colcon.colcon_core.package_identification:_identify(.) by extensions ['cmake', 'python']
[0.480s] Level 1:colcon.colcon_core.package_identification:_identify(.) by extension 'cmake'
[0.480s] Level 1:colcon.colcon_core.package_identification:_identify(.) by extension 'python'
[0.480s] Level 1:colcon.colcon_core.package_identification:_identify(.) by extensions ['python_setup_py']
[0.480s] Level 1:colcon.colcon_core.package_identification:_identify(.) by extension 'python_setup_py'
[0.480s] Level 1:colcon.colcon_core.package_identification:_identify(build) by extensions ['ignore', 'ignore_ament_install']
[0.481s] Level 1:colcon.colcon_core.package_identification:_identify(build) by extension 'ignore'
[0.481s] Level 1:colcon.colcon_core.package_identification:_identify(build) ignored
[0.481s] Level 1:colcon.colcon_core.package_identification:_identify(install) by extensions ['ignore', 'ignore_ament_install']
[0.481s] Level 1:colcon.colcon_core.package_identification:_identify(install) by extension 'ignore'
[0.481s] Level 1:colcon.colcon_core.package_identification:_identify(install) ignored
[0.481s] Level 1:colcon.colcon_core.package_identification:_identify(log) by extensions ['ignore', 'ignore_ament_install']
[0.481s] Level 1:colcon.colcon_core.package_identification:_identify(log) by extension 'ignore'
[0.481s] Level 1:colcon.colcon_core.package_identification:_identify(log) ignored
[0.481s] Level 1:colcon.colcon_core.package_identification:_identify(ros2_shared) by extensions ['ignore', 'ignore_ament_install']
[0.482s] Level 1:colcon.colcon_core.package_identification:_identify(ros2_shared) by extension 'ignore'
[0.482s] Level 1:colcon.colcon_core.package_identification:_identify(ros2_shared) by extension 'ignore_ament_install'
[0.482s] Level 1:colcon.colcon_core.package_identification:_identify(ros2_shared) by extensions ['colcon_pkg']
[0.482s] Level 1:colcon.colcon_core.package_identification:_identify(ros2_shared) by extension 'colcon_pkg'
[0.482s] Level 1:colcon.colcon_core.package_identification:_identify(ros2_shared) by extensions ['colcon_meta']
[0.482s] Level 1:colcon.colcon_core.package_identification:_identify(ros2_shared) by extension 'colcon_meta'
[0.482s] Level 1:colcon.colcon_core.package_identification:_identify(ros2_shared) by extensions ['ros']
[0.482s] Level 1:colcon.colcon_core.package_identification:_identify(ros2_shared) by extension 'ros'
[0.485s] DEBUG:colcon.colcon_core.package_identification:Package 'ros2_shared' with type 'ros.ament_cmake' and name 'ros2_shared'
[0.485s] Level 1:colcon.colcon_core.package_identification:_identify(tello_ros) by extensions ['ignore', 'ignore_ament_install']
[0.485s] Level 1:colcon.colcon_core.package_identification:_identify(tello_ros) by extension 'ignore'
[0.485s] Level 1:colcon.colcon_core.package_identification:_identify(tello_ros) by extension 'ignore_ament_install'
[0.486s] Level 1:colcon.colcon_core.package_identification:_identify(tello_ros) by extensions ['colcon_pkg']
[0.486s] Level 1:colcon.colcon_core.package_identification:_identify(tello_ros) by extension 'colcon_pkg'
[0.486s] Level 1:colcon.colcon_core.package_identification:_identify(tello_ros) by extensions ['colcon_meta']
[0.486s] Level 1:colcon.colcon_core.package_identification:_identify(tello_ros) by extension 'colcon_meta'
[0.486s] Level 1:colcon.colcon_core.package_identification:_identify(tello_ros) by extensions ['ros']
[0.486s] Level 1:colcon.colcon_core.package_identification:_identify(tello_ros) by extension 'ros'
[0.486s] Level 1:colcon.colcon_core.package_identification:_identify(tello_ros) by extensions ['cmake', 'python']
[0.486s] Level 1:colcon.colcon_core.package_identification:_identify(tello_ros) by extension 'cmake'
[0.486s] Level 1:colcon.colcon_core.package_identification:_identify(tello_ros) by extension 'python'
[0.486s] Level 1:colcon.colcon_core.package_identification:_identify(tello_ros) by extensions ['python_setup_py']
[0.486s] Level 1:colcon.colcon_core.package_identification:_identify(tello_ros) by extension 'python_setup_py'
[0.486s] Level 1:colcon.colcon_core.package_identification:_identify(tello_ros/docker) by extensions ['ignore', 'ignore_ament_install']
[0.486s] Level 1:colcon.colcon_core.package_identification:_identify(tello_ros/docker) by extension 'ignore'
[0.486s] Level 1:colcon.colcon_core.package_identification:_identify(tello_ros/docker) by extension 'ignore_ament_install'
[0.486s] Level 1:colcon.colcon_core.package_identification:_identify(tello_ros/docker) by extensions ['colcon_pkg']
[0.486s] Level 1:colcon.colcon_core.package_identification:_identify(tello_ros/docker) by extension 'colcon_pkg'
[0.487s] Level 1:colcon.colcon_core.package_identification:_identify(tello_ros/docker) by extensions ['colcon_meta']
[0.487s] Level 1:colcon.colcon_core.package_identification:_identify(tello_ros/docker) by extension 'colcon_meta'
[0.487s] Level 1:colcon.colcon_core.package_identification:_identify(tello_ros/docker) by extensions ['ros']
[0.487s] Level 1:colcon.colcon_core.package_identification:_identify(tello_ros/docker) by extension 'ros'
[0.487s] Level 1:colcon.colcon_core.package_identification:_identify(tello_ros/docker) by extensions ['cmake', 'python']
[0.487s] Level 1:colcon.colcon_core.package_identification:_identify(tello_ros/docker) by extension 'cmake'
[0.487s] Level 1:colcon.colcon_core.package_identification:_identify(tello_ros/docker) by extension 'python'
[0.487s] Level 1:colcon.colcon_core.package_identification:_identify(tello_ros/docker) by extensions ['python_setup_py']
[0.487s] Level 1:colcon.colcon_core.package_identification:_identify(tello_ros/docker) by extension 'python_setup_py'
[0.487s] Level 1:colcon.colcon_core.package_identification:_identify(tello_ros/tello_description) by extensions ['ignore', 'ignore_ament_install']
[0.487s] Level 1:colcon.colcon_core.package_identification:_identify(tello_ros/tello_description) by extension 'ignore'
[0.487s] Level 1:colcon.colcon_core.package_identification:_identify(tello_ros/tello_description) by extension 'ignore_ament_install'
[0.487s] Level 1:colcon.colcon_core.package_identification:_identify(tello_ros/tello_description) by extensions ['colcon_pkg']
[0.487s] Level 1:colcon.colcon_core.package_identification:_identify(tello_ros/tello_description) by extension 'colcon_pkg'
[0.487s] Level 1:colcon.colcon_core.package_identification:_identify(tello_ros/tello_description) by extensions ['colcon_meta']
[0.488s] Level 1:colcon.colcon_core.package_identification:_identify(tello_ros/tello_description) by extension 'colcon_meta'
[0.488s] Level 1:colcon.colcon_core.package_identification:_identify(tello_ros/tello_description) by extensions ['ros']
[0.488s] Level 1:colcon.colcon_core.package_identification:_identify(tello_ros/tello_description) by extension 'ros'
[0.489s] DEBUG:colcon.colcon_core.package_identification:Package 'tello_ros/tello_description' with type 'ros.ament_cmake' and name 'tello_description'
[0.489s] Level 1:colcon.colcon_core.package_identification:_identify(tello_ros/tello_driver) by extensions ['ignore', 'ignore_ament_install']
[0.489s] Level 1:colcon.colcon_core.package_identification:_identify(tello_ros/tello_driver) by extension 'ignore'
[0.489s] Level 1:colcon.colcon_core.package_identification:_identify(tello_ros/tello_driver) by extension 'ignore_ament_install'
[0.489s] Level 1:colcon.colcon_core.package_identification:_identify(tello_ros/tello_driver) by extensions ['colcon_pkg']
[0.489s] Level 1:colcon.colcon_core.package_identification:_identify(tello_ros/tello_driver) by extension 'colcon_pkg'
[0.489s] Level 1:colcon.colcon_core.package_identification:_identify(tello_ros/tello_driver) by extensions ['colcon_meta']
[0.489s] Level 1:colcon.colcon_core.package_identification:_identify(tello_ros/tello_driver) by extension 'colcon_meta'
[0.489s] Level 1:colcon.colcon_core.package_identification:_identify(tello_ros/tello_driver) by extensions ['ros']
[0.489s] Level 1:colcon.colcon_core.package_identification:_identify(tello_ros/tello_driver) by extension 'ros'
[0.491s] DEBUG:colcon.colcon_core.package_identification:Package 'tello_ros/tello_driver' with type 'ros.ament_cmake' and name 'tello_driver'
[0.491s] Level 1:colcon.colcon_core.package_identification:_identify(tello_ros/tello_gazebo) by extensions ['ignore', 'ignore_ament_install']
[0.491s] Level 1:colcon.colcon_core.package_identification:_identify(tello_ros/tello_gazebo) by extension 'ignore'
[0.491s] Level 1:colcon.colcon_core.package_identification:_identify(tello_ros/tello_gazebo) by extension 'ignore_ament_install'
[0.491s] Level 1:colcon.colcon_core.package_identification:_identify(tello_ros/tello_gazebo) by extensions ['colcon_pkg']
[0.491s] Level 1:colcon.colcon_core.package_identification:_identify(tello_ros/tello_gazebo) by extension 'colcon_pkg'
[0.491s] Level 1:colcon.colcon_core.package_identification:_identify(tello_ros/tello_gazebo) by extensions ['colcon_meta']
[0.491s] Level 1:colcon.colcon_core.package_identification:_identify(tello_ros/tello_gazebo) by extension 'colcon_meta'
[0.491s] Level 1:colcon.colcon_core.package_identification:_identify(tello_ros/tello_gazebo) by extensions ['ros']
[0.491s] Level 1:colcon.colcon_core.package_identification:_identify(tello_ros/tello_gazebo) by extension 'ros'
[0.493s] DEBUG:colcon.colcon_core.package_identification:Package 'tello_ros/tello_gazebo' with type 'ros.ament_cmake' and name 'tello_gazebo'
[0.493s] Level 1:colcon.colcon_core.package_identification:_identify(tello_ros/tello_msgs) by extensions ['ignore', 'ignore_ament_install']
[0.493s] Level 1:colcon.colcon_core.package_identification:_identify(tello_ros/tello_msgs) by extension 'ignore'
[0.493s] Level 1:colcon.colcon_core.package_identification:_identify(tello_ros/tello_msgs) by extension 'ignore_ament_install'
[0.493s] Level 1:colcon.colcon_core.package_identification:_identify(tello_ros/tello_msgs) by extensions ['colcon_pkg']
[0.493s] Level 1:colcon.colcon_core.package_identification:_identify(tello_ros/tello_msgs) by extension 'colcon_pkg'
[0.493s] Level 1:colcon.colcon_core.package_identification:_identify(tello_ros/tello_msgs) by extensions ['colcon_meta']
[0.493s] Level 1:colcon.colcon_core.package_identification:_identify(tello_ros/tello_msgs) by extension 'colcon_meta'
[0.493s] Level 1:colcon.colcon_core.package_identification:_identify(tello_ros/tello_msgs) by extensions ['ros']
[0.493s] Level 1:colcon.colcon_core.package_identification:_identify(tello_ros/tello_msgs) by extension 'ros'
[0.494s] DEBUG:colcon.colcon_core.package_identification:Package 'tello_ros/tello_msgs' with type 'ros.ament_cmake' and name 'tello_msgs'
[0.494s] Level 1:colcon.colcon_core.package_discovery:discover_packages(recursive) using defaults
[0.494s] Level 1:colcon.colcon_core.package_discovery:discover_packages(ignore) discover
[0.494s] Level 1:colcon.colcon_core.package_discovery:discover_packages(ignore) using defaults
[0.494s] Level 1:colcon.colcon_core.package_discovery:discover_packages(path) discover
[0.494s] Level 1:colcon.colcon_core.package_discovery:discover_packages(path) using defaults
[0.537s] Level 1:colcon.colcon_core.package_discovery:discover_packages(prefix_path) check parameters
[0.537s] Level 1:colcon.colcon_core.package_discovery:discover_packages(prefix_path) discover
[0.540s] DEBUG:colcon.colcon_installed_package_information.package_discovery:Found 5 installed packages in /home/eero/finalProject/drone_racing_ros2-main/install
[0.541s] DEBUG:colcon.colcon_installed_package_information.package_discovery:Found 16 installed packages in /home/eero/turtlebot3_ws/install
[0.543s] DEBUG:colcon.colcon_installed_package_information.package_discovery:Found 275 installed packages in /opt/ros/galactic
[0.545s] Level 1:colcon.colcon_core.package_discovery:discover_packages(prefix_path) using defaults
[0.627s] Level 5:colcon.colcon_core.verb:set package 'ros2_shared' build argument 'cmake_args' from command line to 'None'
[0.627s] Level 5:colcon.colcon_core.verb:set package 'ros2_shared' build argument 'cmake_target' from command line to 'None'
[0.627s] Level 5:colcon.colcon_core.verb:set package 'ros2_shared' build argument 'cmake_target_skip_unavailable' from command line to 'False'
[0.627s] Level 5:colcon.colcon_core.verb:set package 'ros2_shared' build argument 'cmake_clean_cache' from command line to 'False'
[0.627s] Level 5:colcon.colcon_core.verb:set package 'ros2_shared' build argument 'cmake_clean_first' from command line to 'False'
[0.627s] Level 5:colcon.colcon_core.verb:set package 'ros2_shared' build argument 'cmake_force_configure' from command line to 'False'
[0.627s] Level 5:colcon.colcon_core.verb:set package 'ros2_shared' build argument 'ament_cmake_args' from command line to 'None'
[0.627s] Level 5:colcon.colcon_core.verb:set package 'ros2_shared' build argument 'catkin_cmake_args' from command line to 'None'
[0.627s] Level 5:colcon.colcon_core.verb:set package 'ros2_shared' build argument 'catkin_skip_building_tests' from command line to 'False'
[0.627s] DEBUG:colcon.colcon_core.verb:Building package 'ros2_shared' with the following arguments: {'ament_cmake_args': None, 'build_base': '/home/eero/finalProject/drone_racing_ros2-main/build/ros2_shared', 'catkin_cmake_args': None, 'catkin_skip_building_tests': False, 'cmake_args': None, 'cmake_clean_cache': False, 'cmake_clean_first': False, 'cmake_force_configure': False, 'cmake_target': None, 'cmake_target_skip_unavailable': False, 'install_base': '/home/eero/finalProject/drone_racing_ros2-main/install/ros2_shared', 'merge_install': False, 'path': '/home/eero/finalProject/drone_racing_ros2-main/ros2_shared', 'symlink_install': False, 'test_result_base': None}
[0.628s] Level 5:colcon.colcon_core.verb:set package 'tello_description' build argument 'cmake_args' from command line to 'None'
[0.628s] Level 5:colcon.colcon_core.verb:set package 'tello_description' build argument 'cmake_target' from command line to 'None'
[0.628s] Level 5:colcon.colcon_core.verb:set package 'tello_description' build argument 'cmake_target_skip_unavailable' from command line to 'False'
[0.628s] Level 5:colcon.colcon_core.verb:set package 'tello_description' build argument 'cmake_clean_cache' from command line to 'False'
[0.628s] Level 5:colcon.colcon_core.verb:set package 'tello_description' build argument 'cmake_clean_first' from command line to 'False'
[0.628s] Level 5:colcon.colcon_core.verb:set package 'tello_description' build argument 'cmake_force_configure' from command line to 'False'
[0.628s] Level 5:colcon.colcon_core.verb:set package 'tello_description' build argument 'ament_cmake_args' from command line to 'None'
[0.628s] Level 5:colcon.colcon_core.verb:set package 'tello_description' build argument 'catkin_cmake_args' from command line to 'None'
[0.628s] Level 5:colcon.colcon_core.verb:set package 'tello_description' build argument 'catkin_skip_building_tests' from command line to 'False'
[0.628s] DEBUG:colcon.colcon_core.verb:Building package 'tello_description' with the following arguments: {'ament_cmake_args': None, 'build_base': '/home/eero/finalProject/drone_racing_ros2-main/build/tello_description', 'catkin_cmake_args': None, 'catkin_skip_building_tests': False, 'cmake_args': None, 'cmake_clean_cache': False, 'cmake_clean_first': False, 'cmake_force_configure': False, 'cmake_target': None, 'cmake_target_skip_unavailable': False, 'install_base': '/home/eero/finalProject/drone_racing_ros2-main/install/tello_description', 'merge_install': False, 'path': '/home/eero/finalProject/drone_racing_ros2-main/tello_ros/tello_description', 'symlink_install': False, 'test_result_base': None}
[0.629s] Level 5:colcon.colcon_core.verb:set package 'tello_msgs' build argument 'cmake_args' from command line to 'None'
[0.629s] Level 5:colcon.colcon_core.verb:set package 'tello_msgs' build argument 'cmake_target' from command line to 'None'
[0.629s] Level 5:colcon.colcon_core.verb:set package 'tello_msgs' build argument 'cmake_target_skip_unavailable' from command line to 'False'
[0.629s] Level 5:colcon.colcon_core.verb:set package 'tello_msgs' build argument 'cmake_clean_cache' from command line to 'False'
[0.629s] Level 5:colcon.colcon_core.verb:set package 'tello_msgs' build argument 'cmake_clean_first' from command line to 'False'
[0.629s] Level 5:colcon.colcon_core.verb:set package 'tello_msgs' build argument 'cmake_force_configure' from command line to 'False'
[0.629s] Level 5:colcon.colcon_core.verb:set package 'tello_msgs' build argument 'ament_cmake_args' from command line to 'None'
[0.629s] Level 5:colcon.colcon_core.verb:set package 'tello_msgs' build argument 'catkin_cmake_args' from command line to 'None'
[0.629s] Level 5:colcon.colcon_core.verb:set package 'tello_msgs' build argument 'catkin_skip_building_tests' from command line to 'False'
[0.629s] DEBUG:colcon.colcon_core.verb:Building package 'tello_msgs' with the following arguments: {'ament_cmake_args': None, 'build_base': '/home/eero/finalProject/drone_racing_ros2-main/build/tello_msgs', 'catkin_cmake_args': None, 'catkin_skip_building_tests': False, 'cmake_args': None, 'cmake_clean_cache': False, 'cmake_clean_first': False, 'cmake_force_configure': False, 'cmake_target': None, 'cmake_target_skip_unavailable': False, 'install_base': '/home/eero/finalProject/drone_racing_ros2-main/install/tello_msgs', 'merge_install': False, 'path': '/home/eero/finalProject/drone_racing_ros2-main/tello_ros/tello_msgs', 'symlink_install': False, 'test_result_base': None}
[0.629s] Level 5:colcon.colcon_core.verb:set package 'tello_driver' build argument 'cmake_args' from command line to 'None'
[0.629s] Level 5:colcon.colcon_core.verb:set package 'tello_driver' build argument 'cmake_target' from command line to 'None'
[0.629s] Level 5:colcon.colcon_core.verb:set package 'tello_driver' build argument 'cmake_target_skip_unavailable' from command line to 'False'
[0.629s] Level 5:colcon.colcon_core.verb:set package 'tello_driver' build argument 'cmake_clean_cache' from command line to 'False'
[0.630s] Level 5:colcon.colcon_core.verb:set package 'tello_driver' build argument 'cmake_clean_first' from command line to 'False'
[0.630s] Level 5:colcon.colcon_core.verb:set package 'tello_driver' build argument 'cmake_force_configure' from command line to 'False'
[0.630s] Level 5:colcon.colcon_core.verb:set package 'tello_driver' build argument 'ament_cmake_args' from command line to 'None'
[0.630s] Level 5:colcon.colcon_core.verb:set package 'tello_driver' build argument 'catkin_cmake_args' from command line to 'None'
[0.630s] Level 5:colcon.colcon_core.verb:set package 'tello_driver' build argument 'catkin_skip_building_tests' from command line to 'False'
[0.630s] DEBUG:colcon.colcon_core.verb:Building package 'tello_driver' with the following arguments: {'ament_cmake_args': None, 'build_base': '/home/eero/finalProject/drone_racing_ros2-main/build/tello_driver', 'catkin_cmake_args': None, 'catkin_skip_building_tests': False, 'cmake_args': None, 'cmake_clean_cache': False, 'cmake_clean_first': False, 'cmake_force_configure': False, 'cmake_target': None, 'cmake_target_skip_unavailable': False, 'install_base': '/home/eero/finalProject/drone_racing_ros2-main/install/tello_driver', 'merge_install': False, 'path': '/home/eero/finalProject/drone_racing_ros2-main/tello_ros/tello_driver', 'symlink_install': False, 'test_result_base': None}
[0.630s] Level 5:colcon.colcon_core.verb:set package 'tello_gazebo' build argument 'cmake_args' from command line to 'None'
[0.630s] Level 5:colcon.colcon_core.verb:set package 'tello_gazebo' build argument 'cmake_target' from command line to 'None'
[0.630s] Level 5:colcon.colcon_core.verb:set package 'tello_gazebo' build argument 'cmake_target_skip_unavailable' from command line to 'False'
[0.630s] Level 5:colcon.colcon_core.verb:set package 'tello_gazebo' build argument 'cmake_clean_cache' from command line to 'False'
[0.630s] Level 5:colcon.colcon_core.verb:set package 'tello_gazebo' build argument 'cmake_clean_first' from command line to 'False'
[0.630s] Level 5:colcon.colcon_core.verb:set package 'tello_gazebo' build argument 'cmake_force_configure' from command line to 'False'
[0.630s] Level 5:colcon.colcon_core.verb:set package 'tello_gazebo' build argument 'ament_cmake_args' from command line to 'None'
[0.630s] Level 5:colcon.colcon_core.verb:set package 'tello_gazebo' build argument 'catkin_cmake_args' from command line to 'None'
[0.630s] Level 5:colcon.colcon_core.verb:set package 'tello_gazebo' build argument 'catkin_skip_building_tests' from command line to 'False'
[0.630s] DEBUG:colcon.colcon_core.verb:Building package 'tello_gazebo' with the following arguments: {'ament_cmake_args': None, 'build_base': '/home/eero/finalProject/drone_racing_ros2-main/build/tello_gazebo', 'catkin_cmake_args': None, 'catkin_skip_building_tests': False, 'cmake_args': None, 'cmake_clean_cache': False, 'cmake_clean_first': False, 'cmake_force_configure': False, 'cmake_target': None, 'cmake_target_skip_unavailable': False, 'install_base': '/home/eero/finalProject/drone_racing_ros2-main/install/tello_gazebo', 'merge_install': False, 'path': '/home/eero/finalProject/drone_racing_ros2-main/tello_ros/tello_gazebo', 'symlink_install': False, 'test_result_base': None}
[0.631s] INFO:colcon.colcon_core.executor:Executing jobs using 'parallel' executor
[0.632s] DEBUG:colcon.colcon_parallel_executor.executor.parallel:run_until_complete
[0.633s] INFO:colcon.colcon_ros.task.ament_cmake.build:Building ROS package in '/home/eero/finalProject/drone_racing_ros2-main/tello_ros/tello_msgs' with build type 'ament_cmake'
[0.633s] INFO:colcon.colcon_cmake.task.cmake.build:Building CMake package in '/home/eero/finalProject/drone_racing_ros2-main/tello_ros/tello_msgs'
[0.636s] INFO:colcon.colcon_core.plugin_system:Skipping extension 'colcon_core.shell.bat': Not used on non-Windows systems
[0.636s] INFO:colcon.colcon_core.shell:Skip shell extension 'powershell' for command environment: Not usable outside of PowerShell
[0.636s] DEBUG:colcon.colcon_core.shell:Skip shell extension 'dsv' for command environment
[0.646s] INFO:colcon.colcon_ros.task.ament_cmake.build:Building ROS package in '/home/eero/finalProject/drone_racing_ros2-main/ros2_shared' with build type 'ament_cmake'
[0.646s] INFO:colcon.colcon_cmake.task.cmake.build:Building CMake package in '/home/eero/finalProject/drone_racing_ros2-main/ros2_shared'
[0.647s] INFO:colcon.colcon_core.shell:Skip shell extension 'powershell' for command environment: Not usable outside of PowerShell
[0.647s] DEBUG:colcon.colcon_core.shell:Skip shell extension 'dsv' for command environment
[0.658s] INFO:colcon.colcon_ros.task.ament_cmake.build:Building ROS package in '/home/eero/finalProject/drone_racing_ros2-main/tello_ros/tello_description' with build type 'ament_cmake'
[0.659s] INFO:colcon.colcon_cmake.task.cmake.build:Building CMake package in '/home/eero/finalProject/drone_racing_ros2-main/tello_ros/tello_description'
[0.660s] INFO:colcon.colcon_core.shell:Skip shell extension 'powershell' for command environment: Not usable outside of PowerShell
[0.660s] DEBUG:colcon.colcon_core.shell:Skip shell extension 'dsv' for command environment
[0.682s] DEBUG:colcon.colcon_core.event_handler.log_command:Invoking command in '/home/eero/finalProject/drone_racing_ros2-main/build/tello_msgs': CMAKE_PREFIX_PATH=${CMAKE_PREFIX_PATH}:/home/eero/turtlebot3_ws/install/turtlebot3_teleop:/home/eero/turtlebot3_ws/install/turtlebot3_example:/opt/ros/galactic /usr/bin/cmake --build /home/eero/finalProject/drone_racing_ros2-main/build/tello_msgs -- -j6 -l6
[0.689s] DEBUG:colcon.colcon_core.event_handler.log_command:Invoking command in '/home/eero/finalProject/drone_racing_ros2-main/build/ros2_shared': CMAKE_PREFIX_PATH=${CMAKE_PREFIX_PATH}:/home/eero/turtlebot3_ws/install/turtlebot3_teleop:/home/eero/turtlebot3_ws/install/turtlebot3_example:/opt/ros/galactic /usr/bin/cmake --build /home/eero/finalProject/drone_racing_ros2-main/build/ros2_shared -- -j6 -l6
[0.701s] DEBUG:colcon.colcon_core.event_handler.log_command:Invoking command in '/home/eero/finalProject/drone_racing_ros2-main/build/tello_description': CMAKE_PREFIX_PATH=${CMAKE_PREFIX_PATH}:/home/eero/turtlebot3_ws/install/turtlebot3_teleop:/home/eero/turtlebot3_ws/install/turtlebot3_example:/opt/ros/galactic /usr/bin/cmake --build /home/eero/finalProject/drone_racing_ros2-main/build/tello_description -- -j6 -l6
[0.767s] DEBUG:colcon.colcon_core.event_handler.log_command:Invoked command in '/home/eero/finalProject/drone_racing_ros2-main/build/ros2_shared' returned '0': CMAKE_PREFIX_PATH=${CMAKE_PREFIX_PATH}:/home/eero/turtlebot3_ws/install/turtlebot3_teleop:/home/eero/turtlebot3_ws/install/turtlebot3_example:/opt/ros/galactic /usr/bin/cmake --build /home/eero/finalProject/drone_racing_ros2-main/build/ros2_shared -- -j6 -l6
[0.787s] DEBUG:colcon.colcon_core.event_handler.log_command:Invoking command in '/home/eero/finalProject/drone_racing_ros2-main/build/ros2_shared': CMAKE_PREFIX_PATH=${CMAKE_PREFIX_PATH}:/home/eero/turtlebot3_ws/install/turtlebot3_teleop:/home/eero/turtlebot3_ws/install/turtlebot3_example:/opt/ros/galactic /usr/bin/cmake --install /home/eero/finalProject/drone_racing_ros2-main/build/ros2_shared
[0.816s] Level 1:colcon.colcon_core.environment:create_environment_scripts_only(ros2_shared)
[0.820s] Level 1:colcon.colcon_core.environment:checking '/home/eero/finalProject/drone_racing_ros2-main/install/ros2_shared' for CMake module files
[0.821s] Level 1:colcon.colcon_core.environment:checking '/home/eero/finalProject/drone_racing_ros2-main/install/ros2_shared' for CMake config files
[0.821s] Level 1:colcon.colcon_core.shell:create_environment_hook('ros2_shared', 'cmake_prefix_path')
[0.821s] INFO:colcon.colcon_core.shell:Creating environment hook '/home/eero/finalProject/drone_racing_ros2-main/install/ros2_shared/share/ros2_shared/hook/cmake_prefix_path.ps1'
[0.822s] INFO:colcon.colcon_core.shell:Creating environment descriptor '/home/eero/finalProject/drone_racing_ros2-main/install/ros2_shared/share/ros2_shared/hook/cmake_prefix_path.dsv'
[0.824s] DEBUG:colcon.colcon_core.event_handler.log_command:Invoked command in '/home/eero/finalProject/drone_racing_ros2-main/build/ros2_shared' returned '0': CMAKE_PREFIX_PATH=${CMAKE_PREFIX_PATH}:/home/eero/turtlebot3_ws/install/turtlebot3_teleop:/home/eero/turtlebot3_ws/install/turtlebot3_example:/opt/ros/galactic /usr/bin/cmake --install /home/eero/finalProject/drone_racing_ros2-main/build/ros2_shared
[0.824s] INFO:colcon.colcon_core.shell:Creating environment hook '/home/eero/finalProject/drone_racing_ros2-main/install/ros2_shared/share/ros2_shared/hook/cmake_prefix_path.sh'
[0.826s] Level 1:colcon.colcon_core.environment:checking '/home/eero/finalProject/drone_racing_ros2-main/install/ros2_shared/bin'
[0.826s] Level 1:colcon.colcon_core.environment:checking '/home/eero/finalProject/drone_racing_ros2-main/install/ros2_shared/lib/pkgconfig/ros2_shared.pc'
[0.826s] Level 1:colcon.colcon_core.environment:checking '/home/eero/finalProject/drone_racing_ros2-main/install/ros2_shared/lib/python3.8/site-packages'
[0.826s] Level 1:colcon.colcon_core.environment:checking '/home/eero/finalProject/drone_racing_ros2-main/install/ros2_shared/bin'
[0.828s] INFO:colcon.colcon_core.shell:Creating package script '/home/eero/finalProject/drone_racing_ros2-main/install/ros2_shared/share/ros2_shared/package.ps1'
[0.836s] INFO:colcon.colcon_core.shell:Creating package descriptor '/home/eero/finalProject/drone_racing_ros2-main/install/ros2_shared/share/ros2_shared/package.dsv'
[0.837s] INFO:colcon.colcon_core.shell:Creating package script '/home/eero/finalProject/drone_racing_ros2-main/install/ros2_shared/share/ros2_shared/package.sh'
[0.838s] INFO:colcon.colcon_core.shell:Creating package script '/home/eero/finalProject/drone_racing_ros2-main/install/ros2_shared/share/ros2_shared/package.bash'
[0.839s] INFO:colcon.colcon_core.shell:Creating package script '/home/eero/finalProject/drone_racing_ros2-main/install/ros2_shared/share/ros2_shared/package.zsh'
[0.840s] Level 1:colcon.colcon_core.environment:create_file_with_runtime_dependencies(/home/eero/finalProject/drone_racing_ros2-main/install/ros2_shared/share/colcon-core/packages/ros2_shared)
[0.841s] Level 1:colcon.colcon_core.environment:create_environment_scripts_only(ros2_shared)
[0.842s] Level 1:colcon.colcon_core.environment:checking '/home/eero/finalProject/drone_racing_ros2-main/install/ros2_shared' for CMake module files
[0.842s] Level 1:colcon.colcon_core.environment:checking '/home/eero/finalProject/drone_racing_ros2-main/install/ros2_shared' for CMake config files
[0.842s] Level 1:colcon.colcon_core.shell:create_environment_hook('ros2_shared', 'cmake_prefix_path')
[0.857s] INFO:colcon.colcon_core.shell:Creating environment hook '/home/eero/finalProject/drone_racing_ros2-main/install/ros2_shared/share/ros2_shared/hook/cmake_prefix_path.ps1'
[0.858s] INFO:colcon.colcon_core.shell:Creating environment descriptor '/home/eero/finalProject/drone_racing_ros2-main/install/ros2_shared/share/ros2_shared/hook/cmake_prefix_path.dsv'
[0.860s] INFO:colcon.colcon_core.shell:Creating environment hook '/home/eero/finalProject/drone_racing_ros2-main/install/ros2_shared/share/ros2_shared/hook/cmake_prefix_path.sh'
[0.861s] Level 1:colcon.colcon_core.environment:checking '/home/eero/finalProject/drone_racing_ros2-main/install/ros2_shared/bin'
[0.861s] Level 1:colcon.colcon_core.environment:checking '/home/eero/finalProject/drone_racing_ros2-main/install/ros2_shared/lib/pkgconfig/ros2_shared.pc'
[0.862s] Level 1:colcon.colcon_core.environment:checking '/home/eero/finalProject/drone_racing_ros2-main/install/ros2_shared/lib/python3.8/site-packages'
[0.862s] Level 1:colcon.colcon_core.environment:checking '/home/eero/finalProject/drone_racing_ros2-main/install/ros2_shared/bin'
[0.863s] INFO:colcon.colcon_core.shell:Creating package script '/home/eero/finalProject/drone_racing_ros2-main/install/ros2_shared/share/ros2_shared/package.ps1'
[0.866s] INFO:colcon.colcon_core.shell:Creating package descriptor '/home/eero/finalProject/drone_racing_ros2-main/install/ros2_shared/share/ros2_shared/package.dsv'
[0.867s] INFO:colcon.colcon_core.shell:Creating package script '/home/eero/finalProject/drone_racing_ros2-main/install/ros2_shared/share/ros2_shared/package.sh'
[0.868s] INFO:colcon.colcon_core.shell:Creating package script '/home/eero/finalProject/drone_racing_ros2-main/install/ros2_shared/share/ros2_shared/package.bash'
[0.870s] INFO:colcon.colcon_core.shell:Creating package script '/home/eero/finalProject/drone_racing_ros2-main/install/ros2_shared/share/ros2_shared/package.zsh'
[0.870s] Level 1:colcon.colcon_core.environment:create_file_with_runtime_dependencies(/home/eero/finalProject/drone_racing_ros2-main/install/ros2_shared/share/colcon-core/packages/ros2_shared)
[0.912s] DEBUG:colcon.colcon_core.event_handler.log_command:Invoked command in '/home/eero/finalProject/drone_racing_ros2-main/build/tello_description' returned '0': CMAKE_PREFIX_PATH=${CMAKE_PREFIX_PATH}:/home/eero/turtlebot3_ws/install/turtlebot3_teleop:/home/eero/turtlebot3_ws/install/turtlebot3_example:/opt/ros/galactic /usr/bin/cmake --build /home/eero/finalProject/drone_racing_ros2-main/build/tello_description -- -j6 -l6
[0.917s] DEBUG:colcon.colcon_core.event_handler.log_command:Invoking command in '/home/eero/finalProject/drone_racing_ros2-main/build/tello_description': CMAKE_PREFIX_PATH=${CMAKE_PREFIX_PATH}:/home/eero/turtlebot3_ws/install/turtlebot3_teleop:/home/eero/turtlebot3_ws/install/turtlebot3_example:/opt/ros/galactic /usr/bin/cmake --install /home/eero/finalProject/drone_racing_ros2-main/build/tello_description
[0.939s] Level 1:colcon.colcon_core.environment:create_environment_scripts_only(tello_description)
[0.940s] Level 1:colcon.colcon_core.environment:checking '/home/eero/finalProject/drone_racing_ros2-main/install/tello_description' for CMake module files
[0.940s] DEBUG:colcon.colcon_core.event_handler.log_command:Invoked command in '/home/eero/finalProject/drone_racing_ros2-main/build/tello_description' returned '0': CMAKE_PREFIX_PATH=${CMAKE_PREFIX_PATH}:/home/eero/turtlebot3_ws/install/turtlebot3_teleop:/home/eero/turtlebot3_ws/install/turtlebot3_example:/opt/ros/galactic /usr/bin/cmake --install /home/eero/finalProject/drone_racing_ros2-main/build/tello_description
[0.942s] Level 1:colcon.colcon_core.environment:checking '/home/eero/finalProject/drone_racing_ros2-main/install/tello_description' for CMake config files
[0.943s] Level 1:colcon.colcon_core.shell:create_environment_hook('tello_description', 'cmake_prefix_path')
[0.944s] INFO:colcon.colcon_core.shell:Creating environment hook '/home/eero/finalProject/drone_racing_ros2-main/install/tello_description/share/tello_description/hook/cmake_prefix_path.ps1'
[0.948s] INFO:colcon.colcon_core.shell:Creating environment descriptor '/home/eero/finalProject/drone_racing_ros2-main/install/tello_description/share/tello_description/hook/cmake_prefix_path.dsv'
[0.949s] INFO:colcon.colcon_core.shell:Creating environment hook '/home/eero/finalProject/drone_racing_ros2-main/install/tello_description/share/tello_description/hook/cmake_prefix_path.sh'
[0.950s] Level 1:colcon.colcon_core.environment:checking '/home/eero/finalProject/drone_racing_ros2-main/install/tello_description/bin'
[0.950s] Level 1:colcon.colcon_core.environment:checking '/home/eero/finalProject/drone_racing_ros2-main/install/tello_description/lib/pkgconfig/tello_description.pc'
[0.951s] Level 1:colcon.colcon_core.environment:checking '/home/eero/finalProject/drone_racing_ros2-main/install/tello_description/lib/python3.8/site-packages'
[0.951s] Level 1:colcon.colcon_core.environment:checking '/home/eero/finalProject/drone_racing_ros2-main/install/tello_description/bin'
[0.952s] INFO:colcon.colcon_core.shell:Creating package script '/home/eero/finalProject/drone_racing_ros2-main/install/tello_description/share/tello_description/package.ps1'
[0.953s] INFO:colcon.colcon_core.shell:Creating package descriptor '/home/eero/finalProject/drone_racing_ros2-main/install/tello_description/share/tello_description/package.dsv'
[0.953s] INFO:colcon.colcon_core.shell:Creating package script '/home/eero/finalProject/drone_racing_ros2-main/install/tello_description/share/tello_description/package.sh'
[0.954s] INFO:colcon.colcon_core.shell:Creating package script '/home/eero/finalProject/drone_racing_ros2-main/install/tello_description/share/tello_description/package.bash'
[0.955s] INFO:colcon.colcon_core.shell:Creating package script '/home/eero/finalProject/drone_racing_ros2-main/install/tello_description/share/tello_description/package.zsh'
[0.956s] Level 1:colcon.colcon_core.environment:create_file_with_runtime_dependencies(/home/eero/finalProject/drone_racing_ros2-main/install/tello_description/share/colcon-core/packages/tello_description)
[0.958s] Level 1:colcon.colcon_core.environment:create_environment_scripts_only(tello_description)
[0.958s] Level 1:colcon.colcon_core.environment:checking '/home/eero/finalProject/drone_racing_ros2-main/install/tello_description' for CMake module files
[0.959s] Level 1:colcon.colcon_core.environment:checking '/home/eero/finalProject/drone_racing_ros2-main/install/tello_description' for CMake config files
[0.959s] Level 1:colcon.colcon_core.shell:create_environment_hook('tello_description', 'cmake_prefix_path')
[0.960s] INFO:colcon.colcon_core.shell:Creating environment hook '/home/eero/finalProject/drone_racing_ros2-main/install/tello_description/share/tello_description/hook/cmake_prefix_path.ps1'
[0.961s] INFO:colcon.colcon_core.shell:Creating environment descriptor '/home/eero/finalProject/drone_racing_ros2-main/install/tello_description/share/tello_description/hook/cmake_prefix_path.dsv'
[0.961s] INFO:colcon.colcon_core.shell:Creating environment hook '/home/eero/finalProject/drone_racing_ros2-main/install/tello_description/share/tello_description/hook/cmake_prefix_path.sh'
[0.962s] Level 1:colcon.colcon_core.environment:checking '/home/eero/finalProject/drone_racing_ros2-main/install/tello_description/bin'
[0.962s] Level 1:colcon.colcon_core.environment:checking '/home/eero/finalProject/drone_racing_ros2-main/install/tello_description/lib/pkgconfig/tello_description.pc'
[0.963s] Level 1:colcon.colcon_core.environment:checking '/home/eero/finalProject/drone_racing_ros2-main/install/tello_description/lib/python3.8/site-packages'
[0.963s] Level 1:colcon.colcon_core.environment:checking '/home/eero/finalProject/drone_racing_ros2-main/install/tello_description/bin'
[0.963s] INFO:colcon.colcon_core.shell:Creating package script '/home/eero/finalProject/drone_racing_ros2-main/install/tello_description/share/tello_description/package.ps1'
[0.964s] INFO:colcon.colcon_core.shell:Creating package descriptor '/home/eero/finalProject/drone_racing_ros2-main/install/tello_description/share/tello_description/package.dsv'
[0.965s] INFO:colcon.colcon_core.shell:Creating package script '/home/eero/finalProject/drone_racing_ros2-main/install/tello_description/share/tello_description/package.sh'
[0.965s] INFO:colcon.colcon_core.shell:Creating package script '/home/eero/finalProject/drone_racing_ros2-main/install/tello_description/share/tello_description/package.bash'
[0.966s] INFO:colcon.colcon_core.shell:Creating package script '/home/eero/finalProject/drone_racing_ros2-main/install/tello_description/share/tello_description/package.zsh'
[0.966s] Level 1:colcon.colcon_core.environment:create_file_with_runtime_dependencies(/home/eero/finalProject/drone_racing_ros2-main/install/tello_description/share/colcon-core/packages/tello_description)
[1.144s] DEBUG:colcon.colcon_core.event_handler.log_command:Invoked command in '/home/eero/finalProject/drone_racing_ros2-main/build/tello_msgs' returned '0': CMAKE_PREFIX_PATH=${CMAKE_PREFIX_PATH}:/home/eero/turtlebot3_ws/install/turtlebot3_teleop:/home/eero/turtlebot3_ws/install/turtlebot3_example:/opt/ros/galactic /usr/bin/cmake --build /home/eero/finalProject/drone_racing_ros2-main/build/tello_msgs -- -j6 -l6
[1.149s] DEBUG:colcon.colcon_core.event_handler.log_command:Invoking command in '/home/eero/finalProject/drone_racing_ros2-main/build/tello_msgs': CMAKE_PREFIX_PATH=${CMAKE_PREFIX_PATH}:/home/eero/turtlebot3_ws/install/turtlebot3_teleop:/home/eero/turtlebot3_ws/install/turtlebot3_example:/opt/ros/galactic /usr/bin/cmake --install /home/eero/finalProject/drone_racing_ros2-main/build/tello_msgs
[1.234s] Level 1:colcon.colcon_core.environment:create_environment_scripts_only(tello_msgs)
[1.234s] DEBUG:colcon.colcon_core.event_handler.log_command:Invoked command in '/home/eero/finalProject/drone_racing_ros2-main/build/tello_msgs' returned '0': CMAKE_PREFIX_PATH=${CMAKE_PREFIX_PATH}:/home/eero/turtlebot3_ws/install/turtlebot3_teleop:/home/eero/turtlebot3_ws/install/turtlebot3_example:/opt/ros/galactic /usr/bin/cmake --install /home/eero/finalProject/drone_racing_ros2-main/build/tello_msgs
[1.235s] Level 1:colcon.colcon_core.environment:checking '/home/eero/finalProject/drone_racing_ros2-main/install/tello_msgs' for CMake module files
[1.236s] Level 1:colcon.colcon_core.environment:checking '/home/eero/finalProject/drone_racing_ros2-main/install/tello_msgs' for CMake config files
[1.237s] Level 1:colcon.colcon_core.shell:create_environment_hook('tello_msgs', 'cmake_prefix_path')
[1.238s] INFO:colcon.colcon_core.shell:Creating environment hook '/home/eero/finalProject/drone_racing_ros2-main/install/tello_msgs/share/tello_msgs/hook/cmake_prefix_path.ps1'
[1.238s] INFO:colcon.colcon_core.shell:Creating environment descriptor '/home/eero/finalProject/drone_racing_ros2-main/install/tello_msgs/share/tello_msgs/hook/cmake_prefix_path.dsv'
[1.239s] INFO:colcon.colcon_core.shell:Creating environment hook '/home/eero/finalProject/drone_racing_ros2-main/install/tello_msgs/share/tello_msgs/hook/cmake_prefix_path.sh'
[1.240s] Level 1:colcon.colcon_core.environment:checking '/home/eero/finalProject/drone_racing_ros2-main/install/tello_msgs/lib'
[1.241s] Level 1:colcon.colcon_core.shell:create_environment_hook('tello_msgs', 'ld_library_path_lib')
[1.241s] INFO:colcon.colcon_core.shell:Creating environment hook '/home/eero/finalProject/drone_racing_ros2-main/install/tello_msgs/share/tello_msgs/hook/ld_library_path_lib.ps1'
[1.242s] INFO:colcon.colcon_core.shell:Creating environment descriptor '/home/eero/finalProject/drone_racing_ros2-main/install/tello_msgs/share/tello_msgs/hook/ld_library_path_lib.dsv'
[1.242s] INFO:colcon.colcon_core.shell:Creating environment hook '/home/eero/finalProject/drone_racing_ros2-main/install/tello_msgs/share/tello_msgs/hook/ld_library_path_lib.sh'
[1.243s] Level 1:colcon.colcon_core.environment:checking '/home/eero/finalProject/drone_racing_ros2-main/install/tello_msgs/bin'
[1.243s] Level 1:colcon.colcon_core.environment:checking '/home/eero/finalProject/drone_racing_ros2-main/install/tello_msgs/lib/pkgconfig/tello_msgs.pc'
[1.243s] Level 1:colcon.colcon_core.environment:checking '/home/eero/finalProject/drone_racing_ros2-main/install/tello_msgs/lib/python3.8/site-packages'
[1.244s] Level 1:colcon.colcon_core.shell:create_environment_hook('tello_msgs', 'pythonpath')
[1.244s] INFO:colcon.colcon_core.shell:Creating environment hook '/home/eero/finalProject/drone_racing_ros2-main/install/tello_msgs/share/tello_msgs/hook/pythonpath.ps1'
[1.244s] INFO:colcon.colcon_core.shell:Creating environment descriptor '/home/eero/finalProject/drone_racing_ros2-main/install/tello_msgs/share/tello_msgs/hook/pythonpath.dsv'
[1.245s] INFO:colcon.colcon_core.shell:Creating environment hook '/home/eero/finalProject/drone_racing_ros2-main/install/tello_msgs/share/tello_msgs/hook/pythonpath.sh'
[1.245s] Level 1:colcon.colcon_core.environment:checking '/home/eero/finalProject/drone_racing_ros2-main/install/tello_msgs/bin'
[1.246s] INFO:colcon.colcon_core.shell:Creating package script '/home/eero/finalProject/drone_racing_ros2-main/install/tello_msgs/share/tello_msgs/package.ps1'
[1.247s] INFO:colcon.colcon_core.shell:Creating package descriptor '/home/eero/finalProject/drone_racing_ros2-main/install/tello_msgs/share/tello_msgs/package.dsv'
[1.247s] INFO:colcon.colcon_core.shell:Creating package script '/home/eero/finalProject/drone_racing_ros2-main/install/tello_msgs/share/tello_msgs/package.sh'
[1.248s] INFO:colcon.colcon_core.shell:Creating package script '/home/eero/finalProject/drone_racing_ros2-main/install/tello_msgs/share/tello_msgs/package.bash'
[1.248s] INFO:colcon.colcon_core.shell:Creating package script '/home/eero/finalProject/drone_racing_ros2-main/install/tello_msgs/share/tello_msgs/package.zsh'
[1.248s] Level 1:colcon.colcon_core.environment:create_file_with_runtime_dependencies(/home/eero/finalProject/drone_racing_ros2-main/install/tello_msgs/share/colcon-core/packages/tello_msgs)
[1.249s] Level 1:colcon.colcon_core.environment:create_environment_scripts_only(tello_msgs)
[1.250s] Level 1:colcon.colcon_core.environment:checking '/home/eero/finalProject/drone_racing_ros2-main/install/tello_msgs' for CMake module files
[1.250s] Level 1:colcon.colcon_core.environment:checking '/home/eero/finalProject/drone_racing_ros2-main/install/tello_msgs' for CMake config files
[1.251s] Level 1:colcon.colcon_core.shell:create_environment_hook('tello_msgs', 'cmake_prefix_path')
[1.251s] INFO:colcon.colcon_core.shell:Creating environment hook '/home/eero/finalProject/drone_racing_ros2-main/install/tello_msgs/share/tello_msgs/hook/cmake_prefix_path.ps1'
[1.252s] INFO:colcon.colcon_core.shell:Creating environment descriptor '/home/eero/finalProject/drone_racing_ros2-main/install/tello_msgs/share/tello_msgs/hook/cmake_prefix_path.dsv'
[1.252s] INFO:colcon.colcon_core.shell:Creating environment hook '/home/eero/finalProject/drone_racing_ros2-main/install/tello_msgs/share/tello_msgs/hook/cmake_prefix_path.sh'
[1.253s] Level 1:colcon.colcon_core.environment:checking '/home/eero/finalProject/drone_racing_ros2-main/install/tello_msgs/lib'
[1.253s] Level 1:colcon.colcon_core.shell:create_environment_hook('tello_msgs', 'ld_library_path_lib')
[1.253s] INFO:colcon.colcon_core.shell:Creating environment hook '/home/eero/finalProject/drone_racing_ros2-main/install/tello_msgs/share/tello_msgs/hook/ld_library_path_lib.ps1'
[1.254s] INFO:colcon.colcon_core.shell:Creating environment descriptor '/home/eero/finalProject/drone_racing_ros2-main/install/tello_msgs/share/tello_msgs/hook/ld_library_path_lib.dsv'
[1.254s] INFO:colcon.colcon_core.shell:Creating environment hook '/home/eero/finalProject/drone_racing_ros2-main/install/tello_msgs/share/tello_msgs/hook/ld_library_path_lib.sh'
[1.254s] Level 1:colcon.colcon_core.environment:checking '/home/eero/finalProject/drone_racing_ros2-main/install/tello_msgs/bin'
[1.255s] Level 1:colcon.colcon_core.environment:checking '/home/eero/finalProject/drone_racing_ros2-main/install/tello_msgs/lib/pkgconfig/tello_msgs.pc'
[1.255s] Level 1:colcon.colcon_core.environment:checking '/home/eero/finalProject/drone_racing_ros2-main/install/tello_msgs/lib/python3.8/site-packages'
[1.255s] Level 1:colcon.colcon_core.shell:create_environment_hook('tello_msgs', 'pythonpath')
[1.255s] INFO:colcon.colcon_core.shell:Creating environment hook '/home/eero/finalProject/drone_racing_ros2-main/install/tello_msgs/share/tello_msgs/hook/pythonpath.ps1'
[1.256s] INFO:colcon.colcon_core.shell:Creating environment descriptor '/home/eero/finalProject/drone_racing_ros2-main/install/tello_msgs/share/tello_msgs/hook/pythonpath.dsv'
[1.256s] INFO:colcon.colcon_core.shell:Creating environment hook '/home/eero/finalProject/drone_racing_ros2-main/install/tello_msgs/share/tello_msgs/hook/pythonpath.sh'
[1.257s] Level 1:colcon.colcon_core.environment:checking '/home/eero/finalProject/drone_racing_ros2-main/install/tello_msgs/bin'
[1.257s] INFO:colcon.colcon_core.shell:Creating package script '/home/eero/finalProject/drone_racing_ros2-main/install/tello_msgs/share/tello_msgs/package.ps1'
[1.258s] INFO:colcon.colcon_core.shell:Creating package descriptor '/home/eero/finalProject/drone_racing_ros2-main/install/tello_msgs/share/tello_msgs/package.dsv'
[1.258s] INFO:colcon.colcon_core.shell:Creating package script '/home/eero/finalProject/drone_racing_ros2-main/install/tello_msgs/share/tello_msgs/package.sh'
[1.259s] INFO:colcon.colcon_core.shell:Creating package script '/home/eero/finalProject/drone_racing_ros2-main/install/tello_msgs/share/tello_msgs/package.bash'
[1.259s] INFO:colcon.colcon_core.shell:Creating package script '/home/eero/finalProject/drone_racing_ros2-main/install/tello_msgs/share/tello_msgs/package.zsh'
[1.260s] Level 1:colcon.colcon_core.environment:create_file_with_runtime_dependencies(/home/eero/finalProject/drone_racing_ros2-main/install/tello_msgs/share/colcon-core/packages/tello_msgs)
[1.260s] INFO:colcon.colcon_ros.task.ament_cmake.build:Building ROS package in '/home/eero/finalProject/drone_racing_ros2-main/tello_ros/tello_driver' with build type 'ament_cmake'
[1.261s] INFO:colcon.colcon_cmake.task.cmake.build:Building CMake package in '/home/eero/finalProject/drone_racing_ros2-main/tello_ros/tello_driver'
[1.261s] INFO:colcon.colcon_core.shell:Skip shell extension 'powershell' for command environment: Not usable outside of PowerShell
[1.261s] DEBUG:colcon.colcon_core.shell:Skip shell extension 'dsv' for command environment
[1.273s] INFO:colcon.colcon_ros.task.ament_cmake.build:Building ROS package in '/home/eero/finalProject/drone_racing_ros2-main/tello_ros/tello_gazebo' with build type 'ament_cmake'
[1.273s] INFO:colcon.colcon_cmake.task.cmake.build:Building CMake package in '/home/eero/finalProject/drone_racing_ros2-main/tello_ros/tello_gazebo'
[1.274s] INFO:colcon.colcon_core.shell:Skip shell extension 'powershell' for command environment: Not usable outside of PowerShell
[1.275s] DEBUG:colcon.colcon_core.shell:Skip shell extension 'dsv' for command environment
[1.296s] DEBUG:colcon.colcon_core.event_handler.log_command:Invoking command in '/home/eero/finalProject/drone_racing_ros2-main/build/tello_driver': CMAKE_PREFIX_PATH=/home/eero/finalProject/drone_racing_ros2-main/install/tello_msgs:/home/eero/finalProject/drone_racing_ros2-main/install/ros2_shared:/home/eero/finalProject/drone_racing_ros2-main/install/tello_gazebo:/home/eero/finalProject/drone_racing_ros2-main/install/tello_driver:/home/eero/finalProject/drone_racing_ros2-main/install/tello_description:/home/eero/turtlebot3_ws/install/turtlebot3:/home/eero/turtlebot3_ws/install/turtlebot3_simulations:/home/eero/turtlebot3_ws/install/turtlebot3_bringup:/home/eero/turtlebot3_ws/install/turtlebot3_node:/home/eero/turtlebot3_ws/install/turtlebot3_navigation2:/home/eero/turtlebot3_ws/install/turtlebot3_fake_node:/home/eero/turtlebot3_ws/install/turtlebot3_msgs:/home/eero/turtlebot3_ws/install/turtlebot3_manipulation_gazebo:/home/eero/turtlebot3_ws/install/turtlebot3_gazebo:/home/eero/turtlebot3_ws/install/turtlebot3_description:/home/eero/turtlebot3_ws/install/turtlebot3_cartographer:/home/eero/turtlebot3_ws/install/dynamixel_sdk_examples:/home/eero/turtlebot3_ws/install/dynamixel_sdk_custom_interfaces:/home/eero/turtlebot3_ws/install/dynamixel_sdk:/home/eero/turtlebot3_ws/install/turtlebot3_teleop:/home/eero/turtlebot3_ws/install/turtlebot3_example:/opt/ros/galactic LD_LIBRARY_PATH=/home/eero/finalProject/drone_racing_ros2-main/install/tello_msgs/lib:/home/eero/finalProject/drone_racing_ros2-main/install/tello_gazebo/lib:/home/eero/finalProject/drone_racing_ros2-main/install/tello_driver/lib:/home/eero/turtlebot3_ws/install/turtlebot3_msgs/lib:/home/eero/turtlebot3_ws/install/dynamixel_sdk_custom_interfaces/lib:/home/eero/turtlebot3_ws/install/dynamixel_sdk/lib:/usr/lib/x86_64-linux-gnu/gazebo-11/plugins:/opt/ros/galactic/opt/yaml_cpp_vendor/lib:/opt/ros/galactic/opt/rviz_ogre_vendor/lib:/opt/ros/galactic/lib/x86_64-linux-gnu:/opt/ros/galactic/lib:/usr/lib/x86_64-linux-gnu/gazebo-11/plugins /usr/bin/cmake --build /home/eero/finalProject/drone_racing_ros2-main/build/tello_driver -- -j6 -l6
[1.306s] DEBUG:colcon.colcon_core.event_handler.log_command:Invoking command in '/home/eero/finalProject/drone_racing_ros2-main/build/tello_gazebo': CMAKE_PREFIX_PATH=/home/eero/finalProject/drone_racing_ros2-main/install/tello_msgs:/home/eero/finalProject/drone_racing_ros2-main/install/tello_gazebo:/home/eero/finalProject/drone_racing_ros2-main/install/tello_driver:/home/eero/finalProject/drone_racing_ros2-main/install/tello_description:/home/eero/finalProject/drone_racing_ros2-main/install/ros2_shared:/home/eero/turtlebot3_ws/install/turtlebot3:/home/eero/turtlebot3_ws/install/turtlebot3_simulations:/home/eero/turtlebot3_ws/install/turtlebot3_bringup:/home/eero/turtlebot3_ws/install/turtlebot3_node:/home/eero/turtlebot3_ws/install/turtlebot3_navigation2:/home/eero/turtlebot3_ws/install/turtlebot3_fake_node:/home/eero/turtlebot3_ws/install/turtlebot3_msgs:/home/eero/turtlebot3_ws/install/turtlebot3_manipulation_gazebo:/home/eero/turtlebot3_ws/install/turtlebot3_gazebo:/home/eero/turtlebot3_ws/install/turtlebot3_description:/home/eero/turtlebot3_ws/install/turtlebot3_cartographer:/home/eero/turtlebot3_ws/install/dynamixel_sdk_examples:/home/eero/turtlebot3_ws/install/dynamixel_sdk_custom_interfaces:/home/eero/turtlebot3_ws/install/dynamixel_sdk:/home/eero/turtlebot3_ws/install/turtlebot3_teleop:/home/eero/turtlebot3_ws/install/turtlebot3_example:/opt/ros/galactic LD_LIBRARY_PATH=/home/eero/finalProject/drone_racing_ros2-main/install/tello_msgs/lib:/home/eero/finalProject/drone_racing_ros2-main/install/tello_gazebo/lib:/home/eero/finalProject/drone_racing_ros2-main/install/tello_driver/lib:/home/eero/turtlebot3_ws/install/turtlebot3_msgs/lib:/home/eero/turtlebot3_ws/install/dynamixel_sdk_custom_interfaces/lib:/home/eero/turtlebot3_ws/install/dynamixel_sdk/lib:/usr/lib/x86_64-linux-gnu/gazebo-11/plugins:/opt/ros/galactic/opt/yaml_cpp_vendor/lib:/opt/ros/galactic/opt/rviz_ogre_vendor/lib:/opt/ros/galactic/lib/x86_64-linux-gnu:/opt/ros/galactic/lib:/usr/lib/x86_64-linux-gnu/gazebo-11/plugins /usr/bin/cmake --build /home/eero/finalProject/drone_racing_ros2-main/build/tello_gazebo -- -j6 -l6
[1.449s] DEBUG:colcon.colcon_core.event_handler.log_command:Invoked command in '/home/eero/finalProject/drone_racing_ros2-main/build/tello_driver' returned '0': CMAKE_PREFIX_PATH=/home/eero/finalProject/drone_racing_ros2-main/install/tello_msgs:/home/eero/finalProject/drone_racing_ros2-main/install/ros2_shared:/home/eero/finalProject/drone_racing_ros2-main/install/tello_gazebo:/home/eero/finalProject/drone_racing_ros2-main/install/tello_driver:/home/eero/finalProject/drone_racing_ros2-main/install/tello_description:/home/eero/turtlebot3_ws/install/turtlebot3:/home/eero/turtlebot3_ws/install/turtlebot3_simulations:/home/eero/turtlebot3_ws/install/turtlebot3_bringup:/home/eero/turtlebot3_ws/install/turtlebot3_node:/home/eero/turtlebot3_ws/install/turtlebot3_navigation2:/home/eero/turtlebot3_ws/install/turtlebot3_fake_node:/home/eero/turtlebot3_ws/install/turtlebot3_msgs:/home/eero/turtlebot3_ws/install/turtlebot3_manipulation_gazebo:/home/eero/turtlebot3_ws/install/turtlebot3_gazebo:/home/eero/turtlebot3_ws/install/turtlebot3_description:/home/eero/turtlebot3_ws/install/turtlebot3_cartographer:/home/eero/turtlebot3_ws/install/dynamixel_sdk_examples:/home/eero/turtlebot3_ws/install/dynamixel_sdk_custom_interfaces:/home/eero/turtlebot3_ws/install/dynamixel_sdk:/home/eero/turtlebot3_ws/install/turtlebot3_teleop:/home/eero/turtlebot3_ws/install/turtlebot3_example:/opt/ros/galactic LD_LIBRARY_PATH=/home/eero/finalProject/drone_racing_ros2-main/install/tello_msgs/lib:/home/eero/finalProject/drone_racing_ros2-main/install/tello_gazebo/lib:/home/eero/finalProject/drone_racing_ros2-main/install/tello_driver/lib:/home/eero/turtlebot3_ws/install/turtlebot3_msgs/lib:/home/eero/turtlebot3_ws/install/dynamixel_sdk_custom_interfaces/lib:/home/eero/turtlebot3_ws/install/dynamixel_sdk/lib:/usr/lib/x86_64-linux-gnu/gazebo-11/plugins:/opt/ros/galactic/opt/yaml_cpp_vendor/lib:/opt/ros/galactic/opt/rviz_ogre_vendor/lib:/opt/ros/galactic/lib/x86_64-linux-gnu:/opt/ros/galactic/lib:/usr/lib/x86_64-linux-gnu/gazebo-11/plugins /usr/bin/cmake --build /home/eero/finalProject/drone_racing_ros2-main/build/tello_driver -- -j6 -l6
[1.455s] DEBUG:colcon.colcon_core.event_handler.log_command:Invoking command in '/home/eero/finalProject/drone_racing_ros2-main/build/tello_driver': CMAKE_PREFIX_PATH=/home/eero/finalProject/drone_racing_ros2-main/install/tello_msgs:/home/eero/finalProject/drone_racing_ros2-main/install/ros2_shared:/home/eero/finalProject/drone_racing_ros2-main/install/tello_gazebo:/home/eero/finalProject/drone_racing_ros2-main/install/tello_driver:/home/eero/finalProject/drone_racing_ros2-main/install/tello_description:/home/eero/turtlebot3_ws/install/turtlebot3:/home/eero/turtlebot3_ws/install/turtlebot3_simulations:/home/eero/turtlebot3_ws/install/turtlebot3_bringup:/home/eero/turtlebot3_ws/install/turtlebot3_node:/home/eero/turtlebot3_ws/install/turtlebot3_navigation2:/home/eero/turtlebot3_ws/install/turtlebot3_fake_node:/home/eero/turtlebot3_ws/install/turtlebot3_msgs:/home/eero/turtlebot3_ws/install/turtlebot3_manipulation_gazebo:/home/eero/turtlebot3_ws/install/turtlebot3_gazebo:/home/eero/turtlebot3_ws/install/turtlebot3_description:/home/eero/turtlebot3_ws/install/turtlebot3_cartographer:/home/eero/turtlebot3_ws/install/dynamixel_sdk_examples:/home/eero/turtlebot3_ws/install/dynamixel_sdk_custom_interfaces:/home/eero/turtlebot3_ws/install/dynamixel_sdk:/home/eero/turtlebot3_ws/install/turtlebot3_teleop:/home/eero/turtlebot3_ws/install/turtlebot3_example:/opt/ros/galactic LD_LIBRARY_PATH=/home/eero/finalProject/drone_racing_ros2-main/install/tello_msgs/lib:/home/eero/finalProject/drone_racing_ros2-main/install/tello_gazebo/lib:/home/eero/finalProject/drone_racing_ros2-main/install/tello_driver/lib:/home/eero/turtlebot3_ws/install/turtlebot3_msgs/lib:/home/eero/turtlebot3_ws/install/dynamixel_sdk_custom_interfaces/lib:/home/eero/turtlebot3_ws/install/dynamixel_sdk/lib:/usr/lib/x86_64-linux-gnu/gazebo-11/plugins:/opt/ros/galactic/opt/yaml_cpp_vendor/lib:/opt/ros/galactic/opt/rviz_ogre_vendor/lib:/opt/ros/galactic/lib/x86_64-linux-gnu:/opt/ros/galactic/lib:/usr/lib/x86_64-linux-gnu/gazebo-11/plugins /usr/bin/cmake --install /home/eero/finalProject/drone_racing_ros2-main/build/tello_driver
[1.461s] DEBUG:colcon.colcon_core.event_handler.log_command:Invoked command in '/home/eero/finalProject/drone_racing_ros2-main/build/tello_gazebo' returned '0': CMAKE_PREFIX_PATH=/home/eero/finalProject/drone_racing_ros2-main/install/tello_msgs:/home/eero/finalProject/drone_racing_ros2-main/install/tello_gazebo:/home/eero/finalProject/drone_racing_ros2-main/install/tello_driver:/home/eero/finalProject/drone_racing_ros2-main/install/tello_description:/home/eero/finalProject/drone_racing_ros2-main/install/ros2_shared:/home/eero/turtlebot3_ws/install/turtlebot3:/home/eero/turtlebot3_ws/install/turtlebot3_simulations:/home/eero/turtlebot3_ws/install/turtlebot3_bringup:/home/eero/turtlebot3_ws/install/turtlebot3_node:/home/eero/turtlebot3_ws/install/turtlebot3_navigation2:/home/eero/turtlebot3_ws/install/turtlebot3_fake_node:/home/eero/turtlebot3_ws/install/turtlebot3_msgs:/home/eero/turtlebot3_ws/install/turtlebot3_manipulation_gazebo:/home/eero/turtlebot3_ws/install/turtlebot3_gazebo:/home/eero/turtlebot3_ws/install/turtlebot3_description:/home/eero/turtlebot3_ws/install/turtlebot3_cartographer:/home/eero/turtlebot3_ws/install/dynamixel_sdk_examples:/home/eero/turtlebot3_ws/install/dynamixel_sdk_custom_interfaces:/home/eero/turtlebot3_ws/install/dynamixel_sdk:/home/eero/turtlebot3_ws/install/turtlebot3_teleop:/home/eero/turtlebot3_ws/install/turtlebot3_example:/opt/ros/galactic LD_LIBRARY_PATH=/home/eero/finalProject/drone_racing_ros2-main/install/tello_msgs/lib:/home/eero/finalProject/drone_racing_ros2-main/install/tello_gazebo/lib:/home/eero/finalProject/drone_racing_ros2-main/install/tello_driver/lib:/home/eero/turtlebot3_ws/install/turtlebot3_msgs/lib:/home/eero/turtlebot3_ws/install/dynamixel_sdk_custom_interfaces/lib:/home/eero/turtlebot3_ws/install/dynamixel_sdk/lib:/usr/lib/x86_64-linux-gnu/gazebo-11/plugins:/opt/ros/galactic/opt/yaml_cpp_vendor/lib:/opt/ros/galactic/opt/rviz_ogre_vendor/lib:/opt/ros/galactic/lib/x86_64-linux-gnu:/opt/ros/galactic/lib:/usr/lib/x86_64-linux-gnu/gazebo-11/plugins /usr/bin/cmake --build /home/eero/finalProject/drone_racing_ros2-main/build/tello_gazebo -- -j6 -l6
[1.464s] DEBUG:colcon.colcon_core.event_handler.log_command:Invoking command in '/home/eero/finalProject/drone_racing_ros2-main/build/tello_gazebo': CMAKE_PREFIX_PATH=/home/eero/finalProject/drone_racing_ros2-main/install/tello_msgs:/home/eero/finalProject/drone_racing_ros2-main/install/tello_gazebo:/home/eero/finalProject/drone_racing_ros2-main/install/tello_driver:/home/eero/finalProject/drone_racing_ros2-main/install/tello_description:/home/eero/finalProject/drone_racing_ros2-main/install/ros2_shared:/home/eero/turtlebot3_ws/install/turtlebot3:/home/eero/turtlebot3_ws/install/turtlebot3_simulations:/home/eero/turtlebot3_ws/install/turtlebot3_bringup:/home/eero/turtlebot3_ws/install/turtlebot3_node:/home/eero/turtlebot3_ws/install/turtlebot3_navigation2:/home/eero/turtlebot3_ws/install/turtlebot3_fake_node:/home/eero/turtlebot3_ws/install/turtlebot3_msgs:/home/eero/turtlebot3_ws/install/turtlebot3_manipulation_gazebo:/home/eero/turtlebot3_ws/install/turtlebot3_gazebo:/home/eero/turtlebot3_ws/install/turtlebot3_description:/home/eero/turtlebot3_ws/install/turtlebot3_cartographer:/home/eero/turtlebot3_ws/install/dynamixel_sdk_examples:/home/eero/turtlebot3_ws/install/dynamixel_sdk_custom_interfaces:/home/eero/turtlebot3_ws/install/dynamixel_sdk:/home/eero/turtlebot3_ws/install/turtlebot3_teleop:/home/eero/turtlebot3_ws/install/turtlebot3_example:/opt/ros/galactic LD_LIBRARY_PATH=/home/eero/finalProject/drone_racing_ros2-main/install/tello_msgs/lib:/home/eero/finalProject/drone_racing_ros2-main/install/tello_gazebo/lib:/home/eero/finalProject/drone_racing_ros2-main/install/tello_driver/lib:/home/eero/turtlebot3_ws/install/turtlebot3_msgs/lib:/home/eero/turtlebot3_ws/install/dynamixel_sdk_custom_interfaces/lib:/home/eero/turtlebot3_ws/install/dynamixel_sdk/lib:/usr/lib/x86_64-linux-gnu/gazebo-11/plugins:/opt/ros/galactic/opt/yaml_cpp_vendor/lib:/opt/ros/galactic/opt/rviz_ogre_vendor/lib:/opt/ros/galactic/lib/x86_64-linux-gnu:/opt/ros/galactic/lib:/usr/lib/x86_64-linux-gnu/gazebo-11/plugins /usr/bin/cmake --install /home/eero/finalProject/drone_racing_ros2-main/build/tello_gazebo
[1.477s] Level 1:colcon.colcon_core.environment:create_environment_scripts_only(tello_driver)
[1.479s] Level 1:colcon.colcon_core.environment:checking '/home/eero/finalProject/drone_racing_ros2-main/install/tello_driver' for CMake module files
[1.480s] DEBUG:colcon.colcon_core.event_handler.log_command:Invoked command in '/home/eero/finalProject/drone_racing_ros2-main/build/tello_driver' returned '0': CMAKE_PREFIX_PATH=/home/eero/finalProject/drone_racing_ros2-main/install/tello_msgs:/home/eero/finalProject/drone_racing_ros2-main/install/ros2_shared:/home/eero/finalProject/drone_racing_ros2-main/install/tello_gazebo:/home/eero/finalProject/drone_racing_ros2-main/install/tello_driver:/home/eero/finalProject/drone_racing_ros2-main/install/tello_description:/home/eero/turtlebot3_ws/install/turtlebot3:/home/eero/turtlebot3_ws/install/turtlebot3_simulations:/home/eero/turtlebot3_ws/install/turtlebot3_bringup:/home/eero/turtlebot3_ws/install/turtlebot3_node:/home/eero/turtlebot3_ws/install/turtlebot3_navigation2:/home/eero/turtlebot3_ws/install/turtlebot3_fake_node:/home/eero/turtlebot3_ws/install/turtlebot3_msgs:/home/eero/turtlebot3_ws/install/turtlebot3_manipulation_gazebo:/home/eero/turtlebot3_ws/install/turtlebot3_gazebo:/home/eero/turtlebot3_ws/install/turtlebot3_description:/home/eero/turtlebot3_ws/install/turtlebot3_cartographer:/home/eero/turtlebot3_ws/install/dynamixel_sdk_examples:/home/eero/turtlebot3_ws/install/dynamixel_sdk_custom_interfaces:/home/eero/turtlebot3_ws/install/dynamixel_sdk:/home/eero/turtlebot3_ws/install/turtlebot3_teleop:/home/eero/turtlebot3_ws/install/turtlebot3_example:/opt/ros/galactic LD_LIBRARY_PATH=/home/eero/finalProject/drone_racing_ros2-main/install/tello_msgs/lib:/home/eero/finalProject/drone_racing_ros2-main/install/tello_gazebo/lib:/home/eero/finalProject/drone_racing_ros2-main/install/tello_driver/lib:/home/eero/turtlebot3_ws/install/turtlebot3_msgs/lib:/home/eero/turtlebot3_ws/install/dynamixel_sdk_custom_interfaces/lib:/home/eero/turtlebot3_ws/install/dynamixel_sdk/lib:/usr/lib/x86_64-linux-gnu/gazebo-11/plugins:/opt/ros/galactic/opt/yaml_cpp_vendor/lib:/opt/ros/galactic/opt/rviz_ogre_vendor/lib:/opt/ros/galactic/lib/x86_64-linux-gnu:/opt/ros/galactic/lib:/usr/lib/x86_64-linux-gnu/gazebo-11/plugins /usr/bin/cmake --install /home/eero/finalProject/drone_racing_ros2-main/build/tello_driver
[1.481s] Level 1:colcon.colcon_core.environment:checking '/home/eero/finalProject/drone_racing_ros2-main/install/tello_driver' for CMake config files
[1.482s] Level 1:colcon.colcon_core.shell:create_environment_hook('tello_driver', 'cmake_prefix_path')
[1.482s] INFO:colcon.colcon_core.shell:Creating environment hook '/home/eero/finalProject/drone_racing_ros2-main/install/tello_driver/share/tello_driver/hook/cmake_prefix_path.ps1'
[1.484s] INFO:colcon.colcon_core.shell:Creating environment descriptor '/home/eero/finalProject/drone_racing_ros2-main/install/tello_driver/share/tello_driver/hook/cmake_prefix_path.dsv'
[1.490s] INFO:colcon.colcon_core.shell:Creating environment hook '/home/eero/finalProject/drone_racing_ros2-main/install/tello_driver/share/tello_driver/hook/cmake_prefix_path.sh'
[1.497s] Level 1:colcon.colcon_core.environment:checking '/home/eero/finalProject/drone_racing_ros2-main/install/tello_driver/lib'
[1.498s] Level 1:colcon.colcon_core.shell:create_environment_hook('tello_driver', 'ld_library_path_lib')
[1.499s] INFO:colcon.colcon_core.shell:Creating environment hook '/home/eero/finalProject/drone_racing_ros2-main/install/tello_driver/share/tello_driver/hook/ld_library_path_lib.ps1'
[1.501s] INFO:colcon.colcon_core.shell:Creating environment descriptor '/home/eero/finalProject/drone_racing_ros2-main/install/tello_driver/share/tello_driver/hook/ld_library_path_lib.dsv'
[1.502s] INFO:colcon.colcon_core.shell:Creating environment hook '/home/eero/finalProject/drone_racing_ros2-main/install/tello_driver/share/tello_driver/hook/ld_library_path_lib.sh'
[1.503s] Level 1:colcon.colcon_core.environment:checking '/home/eero/finalProject/drone_racing_ros2-main/install/tello_driver/bin'
[1.503s] Level 1:colcon.colcon_core.environment:checking '/home/eero/finalProject/drone_racing_ros2-main/install/tello_driver/lib/pkgconfig/tello_driver.pc'
[1.503s] Level 1:colcon.colcon_core.environment:checking '/home/eero/finalProject/drone_racing_ros2-main/install/tello_driver/lib/python3.8/site-packages'
[1.503s] Level 1:colcon.colcon_core.environment:checking '/home/eero/finalProject/drone_racing_ros2-main/install/tello_driver/bin'
[1.504s] INFO:colcon.colcon_core.shell:Creating package script '/home/eero/finalProject/drone_racing_ros2-main/install/tello_driver/share/tello_driver/package.ps1'
[1.505s] INFO:colcon.colcon_core.shell:Creating package descriptor '/home/eero/finalProject/drone_racing_ros2-main/install/tello_driver/share/tello_driver/package.dsv'
[1.506s] INFO:colcon.colcon_core.shell:Creating package script '/home/eero/finalProject/drone_racing_ros2-main/install/tello_driver/share/tello_driver/package.sh'
[1.506s] INFO:colcon.colcon_core.shell:Creating package script '/home/eero/finalProject/drone_racing_ros2-main/install/tello_driver/share/tello_driver/package.bash'
[1.507s] INFO:colcon.colcon_core.shell:Creating package script '/home/eero/finalProject/drone_racing_ros2-main/install/tello_driver/share/tello_driver/package.zsh'
[1.508s] Level 1:colcon.colcon_core.environment:create_file_with_runtime_dependencies(/home/eero/finalProject/drone_racing_ros2-main/install/tello_driver/share/colcon-core/packages/tello_driver)
[1.509s] Level 1:colcon.colcon_core.environment:create_environment_scripts_only(tello_driver)
[1.509s] Level 1:colcon.colcon_core.environment:checking '/home/eero/finalProject/drone_racing_ros2-main/install/tello_driver' for CMake module files
[1.510s] Level 1:colcon.colcon_core.environment:checking '/home/eero/finalProject/drone_racing_ros2-main/install/tello_driver' for CMake config files
[1.511s] Level 1:colcon.colcon_core.shell:create_environment_hook('tello_driver', 'cmake_prefix_path')
[1.511s] INFO:colcon.colcon_core.shell:Creating environment hook '/home/eero/finalProject/drone_racing_ros2-main/install/tello_driver/share/tello_driver/hook/cmake_prefix_path.ps1'
[1.512s] INFO:colcon.colcon_core.shell:Creating environment descriptor '/home/eero/finalProject/drone_racing_ros2-main/install/tello_driver/share/tello_driver/hook/cmake_prefix_path.dsv'
[1.512s] INFO:colcon.colcon_core.shell:Creating environment hook '/home/eero/finalProject/drone_racing_ros2-main/install/tello_driver/share/tello_driver/hook/cmake_prefix_path.sh'
[1.513s] Level 1:colcon.colcon_core.environment:checking '/home/eero/finalProject/drone_racing_ros2-main/install/tello_driver/lib'
[1.513s] Level 1:colcon.colcon_core.shell:create_environment_hook('tello_driver', 'ld_library_path_lib')
[1.513s] INFO:colcon.colcon_core.shell:Creating environment hook '/home/eero/finalProject/drone_racing_ros2-main/install/tello_driver/share/tello_driver/hook/ld_library_path_lib.ps1'
[1.513s] INFO:colcon.colcon_core.shell:Creating environment descriptor '/home/eero/finalProject/drone_racing_ros2-main/install/tello_driver/share/tello_driver/hook/ld_library_path_lib.dsv'
[1.514s] INFO:colcon.colcon_core.shell:Creating environment hook '/home/eero/finalProject/drone_racing_ros2-main/install/tello_driver/share/tello_driver/hook/ld_library_path_lib.sh'
[1.514s] Level 1:colcon.colcon_core.environment:checking '/home/eero/finalProject/drone_racing_ros2-main/install/tello_driver/bin'
[1.514s] Level 1:colcon.colcon_core.environment:checking '/home/eero/finalProject/drone_racing_ros2-main/install/tello_driver/lib/pkgconfig/tello_driver.pc'
[1.515s] Level 1:colcon.colcon_core.environment:checking '/home/eero/finalProject/drone_racing_ros2-main/install/tello_driver/lib/python3.8/site-packages'
[1.515s] Level 1:colcon.colcon_core.environment:checking '/home/eero/finalProject/drone_racing_ros2-main/install/tello_driver/bin'
[1.515s] INFO:colcon.colcon_core.shell:Creating package script '/home/eero/finalProject/drone_racing_ros2-main/install/tello_driver/share/tello_driver/package.ps1'
[1.516s] INFO:colcon.colcon_core.shell:Creating package descriptor '/home/eero/finalProject/drone_racing_ros2-main/install/tello_driver/share/tello_driver/package.dsv'
[1.517s] INFO:colcon.colcon_core.shell:Creating package script '/home/eero/finalProject/drone_racing_ros2-main/install/tello_driver/share/tello_driver/package.sh'
[1.517s] INFO:colcon.colcon_core.shell:Creating package script '/home/eero/finalProject/drone_racing_ros2-main/install/tello_driver/share/tello_driver/package.bash'
[1.518s] INFO:colcon.colcon_core.shell:Creating package script '/home/eero/finalProject/drone_racing_ros2-main/install/tello_driver/share/tello_driver/package.zsh'
[1.518s] Level 1:colcon.colcon_core.environment:create_file_with_runtime_dependencies(/home/eero/finalProject/drone_racing_ros2-main/install/tello_driver/share/colcon-core/packages/tello_driver)
[1.520s] Level 1:colcon.colcon_core.environment:create_environment_scripts_only(tello_gazebo)
[1.522s] Level 1:colcon.colcon_core.environment:checking '/home/eero/finalProject/drone_racing_ros2-main/install/tello_gazebo' for CMake module files
[1.522s] DEBUG:colcon.colcon_core.event_handler.log_command:Invoked command in '/home/eero/finalProject/drone_racing_ros2-main/build/tello_gazebo' returned '0': CMAKE_PREFIX_PATH=/home/eero/finalProject/drone_racing_ros2-main/install/tello_msgs:/home/eero/finalProject/drone_racing_ros2-main/install/tello_gazebo:/home/eero/finalProject/drone_racing_ros2-main/install/tello_driver:/home/eero/finalProject/drone_racing_ros2-main/install/tello_description:/home/eero/finalProject/drone_racing_ros2-main/install/ros2_shared:/home/eero/turtlebot3_ws/install/turtlebot3:/home/eero/turtlebot3_ws/install/turtlebot3_simulations:/home/eero/turtlebot3_ws/install/turtlebot3_bringup:/home/eero/turtlebot3_ws/install/turtlebot3_node:/home/eero/turtlebot3_ws/install/turtlebot3_navigation2:/home/eero/turtlebot3_ws/install/turtlebot3_fake_node:/home/eero/turtlebot3_ws/install/turtlebot3_msgs:/home/eero/turtlebot3_ws/install/turtlebot3_manipulation_gazebo:/home/eero/turtlebot3_ws/install/turtlebot3_gazebo:/home/eero/turtlebot3_ws/install/turtlebot3_description:/home/eero/turtlebot3_ws/install/turtlebot3_cartographer:/home/eero/turtlebot3_ws/install/dynamixel_sdk_examples:/home/eero/turtlebot3_ws/install/dynamixel_sdk_custom_interfaces:/home/eero/turtlebot3_ws/install/dynamixel_sdk:/home/eero/turtlebot3_ws/install/turtlebot3_teleop:/home/eero/turtlebot3_ws/install/turtlebot3_example:/opt/ros/galactic LD_LIBRARY_PATH=/home/eero/finalProject/drone_racing_ros2-main/install/tello_msgs/lib:/home/eero/finalProject/drone_racing_ros2-main/install/tello_gazebo/lib:/home/eero/finalProject/drone_racing_ros2-main/install/tello_driver/lib:/home/eero/turtlebot3_ws/install/turtlebot3_msgs/lib:/home/eero/turtlebot3_ws/install/dynamixel_sdk_custom_interfaces/lib:/home/eero/turtlebot3_ws/install/dynamixel_sdk/lib:/usr/lib/x86_64-linux-gnu/gazebo-11/plugins:/opt/ros/galactic/opt/yaml_cpp_vendor/lib:/opt/ros/galactic/opt/rviz_ogre_vendor/lib:/opt/ros/galactic/lib/x86_64-linux-gnu:/opt/ros/galactic/lib:/usr/lib/x86_64-linux-gnu/gazebo-11/plugins /usr/bin/cmake --install /home/eero/finalProject/drone_racing_ros2-main/build/tello_gazebo
[1.523s] Level 1:colcon.colcon_core.environment:checking '/home/eero/finalProject/drone_racing_ros2-main/install/tello_gazebo' for CMake config files
[1.524s] Level 1:colcon.colcon_core.shell:create_environment_hook('tello_gazebo', 'cmake_prefix_path')
[1.525s] INFO:colcon.colcon_core.shell:Creating environment hook '/home/eero/finalProject/drone_racing_ros2-main/install/tello_gazebo/share/tello_gazebo/hook/cmake_prefix_path.ps1'
[1.526s] INFO:colcon.colcon_core.shell:Creating environment descriptor '/home/eero/finalProject/drone_racing_ros2-main/install/tello_gazebo/share/tello_gazebo/hook/cmake_prefix_path.dsv'
[1.526s] INFO:colcon.colcon_core.shell:Creating environment hook '/home/eero/finalProject/drone_racing_ros2-main/install/tello_gazebo/share/tello_gazebo/hook/cmake_prefix_path.sh'
[1.527s] Level 1:colcon.colcon_core.environment:checking '/home/eero/finalProject/drone_racing_ros2-main/install/tello_gazebo/lib'
[1.527s] Level 1:colcon.colcon_core.shell:create_environment_hook('tello_gazebo', 'ld_library_path_lib')
[1.528s] INFO:colcon.colcon_core.shell:Creating environment hook '/home/eero/finalProject/drone_racing_ros2-main/install/tello_gazebo/share/tello_gazebo/hook/ld_library_path_lib.ps1'
[1.528s] INFO:colcon.colcon_core.shell:Creating environment descriptor '/home/eero/finalProject/drone_racing_ros2-main/install/tello_gazebo/share/tello_gazebo/hook/ld_library_path_lib.dsv'
[1.529s] INFO:colcon.colcon_core.shell:Creating environment hook '/home/eero/finalProject/drone_racing_ros2-main/install/tello_gazebo/share/tello_gazebo/hook/ld_library_path_lib.sh'
[1.529s] Level 1:colcon.colcon_core.environment:checking '/home/eero/finalProject/drone_racing_ros2-main/install/tello_gazebo/bin'
[1.529s] Level 1:colcon.colcon_core.environment:checking '/home/eero/finalProject/drone_racing_ros2-main/install/tello_gazebo/lib/pkgconfig/tello_gazebo.pc'
[1.529s] Level 1:colcon.colcon_core.environment:checking '/home/eero/finalProject/drone_racing_ros2-main/install/tello_gazebo/lib/python3.8/site-packages'
[1.530s] Level 1:colcon.colcon_core.environment:checking '/home/eero/finalProject/drone_racing_ros2-main/install/tello_gazebo/bin'
[1.530s] INFO:colcon.colcon_core.shell:Creating package script '/home/eero/finalProject/drone_racing_ros2-main/install/tello_gazebo/share/tello_gazebo/package.ps1'
[1.531s] INFO:colcon.colcon_core.shell:Creating package descriptor '/home/eero/finalProject/drone_racing_ros2-main/install/tello_gazebo/share/tello_gazebo/package.dsv'
[1.531s] INFO:colcon.colcon_core.shell:Creating package script '/home/eero/finalProject/drone_racing_ros2-main/install/tello_gazebo/share/tello_gazebo/package.sh'
[1.532s] INFO:colcon.colcon_core.shell:Creating package script '/home/eero/finalProject/drone_racing_ros2-main/install/tello_gazebo/share/tello_gazebo/package.bash'
[1.532s] INFO:colcon.colcon_core.shell:Creating package script '/home/eero/finalProject/drone_racing_ros2-main/install/tello_gazebo/share/tello_gazebo/package.zsh'
[1.533s] Level 1:colcon.colcon_core.environment:create_file_with_runtime_dependencies(/home/eero/finalProject/drone_racing_ros2-main/install/tello_gazebo/share/colcon-core/packages/tello_gazebo)
[1.534s] Level 1:colcon.colcon_core.environment:create_environment_scripts_only(tello_gazebo)
[1.534s] Level 1:colcon.colcon_core.environment:checking '/home/eero/finalProject/drone_racing_ros2-main/install/tello_gazebo' for CMake module files
[1.535s] Level 1:colcon.colcon_core.environment:checking '/home/eero/finalProject/drone_racing_ros2-main/install/tello_gazebo' for CMake config files
[1.535s] Level 1:colcon.colcon_core.shell:create_environment_hook('tello_gazebo', 'cmake_prefix_path')
[1.536s] INFO:colcon.colcon_core.shell:Creating environment hook '/home/eero/finalProject/drone_racing_ros2-main/install/tello_gazebo/share/tello_gazebo/hook/cmake_prefix_path.ps1'
[1.537s] INFO:colcon.colcon_core.shell:Creating environment descriptor '/home/eero/finalProject/drone_racing_ros2-main/install/tello_gazebo/share/tello_gazebo/hook/cmake_prefix_path.dsv'
[1.537s] INFO:colcon.colcon_core.shell:Creating environment hook '/home/eero/finalProject/drone_racing_ros2-main/install/tello_gazebo/share/tello_gazebo/hook/cmake_prefix_path.sh'
[1.538s] Level 1:colcon.colcon_core.environment:checking '/home/eero/finalProject/drone_racing_ros2-main/install/tello_gazebo/lib'
[1.538s] Level 1:colcon.colcon_core.shell:create_environment_hook('tello_gazebo', 'ld_library_path_lib')
[1.538s] INFO:colcon.colcon_core.shell:Creating environment hook '/home/eero/finalProject/drone_racing_ros2-main/install/tello_gazebo/share/tello_gazebo/hook/ld_library_path_lib.ps1'
[1.539s] INFO:colcon.colcon_core.shell:Creating environment descriptor '/home/eero/finalProject/drone_racing_ros2-main/install/tello_gazebo/share/tello_gazebo/hook/ld_library_path_lib.dsv'
[1.539s] INFO:colcon.colcon_core.shell:Creating environment hook '/home/eero/finalProject/drone_racing_ros2-main/install/tello_gazebo/share/tello_gazebo/hook/ld_library_path_lib.sh'
[1.540s] Level 1:colcon.colcon_core.environment:checking '/home/eero/finalProject/drone_racing_ros2-main/install/tello_gazebo/bin'
[1.540s] Level 1:colcon.colcon_core.environment:checking '/home/eero/finalProject/drone_racing_ros2-main/install/tello_gazebo/lib/pkgconfig/tello_gazebo.pc'
[1.540s] Level 1:colcon.colcon_core.environment:checking '/home/eero/finalProject/drone_racing_ros2-main/install/tello_gazebo/lib/python3.8/site-packages'
[1.540s] Level 1:colcon.colcon_core.environment:checking '/home/eero/finalProject/drone_racing_ros2-main/install/tello_gazebo/bin'
[1.541s] INFO:colcon.colcon_core.shell:Creating package script '/home/eero/finalProject/drone_racing_ros2-main/install/tello_gazebo/share/tello_gazebo/package.ps1'
[1.541s] INFO:colcon.colcon_core.shell:Creating package descriptor '/home/eero/finalProject/drone_racing_ros2-main/install/tello_gazebo/share/tello_gazebo/package.dsv'
[1.542s] INFO:colcon.colcon_core.shell:Creating package script '/home/eero/finalProject/drone_racing_ros2-main/install/tello_gazebo/share/tello_gazebo/package.sh'
[1.543s] INFO:colcon.colcon_core.shell:Creating package script '/home/eero/finalProject/drone_racing_ros2-main/install/tello_gazebo/share/tello_gazebo/package.bash'
[1.543s] INFO:colcon.colcon_core.shell:Creating package script '/home/eero/finalProject/drone_racing_ros2-main/install/tello_gazebo/share/tello_gazebo/package.zsh'
[1.544s] Level 1:colcon.colcon_core.environment:create_file_with_runtime_dependencies(/home/eero/finalProject/drone_racing_ros2-main/install/tello_gazebo/share/colcon-core/packages/tello_gazebo)
[1.544s] DEBUG:colcon.colcon_parallel_executor.executor.parallel:closing loop
[1.545s] DEBUG:colcon.colcon_parallel_executor.executor.parallel:loop closed
[1.545s] DEBUG:colcon.colcon_parallel_executor.executor.parallel:run_until_complete finished with '0'
[1.545s] DEBUG:colcon.colcon_core.event_reactor:joining thread
[1.554s] INFO:colcon.colcon_core.plugin_system:Skipping extension 'colcon_notification.desktop_notification.terminal_notifier': Not used on non-Darwin systems
[1.554s] INFO:colcon.colcon_core.plugin_system:Skipping extension 'colcon_notification.desktop_notification.win32': Not used on non-Windows systems
[1.554s] INFO:colcon.colcon_notification.desktop_notification:Sending desktop notification using 'notify2'
[1.577s] DEBUG:colcon.colcon_core.event_reactor:joined thread
[1.578s] INFO:colcon.colcon_core.shell:Creating prefix script '/home/eero/finalProject/drone_racing_ros2-main/install/local_setup.ps1'
[1.580s] INFO:colcon.colcon_core.shell:Creating prefix util module '/home/eero/finalProject/drone_racing_ros2-main/install/_local_setup_util_ps1.py'
[1.584s] INFO:colcon.colcon_core.shell:Creating prefix chain script '/home/eero/finalProject/drone_racing_ros2-main/install/setup.ps1'
[1.587s] INFO:colcon.colcon_core.shell:Creating prefix script '/home/eero/finalProject/drone_racing_ros2-main/install/local_setup.sh'
[1.588s] INFO:colcon.colcon_core.shell:Creating prefix util module '/home/eero/finalProject/drone_racing_ros2-main/install/_local_setup_util_sh.py'
[1.589s] INFO:colcon.colcon_core.shell:Creating prefix chain script '/home/eero/finalProject/drone_racing_ros2-main/install/setup.sh'
[1.592s] INFO:colcon.colcon_core.shell:Creating prefix script '/home/eero/finalProject/drone_racing_ros2-main/install/local_setup.bash'
[1.593s] INFO:colcon.colcon_core.shell:Creating prefix chain script '/home/eero/finalProject/drone_racing_ros2-main/install/setup.bash'
[1.596s] INFO:colcon.colcon_core.shell:Creating prefix script '/home/eero/finalProject/drone_racing_ros2-main/install/local_setup.zsh'
[1.597s] INFO:colcon.colcon_core.shell:Creating prefix chain script '/home/eero/finalProject/drone_racing_ros2-main/install/setup.zsh'
