[0.020s] Invoking command in '/home/eero/turtlebot3_ws/build/turtlebot3_bringup': AMENT_PREFIX_PATH=/home/eero/turtlebot3_ws/install/turtlebot3_node:/home/eero/turtlebot3_ws/install/turtlebot3_msgs:/home/eero/turtlebot3_ws/install/turtlebot3_description:/home/eero/turtlebot3_ws/install/dynamixel_sdk:${AMENT_PREFIX_PATH} CMAKE_PREFIX_PATH=/home/eero/turtlebot3_ws/install/turtlebot3_node:/home/eero/turtlebot3_ws/install/turtlebot3_msgs:/home/eero/turtlebot3_ws/install/turtlebot3_description:/home/eero/turtlebot3_ws/install/dynamixel_sdk:/opt/ros/galactic LD_LIBRARY_PATH=/home/eero/turtlebot3_ws/install/turtlebot3_msgs/lib:/home/eero/turtlebot3_ws/install/dynamixel_sdk/lib:${LD_LIBRARY_PATH} PYTHONPATH=/home/eero/turtlebot3_ws/install/turtlebot3_msgs/lib/python3.8/site-packages:/home/eero/turtlebot3_ws/install/dynamixel_sdk/lib/python3.8/site-packages:${PYTHONPATH} /usr/bin/cmake /home/eero/turtlebot3_ws/src/turtlebot3/turtlebot3_bringup -DAMENT_CMAKE_SYMLINK_INSTALL=1 -DCMAKE_INSTALL_PREFIX=/home/eero/turtlebot3_ws/install/turtlebot3_bringup
[0.087s] -- The C compiler identification is GNU 9.4.0
[0.154s] -- The CXX compiler identification is GNU 9.4.0
[0.161s] -- Check for working C compiler: /usr/bin/cc
[0.255s] -- Check for working C compiler: /usr/bin/cc -- works
[0.257s] -- Detecting C compiler ABI info
[0.353s] -- Detecting C compiler ABI info - done
[0.362s] -- Detecting C compile features
[0.362s] -- Detecting C compile features - done
[0.364s] -- Check for working CXX compiler: /usr/bin/c++
[0.468s] -- Check for working CXX compiler: /usr/bin/c++ -- works
[0.470s] -- Detecting CXX compiler ABI info
[0.565s] -- Detecting CXX compiler ABI info - done
[0.579s] -- Detecting CXX compile features
[0.579s] -- Detecting CXX compile features - done
[0.581s] -- Found ament_cmake: 1.1.6 (/opt/ros/galactic/share/ament_cmake/cmake)
[0.605s] -- Found PythonInterp: /usr/bin/python3 (found suitable version "3.8.10", minimum required is "3") 
[0.606s] -- Using PYTHON_EXECUTABLE: /usr/bin/python3
[0.657s] -- Override CMake install command with custom implementation using symlinks instead of copying resources
[0.745s] -- Configuring done
[0.746s] -- Generating done
[0.747s] -- Build files have been written to: /home/eero/turtlebot3_ws/build/turtlebot3_bringup
[0.750s] Invoked command in '/home/eero/turtlebot3_ws/build/turtlebot3_bringup' returned '0': AMENT_PREFIX_PATH=/home/eero/turtlebot3_ws/install/turtlebot3_node:/home/eero/turtlebot3_ws/install/turtlebot3_msgs:/home/eero/turtlebot3_ws/install/turtlebot3_description:/home/eero/turtlebot3_ws/install/dynamixel_sdk:${AMENT_PREFIX_PATH} CMAKE_PREFIX_PATH=/home/eero/turtlebot3_ws/install/turtlebot3_node:/home/eero/turtlebot3_ws/install/turtlebot3_msgs:/home/eero/turtlebot3_ws/install/turtlebot3_description:/home/eero/turtlebot3_ws/install/dynamixel_sdk:/opt/ros/galactic LD_LIBRARY_PATH=/home/eero/turtlebot3_ws/install/turtlebot3_msgs/lib:/home/eero/turtlebot3_ws/install/dynamixel_sdk/lib:${LD_LIBRARY_PATH} PYTHONPATH=/home/eero/turtlebot3_ws/install/turtlebot3_msgs/lib/python3.8/site-packages:/home/eero/turtlebot3_ws/install/dynamixel_sdk/lib/python3.8/site-packages:${PYTHONPATH} /usr/bin/cmake /home/eero/turtlebot3_ws/src/turtlebot3/turtlebot3_bringup -DAMENT_CMAKE_SYMLINK_INSTALL=1 -DCMAKE_INSTALL_PREFIX=/home/eero/turtlebot3_ws/install/turtlebot3_bringup
[0.754s] Invoking command in '/home/eero/turtlebot3_ws/build/turtlebot3_bringup': AMENT_PREFIX_PATH=/home/eero/turtlebot3_ws/install/turtlebot3_node:/home/eero/turtlebot3_ws/install/turtlebot3_msgs:/home/eero/turtlebot3_ws/install/turtlebot3_description:/home/eero/turtlebot3_ws/install/dynamixel_sdk:${AMENT_PREFIX_PATH} CMAKE_PREFIX_PATH=/home/eero/turtlebot3_ws/install/turtlebot3_node:/home/eero/turtlebot3_ws/install/turtlebot3_msgs:/home/eero/turtlebot3_ws/install/turtlebot3_description:/home/eero/turtlebot3_ws/install/dynamixel_sdk:/opt/ros/galactic LD_LIBRARY_PATH=/home/eero/turtlebot3_ws/install/turtlebot3_msgs/lib:/home/eero/turtlebot3_ws/install/dynamixel_sdk/lib:${LD_LIBRARY_PATH} PYTHONPATH=/home/eero/turtlebot3_ws/install/turtlebot3_msgs/lib/python3.8/site-packages:/home/eero/turtlebot3_ws/install/dynamixel_sdk/lib/python3.8/site-packages:${PYTHONPATH} /usr/bin/cmake --build /home/eero/turtlebot3_ws/build/turtlebot3_bringup -- -j6 -l6
[0.796s] Invoked command in '/home/eero/turtlebot3_ws/build/turtlebot3_bringup' returned '0': AMENT_PREFIX_PATH=/home/eero/turtlebot3_ws/install/turtlebot3_node:/home/eero/turtlebot3_ws/install/turtlebot3_msgs:/home/eero/turtlebot3_ws/install/turtlebot3_description:/home/eero/turtlebot3_ws/install/dynamixel_sdk:${AMENT_PREFIX_PATH} CMAKE_PREFIX_PATH=/home/eero/turtlebot3_ws/install/turtlebot3_node:/home/eero/turtlebot3_ws/install/turtlebot3_msgs:/home/eero/turtlebot3_ws/install/turtlebot3_description:/home/eero/turtlebot3_ws/install/dynamixel_sdk:/opt/ros/galactic LD_LIBRARY_PATH=/home/eero/turtlebot3_ws/install/turtlebot3_msgs/lib:/home/eero/turtlebot3_ws/install/dynamixel_sdk/lib:${LD_LIBRARY_PATH} PYTHONPATH=/home/eero/turtlebot3_ws/install/turtlebot3_msgs/lib/python3.8/site-packages:/home/eero/turtlebot3_ws/install/dynamixel_sdk/lib/python3.8/site-packages:${PYTHONPATH} /usr/bin/cmake --build /home/eero/turtlebot3_ws/build/turtlebot3_bringup -- -j6 -l6
[0.800s] Invoking command in '/home/eero/turtlebot3_ws/build/turtlebot3_bringup': AMENT_PREFIX_PATH=/home/eero/turtlebot3_ws/install/turtlebot3_node:/home/eero/turtlebot3_ws/install/turtlebot3_msgs:/home/eero/turtlebot3_ws/install/turtlebot3_description:/home/eero/turtlebot3_ws/install/dynamixel_sdk:${AMENT_PREFIX_PATH} CMAKE_PREFIX_PATH=/home/eero/turtlebot3_ws/install/turtlebot3_node:/home/eero/turtlebot3_ws/install/turtlebot3_msgs:/home/eero/turtlebot3_ws/install/turtlebot3_description:/home/eero/turtlebot3_ws/install/dynamixel_sdk:/opt/ros/galactic LD_LIBRARY_PATH=/home/eero/turtlebot3_ws/install/turtlebot3_msgs/lib:/home/eero/turtlebot3_ws/install/dynamixel_sdk/lib:${LD_LIBRARY_PATH} PYTHONPATH=/home/eero/turtlebot3_ws/install/turtlebot3_msgs/lib/python3.8/site-packages:/home/eero/turtlebot3_ws/install/dynamixel_sdk/lib/python3.8/site-packages:${PYTHONPATH} /usr/bin/cmake --install /home/eero/turtlebot3_ws/build/turtlebot3_bringup
[0.808s] -- Install configuration: ""
[0.808s] -- Execute custom install script
[0.809s] -- Symlinking: /home/eero/turtlebot3_ws/install/turtlebot3_bringup/share/turtlebot3_bringup/launch/camera.launch.py
[0.822s] -- Symlinking: /home/eero/turtlebot3_ws/install/turtlebot3_bringup/share/turtlebot3_bringup/launch/robot.launch.py
[0.830s] -- Symlinking: /home/eero/turtlebot3_ws/install/turtlebot3_bringup/share/turtlebot3_bringup/launch/rviz2.launch.py
[0.845s] -- Symlinking: /home/eero/turtlebot3_ws/install/turtlebot3_bringup/share/turtlebot3_bringup/launch/turtlebot3_state_publisher.launch.py
[0.858s] -- Symlinking: /home/eero/turtlebot3_ws/install/turtlebot3_bringup/share/turtlebot3_bringup/param/burger.yaml
[0.871s] -- Symlinking: /home/eero/turtlebot3_ws/install/turtlebot3_bringup/share/turtlebot3_bringup/param/humble/burger.yaml
[0.879s] -- Symlinking: /home/eero/turtlebot3_ws/install/turtlebot3_bringup/share/turtlebot3_bringup/param/humble/waffle.yaml
[0.893s] -- Symlinking: /home/eero/turtlebot3_ws/install/turtlebot3_bringup/share/turtlebot3_bringup/param/humble/waffle_pi.yaml
[0.908s] -- Symlinking: /home/eero/turtlebot3_ws/install/turtlebot3_bringup/share/turtlebot3_bringup/param/waffle.yaml
[0.915s] -- Symlinking: /home/eero/turtlebot3_ws/install/turtlebot3_bringup/share/turtlebot3_bringup/param/waffle_pi.yaml
[0.931s] -- Symlinking: /home/eero/turtlebot3_ws/install/turtlebot3_bringup/share/turtlebot3_bringup/script/99-turtlebot3-cdc.rules
[0.943s] -- Symlinking: /home/eero/turtlebot3_ws/install/turtlebot3_bringup/share/turtlebot3_bringup/script/create_udev_rules
[0.958s] -- Symlinking: /home/eero/turtlebot3_ws/install/turtlebot3_bringup/share/ament_index/resource_index/package_run_dependencies/turtlebot3_bringup
[0.972s] -- Symlinking: /home/eero/turtlebot3_ws/install/turtlebot3_bringup/share/ament_index/resource_index/parent_prefix_path/turtlebot3_bringup
[0.981s] -- Symlinking: /home/eero/turtlebot3_ws/install/turtlebot3_bringup/share/turtlebot3_bringup/environment/ament_prefix_path.sh
[0.994s] -- Symlinking: /home/eero/turtlebot3_ws/install/turtlebot3_bringup/share/turtlebot3_bringup/environment/ament_prefix_path.dsv
[1.007s] -- Symlinking: /home/eero/turtlebot3_ws/install/turtlebot3_bringup/share/turtlebot3_bringup/environment/path.sh
[1.023s] -- Symlinking: /home/eero/turtlebot3_ws/install/turtlebot3_bringup/share/turtlebot3_bringup/environment/path.dsv
[1.035s] -- Symlinking: /home/eero/turtlebot3_ws/install/turtlebot3_bringup/share/turtlebot3_bringup/local_setup.bash
[1.043s] -- Symlinking: /home/eero/turtlebot3_ws/install/turtlebot3_bringup/share/turtlebot3_bringup/local_setup.sh
[1.058s] -- Symlinking: /home/eero/turtlebot3_ws/install/turtlebot3_bringup/share/turtlebot3_bringup/local_setup.zsh
[1.067s] -- Symlinking: /home/eero/turtlebot3_ws/install/turtlebot3_bringup/share/turtlebot3_bringup/local_setup.dsv
[1.079s] -- Symlinking: /home/eero/turtlebot3_ws/install/turtlebot3_bringup/share/turtlebot3_bringup/package.dsv
[1.094s] -- Symlinking: /home/eero/turtlebot3_ws/install/turtlebot3_bringup/share/ament_index/resource_index/packages/turtlebot3_bringup
[1.102s] -- Symlinking: /home/eero/turtlebot3_ws/install/turtlebot3_bringup/share/turtlebot3_bringup/cmake/turtlebot3_bringupConfig.cmake
[1.117s] -- Symlinking: /home/eero/turtlebot3_ws/install/turtlebot3_bringup/share/turtlebot3_bringup/cmake/turtlebot3_bringupConfig-version.cmake
[1.132s] -- Symlinking: /home/eero/turtlebot3_ws/install/turtlebot3_bringup/share/turtlebot3_bringup/package.xml
[1.144s] Invoked command in '/home/eero/turtlebot3_ws/build/turtlebot3_bringup' returned '0': AMENT_PREFIX_PATH=/home/eero/turtlebot3_ws/install/turtlebot3_node:/home/eero/turtlebot3_ws/install/turtlebot3_msgs:/home/eero/turtlebot3_ws/install/turtlebot3_description:/home/eero/turtlebot3_ws/install/dynamixel_sdk:${AMENT_PREFIX_PATH} CMAKE_PREFIX_PATH=/home/eero/turtlebot3_ws/install/turtlebot3_node:/home/eero/turtlebot3_ws/install/turtlebot3_msgs:/home/eero/turtlebot3_ws/install/turtlebot3_description:/home/eero/turtlebot3_ws/install/dynamixel_sdk:/opt/ros/galactic LD_LIBRARY_PATH=/home/eero/turtlebot3_ws/install/turtlebot3_msgs/lib:/home/eero/turtlebot3_ws/install/dynamixel_sdk/lib:${LD_LIBRARY_PATH} PYTHONPATH=/home/eero/turtlebot3_ws/install/turtlebot3_msgs/lib/python3.8/site-packages:/home/eero/turtlebot3_ws/install/dynamixel_sdk/lib/python3.8/site-packages:${PYTHONPATH} /usr/bin/cmake --install /home/eero/turtlebot3_ws/build/turtlebot3_bringup
