[0.027s] Invoking command in '/home/eero/turtlebot3_ws/build/turtlebot3': AMENT_PREFIX_PATH=/home/eero/turtlebot3_ws/install/turtlebot3_bringup:/home/eero/turtlebot3_ws/install/turtlebot3_node:/home/eero/turtlebot3_ws/install/turtlebot3_example:/home/eero/turtlebot3_ws/install/turtlebot3_teleop:/home/eero/turtlebot3_ws/install/turtlebot3_navigation2:/home/eero/turtlebot3_ws/install/turtlebot3_msgs:/home/eero/turtlebot3_ws/install/turtlebot3_description:/home/eero/turtlebot3_ws/install/turtlebot3_cartographer:/home/eero/turtlebot3_ws/install/dynamixel_sdk:${AMENT_PREFIX_PATH} CMAKE_PREFIX_PATH=/home/eero/turtlebot3_ws/install/turtlebot3_bringup:/home/eero/turtlebot3_ws/install/turtlebot3_node:/home/eero/turtlebot3_ws/install/turtlebot3_navigation2:/home/eero/turtlebot3_ws/install/turtlebot3_msgs:/home/eero/turtlebot3_ws/install/turtlebot3_description:/home/eero/turtlebot3_ws/install/turtlebot3_cartographer:/home/eero/turtlebot3_ws/install/dynamixel_sdk:/opt/ros/galactic LD_LIBRARY_PATH=/home/eero/turtlebot3_ws/install/turtlebot3_msgs/lib:/home/eero/turtlebot3_ws/install/dynamixel_sdk/lib:${LD_LIBRARY_PATH} PYTHONPATH=/home/eero/turtlebot3_ws/build/turtlebot3_example:/home/eero/turtlebot3_ws/install/turtlebot3_example/lib/python3.8/site-packages:/home/eero/turtlebot3_ws/build/turtlebot3_teleop:/home/eero/turtlebot3_ws/install/turtlebot3_teleop/lib/python3.8/site-packages:/home/eero/turtlebot3_ws/install/turtlebot3_msgs/lib/python3.8/site-packages:/home/eero/turtlebot3_ws/install/dynamixel_sdk/lib/python3.8/site-packages:${PYTHONPATH} /usr/bin/cmake /home/eero/turtlebot3_ws/src/turtlebot3/turtlebot3 -DAMENT_CMAKE_SYMLINK_INSTALL=1 -DCMAKE_INSTALL_PREFIX=/home/eero/turtlebot3_ws/install/turtlebot3
[0.101s] -- The C compiler identification is GNU 9.4.0
[0.158s] -- The CXX compiler identification is GNU 9.4.0
[0.166s] -- Check for working C compiler: /usr/bin/cc
[0.243s] -- Check for working C compiler: /usr/bin/cc -- works
[0.244s] -- Detecting C compiler ABI info
[0.348s] -- Detecting C compiler ABI info - done
[0.363s] -- Detecting C compile features
[0.363s] -- Detecting C compile features - done
[0.365s] -- Check for working CXX compiler: /usr/bin/c++
[0.455s] -- Check for working CXX compiler: /usr/bin/c++ -- works
[0.457s] -- Detecting CXX compiler ABI info
[0.562s] -- Detecting CXX compiler ABI info - done
[0.576s] -- Detecting CXX compile features
[0.577s] -- Detecting CXX compile features - done
[0.578s] -- Found ament_cmake: 1.1.6 (/opt/ros/galactic/share/ament_cmake/cmake)
[0.614s] -- Found PythonInterp: /usr/bin/python3 (found suitable version "3.8.10", minimum required is "3") 
[0.615s] -- Using PYTHON_EXECUTABLE: /usr/bin/python3
[0.669s] -- Override CMake install command with custom implementation using symlinks instead of copying resources
[0.770s] -- Configuring done
[0.771s] -- Generating done
[0.772s] -- Build files have been written to: /home/eero/turtlebot3_ws/build/turtlebot3
[0.776s] Invoked command in '/home/eero/turtlebot3_ws/build/turtlebot3' returned '0': AMENT_PREFIX_PATH=/home/eero/turtlebot3_ws/install/turtlebot3_bringup:/home/eero/turtlebot3_ws/install/turtlebot3_node:/home/eero/turtlebot3_ws/install/turtlebot3_example:/home/eero/turtlebot3_ws/install/turtlebot3_teleop:/home/eero/turtlebot3_ws/install/turtlebot3_navigation2:/home/eero/turtlebot3_ws/install/turtlebot3_msgs:/home/eero/turtlebot3_ws/install/turtlebot3_description:/home/eero/turtlebot3_ws/install/turtlebot3_cartographer:/home/eero/turtlebot3_ws/install/dynamixel_sdk:${AMENT_PREFIX_PATH} CMAKE_PREFIX_PATH=/home/eero/turtlebot3_ws/install/turtlebot3_bringup:/home/eero/turtlebot3_ws/install/turtlebot3_node:/home/eero/turtlebot3_ws/install/turtlebot3_navigation2:/home/eero/turtlebot3_ws/install/turtlebot3_msgs:/home/eero/turtlebot3_ws/install/turtlebot3_description:/home/eero/turtlebot3_ws/install/turtlebot3_cartographer:/home/eero/turtlebot3_ws/install/dynamixel_sdk:/opt/ros/galactic LD_LIBRARY_PATH=/home/eero/turtlebot3_ws/install/turtlebot3_msgs/lib:/home/eero/turtlebot3_ws/install/dynamixel_sdk/lib:${LD_LIBRARY_PATH} PYTHONPATH=/home/eero/turtlebot3_ws/build/turtlebot3_example:/home/eero/turtlebot3_ws/install/turtlebot3_example/lib/python3.8/site-packages:/home/eero/turtlebot3_ws/build/turtlebot3_teleop:/home/eero/turtlebot3_ws/install/turtlebot3_teleop/lib/python3.8/site-packages:/home/eero/turtlebot3_ws/install/turtlebot3_msgs/lib/python3.8/site-packages:/home/eero/turtlebot3_ws/install/dynamixel_sdk/lib/python3.8/site-packages:${PYTHONPATH} /usr/bin/cmake /home/eero/turtlebot3_ws/src/turtlebot3/turtlebot3 -DAMENT_CMAKE_SYMLINK_INSTALL=1 -DCMAKE_INSTALL_PREFIX=/home/eero/turtlebot3_ws/install/turtlebot3
[0.780s] Invoking command in '/home/eero/turtlebot3_ws/build/turtlebot3': AMENT_PREFIX_PATH=/home/eero/turtlebot3_ws/install/turtlebot3_bringup:/home/eero/turtlebot3_ws/install/turtlebot3_node:/home/eero/turtlebot3_ws/install/turtlebot3_example:/home/eero/turtlebot3_ws/install/turtlebot3_teleop:/home/eero/turtlebot3_ws/install/turtlebot3_navigation2:/home/eero/turtlebot3_ws/install/turtlebot3_msgs:/home/eero/turtlebot3_ws/install/turtlebot3_description:/home/eero/turtlebot3_ws/install/turtlebot3_cartographer:/home/eero/turtlebot3_ws/install/dynamixel_sdk:${AMENT_PREFIX_PATH} CMAKE_PREFIX_PATH=/home/eero/turtlebot3_ws/install/turtlebot3_bringup:/home/eero/turtlebot3_ws/install/turtlebot3_node:/home/eero/turtlebot3_ws/install/turtlebot3_navigation2:/home/eero/turtlebot3_ws/install/turtlebot3_msgs:/home/eero/turtlebot3_ws/install/turtlebot3_description:/home/eero/turtlebot3_ws/install/turtlebot3_cartographer:/home/eero/turtlebot3_ws/install/dynamixel_sdk:/opt/ros/galactic LD_LIBRARY_PATH=/home/eero/turtlebot3_ws/install/turtlebot3_msgs/lib:/home/eero/turtlebot3_ws/install/dynamixel_sdk/lib:${LD_LIBRARY_PATH} PYTHONPATH=/home/eero/turtlebot3_ws/build/turtlebot3_example:/home/eero/turtlebot3_ws/install/turtlebot3_example/lib/python3.8/site-packages:/home/eero/turtlebot3_ws/build/turtlebot3_teleop:/home/eero/turtlebot3_ws/install/turtlebot3_teleop/lib/python3.8/site-packages:/home/eero/turtlebot3_ws/install/turtlebot3_msgs/lib/python3.8/site-packages:/home/eero/turtlebot3_ws/install/dynamixel_sdk/lib/python3.8/site-packages:${PYTHONPATH} /usr/bin/cmake --build /home/eero/turtlebot3_ws/build/turtlebot3 -- -j6 -l6
[0.824s] Invoked command in '/home/eero/turtlebot3_ws/build/turtlebot3' returned '0': AMENT_PREFIX_PATH=/home/eero/turtlebot3_ws/install/turtlebot3_bringup:/home/eero/turtlebot3_ws/install/turtlebot3_node:/home/eero/turtlebot3_ws/install/turtlebot3_example:/home/eero/turtlebot3_ws/install/turtlebot3_teleop:/home/eero/turtlebot3_ws/install/turtlebot3_navigation2:/home/eero/turtlebot3_ws/install/turtlebot3_msgs:/home/eero/turtlebot3_ws/install/turtlebot3_description:/home/eero/turtlebot3_ws/install/turtlebot3_cartographer:/home/eero/turtlebot3_ws/install/dynamixel_sdk:${AMENT_PREFIX_PATH} CMAKE_PREFIX_PATH=/home/eero/turtlebot3_ws/install/turtlebot3_bringup:/home/eero/turtlebot3_ws/install/turtlebot3_node:/home/eero/turtlebot3_ws/install/turtlebot3_navigation2:/home/eero/turtlebot3_ws/install/turtlebot3_msgs:/home/eero/turtlebot3_ws/install/turtlebot3_description:/home/eero/turtlebot3_ws/install/turtlebot3_cartographer:/home/eero/turtlebot3_ws/install/dynamixel_sdk:/opt/ros/galactic LD_LIBRARY_PATH=/home/eero/turtlebot3_ws/install/turtlebot3_msgs/lib:/home/eero/turtlebot3_ws/install/dynamixel_sdk/lib:${LD_LIBRARY_PATH} PYTHONPATH=/home/eero/turtlebot3_ws/build/turtlebot3_example:/home/eero/turtlebot3_ws/install/turtlebot3_example/lib/python3.8/site-packages:/home/eero/turtlebot3_ws/build/turtlebot3_teleop:/home/eero/turtlebot3_ws/install/turtlebot3_teleop/lib/python3.8/site-packages:/home/eero/turtlebot3_ws/install/turtlebot3_msgs/lib/python3.8/site-packages:/home/eero/turtlebot3_ws/install/dynamixel_sdk/lib/python3.8/site-packages:${PYTHONPATH} /usr/bin/cmake --build /home/eero/turtlebot3_ws/build/turtlebot3 -- -j6 -l6
[0.829s] Invoking command in '/home/eero/turtlebot3_ws/build/turtlebot3': AMENT_PREFIX_PATH=/home/eero/turtlebot3_ws/install/turtlebot3_bringup:/home/eero/turtlebot3_ws/install/turtlebot3_node:/home/eero/turtlebot3_ws/install/turtlebot3_example:/home/eero/turtlebot3_ws/install/turtlebot3_teleop:/home/eero/turtlebot3_ws/install/turtlebot3_navigation2:/home/eero/turtlebot3_ws/install/turtlebot3_msgs:/home/eero/turtlebot3_ws/install/turtlebot3_description:/home/eero/turtlebot3_ws/install/turtlebot3_cartographer:/home/eero/turtlebot3_ws/install/dynamixel_sdk:${AMENT_PREFIX_PATH} CMAKE_PREFIX_PATH=/home/eero/turtlebot3_ws/install/turtlebot3_bringup:/home/eero/turtlebot3_ws/install/turtlebot3_node:/home/eero/turtlebot3_ws/install/turtlebot3_navigation2:/home/eero/turtlebot3_ws/install/turtlebot3_msgs:/home/eero/turtlebot3_ws/install/turtlebot3_description:/home/eero/turtlebot3_ws/install/turtlebot3_cartographer:/home/eero/turtlebot3_ws/install/dynamixel_sdk:/opt/ros/galactic LD_LIBRARY_PATH=/home/eero/turtlebot3_ws/install/turtlebot3_msgs/lib:/home/eero/turtlebot3_ws/install/dynamixel_sdk/lib:${LD_LIBRARY_PATH} PYTHONPATH=/home/eero/turtlebot3_ws/build/turtlebot3_example:/home/eero/turtlebot3_ws/install/turtlebot3_example/lib/python3.8/site-packages:/home/eero/turtlebot3_ws/build/turtlebot3_teleop:/home/eero/turtlebot3_ws/install/turtlebot3_teleop/lib/python3.8/site-packages:/home/eero/turtlebot3_ws/install/turtlebot3_msgs/lib/python3.8/site-packages:/home/eero/turtlebot3_ws/install/dynamixel_sdk/lib/python3.8/site-packages:${PYTHONPATH} /usr/bin/cmake --install /home/eero/turtlebot3_ws/build/turtlebot3
[0.840s] -- Install configuration: ""
[0.841s] -- Execute custom install script
[0.841s] -- Symlinking: /home/eero/turtlebot3_ws/install/turtlebot3/share/ament_index/resource_index/package_run_dependencies/turtlebot3
[0.855s] -- Symlinking: /home/eero/turtlebot3_ws/install/turtlebot3/share/ament_index/resource_index/parent_prefix_path/turtlebot3
[0.871s] -- Symlinking: /home/eero/turtlebot3_ws/install/turtlebot3/share/turtlebot3/environment/ament_prefix_path.sh
[0.880s] -- Symlinking: /home/eero/turtlebot3_ws/install/turtlebot3/share/turtlebot3/environment/ament_prefix_path.dsv
[0.889s] -- Symlinking: /home/eero/turtlebot3_ws/install/turtlebot3/share/turtlebot3/environment/path.sh
[0.903s] -- Symlinking: /home/eero/turtlebot3_ws/install/turtlebot3/share/turtlebot3/environment/path.dsv
[0.911s] -- Symlinking: /home/eero/turtlebot3_ws/install/turtlebot3/share/turtlebot3/local_setup.bash
[0.919s] -- Symlinking: /home/eero/turtlebot3_ws/install/turtlebot3/share/turtlebot3/local_setup.sh
[0.931s] -- Symlinking: /home/eero/turtlebot3_ws/install/turtlebot3/share/turtlebot3/local_setup.zsh
[0.939s] -- Symlinking: /home/eero/turtlebot3_ws/install/turtlebot3/share/turtlebot3/local_setup.dsv
[0.953s] -- Symlinking: /home/eero/turtlebot3_ws/install/turtlebot3/share/turtlebot3/package.dsv
[0.961s] -- Symlinking: /home/eero/turtlebot3_ws/install/turtlebot3/share/ament_index/resource_index/packages/turtlebot3
[0.968s] -- Symlinking: /home/eero/turtlebot3_ws/install/turtlebot3/share/turtlebot3/cmake/turtlebot3Config.cmake
[0.981s] -- Symlinking: /home/eero/turtlebot3_ws/install/turtlebot3/share/turtlebot3/cmake/turtlebot3Config-version.cmake
[0.994s] -- Symlinking: /home/eero/turtlebot3_ws/install/turtlebot3/share/turtlebot3/package.xml
[1.006s] Invoked command in '/home/eero/turtlebot3_ws/build/turtlebot3' returned '0': AMENT_PREFIX_PATH=/home/eero/turtlebot3_ws/install/turtlebot3_bringup:/home/eero/turtlebot3_ws/install/turtlebot3_node:/home/eero/turtlebot3_ws/install/turtlebot3_example:/home/eero/turtlebot3_ws/install/turtlebot3_teleop:/home/eero/turtlebot3_ws/install/turtlebot3_navigation2:/home/eero/turtlebot3_ws/install/turtlebot3_msgs:/home/eero/turtlebot3_ws/install/turtlebot3_description:/home/eero/turtlebot3_ws/install/turtlebot3_cartographer:/home/eero/turtlebot3_ws/install/dynamixel_sdk:${AMENT_PREFIX_PATH} CMAKE_PREFIX_PATH=/home/eero/turtlebot3_ws/install/turtlebot3_bringup:/home/eero/turtlebot3_ws/install/turtlebot3_node:/home/eero/turtlebot3_ws/install/turtlebot3_navigation2:/home/eero/turtlebot3_ws/install/turtlebot3_msgs:/home/eero/turtlebot3_ws/install/turtlebot3_description:/home/eero/turtlebot3_ws/install/turtlebot3_cartographer:/home/eero/turtlebot3_ws/install/dynamixel_sdk:/opt/ros/galactic LD_LIBRARY_PATH=/home/eero/turtlebot3_ws/install/turtlebot3_msgs/lib:/home/eero/turtlebot3_ws/install/dynamixel_sdk/lib:${LD_LIBRARY_PATH} PYTHONPATH=/home/eero/turtlebot3_ws/build/turtlebot3_example:/home/eero/turtlebot3_ws/install/turtlebot3_example/lib/python3.8/site-packages:/home/eero/turtlebot3_ws/build/turtlebot3_teleop:/home/eero/turtlebot3_ws/install/turtlebot3_teleop/lib/python3.8/site-packages:/home/eero/turtlebot3_ws/install/turtlebot3_msgs/lib/python3.8/site-packages:/home/eero/turtlebot3_ws/install/dynamixel_sdk/lib/python3.8/site-packages:${PYTHONPATH} /usr/bin/cmake --install /home/eero/turtlebot3_ws/build/turtlebot3
