[0.039s] Invoking command in '/home/eero/finalProject/drone_racing_ros2-main/build/ros2_shared': CMAKE_PREFIX_PATH=${CMAKE_PREFIX_PATH}:/home/eero/turtlebot3_ws/install/turtlebot3_teleop:/home/eero/turtlebot3_ws/install/turtlebot3_example:/opt/ros/galactic /usr/bin/cmake /home/eero/finalProject/drone_racing_ros2-main/ros2_shared -DCMAKE_INSTALL_PREFIX=/home/eero/finalProject/drone_racing_ros2-main/install/ros2_shared
[0.202s] -- The C compiler identification is GNU 9.4.0
[0.348s] -- The CXX compiler identification is GNU 9.4.0
[0.358s] -- Check for working C compiler: /usr/bin/cc
[0.458s] -- Check for working C compiler: /usr/bin/cc -- works
[0.461s] -- Detecting C compiler ABI info
[0.571s] -- Detecting C compiler ABI info - done
[0.589s] -- Detecting C compile features
[0.589s] -- Detecting C compile features - done
[0.593s] -- Check for working CXX compiler: /usr/bin/c++
[0.720s] -- Check for working CXX compiler: /usr/bin/c++ -- works
[0.723s] -- Detecting CXX compiler ABI info
[0.843s] -- Detecting CXX compiler ABI info - done
[0.862s] -- Detecting CXX compile features
[0.863s] -- Detecting CXX compile features - done
[0.867s] -- Found ament_cmake: 1.1.6 (/opt/ros/galactic/share/ament_cmake/cmake)
[0.913s] -- Found PythonInterp: /usr/bin/python3 (found suitable version "3.8.10", minimum required is "3") 
[0.913s] -- Using PYTHON_EXECUTABLE: /usr/bin/python3
[1.155s] -- Configuring done
[1.158s] -- Generating done
[1.160s] -- Build files have been written to: /home/eero/finalProject/drone_racing_ros2-main/build/ros2_shared
[1.165s] Invoked command in '/home/eero/finalProject/drone_racing_ros2-main/build/ros2_shared' returned '0': CMAKE_PREFIX_PATH=${CMAKE_PREFIX_PATH}:/home/eero/turtlebot3_ws/install/turtlebot3_teleop:/home/eero/turtlebot3_ws/install/turtlebot3_example:/opt/ros/galactic /usr/bin/cmake /home/eero/finalProject/drone_racing_ros2-main/ros2_shared -DCMAKE_INSTALL_PREFIX=/home/eero/finalProject/drone_racing_ros2-main/install/ros2_shared
[1.170s] Invoking command in '/home/eero/finalProject/drone_racing_ros2-main/build/ros2_shared': CMAKE_PREFIX_PATH=${CMAKE_PREFIX_PATH}:/home/eero/turtlebot3_ws/install/turtlebot3_teleop:/home/eero/turtlebot3_ws/install/turtlebot3_example:/opt/ros/galactic /usr/bin/cmake --build /home/eero/finalProject/drone_racing_ros2-main/build/ros2_shared -- -j6 -l6
[1.244s] Invoked command in '/home/eero/finalProject/drone_racing_ros2-main/build/ros2_shared' returned '0': CMAKE_PREFIX_PATH=${CMAKE_PREFIX_PATH}:/home/eero/turtlebot3_ws/install/turtlebot3_teleop:/home/eero/turtlebot3_ws/install/turtlebot3_example:/opt/ros/galactic /usr/bin/cmake --build /home/eero/finalProject/drone_racing_ros2-main/build/ros2_shared -- -j6 -l6
[1.271s] Invoking command in '/home/eero/finalProject/drone_racing_ros2-main/build/ros2_shared': CMAKE_PREFIX_PATH=${CMAKE_PREFIX_PATH}:/home/eero/turtlebot3_ws/install/turtlebot3_teleop:/home/eero/turtlebot3_ws/install/turtlebot3_example:/opt/ros/galactic /usr/bin/cmake --install /home/eero/finalProject/drone_racing_ros2-main/build/ros2_shared
[1.290s] -- Install configuration: ""
[1.291s] -- Installing: /home/eero/finalProject/drone_racing_ros2-main/install/ros2_shared/include
[1.295s] -- Installing: /home/eero/finalProject/drone_racing_ros2-main/install/ros2_shared/include/ros2_shared
[1.295s] -- Installing: /home/eero/finalProject/drone_racing_ros2-main/install/ros2_shared/include/ros2_shared/context_macros.hpp
[1.295s] -- Installing: /home/eero/finalProject/drone_racing_ros2-main/install/ros2_shared/include/ros2_shared/param_macros.hpp
[1.296s] -- Installing: /home/eero/finalProject/drone_racing_ros2-main/install/ros2_shared/include/ros2_shared/string_printf.hpp
[1.296s] -- Installing: /home/eero/finalProject/drone_racing_ros2-main/install/ros2_shared/share/ament_index/resource_index/package_run_dependencies/ros2_shared
[1.296s] -- Installing: /home/eero/finalProject/drone_racing_ros2-main/install/ros2_shared/share/ament_index/resource_index/parent_prefix_path/ros2_shared
[1.297s] -- Installing: /home/eero/finalProject/drone_racing_ros2-main/install/ros2_shared/share/ros2_shared/environment/ament_prefix_path.sh
[1.297s] -- Installing: /home/eero/finalProject/drone_racing_ros2-main/install/ros2_shared/share/ros2_shared/environment/ament_prefix_path.dsv
[1.297s] -- Installing: /home/eero/finalProject/drone_racing_ros2-main/install/ros2_shared/share/ros2_shared/environment/path.sh
[1.297s] -- Installing: /home/eero/finalProject/drone_racing_ros2-main/install/ros2_shared/share/ros2_shared/environment/path.dsv
[1.297s] -- Installing: /home/eero/finalProject/drone_racing_ros2-main/install/ros2_shared/share/ros2_shared/local_setup.bash
[1.297s] -- Installing: /home/eero/finalProject/drone_racing_ros2-main/install/ros2_shared/share/ros2_shared/local_setup.sh
[1.297s] -- Installing: /home/eero/finalProject/drone_racing_ros2-main/install/ros2_shared/share/ros2_shared/local_setup.zsh
[1.298s] -- Installing: /home/eero/finalProject/drone_racing_ros2-main/install/ros2_shared/share/ros2_shared/local_setup.dsv
[1.298s] -- Installing: /home/eero/finalProject/drone_racing_ros2-main/install/ros2_shared/share/ros2_shared/package.dsv
[1.298s] -- Installing: /home/eero/finalProject/drone_racing_ros2-main/install/ros2_shared/share/ament_index/resource_index/packages/ros2_shared
[1.299s] -- Installing: /home/eero/finalProject/drone_racing_ros2-main/install/ros2_shared/share/ros2_shared/cmake/ament_cmake_export_include_directories-extras.cmake
[1.299s] -- Installing: /home/eero/finalProject/drone_racing_ros2-main/install/ros2_shared/share/ros2_shared/cmake/ros2_sharedConfig.cmake
[1.299s] -- Installing: /home/eero/finalProject/drone_racing_ros2-main/install/ros2_shared/share/ros2_shared/cmake/ros2_sharedConfig-version.cmake
[1.299s] -- Installing: /home/eero/finalProject/drone_racing_ros2-main/install/ros2_shared/share/ros2_shared/package.xml
[1.303s] Invoked command in '/home/eero/finalProject/drone_racing_ros2-main/build/ros2_shared' returned '0': CMAKE_PREFIX_PATH=${CMAKE_PREFIX_PATH}:/home/eero/turtlebot3_ws/install/turtlebot3_teleop:/home/eero/turtlebot3_ws/install/turtlebot3_example:/opt/ros/galactic /usr/bin/cmake --install /home/eero/finalProject/drone_racing_ros2-main/build/ros2_shared
