[0.268s] DEBUG:colcon:Command line arguments: ['/usr/bin/colcon', 'build']
[0.268s] DEBUG:colcon:Parsed command line arguments: Namespace(allow_overriding=[], ament_cmake_args=None, base_paths=['.'], build_base='build', catkin_cmake_args=None, catkin_skip_building_tests=False, cmake_args=None, cmake_clean_cache=False, cmake_clean_first=False, cmake_force_configure=False, cmake_target=None, cmake_target_skip_unavailable=False, continue_on_error=False, event_handlers=None, executor='parallel', ignore_user_meta=False, install_base='install', log_base=None, log_level=None, main=<bound method BuildVerb.main of <colcon_core.verb.build.BuildVerb object at 0x7f70952c3a60>>, merge_install=False, metas=['./colcon.meta'], mixin=None, mixin_files=None, mixin_verb=('build',), packages_above=None, packages_above_and_dependencies=None, packages_above_depth=None, packages_end=None, packages_ignore=None, packages_ignore_regex=None, packages_select=None, packages_select_build_failed=False, packages_select_by_dep=None, packages_select_regex=None, packages_select_test_failures=False, packages_skip=None, packages_skip_build_finished=False, packages_skip_by_dep=None, packages_skip_regex=None, packages_skip_test_passed=False, packages_skip_up_to=None, packages_start=None, packages_up_to=None, packages_up_to_regex=None, parallel_workers=6, paths=None, symlink_install=False, test_result_base=None, verb_extension=<colcon_core.verb.build.BuildVerb object at 0x7f70952c3a60>, verb_name='build', verb_parser=<colcon_mixin.mixin.mixin_argument.MixinArgumentDecorator object at 0x7f7095213c40>)
[0.481s] Level 1:colcon.colcon_core.package_discovery:discover_packages(colcon_meta) check parameters
[0.481s] Level 1:colcon.colcon_core.package_discovery:discover_packages(recursive) check parameters
[0.481s] Level 1:colcon.colcon_core.package_discovery:discover_packages(ignore) check parameters
[0.481s] Level 1:colcon.colcon_core.package_discovery:discover_packages(path) check parameters
[0.481s] Level 1:colcon.colcon_core.package_discovery:discover_packages(colcon_meta) discover
[0.481s] Level 1:colcon.colcon_core.package_discovery:discover_packages(recursive) discover
[0.481s] INFO:colcon.colcon_core.package_discovery:Crawling recursively for packages in '/home/eero/finalProject/drone_racing_ros2-main'
[0.482s] Level 1:colcon.colcon_core.package_identification:_identify(.) by extensions ['ignore', 'ignore_ament_install']
[0.482s] Level 1:colcon.colcon_core.package_identification:_identify(.) by extension 'ignore'
[0.482s] Level 1:colcon.colcon_core.package_identification:_identify(.) by extension 'ignore_ament_install'
[0.482s] Level 1:colcon.colcon_core.package_identification:_identify(.) by extensions ['colcon_pkg']
[0.482s] Level 1:colcon.colcon_core.package_identification:_identify(.) by extension 'colcon_pkg'
[0.482s] Level 1:colcon.colcon_core.package_identification:_identify(.) by extensions ['colcon_meta']
[0.482s] Level 1:colcon.colcon_core.package_identification:_identify(.) by extension 'colcon_meta'
[0.482s] Level 1:colcon.colcon_core.package_identification:_identify(.) by extensions ['ros']
[0.482s] Level 1:colcon.colcon_core.package_identification:_identify(.) by extension 'ros'
[0.497s] Level 1:colcon.colcon_core.package_identification:_identify(.) by extensions ['cmake', 'python']
[0.497s] Level 1:colcon.colcon_core.package_identification:_identify(.) by extension 'cmake'
[0.497s] Level 1:colcon.colcon_core.package_identification:_identify(.) by extension 'python'
[0.498s] Level 1:colcon.colcon_core.package_identification:_identify(.) by extensions ['python_setup_py']
[0.498s] Level 1:colcon.colcon_core.package_identification:_identify(.) by extension 'python_setup_py'
[0.498s] Level 1:colcon.colcon_core.package_identification:_identify(build) by extensions ['ignore', 'ignore_ament_install']
[0.498s] Level 1:colcon.colcon_core.package_identification:_identify(build) by extension 'ignore'
[0.498s] Level 1:colcon.colcon_core.package_identification:_identify(build) ignored
[0.498s] Level 1:colcon.colcon_core.package_identification:_identify(install) by extensions ['ignore', 'ignore_ament_install']
[0.498s] Level 1:colcon.colcon_core.package_identification:_identify(install) by extension 'ignore'
[0.498s] Level 1:colcon.colcon_core.package_identification:_identify(install) ignored
[0.498s] Level 1:colcon.colcon_core.package_identification:_identify(log) by extensions ['ignore', 'ignore_ament_install']
[0.498s] Level 1:colcon.colcon_core.package_identification:_identify(log) by extension 'ignore'
[0.499s] Level 1:colcon.colcon_core.package_identification:_identify(log) ignored
[0.499s] Level 1:colcon.colcon_core.package_identification:_identify(ros2_shared) by extensions ['ignore', 'ignore_ament_install']
[0.499s] Level 1:colcon.colcon_core.package_identification:_identify(ros2_shared) by extension 'ignore'
[0.499s] Level 1:colcon.colcon_core.package_identification:_identify(ros2_shared) by extension 'ignore_ament_install'
[0.499s] Level 1:colcon.colcon_core.package_identification:_identify(ros2_shared) by extensions ['colcon_pkg']
[0.499s] Level 1:colcon.colcon_core.package_identification:_identify(ros2_shared) by extension 'colcon_pkg'
[0.499s] Level 1:colcon.colcon_core.package_identification:_identify(ros2_shared) by extensions ['colcon_meta']
[0.499s] Level 1:colcon.colcon_core.package_identification:_identify(ros2_shared) by extension 'colcon_meta'
[0.499s] Level 1:colcon.colcon_core.package_identification:_identify(ros2_shared) by extensions ['ros']
[0.499s] Level 1:colcon.colcon_core.package_identification:_identify(ros2_shared) by extension 'ros'
[0.502s] DEBUG:colcon.colcon_core.package_identification:Package 'ros2_shared' with type 'ros.ament_cmake' and name 'ros2_shared'
[0.502s] Level 1:colcon.colcon_core.package_identification:_identify(tello_ros) by extensions ['ignore', 'ignore_ament_install']
[0.502s] Level 1:colcon.colcon_core.package_identification:_identify(tello_ros) by extension 'ignore'
[0.502s] Level 1:colcon.colcon_core.package_identification:_identify(tello_ros) by extension 'ignore_ament_install'
[0.503s] Level 1:colcon.colcon_core.package_identification:_identify(tello_ros) by extensions ['colcon_pkg']
[0.503s] Level 1:colcon.colcon_core.package_identification:_identify(tello_ros) by extension 'colcon_pkg'
[0.503s] Level 1:colcon.colcon_core.package_identification:_identify(tello_ros) by extensions ['colcon_meta']
[0.503s] Level 1:colcon.colcon_core.package_identification:_identify(tello_ros) by extension 'colcon_meta'
[0.503s] Level 1:colcon.colcon_core.package_identification:_identify(tello_ros) by extensions ['ros']
[0.503s] Level 1:colcon.colcon_core.package_identification:_identify(tello_ros) by extension 'ros'
[0.503s] Level 1:colcon.colcon_core.package_identification:_identify(tello_ros) by extensions ['cmake', 'python']
[0.503s] Level 1:colcon.colcon_core.package_identification:_identify(tello_ros) by extension 'cmake'
[0.503s] Level 1:colcon.colcon_core.package_identification:_identify(tello_ros) by extension 'python'
[0.503s] Level 1:colcon.colcon_core.package_identification:_identify(tello_ros) by extensions ['python_setup_py']
[0.503s] Level 1:colcon.colcon_core.package_identification:_identify(tello_ros) by extension 'python_setup_py'
[0.503s] Level 1:colcon.colcon_core.package_identification:_identify(tello_ros/docker) by extensions ['ignore', 'ignore_ament_install']
[0.503s] Level 1:colcon.colcon_core.package_identification:_identify(tello_ros/docker) by extension 'ignore'
[0.503s] Level 1:colcon.colcon_core.package_identification:_identify(tello_ros/docker) by extension 'ignore_ament_install'
[0.504s] Level 1:colcon.colcon_core.package_identification:_identify(tello_ros/docker) by extensions ['colcon_pkg']
[0.504s] Level 1:colcon.colcon_core.package_identification:_identify(tello_ros/docker) by extension 'colcon_pkg'
[0.504s] Level 1:colcon.colcon_core.package_identification:_identify(tello_ros/docker) by extensions ['colcon_meta']
[0.504s] Level 1:colcon.colcon_core.package_identification:_identify(tello_ros/docker) by extension 'colcon_meta'
[0.504s] Level 1:colcon.colcon_core.package_identification:_identify(tello_ros/docker) by extensions ['ros']
[0.504s] Level 1:colcon.colcon_core.package_identification:_identify(tello_ros/docker) by extension 'ros'
[0.504s] Level 1:colcon.colcon_core.package_identification:_identify(tello_ros/docker) by extensions ['cmake', 'python']
[0.504s] Level 1:colcon.colcon_core.package_identification:_identify(tello_ros/docker) by extension 'cmake'
[0.504s] Level 1:colcon.colcon_core.package_identification:_identify(tello_ros/docker) by extension 'python'
[0.504s] Level 1:colcon.colcon_core.package_identification:_identify(tello_ros/docker) by extensions ['python_setup_py']
[0.504s] Level 1:colcon.colcon_core.package_identification:_identify(tello_ros/docker) by extension 'python_setup_py'
[0.504s] Level 1:colcon.colcon_core.package_identification:_identify(tello_ros/tello_description) by extensions ['ignore', 'ignore_ament_install']
[0.504s] Level 1:colcon.colcon_core.package_identification:_identify(tello_ros/tello_description) by extension 'ignore'
[0.504s] Level 1:colcon.colcon_core.package_identification:_identify(tello_ros/tello_description) by extension 'ignore_ament_install'
[0.504s] Level 1:colcon.colcon_core.package_identification:_identify(tello_ros/tello_description) by extensions ['colcon_pkg']
[0.505s] Level 1:colcon.colcon_core.package_identification:_identify(tello_ros/tello_description) by extension 'colcon_pkg'
[0.505s] Level 1:colcon.colcon_core.package_identification:_identify(tello_ros/tello_description) by extensions ['colcon_meta']
[0.505s] Level 1:colcon.colcon_core.package_identification:_identify(tello_ros/tello_description) by extension 'colcon_meta'
[0.505s] Level 1:colcon.colcon_core.package_identification:_identify(tello_ros/tello_description) by extensions ['ros']
[0.505s] Level 1:colcon.colcon_core.package_identification:_identify(tello_ros/tello_description) by extension 'ros'
[0.506s] DEBUG:colcon.colcon_core.package_identification:Package 'tello_ros/tello_description' with type 'ros.ament_cmake' and name 'tello_description'
[0.506s] Level 1:colcon.colcon_core.package_identification:_identify(tello_ros/tello_driver) by extensions ['ignore', 'ignore_ament_install']
[0.506s] Level 1:colcon.colcon_core.package_identification:_identify(tello_ros/tello_driver) by extension 'ignore'
[0.506s] Level 1:colcon.colcon_core.package_identification:_identify(tello_ros/tello_driver) by extension 'ignore_ament_install'
[0.506s] Level 1:colcon.colcon_core.package_identification:_identify(tello_ros/tello_driver) by extensions ['colcon_pkg']
[0.506s] Level 1:colcon.colcon_core.package_identification:_identify(tello_ros/tello_driver) by extension 'colcon_pkg'
[0.506s] Level 1:colcon.colcon_core.package_identification:_identify(tello_ros/tello_driver) by extensions ['colcon_meta']
[0.506s] Level 1:colcon.colcon_core.package_identification:_identify(tello_ros/tello_driver) by extension 'colcon_meta'
[0.506s] Level 1:colcon.colcon_core.package_identification:_identify(tello_ros/tello_driver) by extensions ['ros']
[0.506s] Level 1:colcon.colcon_core.package_identification:_identify(tello_ros/tello_driver) by extension 'ros'
[0.508s] DEBUG:colcon.colcon_core.package_identification:Package 'tello_ros/tello_driver' with type 'ros.ament_cmake' and name 'tello_driver'
[0.508s] Level 1:colcon.colcon_core.package_identification:_identify(tello_ros/tello_gazebo) by extensions ['ignore', 'ignore_ament_install']
[0.508s] Level 1:colcon.colcon_core.package_identification:_identify(tello_ros/tello_gazebo) by extension 'ignore'
[0.508s] Level 1:colcon.colcon_core.package_identification:_identify(tello_ros/tello_gazebo) by extension 'ignore_ament_install'
[0.508s] Level 1:colcon.colcon_core.package_identification:_identify(tello_ros/tello_gazebo) by extensions ['colcon_pkg']
[0.508s] Level 1:colcon.colcon_core.package_identification:_identify(tello_ros/tello_gazebo) by extension 'colcon_pkg'
[0.509s] Level 1:colcon.colcon_core.package_identification:_identify(tello_ros/tello_gazebo) by extensions ['colcon_meta']
[0.509s] Level 1:colcon.colcon_core.package_identification:_identify(tello_ros/tello_gazebo) by extension 'colcon_meta'
[0.509s] Level 1:colcon.colcon_core.package_identification:_identify(tello_ros/tello_gazebo) by extensions ['ros']
[0.509s] Level 1:colcon.colcon_core.package_identification:_identify(tello_ros/tello_gazebo) by extension 'ros'
[0.510s] DEBUG:colcon.colcon_core.package_identification:Package 'tello_ros/tello_gazebo' with type 'ros.ament_cmake' and name 'tello_gazebo'
[0.510s] Level 1:colcon.colcon_core.package_identification:_identify(tello_ros/tello_msgs) by extensions ['ignore', 'ignore_ament_install']
[0.510s] Level 1:colcon.colcon_core.package_identification:_identify(tello_ros/tello_msgs) by extension 'ignore'
[0.510s] Level 1:colcon.colcon_core.package_identification:_identify(tello_ros/tello_msgs) by extension 'ignore_ament_install'
[0.511s] Level 1:colcon.colcon_core.package_identification:_identify(tello_ros/tello_msgs) by extensions ['colcon_pkg']
[0.511s] Level 1:colcon.colcon_core.package_identification:_identify(tello_ros/tello_msgs) by extension 'colcon_pkg'
[0.511s] Level 1:colcon.colcon_core.package_identification:_identify(tello_ros/tello_msgs) by extensions ['colcon_meta']
[0.511s] Level 1:colcon.colcon_core.package_identification:_identify(tello_ros/tello_msgs) by extension 'colcon_meta'
[0.511s] Level 1:colcon.colcon_core.package_identification:_identify(tello_ros/tello_msgs) by extensions ['ros']
[0.511s] Level 1:colcon.colcon_core.package_identification:_identify(tello_ros/tello_msgs) by extension 'ros'
[0.512s] DEBUG:colcon.colcon_core.package_identification:Package 'tello_ros/tello_msgs' with type 'ros.ament_cmake' and name 'tello_msgs'
[0.512s] Level 1:colcon.colcon_core.package_discovery:discover_packages(recursive) using defaults
[0.512s] Level 1:colcon.colcon_core.package_discovery:discover_packages(ignore) discover
[0.512s] Level 1:colcon.colcon_core.package_discovery:discover_packages(ignore) using defaults
[0.512s] Level 1:colcon.colcon_core.package_discovery:discover_packages(path) discover
[0.512s] Level 1:colcon.colcon_core.package_discovery:discover_packages(path) using defaults
[0.552s] Level 1:colcon.colcon_core.package_discovery:discover_packages(prefix_path) check parameters
[0.552s] Level 1:colcon.colcon_core.package_discovery:discover_packages(prefix_path) discover
[0.555s] DEBUG:colcon.colcon_installed_package_information.package_discovery:Found 5 installed packages in /home/eero/finalProject/drone_racing_ros2-main/install
[0.556s] DEBUG:colcon.colcon_installed_package_information.package_discovery:Found 16 installed packages in /home/eero/turtlebot3_ws/install
[0.558s] DEBUG:colcon.colcon_installed_package_information.package_discovery:Found 275 installed packages in /opt/ros/galactic
[0.560s] Level 1:colcon.colcon_core.package_discovery:discover_packages(prefix_path) using defaults
[0.644s] Level 5:colcon.colcon_core.verb:set package 'ros2_shared' build argument 'cmake_args' from command line to 'None'
[0.644s] Level 5:colcon.colcon_core.verb:set package 'ros2_shared' build argument 'cmake_target' from command line to 'None'
[0.644s] Level 5:colcon.colcon_core.verb:set package 'ros2_shared' build argument 'cmake_target_skip_unavailable' from command line to 'False'
[0.644s] Level 5:colcon.colcon_core.verb:set package 'ros2_shared' build argument 'cmake_clean_cache' from command line to 'False'
[0.644s] Level 5:colcon.colcon_core.verb:set package 'ros2_shared' build argument 'cmake_clean_first' from command line to 'False'
[0.644s] Level 5:colcon.colcon_core.verb:set package 'ros2_shared' build argument 'cmake_force_configure' from command line to 'False'
[0.644s] Level 5:colcon.colcon_core.verb:set package 'ros2_shared' build argument 'ament_cmake_args' from command line to 'None'
[0.644s] Level 5:colcon.colcon_core.verb:set package 'ros2_shared' build argument 'catkin_cmake_args' from command line to 'None'
[0.644s] Level 5:colcon.colcon_core.verb:set package 'ros2_shared' build argument 'catkin_skip_building_tests' from command line to 'False'
[0.644s] DEBUG:colcon.colcon_core.verb:Building package 'ros2_shared' with the following arguments: {'ament_cmake_args': None, 'build_base': '/home/eero/finalProject/drone_racing_ros2-main/build/ros2_shared', 'catkin_cmake_args': None, 'catkin_skip_building_tests': False, 'cmake_args': None, 'cmake_clean_cache': False, 'cmake_clean_first': False, 'cmake_force_configure': False, 'cmake_target': None, 'cmake_target_skip_unavailable': False, 'install_base': '/home/eero/finalProject/drone_racing_ros2-main/install/ros2_shared', 'merge_install': False, 'path': '/home/eero/finalProject/drone_racing_ros2-main/ros2_shared', 'symlink_install': False, 'test_result_base': None}
[0.645s] Level 5:colcon.colcon_core.verb:set package 'tello_description' build argument 'cmake_args' from command line to 'None'
[0.645s] Level 5:colcon.colcon_core.verb:set package 'tello_description' build argument 'cmake_target' from command line to 'None'
[0.645s] Level 5:colcon.colcon_core.verb:set package 'tello_description' build argument 'cmake_target_skip_unavailable' from command line to 'False'
[0.645s] Level 5:colcon.colcon_core.verb:set package 'tello_description' build argument 'cmake_clean_cache' from command line to 'False'
[0.645s] Level 5:colcon.colcon_core.verb:set package 'tello_description' build argument 'cmake_clean_first' from command line to 'False'
[0.645s] Level 5:colcon.colcon_core.verb:set package 'tello_description' build argument 'cmake_force_configure' from command line to 'False'
[0.645s] Level 5:colcon.colcon_core.verb:set package 'tello_description' build argument 'ament_cmake_args' from command line to 'None'
[0.645s] Level 5:colcon.colcon_core.verb:set package 'tello_description' build argument 'catkin_cmake_args' from command line to 'None'
[0.645s] Level 5:colcon.colcon_core.verb:set package 'tello_description' build argument 'catkin_skip_building_tests' from command line to 'False'
[0.645s] DEBUG:colcon.colcon_core.verb:Building package 'tello_description' with the following arguments: {'ament_cmake_args': None, 'build_base': '/home/eero/finalProject/drone_racing_ros2-main/build/tello_description', 'catkin_cmake_args': None, 'catkin_skip_building_tests': False, 'cmake_args': None, 'cmake_clean_cache': False, 'cmake_clean_first': False, 'cmake_force_configure': False, 'cmake_target': None, 'cmake_target_skip_unavailable': False, 'install_base': '/home/eero/finalProject/drone_racing_ros2-main/install/tello_description', 'merge_install': False, 'path': '/home/eero/finalProject/drone_racing_ros2-main/tello_ros/tello_description', 'symlink_install': False, 'test_result_base': None}
[0.646s] Level 5:colcon.colcon_core.verb:set package 'tello_msgs' build argument 'cmake_args' from command line to 'None'
[0.646s] Level 5:colcon.colcon_core.verb:set package 'tello_msgs' build argument 'cmake_target' from command line to 'None'
[0.646s] Level 5:colcon.colcon_core.verb:set package 'tello_msgs' build argument 'cmake_target_skip_unavailable' from command line to 'False'
[0.646s] Level 5:colcon.colcon_core.verb:set package 'tello_msgs' build argument 'cmake_clean_cache' from command line to 'False'
[0.646s] Level 5:colcon.colcon_core.verb:set package 'tello_msgs' build argument 'cmake_clean_first' from command line to 'False'
[0.646s] Level 5:colcon.colcon_core.verb:set package 'tello_msgs' build argument 'cmake_force_configure' from command line to 'False'
[0.646s] Level 5:colcon.colcon_core.verb:set package 'tello_msgs' build argument 'ament_cmake_args' from command line to 'None'
[0.646s] Level 5:colcon.colcon_core.verb:set package 'tello_msgs' build argument 'catkin_cmake_args' from command line to 'None'
[0.646s] Level 5:colcon.colcon_core.verb:set package 'tello_msgs' build argument 'catkin_skip_building_tests' from command line to 'False'
[0.646s] DEBUG:colcon.colcon_core.verb:Building package 'tello_msgs' with the following arguments: {'ament_cmake_args': None, 'build_base': '/home/eero/finalProject/drone_racing_ros2-main/build/tello_msgs', 'catkin_cmake_args': None, 'catkin_skip_building_tests': False, 'cmake_args': None, 'cmake_clean_cache': False, 'cmake_clean_first': False, 'cmake_force_configure': False, 'cmake_target': None, 'cmake_target_skip_unavailable': False, 'install_base': '/home/eero/finalProject/drone_racing_ros2-main/install/tello_msgs', 'merge_install': False, 'path': '/home/eero/finalProject/drone_racing_ros2-main/tello_ros/tello_msgs', 'symlink_install': False, 'test_result_base': None}
[0.646s] Level 5:colcon.colcon_core.verb:set package 'tello_driver' build argument 'cmake_args' from command line to 'None'
[0.647s] Level 5:colcon.colcon_core.verb:set package 'tello_driver' build argument 'cmake_target' from command line to 'None'
[0.647s] Level 5:colcon.colcon_core.verb:set package 'tello_driver' build argument 'cmake_target_skip_unavailable' from command line to 'False'
[0.647s] Level 5:colcon.colcon_core.verb:set package 'tello_driver' build argument 'cmake_clean_cache' from command line to 'False'
[0.647s] Level 5:colcon.colcon_core.verb:set package 'tello_driver' build argument 'cmake_clean_first' from command line to 'False'
[0.647s] Level 5:colcon.colcon_core.verb:set package 'tello_driver' build argument 'cmake_force_configure' from command line to 'False'
[0.647s] Level 5:colcon.colcon_core.verb:set package 'tello_driver' build argument 'ament_cmake_args' from command line to 'None'
[0.647s] Level 5:colcon.colcon_core.verb:set package 'tello_driver' build argument 'catkin_cmake_args' from command line to 'None'
[0.647s] Level 5:colcon.colcon_core.verb:set package 'tello_driver' build argument 'catkin_skip_building_tests' from command line to 'False'
[0.647s] DEBUG:colcon.colcon_core.verb:Building package 'tello_driver' with the following arguments: {'ament_cmake_args': None, 'build_base': '/home/eero/finalProject/drone_racing_ros2-main/build/tello_driver', 'catkin_cmake_args': None, 'catkin_skip_building_tests': False, 'cmake_args': None, 'cmake_clean_cache': False, 'cmake_clean_first': False, 'cmake_force_configure': False, 'cmake_target': None, 'cmake_target_skip_unavailable': False, 'install_base': '/home/eero/finalProject/drone_racing_ros2-main/install/tello_driver', 'merge_install': False, 'path': '/home/eero/finalProject/drone_racing_ros2-main/tello_ros/tello_driver', 'symlink_install': False, 'test_result_base': None}
[0.647s] Level 5:colcon.colcon_core.verb:set package 'tello_gazebo' build argument 'cmake_args' from command line to 'None'
[0.647s] Level 5:colcon.colcon_core.verb:set package 'tello_gazebo' build argument 'cmake_target' from command line to 'None'
[0.647s] Level 5:colcon.colcon_core.verb:set package 'tello_gazebo' build argument 'cmake_target_skip_unavailable' from command line to 'False'
[0.647s] Level 5:colcon.colcon_core.verb:set package 'tello_gazebo' build argument 'cmake_clean_cache' from command line to 'False'
[0.647s] Level 5:colcon.colcon_core.verb:set package 'tello_gazebo' build argument 'cmake_clean_first' from command line to 'False'
[0.647s] Level 5:colcon.colcon_core.verb:set package 'tello_gazebo' build argument 'cmake_force_configure' from command line to 'False'
[0.648s] Level 5:colcon.colcon_core.verb:set package 'tello_gazebo' build argument 'ament_cmake_args' from command line to 'None'
[0.648s] Level 5:colcon.colcon_core.verb:set package 'tello_gazebo' build argument 'catkin_cmake_args' from command line to 'None'
[0.648s] Level 5:colcon.colcon_core.verb:set package 'tello_gazebo' build argument 'catkin_skip_building_tests' from command line to 'False'
[0.648s] DEBUG:colcon.colcon_core.verb:Building package 'tello_gazebo' with the following arguments: {'ament_cmake_args': None, 'build_base': '/home/eero/finalProject/drone_racing_ros2-main/build/tello_gazebo', 'catkin_cmake_args': None, 'catkin_skip_building_tests': False, 'cmake_args': None, 'cmake_clean_cache': False, 'cmake_clean_first': False, 'cmake_force_configure': False, 'cmake_target': None, 'cmake_target_skip_unavailable': False, 'install_base': '/home/eero/finalProject/drone_racing_ros2-main/install/tello_gazebo', 'merge_install': False, 'path': '/home/eero/finalProject/drone_racing_ros2-main/tello_ros/tello_gazebo', 'symlink_install': False, 'test_result_base': None}
[0.648s] INFO:colcon.colcon_core.executor:Executing jobs using 'parallel' executor
[0.649s] DEBUG:colcon.colcon_parallel_executor.executor.parallel:run_until_complete
[0.649s] INFO:colcon.colcon_ros.task.ament_cmake.build:Building ROS package in '/home/eero/finalProject/drone_racing_ros2-main/tello_ros/tello_msgs' with build type 'ament_cmake'
[0.649s] INFO:colcon.colcon_cmake.task.cmake.build:Building CMake package in '/home/eero/finalProject/drone_racing_ros2-main/tello_ros/tello_msgs'
[0.652s] INFO:colcon.colcon_core.plugin_system:Skipping extension 'colcon_core.shell.bat': Not used on non-Windows systems
[0.653s] INFO:colcon.colcon_core.shell:Skip shell extension 'powershell' for command environment: Not usable outside of PowerShell
[0.653s] DEBUG:colcon.colcon_core.shell:Skip shell extension 'dsv' for command environment
[0.662s] INFO:colcon.colcon_ros.task.ament_cmake.build:Building ROS package in '/home/eero/finalProject/drone_racing_ros2-main/ros2_shared' with build type 'ament_cmake'
[0.662s] INFO:colcon.colcon_cmake.task.cmake.build:Building CMake package in '/home/eero/finalProject/drone_racing_ros2-main/ros2_shared'
[0.662s] INFO:colcon.colcon_core.shell:Skip shell extension 'powershell' for command environment: Not usable outside of PowerShell
[0.662s] DEBUG:colcon.colcon_core.shell:Skip shell extension 'dsv' for command environment
[0.671s] INFO:colcon.colcon_ros.task.ament_cmake.build:Building ROS package in '/home/eero/finalProject/drone_racing_ros2-main/tello_ros/tello_description' with build type 'ament_cmake'
[0.672s] INFO:colcon.colcon_cmake.task.cmake.build:Building CMake package in '/home/eero/finalProject/drone_racing_ros2-main/tello_ros/tello_description'
[0.673s] INFO:colcon.colcon_core.shell:Skip shell extension 'powershell' for command environment: Not usable outside of PowerShell
[0.673s] DEBUG:colcon.colcon_core.shell:Skip shell extension 'dsv' for command environment
[0.694s] DEBUG:colcon.colcon_core.event_handler.log_command:Invoking command in '/home/eero/finalProject/drone_racing_ros2-main/build/tello_msgs': CMAKE_PREFIX_PATH=${CMAKE_PREFIX_PATH}:/home/eero/turtlebot3_ws/install/turtlebot3_teleop:/home/eero/turtlebot3_ws/install/turtlebot3_example:/opt/ros/galactic /usr/bin/cmake --build /home/eero/finalProject/drone_racing_ros2-main/build/tello_msgs -- -j6 -l6
[0.702s] DEBUG:colcon.colcon_core.event_handler.log_command:Invoking command in '/home/eero/finalProject/drone_racing_ros2-main/build/ros2_shared': CMAKE_PREFIX_PATH=${CMAKE_PREFIX_PATH}:/home/eero/turtlebot3_ws/install/turtlebot3_teleop:/home/eero/turtlebot3_ws/install/turtlebot3_example:/opt/ros/galactic /usr/bin/cmake --build /home/eero/finalProject/drone_racing_ros2-main/build/ros2_shared -- -j6 -l6
[0.710s] DEBUG:colcon.colcon_core.event_handler.log_command:Invoking command in '/home/eero/finalProject/drone_racing_ros2-main/build/tello_description': CMAKE_PREFIX_PATH=${CMAKE_PREFIX_PATH}:/home/eero/turtlebot3_ws/install/turtlebot3_teleop:/home/eero/turtlebot3_ws/install/turtlebot3_example:/opt/ros/galactic /usr/bin/cmake --build /home/eero/finalProject/drone_racing_ros2-main/build/tello_description -- -j6 -l6
[0.776s] DEBUG:colcon.colcon_core.event_handler.log_command:Invoked command in '/home/eero/finalProject/drone_racing_ros2-main/build/ros2_shared' returned '0': CMAKE_PREFIX_PATH=${CMAKE_PREFIX_PATH}:/home/eero/turtlebot3_ws/install/turtlebot3_teleop:/home/eero/turtlebot3_ws/install/turtlebot3_example:/opt/ros/galactic /usr/bin/cmake --build /home/eero/finalProject/drone_racing_ros2-main/build/ros2_shared -- -j6 -l6
[0.796s] DEBUG:colcon.colcon_core.event_handler.log_command:Invoking command in '/home/eero/finalProject/drone_racing_ros2-main/build/ros2_shared': CMAKE_PREFIX_PATH=${CMAKE_PREFIX_PATH}:/home/eero/turtlebot3_ws/install/turtlebot3_teleop:/home/eero/turtlebot3_ws/install/turtlebot3_example:/opt/ros/galactic /usr/bin/cmake --install /home/eero/finalProject/drone_racing_ros2-main/build/ros2_shared
[0.840s] Level 1:colcon.colcon_core.environment:create_environment_scripts_only(ros2_shared)
[0.856s] DEBUG:colcon.colcon_core.event_handler.log_command:Invoked command in '/home/eero/finalProject/drone_racing_ros2-main/build/ros2_shared' returned '0': CMAKE_PREFIX_PATH=${CMAKE_PREFIX_PATH}:/home/eero/turtlebot3_ws/install/turtlebot3_teleop:/home/eero/turtlebot3_ws/install/turtlebot3_example:/opt/ros/galactic /usr/bin/cmake --install /home/eero/finalProject/drone_racing_ros2-main/build/ros2_shared
[0.859s] Level 1:colcon.colcon_core.environment:checking '/home/eero/finalProject/drone_racing_ros2-main/install/ros2_shared' for CMake module files
[0.861s] Level 1:colcon.colcon_core.environment:checking '/home/eero/finalProject/drone_racing_ros2-main/install/ros2_shared' for CMake config files
[0.861s] Level 1:colcon.colcon_core.shell:create_environment_hook('ros2_shared', 'cmake_prefix_path')
[0.862s] INFO:colcon.colcon_core.shell:Creating environment hook '/home/eero/finalProject/drone_racing_ros2-main/install/ros2_shared/share/ros2_shared/hook/cmake_prefix_path.ps1'
[0.864s] INFO:colcon.colcon_core.shell:Creating environment descriptor '/home/eero/finalProject/drone_racing_ros2-main/install/ros2_shared/share/ros2_shared/hook/cmake_prefix_path.dsv'
[0.865s] INFO:colcon.colcon_core.shell:Creating environment hook '/home/eero/finalProject/drone_racing_ros2-main/install/ros2_shared/share/ros2_shared/hook/cmake_prefix_path.sh'
[0.866s] Level 1:colcon.colcon_core.environment:checking '/home/eero/finalProject/drone_racing_ros2-main/install/ros2_shared/bin'
[0.866s] Level 1:colcon.colcon_core.environment:checking '/home/eero/finalProject/drone_racing_ros2-main/install/ros2_shared/lib/pkgconfig/ros2_shared.pc'
[0.867s] Level 1:colcon.colcon_core.environment:checking '/home/eero/finalProject/drone_racing_ros2-main/install/ros2_shared/lib/python3.8/site-packages'
[0.867s] Level 1:colcon.colcon_core.environment:checking '/home/eero/finalProject/drone_racing_ros2-main/install/ros2_shared/bin'
[0.870s] INFO:colcon.colcon_core.shell:Creating package script '/home/eero/finalProject/drone_racing_ros2-main/install/ros2_shared/share/ros2_shared/package.ps1'
[0.872s] INFO:colcon.colcon_core.shell:Creating package descriptor '/home/eero/finalProject/drone_racing_ros2-main/install/ros2_shared/share/ros2_shared/package.dsv'
[0.872s] INFO:colcon.colcon_core.shell:Creating package script '/home/eero/finalProject/drone_racing_ros2-main/install/ros2_shared/share/ros2_shared/package.sh'
[0.879s] INFO:colcon.colcon_core.shell:Creating package script '/home/eero/finalProject/drone_racing_ros2-main/install/ros2_shared/share/ros2_shared/package.bash'
[0.881s] INFO:colcon.colcon_core.shell:Creating package script '/home/eero/finalProject/drone_racing_ros2-main/install/ros2_shared/share/ros2_shared/package.zsh'
[0.882s] Level 1:colcon.colcon_core.environment:create_file_with_runtime_dependencies(/home/eero/finalProject/drone_racing_ros2-main/install/ros2_shared/share/colcon-core/packages/ros2_shared)
[0.883s] Level 1:colcon.colcon_core.environment:create_environment_scripts_only(ros2_shared)
[0.883s] Level 1:colcon.colcon_core.environment:checking '/home/eero/finalProject/drone_racing_ros2-main/install/ros2_shared' for CMake module files
[0.884s] Level 1:colcon.colcon_core.environment:checking '/home/eero/finalProject/drone_racing_ros2-main/install/ros2_shared' for CMake config files
[0.884s] Level 1:colcon.colcon_core.shell:create_environment_hook('ros2_shared', 'cmake_prefix_path')
[0.884s] INFO:colcon.colcon_core.shell:Creating environment hook '/home/eero/finalProject/drone_racing_ros2-main/install/ros2_shared/share/ros2_shared/hook/cmake_prefix_path.ps1'
[0.885s] INFO:colcon.colcon_core.shell:Creating environment descriptor '/home/eero/finalProject/drone_racing_ros2-main/install/ros2_shared/share/ros2_shared/hook/cmake_prefix_path.dsv'
[0.885s] INFO:colcon.colcon_core.shell:Creating environment hook '/home/eero/finalProject/drone_racing_ros2-main/install/ros2_shared/share/ros2_shared/hook/cmake_prefix_path.sh'
[0.886s] Level 1:colcon.colcon_core.environment:checking '/home/eero/finalProject/drone_racing_ros2-main/install/ros2_shared/bin'
[0.886s] Level 1:colcon.colcon_core.environment:checking '/home/eero/finalProject/drone_racing_ros2-main/install/ros2_shared/lib/pkgconfig/ros2_shared.pc'
[0.887s] Level 1:colcon.colcon_core.environment:checking '/home/eero/finalProject/drone_racing_ros2-main/install/ros2_shared/lib/python3.8/site-packages'
[0.887s] Level 1:colcon.colcon_core.environment:checking '/home/eero/finalProject/drone_racing_ros2-main/install/ros2_shared/bin'
[0.887s] INFO:colcon.colcon_core.shell:Creating package script '/home/eero/finalProject/drone_racing_ros2-main/install/ros2_shared/share/ros2_shared/package.ps1'
[0.894s] INFO:colcon.colcon_core.shell:Creating package descriptor '/home/eero/finalProject/drone_racing_ros2-main/install/ros2_shared/share/ros2_shared/package.dsv'
[0.895s] INFO:colcon.colcon_core.shell:Creating package script '/home/eero/finalProject/drone_racing_ros2-main/install/ros2_shared/share/ros2_shared/package.sh'
[0.896s] INFO:colcon.colcon_core.shell:Creating package script '/home/eero/finalProject/drone_racing_ros2-main/install/ros2_shared/share/ros2_shared/package.bash'
[0.897s] INFO:colcon.colcon_core.shell:Creating package script '/home/eero/finalProject/drone_racing_ros2-main/install/ros2_shared/share/ros2_shared/package.zsh'
[0.898s] Level 1:colcon.colcon_core.environment:create_file_with_runtime_dependencies(/home/eero/finalProject/drone_racing_ros2-main/install/ros2_shared/share/colcon-core/packages/ros2_shared)
[0.949s] DEBUG:colcon.colcon_core.event_handler.log_command:Invoked command in '/home/eero/finalProject/drone_racing_ros2-main/build/tello_description' returned '0': CMAKE_PREFIX_PATH=${CMAKE_PREFIX_PATH}:/home/eero/turtlebot3_ws/install/turtlebot3_teleop:/home/eero/turtlebot3_ws/install/turtlebot3_example:/opt/ros/galactic /usr/bin/cmake --build /home/eero/finalProject/drone_racing_ros2-main/build/tello_description -- -j6 -l6
[0.951s] DEBUG:colcon.colcon_core.event_handler.log_command:Invoking command in '/home/eero/finalProject/drone_racing_ros2-main/build/tello_description': CMAKE_PREFIX_PATH=${CMAKE_PREFIX_PATH}:/home/eero/turtlebot3_ws/install/turtlebot3_teleop:/home/eero/turtlebot3_ws/install/turtlebot3_example:/opt/ros/galactic /usr/bin/cmake --install /home/eero/finalProject/drone_racing_ros2-main/build/tello_description
[0.975s] Level 1:colcon.colcon_core.environment:create_environment_scripts_only(tello_description)
[0.975s] Level 1:colcon.colcon_core.environment:checking '/home/eero/finalProject/drone_racing_ros2-main/install/tello_description' for CMake module files
[0.976s] Level 1:colcon.colcon_core.environment:checking '/home/eero/finalProject/drone_racing_ros2-main/install/tello_description' for CMake config files
[0.977s] Level 1:colcon.colcon_core.shell:create_environment_hook('tello_description', 'cmake_prefix_path')
[0.977s] INFO:colcon.colcon_core.shell:Creating environment hook '/home/eero/finalProject/drone_racing_ros2-main/install/tello_description/share/tello_description/hook/cmake_prefix_path.ps1'
[0.979s] INFO:colcon.colcon_core.shell:Creating environment descriptor '/home/eero/finalProject/drone_racing_ros2-main/install/tello_description/share/tello_description/hook/cmake_prefix_path.dsv'
[0.980s] DEBUG:colcon.colcon_core.event_handler.log_command:Invoked command in '/home/eero/finalProject/drone_racing_ros2-main/build/tello_description' returned '0': CMAKE_PREFIX_PATH=${CMAKE_PREFIX_PATH}:/home/eero/turtlebot3_ws/install/turtlebot3_teleop:/home/eero/turtlebot3_ws/install/turtlebot3_example:/opt/ros/galactic /usr/bin/cmake --install /home/eero/finalProject/drone_racing_ros2-main/build/tello_description
[0.980s] INFO:colcon.colcon_core.shell:Creating environment hook '/home/eero/finalProject/drone_racing_ros2-main/install/tello_description/share/tello_description/hook/cmake_prefix_path.sh'
[0.981s] Level 1:colcon.colcon_core.environment:checking '/home/eero/finalProject/drone_racing_ros2-main/install/tello_description/bin'
[0.981s] Level 1:colcon.colcon_core.environment:checking '/home/eero/finalProject/drone_racing_ros2-main/install/tello_description/lib/pkgconfig/tello_description.pc'
[0.981s] Level 1:colcon.colcon_core.environment:checking '/home/eero/finalProject/drone_racing_ros2-main/install/tello_description/lib/python3.8/site-packages'
[0.982s] Level 1:colcon.colcon_core.environment:checking '/home/eero/finalProject/drone_racing_ros2-main/install/tello_description/bin'
[0.982s] INFO:colcon.colcon_core.shell:Creating package script '/home/eero/finalProject/drone_racing_ros2-main/install/tello_description/share/tello_description/package.ps1'
[0.983s] INFO:colcon.colcon_core.shell:Creating package descriptor '/home/eero/finalProject/drone_racing_ros2-main/install/tello_description/share/tello_description/package.dsv'
[0.983s] INFO:colcon.colcon_core.shell:Creating package script '/home/eero/finalProject/drone_racing_ros2-main/install/tello_description/share/tello_description/package.sh'
[0.984s] INFO:colcon.colcon_core.shell:Creating package script '/home/eero/finalProject/drone_racing_ros2-main/install/tello_description/share/tello_description/package.bash'
[0.984s] INFO:colcon.colcon_core.shell:Creating package script '/home/eero/finalProject/drone_racing_ros2-main/install/tello_description/share/tello_description/package.zsh'
[0.984s] Level 1:colcon.colcon_core.environment:create_file_with_runtime_dependencies(/home/eero/finalProject/drone_racing_ros2-main/install/tello_description/share/colcon-core/packages/tello_description)
[0.985s] Level 1:colcon.colcon_core.environment:create_environment_scripts_only(tello_description)
[0.985s] Level 1:colcon.colcon_core.environment:checking '/home/eero/finalProject/drone_racing_ros2-main/install/tello_description' for CMake module files
[0.986s] Level 1:colcon.colcon_core.environment:checking '/home/eero/finalProject/drone_racing_ros2-main/install/tello_description' for CMake config files
[0.986s] Level 1:colcon.colcon_core.shell:create_environment_hook('tello_description', 'cmake_prefix_path')
[0.987s] INFO:colcon.colcon_core.shell:Creating environment hook '/home/eero/finalProject/drone_racing_ros2-main/install/tello_description/share/tello_description/hook/cmake_prefix_path.ps1'
[0.987s] INFO:colcon.colcon_core.shell:Creating environment descriptor '/home/eero/finalProject/drone_racing_ros2-main/install/tello_description/share/tello_description/hook/cmake_prefix_path.dsv'
[0.988s] INFO:colcon.colcon_core.shell:Creating environment hook '/home/eero/finalProject/drone_racing_ros2-main/install/tello_description/share/tello_description/hook/cmake_prefix_path.sh'
[0.989s] Level 1:colcon.colcon_core.environment:checking '/home/eero/finalProject/drone_racing_ros2-main/install/tello_description/bin'
[0.989s] Level 1:colcon.colcon_core.environment:checking '/home/eero/finalProject/drone_racing_ros2-main/install/tello_description/lib/pkgconfig/tello_description.pc'
[0.989s] Level 1:colcon.colcon_core.environment:checking '/home/eero/finalProject/drone_racing_ros2-main/install/tello_description/lib/python3.8/site-packages'
[0.989s] Level 1:colcon.colcon_core.environment:checking '/home/eero/finalProject/drone_racing_ros2-main/install/tello_description/bin'
[0.989s] INFO:colcon.colcon_core.shell:Creating package script '/home/eero/finalProject/drone_racing_ros2-main/install/tello_description/share/tello_description/package.ps1'
[0.990s] INFO:colcon.colcon_core.shell:Creating package descriptor '/home/eero/finalProject/drone_racing_ros2-main/install/tello_description/share/tello_description/package.dsv'
[0.991s] INFO:colcon.colcon_core.shell:Creating package script '/home/eero/finalProject/drone_racing_ros2-main/install/tello_description/share/tello_description/package.sh'
[0.991s] INFO:colcon.colcon_core.shell:Creating package script '/home/eero/finalProject/drone_racing_ros2-main/install/tello_description/share/tello_description/package.bash'
[0.992s] INFO:colcon.colcon_core.shell:Creating package script '/home/eero/finalProject/drone_racing_ros2-main/install/tello_description/share/tello_description/package.zsh'
[0.992s] Level 1:colcon.colcon_core.environment:create_file_with_runtime_dependencies(/home/eero/finalProject/drone_racing_ros2-main/install/tello_description/share/colcon-core/packages/tello_description)
[1.180s] DEBUG:colcon.colcon_core.event_handler.log_command:Invoked command in '/home/eero/finalProject/drone_racing_ros2-main/build/tello_msgs' returned '0': CMAKE_PREFIX_PATH=${CMAKE_PREFIX_PATH}:/home/eero/turtlebot3_ws/install/turtlebot3_teleop:/home/eero/turtlebot3_ws/install/turtlebot3_example:/opt/ros/galactic /usr/bin/cmake --build /home/eero/finalProject/drone_racing_ros2-main/build/tello_msgs -- -j6 -l6
[1.184s] DEBUG:colcon.colcon_core.event_handler.log_command:Invoking command in '/home/eero/finalProject/drone_racing_ros2-main/build/tello_msgs': CMAKE_PREFIX_PATH=${CMAKE_PREFIX_PATH}:/home/eero/turtlebot3_ws/install/turtlebot3_teleop:/home/eero/turtlebot3_ws/install/turtlebot3_example:/opt/ros/galactic /usr/bin/cmake --install /home/eero/finalProject/drone_racing_ros2-main/build/tello_msgs
[1.271s] Level 1:colcon.colcon_core.environment:create_environment_scripts_only(tello_msgs)
[1.272s] Level 1:colcon.colcon_core.environment:checking '/home/eero/finalProject/drone_racing_ros2-main/install/tello_msgs' for CMake module files
[1.273s] DEBUG:colcon.colcon_core.event_handler.log_command:Invoked command in '/home/eero/finalProject/drone_racing_ros2-main/build/tello_msgs' returned '0': CMAKE_PREFIX_PATH=${CMAKE_PREFIX_PATH}:/home/eero/turtlebot3_ws/install/turtlebot3_teleop:/home/eero/turtlebot3_ws/install/turtlebot3_example:/opt/ros/galactic /usr/bin/cmake --install /home/eero/finalProject/drone_racing_ros2-main/build/tello_msgs
[1.274s] Level 1:colcon.colcon_core.environment:checking '/home/eero/finalProject/drone_racing_ros2-main/install/tello_msgs' for CMake config files
[1.275s] Level 1:colcon.colcon_core.shell:create_environment_hook('tello_msgs', 'cmake_prefix_path')
[1.275s] INFO:colcon.colcon_core.shell:Creating environment hook '/home/eero/finalProject/drone_racing_ros2-main/install/tello_msgs/share/tello_msgs/hook/cmake_prefix_path.ps1'
[1.276s] INFO:colcon.colcon_core.shell:Creating environment descriptor '/home/eero/finalProject/drone_racing_ros2-main/install/tello_msgs/share/tello_msgs/hook/cmake_prefix_path.dsv'
[1.277s] INFO:colcon.colcon_core.shell:Creating environment hook '/home/eero/finalProject/drone_racing_ros2-main/install/tello_msgs/share/tello_msgs/hook/cmake_prefix_path.sh'
[1.278s] Level 1:colcon.colcon_core.environment:checking '/home/eero/finalProject/drone_racing_ros2-main/install/tello_msgs/lib'
[1.278s] Level 1:colcon.colcon_core.shell:create_environment_hook('tello_msgs', 'ld_library_path_lib')
[1.278s] INFO:colcon.colcon_core.shell:Creating environment hook '/home/eero/finalProject/drone_racing_ros2-main/install/tello_msgs/share/tello_msgs/hook/ld_library_path_lib.ps1'
[1.279s] INFO:colcon.colcon_core.shell:Creating environment descriptor '/home/eero/finalProject/drone_racing_ros2-main/install/tello_msgs/share/tello_msgs/hook/ld_library_path_lib.dsv'
[1.280s] INFO:colcon.colcon_core.shell:Creating environment hook '/home/eero/finalProject/drone_racing_ros2-main/install/tello_msgs/share/tello_msgs/hook/ld_library_path_lib.sh'
[1.280s] Level 1:colcon.colcon_core.environment:checking '/home/eero/finalProject/drone_racing_ros2-main/install/tello_msgs/bin'
[1.280s] Level 1:colcon.colcon_core.environment:checking '/home/eero/finalProject/drone_racing_ros2-main/install/tello_msgs/lib/pkgconfig/tello_msgs.pc'
[1.281s] Level 1:colcon.colcon_core.environment:checking '/home/eero/finalProject/drone_racing_ros2-main/install/tello_msgs/lib/python3.8/site-packages'
[1.281s] Level 1:colcon.colcon_core.shell:create_environment_hook('tello_msgs', 'pythonpath')
[1.281s] INFO:colcon.colcon_core.shell:Creating environment hook '/home/eero/finalProject/drone_racing_ros2-main/install/tello_msgs/share/tello_msgs/hook/pythonpath.ps1'
[1.282s] INFO:colcon.colcon_core.shell:Creating environment descriptor '/home/eero/finalProject/drone_racing_ros2-main/install/tello_msgs/share/tello_msgs/hook/pythonpath.dsv'
[1.282s] INFO:colcon.colcon_core.shell:Creating environment hook '/home/eero/finalProject/drone_racing_ros2-main/install/tello_msgs/share/tello_msgs/hook/pythonpath.sh'
[1.283s] Level 1:colcon.colcon_core.environment:checking '/home/eero/finalProject/drone_racing_ros2-main/install/tello_msgs/bin'
[1.283s] INFO:colcon.colcon_core.shell:Creating package script '/home/eero/finalProject/drone_racing_ros2-main/install/tello_msgs/share/tello_msgs/package.ps1'
[1.284s] INFO:colcon.colcon_core.shell:Creating package descriptor '/home/eero/finalProject/drone_racing_ros2-main/install/tello_msgs/share/tello_msgs/package.dsv'
[1.284s] INFO:colcon.colcon_core.shell:Creating package script '/home/eero/finalProject/drone_racing_ros2-main/install/tello_msgs/share/tello_msgs/package.sh'
[1.285s] INFO:colcon.colcon_core.shell:Creating package script '/home/eero/finalProject/drone_racing_ros2-main/install/tello_msgs/share/tello_msgs/package.bash'
[1.285s] INFO:colcon.colcon_core.shell:Creating package script '/home/eero/finalProject/drone_racing_ros2-main/install/tello_msgs/share/tello_msgs/package.zsh'
[1.286s] Level 1:colcon.colcon_core.environment:create_file_with_runtime_dependencies(/home/eero/finalProject/drone_racing_ros2-main/install/tello_msgs/share/colcon-core/packages/tello_msgs)
[1.286s] Level 1:colcon.colcon_core.environment:create_environment_scripts_only(tello_msgs)
[1.287s] Level 1:colcon.colcon_core.environment:checking '/home/eero/finalProject/drone_racing_ros2-main/install/tello_msgs' for CMake module files
[1.287s] Level 1:colcon.colcon_core.environment:checking '/home/eero/finalProject/drone_racing_ros2-main/install/tello_msgs' for CMake config files
[1.288s] Level 1:colcon.colcon_core.shell:create_environment_hook('tello_msgs', 'cmake_prefix_path')
[1.288s] INFO:colcon.colcon_core.shell:Creating environment hook '/home/eero/finalProject/drone_racing_ros2-main/install/tello_msgs/share/tello_msgs/hook/cmake_prefix_path.ps1'
[1.289s] INFO:colcon.colcon_core.shell:Creating environment descriptor '/home/eero/finalProject/drone_racing_ros2-main/install/tello_msgs/share/tello_msgs/hook/cmake_prefix_path.dsv'
[1.289s] INFO:colcon.colcon_core.shell:Creating environment hook '/home/eero/finalProject/drone_racing_ros2-main/install/tello_msgs/share/tello_msgs/hook/cmake_prefix_path.sh'
[1.290s] Level 1:colcon.colcon_core.environment:checking '/home/eero/finalProject/drone_racing_ros2-main/install/tello_msgs/lib'
[1.290s] Level 1:colcon.colcon_core.shell:create_environment_hook('tello_msgs', 'ld_library_path_lib')
[1.290s] INFO:colcon.colcon_core.shell:Creating environment hook '/home/eero/finalProject/drone_racing_ros2-main/install/tello_msgs/share/tello_msgs/hook/ld_library_path_lib.ps1'
[1.291s] INFO:colcon.colcon_core.shell:Creating environment descriptor '/home/eero/finalProject/drone_racing_ros2-main/install/tello_msgs/share/tello_msgs/hook/ld_library_path_lib.dsv'
[1.291s] INFO:colcon.colcon_core.shell:Creating environment hook '/home/eero/finalProject/drone_racing_ros2-main/install/tello_msgs/share/tello_msgs/hook/ld_library_path_lib.sh'
[1.292s] Level 1:colcon.colcon_core.environment:checking '/home/eero/finalProject/drone_racing_ros2-main/install/tello_msgs/bin'
[1.292s] Level 1:colcon.colcon_core.environment:checking '/home/eero/finalProject/drone_racing_ros2-main/install/tello_msgs/lib/pkgconfig/tello_msgs.pc'
[1.292s] Level 1:colcon.colcon_core.environment:checking '/home/eero/finalProject/drone_racing_ros2-main/install/tello_msgs/lib/python3.8/site-packages'
[1.292s] Level 1:colcon.colcon_core.shell:create_environment_hook('tello_msgs', 'pythonpath')
[1.292s] INFO:colcon.colcon_core.shell:Creating environment hook '/home/eero/finalProject/drone_racing_ros2-main/install/tello_msgs/share/tello_msgs/hook/pythonpath.ps1'
[1.293s] INFO:colcon.colcon_core.shell:Creating environment descriptor '/home/eero/finalProject/drone_racing_ros2-main/install/tello_msgs/share/tello_msgs/hook/pythonpath.dsv'
[1.293s] INFO:colcon.colcon_core.shell:Creating environment hook '/home/eero/finalProject/drone_racing_ros2-main/install/tello_msgs/share/tello_msgs/hook/pythonpath.sh'
[1.294s] Level 1:colcon.colcon_core.environment:checking '/home/eero/finalProject/drone_racing_ros2-main/install/tello_msgs/bin'
[1.294s] INFO:colcon.colcon_core.shell:Creating package script '/home/eero/finalProject/drone_racing_ros2-main/install/tello_msgs/share/tello_msgs/package.ps1'
[1.295s] INFO:colcon.colcon_core.shell:Creating package descriptor '/home/eero/finalProject/drone_racing_ros2-main/install/tello_msgs/share/tello_msgs/package.dsv'
[1.296s] INFO:colcon.colcon_core.shell:Creating package script '/home/eero/finalProject/drone_racing_ros2-main/install/tello_msgs/share/tello_msgs/package.sh'
[1.296s] INFO:colcon.colcon_core.shell:Creating package script '/home/eero/finalProject/drone_racing_ros2-main/install/tello_msgs/share/tello_msgs/package.bash'
[1.297s] INFO:colcon.colcon_core.shell:Creating package script '/home/eero/finalProject/drone_racing_ros2-main/install/tello_msgs/share/tello_msgs/package.zsh'
[1.297s] Level 1:colcon.colcon_core.environment:create_file_with_runtime_dependencies(/home/eero/finalProject/drone_racing_ros2-main/install/tello_msgs/share/colcon-core/packages/tello_msgs)
[1.298s] INFO:colcon.colcon_ros.task.ament_cmake.build:Building ROS package in '/home/eero/finalProject/drone_racing_ros2-main/tello_ros/tello_driver' with build type 'ament_cmake'
[1.298s] INFO:colcon.colcon_cmake.task.cmake.build:Building CMake package in '/home/eero/finalProject/drone_racing_ros2-main/tello_ros/tello_driver'
[1.298s] INFO:colcon.colcon_core.shell:Skip shell extension 'powershell' for command environment: Not usable outside of PowerShell
[1.299s] DEBUG:colcon.colcon_core.shell:Skip shell extension 'dsv' for command environment
[1.307s] INFO:colcon.colcon_ros.task.ament_cmake.build:Building ROS package in '/home/eero/finalProject/drone_racing_ros2-main/tello_ros/tello_gazebo' with build type 'ament_cmake'
[1.308s] INFO:colcon.colcon_cmake.task.cmake.build:Building CMake package in '/home/eero/finalProject/drone_racing_ros2-main/tello_ros/tello_gazebo'
[1.308s] INFO:colcon.colcon_core.shell:Skip shell extension 'powershell' for command environment: Not usable outside of PowerShell
[1.308s] DEBUG:colcon.colcon_core.shell:Skip shell extension 'dsv' for command environment
[1.329s] DEBUG:colcon.colcon_core.event_handler.log_command:Invoking command in '/home/eero/finalProject/drone_racing_ros2-main/build/tello_driver': CMAKE_PREFIX_PATH=/home/eero/finalProject/drone_racing_ros2-main/install/tello_msgs:/home/eero/finalProject/drone_racing_ros2-main/install/ros2_shared:/home/eero/finalProject/drone_racing_ros2-main/install/tello_gazebo:/home/eero/finalProject/drone_racing_ros2-main/install/tello_driver:/home/eero/finalProject/drone_racing_ros2-main/install/tello_description:/home/eero/turtlebot3_ws/install/turtlebot3:/home/eero/turtlebot3_ws/install/turtlebot3_simulations:/home/eero/turtlebot3_ws/install/turtlebot3_bringup:/home/eero/turtlebot3_ws/install/turtlebot3_node:/home/eero/turtlebot3_ws/install/turtlebot3_navigation2:/home/eero/turtlebot3_ws/install/turtlebot3_fake_node:/home/eero/turtlebot3_ws/install/turtlebot3_msgs:/home/eero/turtlebot3_ws/install/turtlebot3_manipulation_gazebo:/home/eero/turtlebot3_ws/install/turtlebot3_gazebo:/home/eero/turtlebot3_ws/install/turtlebot3_description:/home/eero/turtlebot3_ws/install/turtlebot3_cartographer:/home/eero/turtlebot3_ws/install/dynamixel_sdk_examples:/home/eero/turtlebot3_ws/install/dynamixel_sdk_custom_interfaces:/home/eero/turtlebot3_ws/install/dynamixel_sdk:/home/eero/turtlebot3_ws/install/turtlebot3_teleop:/home/eero/turtlebot3_ws/install/turtlebot3_example:/opt/ros/galactic LD_LIBRARY_PATH=/home/eero/finalProject/drone_racing_ros2-main/install/tello_msgs/lib:/home/eero/finalProject/drone_racing_ros2-main/install/tello_gazebo/lib:/home/eero/finalProject/drone_racing_ros2-main/install/tello_driver/lib:/home/eero/turtlebot3_ws/install/turtlebot3_msgs/lib:/home/eero/turtlebot3_ws/install/dynamixel_sdk_custom_interfaces/lib:/home/eero/turtlebot3_ws/install/dynamixel_sdk/lib:/usr/lib/x86_64-linux-gnu/gazebo-11/plugins:/opt/ros/galactic/opt/yaml_cpp_vendor/lib:/opt/ros/galactic/opt/rviz_ogre_vendor/lib:/opt/ros/galactic/lib/x86_64-linux-gnu:/opt/ros/galactic/lib:/usr/lib/x86_64-linux-gnu/gazebo-11/plugins /usr/bin/cmake --build /home/eero/finalProject/drone_racing_ros2-main/build/tello_driver -- -j6 -l6
[1.334s] DEBUG:colcon.colcon_core.event_handler.log_command:Invoking command in '/home/eero/finalProject/drone_racing_ros2-main/build/tello_gazebo': CMAKE_PREFIX_PATH=/home/eero/finalProject/drone_racing_ros2-main/install/tello_msgs:/home/eero/finalProject/drone_racing_ros2-main/install/tello_gazebo:/home/eero/finalProject/drone_racing_ros2-main/install/tello_driver:/home/eero/finalProject/drone_racing_ros2-main/install/tello_description:/home/eero/finalProject/drone_racing_ros2-main/install/ros2_shared:/home/eero/turtlebot3_ws/install/turtlebot3:/home/eero/turtlebot3_ws/install/turtlebot3_simulations:/home/eero/turtlebot3_ws/install/turtlebot3_bringup:/home/eero/turtlebot3_ws/install/turtlebot3_node:/home/eero/turtlebot3_ws/install/turtlebot3_navigation2:/home/eero/turtlebot3_ws/install/turtlebot3_fake_node:/home/eero/turtlebot3_ws/install/turtlebot3_msgs:/home/eero/turtlebot3_ws/install/turtlebot3_manipulation_gazebo:/home/eero/turtlebot3_ws/install/turtlebot3_gazebo:/home/eero/turtlebot3_ws/install/turtlebot3_description:/home/eero/turtlebot3_ws/install/turtlebot3_cartographer:/home/eero/turtlebot3_ws/install/dynamixel_sdk_examples:/home/eero/turtlebot3_ws/install/dynamixel_sdk_custom_interfaces:/home/eero/turtlebot3_ws/install/dynamixel_sdk:/home/eero/turtlebot3_ws/install/turtlebot3_teleop:/home/eero/turtlebot3_ws/install/turtlebot3_example:/opt/ros/galactic LD_LIBRARY_PATH=/home/eero/finalProject/drone_racing_ros2-main/install/tello_msgs/lib:/home/eero/finalProject/drone_racing_ros2-main/install/tello_gazebo/lib:/home/eero/finalProject/drone_racing_ros2-main/install/tello_driver/lib:/home/eero/turtlebot3_ws/install/turtlebot3_msgs/lib:/home/eero/turtlebot3_ws/install/dynamixel_sdk_custom_interfaces/lib:/home/eero/turtlebot3_ws/install/dynamixel_sdk/lib:/usr/lib/x86_64-linux-gnu/gazebo-11/plugins:/opt/ros/galactic/opt/yaml_cpp_vendor/lib:/opt/ros/galactic/opt/rviz_ogre_vendor/lib:/opt/ros/galactic/lib/x86_64-linux-gnu:/opt/ros/galactic/lib:/usr/lib/x86_64-linux-gnu/gazebo-11/plugins /usr/bin/cmake --build /home/eero/finalProject/drone_racing_ros2-main/build/tello_gazebo -- -j6 -l6
[1.489s] DEBUG:colcon.colcon_core.event_handler.log_command:Invoked command in '/home/eero/finalProject/drone_racing_ros2-main/build/tello_gazebo' returned '0': CMAKE_PREFIX_PATH=/home/eero/finalProject/drone_racing_ros2-main/install/tello_msgs:/home/eero/finalProject/drone_racing_ros2-main/install/tello_gazebo:/home/eero/finalProject/drone_racing_ros2-main/install/tello_driver:/home/eero/finalProject/drone_racing_ros2-main/install/tello_description:/home/eero/finalProject/drone_racing_ros2-main/install/ros2_shared:/home/eero/turtlebot3_ws/install/turtlebot3:/home/eero/turtlebot3_ws/install/turtlebot3_simulations:/home/eero/turtlebot3_ws/install/turtlebot3_bringup:/home/eero/turtlebot3_ws/install/turtlebot3_node:/home/eero/turtlebot3_ws/install/turtlebot3_navigation2:/home/eero/turtlebot3_ws/install/turtlebot3_fake_node:/home/eero/turtlebot3_ws/install/turtlebot3_msgs:/home/eero/turtlebot3_ws/install/turtlebot3_manipulation_gazebo:/home/eero/turtlebot3_ws/install/turtlebot3_gazebo:/home/eero/turtlebot3_ws/install/turtlebot3_description:/home/eero/turtlebot3_ws/install/turtlebot3_cartographer:/home/eero/turtlebot3_ws/install/dynamixel_sdk_examples:/home/eero/turtlebot3_ws/install/dynamixel_sdk_custom_interfaces:/home/eero/turtlebot3_ws/install/dynamixel_sdk:/home/eero/turtlebot3_ws/install/turtlebot3_teleop:/home/eero/turtlebot3_ws/install/turtlebot3_example:/opt/ros/galactic LD_LIBRARY_PATH=/home/eero/finalProject/drone_racing_ros2-main/install/tello_msgs/lib:/home/eero/finalProject/drone_racing_ros2-main/install/tello_gazebo/lib:/home/eero/finalProject/drone_racing_ros2-main/install/tello_driver/lib:/home/eero/turtlebot3_ws/install/turtlebot3_msgs/lib:/home/eero/turtlebot3_ws/install/dynamixel_sdk_custom_interfaces/lib:/home/eero/turtlebot3_ws/install/dynamixel_sdk/lib:/usr/lib/x86_64-linux-gnu/gazebo-11/plugins:/opt/ros/galactic/opt/yaml_cpp_vendor/lib:/opt/ros/galactic/opt/rviz_ogre_vendor/lib:/opt/ros/galactic/lib/x86_64-linux-gnu:/opt/ros/galactic/lib:/usr/lib/x86_64-linux-gnu/gazebo-11/plugins /usr/bin/cmake --build /home/eero/finalProject/drone_racing_ros2-main/build/tello_gazebo -- -j6 -l6
[1.493s] DEBUG:colcon.colcon_core.event_handler.log_command:Invoking command in '/home/eero/finalProject/drone_racing_ros2-main/build/tello_gazebo': CMAKE_PREFIX_PATH=/home/eero/finalProject/drone_racing_ros2-main/install/tello_msgs:/home/eero/finalProject/drone_racing_ros2-main/install/tello_gazebo:/home/eero/finalProject/drone_racing_ros2-main/install/tello_driver:/home/eero/finalProject/drone_racing_ros2-main/install/tello_description:/home/eero/finalProject/drone_racing_ros2-main/install/ros2_shared:/home/eero/turtlebot3_ws/install/turtlebot3:/home/eero/turtlebot3_ws/install/turtlebot3_simulations:/home/eero/turtlebot3_ws/install/turtlebot3_bringup:/home/eero/turtlebot3_ws/install/turtlebot3_node:/home/eero/turtlebot3_ws/install/turtlebot3_navigation2:/home/eero/turtlebot3_ws/install/turtlebot3_fake_node:/home/eero/turtlebot3_ws/install/turtlebot3_msgs:/home/eero/turtlebot3_ws/install/turtlebot3_manipulation_gazebo:/home/eero/turtlebot3_ws/install/turtlebot3_gazebo:/home/eero/turtlebot3_ws/install/turtlebot3_description:/home/eero/turtlebot3_ws/install/turtlebot3_cartographer:/home/eero/turtlebot3_ws/install/dynamixel_sdk_examples:/home/eero/turtlebot3_ws/install/dynamixel_sdk_custom_interfaces:/home/eero/turtlebot3_ws/install/dynamixel_sdk:/home/eero/turtlebot3_ws/install/turtlebot3_teleop:/home/eero/turtlebot3_ws/install/turtlebot3_example:/opt/ros/galactic LD_LIBRARY_PATH=/home/eero/finalProject/drone_racing_ros2-main/install/tello_msgs/lib:/home/eero/finalProject/drone_racing_ros2-main/install/tello_gazebo/lib:/home/eero/finalProject/drone_racing_ros2-main/install/tello_driver/lib:/home/eero/turtlebot3_ws/install/turtlebot3_msgs/lib:/home/eero/turtlebot3_ws/install/dynamixel_sdk_custom_interfaces/lib:/home/eero/turtlebot3_ws/install/dynamixel_sdk/lib:/usr/lib/x86_64-linux-gnu/gazebo-11/plugins:/opt/ros/galactic/opt/yaml_cpp_vendor/lib:/opt/ros/galactic/opt/rviz_ogre_vendor/lib:/opt/ros/galactic/lib/x86_64-linux-gnu:/opt/ros/galactic/lib:/usr/lib/x86_64-linux-gnu/gazebo-11/plugins /usr/bin/cmake --install /home/eero/finalProject/drone_racing_ros2-main/build/tello_gazebo
[1.496s] DEBUG:colcon.colcon_core.event_handler.log_command:Invoked command in '/home/eero/finalProject/drone_racing_ros2-main/build/tello_driver' returned '0': CMAKE_PREFIX_PATH=/home/eero/finalProject/drone_racing_ros2-main/install/tello_msgs:/home/eero/finalProject/drone_racing_ros2-main/install/ros2_shared:/home/eero/finalProject/drone_racing_ros2-main/install/tello_gazebo:/home/eero/finalProject/drone_racing_ros2-main/install/tello_driver:/home/eero/finalProject/drone_racing_ros2-main/install/tello_description:/home/eero/turtlebot3_ws/install/turtlebot3:/home/eero/turtlebot3_ws/install/turtlebot3_simulations:/home/eero/turtlebot3_ws/install/turtlebot3_bringup:/home/eero/turtlebot3_ws/install/turtlebot3_node:/home/eero/turtlebot3_ws/install/turtlebot3_navigation2:/home/eero/turtlebot3_ws/install/turtlebot3_fake_node:/home/eero/turtlebot3_ws/install/turtlebot3_msgs:/home/eero/turtlebot3_ws/install/turtlebot3_manipulation_gazebo:/home/eero/turtlebot3_ws/install/turtlebot3_gazebo:/home/eero/turtlebot3_ws/install/turtlebot3_description:/home/eero/turtlebot3_ws/install/turtlebot3_cartographer:/home/eero/turtlebot3_ws/install/dynamixel_sdk_examples:/home/eero/turtlebot3_ws/install/dynamixel_sdk_custom_interfaces:/home/eero/turtlebot3_ws/install/dynamixel_sdk:/home/eero/turtlebot3_ws/install/turtlebot3_teleop:/home/eero/turtlebot3_ws/install/turtlebot3_example:/opt/ros/galactic LD_LIBRARY_PATH=/home/eero/finalProject/drone_racing_ros2-main/install/tello_msgs/lib:/home/eero/finalProject/drone_racing_ros2-main/install/tello_gazebo/lib:/home/eero/finalProject/drone_racing_ros2-main/install/tello_driver/lib:/home/eero/turtlebot3_ws/install/turtlebot3_msgs/lib:/home/eero/turtlebot3_ws/install/dynamixel_sdk_custom_interfaces/lib:/home/eero/turtlebot3_ws/install/dynamixel_sdk/lib:/usr/lib/x86_64-linux-gnu/gazebo-11/plugins:/opt/ros/galactic/opt/yaml_cpp_vendor/lib:/opt/ros/galactic/opt/rviz_ogre_vendor/lib:/opt/ros/galactic/lib/x86_64-linux-gnu:/opt/ros/galactic/lib:/usr/lib/x86_64-linux-gnu/gazebo-11/plugins /usr/bin/cmake --build /home/eero/finalProject/drone_racing_ros2-main/build/tello_driver -- -j6 -l6
[1.500s] DEBUG:colcon.colcon_core.event_handler.log_command:Invoking command in '/home/eero/finalProject/drone_racing_ros2-main/build/tello_driver': CMAKE_PREFIX_PATH=/home/eero/finalProject/drone_racing_ros2-main/install/tello_msgs:/home/eero/finalProject/drone_racing_ros2-main/install/ros2_shared:/home/eero/finalProject/drone_racing_ros2-main/install/tello_gazebo:/home/eero/finalProject/drone_racing_ros2-main/install/tello_driver:/home/eero/finalProject/drone_racing_ros2-main/install/tello_description:/home/eero/turtlebot3_ws/install/turtlebot3:/home/eero/turtlebot3_ws/install/turtlebot3_simulations:/home/eero/turtlebot3_ws/install/turtlebot3_bringup:/home/eero/turtlebot3_ws/install/turtlebot3_node:/home/eero/turtlebot3_ws/install/turtlebot3_navigation2:/home/eero/turtlebot3_ws/install/turtlebot3_fake_node:/home/eero/turtlebot3_ws/install/turtlebot3_msgs:/home/eero/turtlebot3_ws/install/turtlebot3_manipulation_gazebo:/home/eero/turtlebot3_ws/install/turtlebot3_gazebo:/home/eero/turtlebot3_ws/install/turtlebot3_description:/home/eero/turtlebot3_ws/install/turtlebot3_cartographer:/home/eero/turtlebot3_ws/install/dynamixel_sdk_examples:/home/eero/turtlebot3_ws/install/dynamixel_sdk_custom_interfaces:/home/eero/turtlebot3_ws/install/dynamixel_sdk:/home/eero/turtlebot3_ws/install/turtlebot3_teleop:/home/eero/turtlebot3_ws/install/turtlebot3_example:/opt/ros/galactic LD_LIBRARY_PATH=/home/eero/finalProject/drone_racing_ros2-main/install/tello_msgs/lib:/home/eero/finalProject/drone_racing_ros2-main/install/tello_gazebo/lib:/home/eero/finalProject/drone_racing_ros2-main/install/tello_driver/lib:/home/eero/turtlebot3_ws/install/turtlebot3_msgs/lib:/home/eero/turtlebot3_ws/install/dynamixel_sdk_custom_interfaces/lib:/home/eero/turtlebot3_ws/install/dynamixel_sdk/lib:/usr/lib/x86_64-linux-gnu/gazebo-11/plugins:/opt/ros/galactic/opt/yaml_cpp_vendor/lib:/opt/ros/galactic/opt/rviz_ogre_vendor/lib:/opt/ros/galactic/lib/x86_64-linux-gnu:/opt/ros/galactic/lib:/usr/lib/x86_64-linux-gnu/gazebo-11/plugins /usr/bin/cmake --install /home/eero/finalProject/drone_racing_ros2-main/build/tello_driver
[1.521s] Level 1:colcon.colcon_core.environment:create_environment_scripts_only(tello_gazebo)
[1.521s] Level 1:colcon.colcon_core.environment:checking '/home/eero/finalProject/drone_racing_ros2-main/install/tello_gazebo' for CMake module files
[1.523s] Level 1:colcon.colcon_core.environment:checking '/home/eero/finalProject/drone_racing_ros2-main/install/tello_gazebo' for CMake config files
[1.524s] Level 1:colcon.colcon_core.shell:create_environment_hook('tello_gazebo', 'cmake_prefix_path')
[1.525s] INFO:colcon.colcon_core.shell:Creating environment hook '/home/eero/finalProject/drone_racing_ros2-main/install/tello_gazebo/share/tello_gazebo/hook/cmake_prefix_path.ps1'
[1.525s] INFO:colcon.colcon_core.shell:Creating environment descriptor '/home/eero/finalProject/drone_racing_ros2-main/install/tello_gazebo/share/tello_gazebo/hook/cmake_prefix_path.dsv'
[1.530s] INFO:colcon.colcon_core.shell:Creating environment hook '/home/eero/finalProject/drone_racing_ros2-main/install/tello_gazebo/share/tello_gazebo/hook/cmake_prefix_path.sh'
[1.533s] DEBUG:colcon.colcon_core.event_handler.log_command:Invoked command in '/home/eero/finalProject/drone_racing_ros2-main/build/tello_gazebo' returned '0': CMAKE_PREFIX_PATH=/home/eero/finalProject/drone_racing_ros2-main/install/tello_msgs:/home/eero/finalProject/drone_racing_ros2-main/install/tello_gazebo:/home/eero/finalProject/drone_racing_ros2-main/install/tello_driver:/home/eero/finalProject/drone_racing_ros2-main/install/tello_description:/home/eero/finalProject/drone_racing_ros2-main/install/ros2_shared:/home/eero/turtlebot3_ws/install/turtlebot3:/home/eero/turtlebot3_ws/install/turtlebot3_simulations:/home/eero/turtlebot3_ws/install/turtlebot3_bringup:/home/eero/turtlebot3_ws/install/turtlebot3_node:/home/eero/turtlebot3_ws/install/turtlebot3_navigation2:/home/eero/turtlebot3_ws/install/turtlebot3_fake_node:/home/eero/turtlebot3_ws/install/turtlebot3_msgs:/home/eero/turtlebot3_ws/install/turtlebot3_manipulation_gazebo:/home/eero/turtlebot3_ws/install/turtlebot3_gazebo:/home/eero/turtlebot3_ws/install/turtlebot3_description:/home/eero/turtlebot3_ws/install/turtlebot3_cartographer:/home/eero/turtlebot3_ws/install/dynamixel_sdk_examples:/home/eero/turtlebot3_ws/install/dynamixel_sdk_custom_interfaces:/home/eero/turtlebot3_ws/install/dynamixel_sdk:/home/eero/turtlebot3_ws/install/turtlebot3_teleop:/home/eero/turtlebot3_ws/install/turtlebot3_example:/opt/ros/galactic LD_LIBRARY_PATH=/home/eero/finalProject/drone_racing_ros2-main/install/tello_msgs/lib:/home/eero/finalProject/drone_racing_ros2-main/install/tello_gazebo/lib:/home/eero/finalProject/drone_racing_ros2-main/install/tello_driver/lib:/home/eero/turtlebot3_ws/install/turtlebot3_msgs/lib:/home/eero/turtlebot3_ws/install/dynamixel_sdk_custom_interfaces/lib:/home/eero/turtlebot3_ws/install/dynamixel_sdk/lib:/usr/lib/x86_64-linux-gnu/gazebo-11/plugins:/opt/ros/galactic/opt/yaml_cpp_vendor/lib:/opt/ros/galactic/opt/rviz_ogre_vendor/lib:/opt/ros/galactic/lib/x86_64-linux-gnu:/opt/ros/galactic/lib:/usr/lib/x86_64-linux-gnu/gazebo-11/plugins /usr/bin/cmake --install /home/eero/finalProject/drone_racing_ros2-main/build/tello_gazebo
[1.534s] Level 1:colcon.colcon_core.environment:checking '/home/eero/finalProject/drone_racing_ros2-main/install/tello_gazebo/lib'
[1.534s] Level 1:colcon.colcon_core.shell:create_environment_hook('tello_gazebo', 'ld_library_path_lib')
[1.534s] INFO:colcon.colcon_core.shell:Creating environment hook '/home/eero/finalProject/drone_racing_ros2-main/install/tello_gazebo/share/tello_gazebo/hook/ld_library_path_lib.ps1'
[1.535s] INFO:colcon.colcon_core.shell:Creating environment descriptor '/home/eero/finalProject/drone_racing_ros2-main/install/tello_gazebo/share/tello_gazebo/hook/ld_library_path_lib.dsv'
[1.536s] INFO:colcon.colcon_core.shell:Creating environment hook '/home/eero/finalProject/drone_racing_ros2-main/install/tello_gazebo/share/tello_gazebo/hook/ld_library_path_lib.sh'
[1.536s] Level 1:colcon.colcon_core.environment:checking '/home/eero/finalProject/drone_racing_ros2-main/install/tello_gazebo/bin'
[1.536s] Level 1:colcon.colcon_core.environment:checking '/home/eero/finalProject/drone_racing_ros2-main/install/tello_gazebo/lib/pkgconfig/tello_gazebo.pc'
[1.537s] Level 1:colcon.colcon_core.environment:checking '/home/eero/finalProject/drone_racing_ros2-main/install/tello_gazebo/lib/python3.8/site-packages'
[1.537s] Level 1:colcon.colcon_core.environment:checking '/home/eero/finalProject/drone_racing_ros2-main/install/tello_gazebo/bin'
[1.538s] INFO:colcon.colcon_core.shell:Creating package script '/home/eero/finalProject/drone_racing_ros2-main/install/tello_gazebo/share/tello_gazebo/package.ps1'
[1.539s] INFO:colcon.colcon_core.shell:Creating package descriptor '/home/eero/finalProject/drone_racing_ros2-main/install/tello_gazebo/share/tello_gazebo/package.dsv'
[1.539s] INFO:colcon.colcon_core.shell:Creating package script '/home/eero/finalProject/drone_racing_ros2-main/install/tello_gazebo/share/tello_gazebo/package.sh'
[1.540s] INFO:colcon.colcon_core.shell:Creating package script '/home/eero/finalProject/drone_racing_ros2-main/install/tello_gazebo/share/tello_gazebo/package.bash'
[1.541s] INFO:colcon.colcon_core.shell:Creating package script '/home/eero/finalProject/drone_racing_ros2-main/install/tello_gazebo/share/tello_gazebo/package.zsh'
[1.542s] Level 1:colcon.colcon_core.environment:create_file_with_runtime_dependencies(/home/eero/finalProject/drone_racing_ros2-main/install/tello_gazebo/share/colcon-core/packages/tello_gazebo)
[1.543s] Level 1:colcon.colcon_core.environment:create_environment_scripts_only(tello_gazebo)
[1.543s] Level 1:colcon.colcon_core.environment:checking '/home/eero/finalProject/drone_racing_ros2-main/install/tello_gazebo' for CMake module files
[1.544s] Level 1:colcon.colcon_core.environment:checking '/home/eero/finalProject/drone_racing_ros2-main/install/tello_gazebo' for CMake config files
[1.545s] Level 1:colcon.colcon_core.shell:create_environment_hook('tello_gazebo', 'cmake_prefix_path')
[1.545s] INFO:colcon.colcon_core.shell:Creating environment hook '/home/eero/finalProject/drone_racing_ros2-main/install/tello_gazebo/share/tello_gazebo/hook/cmake_prefix_path.ps1'
[1.545s] INFO:colcon.colcon_core.shell:Creating environment descriptor '/home/eero/finalProject/drone_racing_ros2-main/install/tello_gazebo/share/tello_gazebo/hook/cmake_prefix_path.dsv'
[1.546s] INFO:colcon.colcon_core.shell:Creating environment hook '/home/eero/finalProject/drone_racing_ros2-main/install/tello_gazebo/share/tello_gazebo/hook/cmake_prefix_path.sh'
[1.546s] Level 1:colcon.colcon_core.environment:checking '/home/eero/finalProject/drone_racing_ros2-main/install/tello_gazebo/lib'
[1.547s] Level 1:colcon.colcon_core.shell:create_environment_hook('tello_gazebo', 'ld_library_path_lib')
[1.547s] INFO:colcon.colcon_core.shell:Creating environment hook '/home/eero/finalProject/drone_racing_ros2-main/install/tello_gazebo/share/tello_gazebo/hook/ld_library_path_lib.ps1'
[1.547s] INFO:colcon.colcon_core.shell:Creating environment descriptor '/home/eero/finalProject/drone_racing_ros2-main/install/tello_gazebo/share/tello_gazebo/hook/ld_library_path_lib.dsv'
[1.548s] INFO:colcon.colcon_core.shell:Creating environment hook '/home/eero/finalProject/drone_racing_ros2-main/install/tello_gazebo/share/tello_gazebo/hook/ld_library_path_lib.sh'
[1.548s] Level 1:colcon.colcon_core.environment:checking '/home/eero/finalProject/drone_racing_ros2-main/install/tello_gazebo/bin'
[1.548s] Level 1:colcon.colcon_core.environment:checking '/home/eero/finalProject/drone_racing_ros2-main/install/tello_gazebo/lib/pkgconfig/tello_gazebo.pc'
[1.549s] Level 1:colcon.colcon_core.environment:checking '/home/eero/finalProject/drone_racing_ros2-main/install/tello_gazebo/lib/python3.8/site-packages'
[1.549s] Level 1:colcon.colcon_core.environment:checking '/home/eero/finalProject/drone_racing_ros2-main/install/tello_gazebo/bin'
[1.549s] INFO:colcon.colcon_core.shell:Creating package script '/home/eero/finalProject/drone_racing_ros2-main/install/tello_gazebo/share/tello_gazebo/package.ps1'
[1.550s] INFO:colcon.colcon_core.shell:Creating package descriptor '/home/eero/finalProject/drone_racing_ros2-main/install/tello_gazebo/share/tello_gazebo/package.dsv'
[1.551s] INFO:colcon.colcon_core.shell:Creating package script '/home/eero/finalProject/drone_racing_ros2-main/install/tello_gazebo/share/tello_gazebo/package.sh'
[1.551s] INFO:colcon.colcon_core.shell:Creating package script '/home/eero/finalProject/drone_racing_ros2-main/install/tello_gazebo/share/tello_gazebo/package.bash'
[1.552s] INFO:colcon.colcon_core.shell:Creating package script '/home/eero/finalProject/drone_racing_ros2-main/install/tello_gazebo/share/tello_gazebo/package.zsh'
[1.553s] Level 1:colcon.colcon_core.environment:create_file_with_runtime_dependencies(/home/eero/finalProject/drone_racing_ros2-main/install/tello_gazebo/share/colcon-core/packages/tello_gazebo)
[1.554s] Level 1:colcon.colcon_core.environment:create_environment_scripts_only(tello_driver)
[1.555s] Level 1:colcon.colcon_core.environment:checking '/home/eero/finalProject/drone_racing_ros2-main/install/tello_driver' for CMake module files
[1.556s] DEBUG:colcon.colcon_core.event_handler.log_command:Invoked command in '/home/eero/finalProject/drone_racing_ros2-main/build/tello_driver' returned '0': CMAKE_PREFIX_PATH=/home/eero/finalProject/drone_racing_ros2-main/install/tello_msgs:/home/eero/finalProject/drone_racing_ros2-main/install/ros2_shared:/home/eero/finalProject/drone_racing_ros2-main/install/tello_gazebo:/home/eero/finalProject/drone_racing_ros2-main/install/tello_driver:/home/eero/finalProject/drone_racing_ros2-main/install/tello_description:/home/eero/turtlebot3_ws/install/turtlebot3:/home/eero/turtlebot3_ws/install/turtlebot3_simulations:/home/eero/turtlebot3_ws/install/turtlebot3_bringup:/home/eero/turtlebot3_ws/install/turtlebot3_node:/home/eero/turtlebot3_ws/install/turtlebot3_navigation2:/home/eero/turtlebot3_ws/install/turtlebot3_fake_node:/home/eero/turtlebot3_ws/install/turtlebot3_msgs:/home/eero/turtlebot3_ws/install/turtlebot3_manipulation_gazebo:/home/eero/turtlebot3_ws/install/turtlebot3_gazebo:/home/eero/turtlebot3_ws/install/turtlebot3_description:/home/eero/turtlebot3_ws/install/turtlebot3_cartographer:/home/eero/turtlebot3_ws/install/dynamixel_sdk_examples:/home/eero/turtlebot3_ws/install/dynamixel_sdk_custom_interfaces:/home/eero/turtlebot3_ws/install/dynamixel_sdk:/home/eero/turtlebot3_ws/install/turtlebot3_teleop:/home/eero/turtlebot3_ws/install/turtlebot3_example:/opt/ros/galactic LD_LIBRARY_PATH=/home/eero/finalProject/drone_racing_ros2-main/install/tello_msgs/lib:/home/eero/finalProject/drone_racing_ros2-main/install/tello_gazebo/lib:/home/eero/finalProject/drone_racing_ros2-main/install/tello_driver/lib:/home/eero/turtlebot3_ws/install/turtlebot3_msgs/lib:/home/eero/turtlebot3_ws/install/dynamixel_sdk_custom_interfaces/lib:/home/eero/turtlebot3_ws/install/dynamixel_sdk/lib:/usr/lib/x86_64-linux-gnu/gazebo-11/plugins:/opt/ros/galactic/opt/yaml_cpp_vendor/lib:/opt/ros/galactic/opt/rviz_ogre_vendor/lib:/opt/ros/galactic/lib/x86_64-linux-gnu:/opt/ros/galactic/lib:/usr/lib/x86_64-linux-gnu/gazebo-11/plugins /usr/bin/cmake --install /home/eero/finalProject/drone_racing_ros2-main/build/tello_driver
[1.556s] Level 1:colcon.colcon_core.environment:checking '/home/eero/finalProject/drone_racing_ros2-main/install/tello_driver' for CMake config files
[1.557s] Level 1:colcon.colcon_core.shell:create_environment_hook('tello_driver', 'cmake_prefix_path')
[1.557s] INFO:colcon.colcon_core.shell:Creating environment hook '/home/eero/finalProject/drone_racing_ros2-main/install/tello_driver/share/tello_driver/hook/cmake_prefix_path.ps1'
[1.557s] INFO:colcon.colcon_core.shell:Creating environment descriptor '/home/eero/finalProject/drone_racing_ros2-main/install/tello_driver/share/tello_driver/hook/cmake_prefix_path.dsv'
[1.558s] INFO:colcon.colcon_core.shell:Creating environment hook '/home/eero/finalProject/drone_racing_ros2-main/install/tello_driver/share/tello_driver/hook/cmake_prefix_path.sh'
[1.558s] Level 1:colcon.colcon_core.environment:checking '/home/eero/finalProject/drone_racing_ros2-main/install/tello_driver/lib'
[1.558s] Level 1:colcon.colcon_core.shell:create_environment_hook('tello_driver', 'ld_library_path_lib')
[1.559s] INFO:colcon.colcon_core.shell:Creating environment hook '/home/eero/finalProject/drone_racing_ros2-main/install/tello_driver/share/tello_driver/hook/ld_library_path_lib.ps1'
[1.559s] INFO:colcon.colcon_core.shell:Creating environment descriptor '/home/eero/finalProject/drone_racing_ros2-main/install/tello_driver/share/tello_driver/hook/ld_library_path_lib.dsv'
[1.560s] INFO:colcon.colcon_core.shell:Creating environment hook '/home/eero/finalProject/drone_racing_ros2-main/install/tello_driver/share/tello_driver/hook/ld_library_path_lib.sh'
[1.560s] Level 1:colcon.colcon_core.environment:checking '/home/eero/finalProject/drone_racing_ros2-main/install/tello_driver/bin'
[1.560s] Level 1:colcon.colcon_core.environment:checking '/home/eero/finalProject/drone_racing_ros2-main/install/tello_driver/lib/pkgconfig/tello_driver.pc'
[1.560s] Level 1:colcon.colcon_core.environment:checking '/home/eero/finalProject/drone_racing_ros2-main/install/tello_driver/lib/python3.8/site-packages'
[1.561s] Level 1:colcon.colcon_core.environment:checking '/home/eero/finalProject/drone_racing_ros2-main/install/tello_driver/bin'
[1.561s] INFO:colcon.colcon_core.shell:Creating package script '/home/eero/finalProject/drone_racing_ros2-main/install/tello_driver/share/tello_driver/package.ps1'
[1.562s] INFO:colcon.colcon_core.shell:Creating package descriptor '/home/eero/finalProject/drone_racing_ros2-main/install/tello_driver/share/tello_driver/package.dsv'
[1.562s] INFO:colcon.colcon_core.shell:Creating package script '/home/eero/finalProject/drone_racing_ros2-main/install/tello_driver/share/tello_driver/package.sh'
[1.563s] INFO:colcon.colcon_core.shell:Creating package script '/home/eero/finalProject/drone_racing_ros2-main/install/tello_driver/share/tello_driver/package.bash'
[1.563s] INFO:colcon.colcon_core.shell:Creating package script '/home/eero/finalProject/drone_racing_ros2-main/install/tello_driver/share/tello_driver/package.zsh'
[1.563s] Level 1:colcon.colcon_core.environment:create_file_with_runtime_dependencies(/home/eero/finalProject/drone_racing_ros2-main/install/tello_driver/share/colcon-core/packages/tello_driver)
[1.564s] Level 1:colcon.colcon_core.environment:create_environment_scripts_only(tello_driver)
[1.564s] Level 1:colcon.colcon_core.environment:checking '/home/eero/finalProject/drone_racing_ros2-main/install/tello_driver' for CMake module files
[1.565s] Level 1:colcon.colcon_core.environment:checking '/home/eero/finalProject/drone_racing_ros2-main/install/tello_driver' for CMake config files
[1.565s] Level 1:colcon.colcon_core.shell:create_environment_hook('tello_driver', 'cmake_prefix_path')
[1.566s] INFO:colcon.colcon_core.shell:Creating environment hook '/home/eero/finalProject/drone_racing_ros2-main/install/tello_driver/share/tello_driver/hook/cmake_prefix_path.ps1'
[1.566s] INFO:colcon.colcon_core.shell:Creating environment descriptor '/home/eero/finalProject/drone_racing_ros2-main/install/tello_driver/share/tello_driver/hook/cmake_prefix_path.dsv'
[1.567s] INFO:colcon.colcon_core.shell:Creating environment hook '/home/eero/finalProject/drone_racing_ros2-main/install/tello_driver/share/tello_driver/hook/cmake_prefix_path.sh'
[1.567s] Level 1:colcon.colcon_core.environment:checking '/home/eero/finalProject/drone_racing_ros2-main/install/tello_driver/lib'
[1.567s] Level 1:colcon.colcon_core.shell:create_environment_hook('tello_driver', 'ld_library_path_lib')
[1.568s] INFO:colcon.colcon_core.shell:Creating environment hook '/home/eero/finalProject/drone_racing_ros2-main/install/tello_driver/share/tello_driver/hook/ld_library_path_lib.ps1'
[1.568s] INFO:colcon.colcon_core.shell:Creating environment descriptor '/home/eero/finalProject/drone_racing_ros2-main/install/tello_driver/share/tello_driver/hook/ld_library_path_lib.dsv'
[1.569s] INFO:colcon.colcon_core.shell:Creating environment hook '/home/eero/finalProject/drone_racing_ros2-main/install/tello_driver/share/tello_driver/hook/ld_library_path_lib.sh'
[1.569s] Level 1:colcon.colcon_core.environment:checking '/home/eero/finalProject/drone_racing_ros2-main/install/tello_driver/bin'
[1.569s] Level 1:colcon.colcon_core.environment:checking '/home/eero/finalProject/drone_racing_ros2-main/install/tello_driver/lib/pkgconfig/tello_driver.pc'
[1.570s] Level 1:colcon.colcon_core.environment:checking '/home/eero/finalProject/drone_racing_ros2-main/install/tello_driver/lib/python3.8/site-packages'
[1.570s] Level 1:colcon.colcon_core.environment:checking '/home/eero/finalProject/drone_racing_ros2-main/install/tello_driver/bin'
[1.570s] INFO:colcon.colcon_core.shell:Creating package script '/home/eero/finalProject/drone_racing_ros2-main/install/tello_driver/share/tello_driver/package.ps1'
[1.571s] INFO:colcon.colcon_core.shell:Creating package descriptor '/home/eero/finalProject/drone_racing_ros2-main/install/tello_driver/share/tello_driver/package.dsv'
[1.572s] INFO:colcon.colcon_core.shell:Creating package script '/home/eero/finalProject/drone_racing_ros2-main/install/tello_driver/share/tello_driver/package.sh'
[1.572s] INFO:colcon.colcon_core.shell:Creating package script '/home/eero/finalProject/drone_racing_ros2-main/install/tello_driver/share/tello_driver/package.bash'
[1.573s] INFO:colcon.colcon_core.shell:Creating package script '/home/eero/finalProject/drone_racing_ros2-main/install/tello_driver/share/tello_driver/package.zsh'
[1.573s] Level 1:colcon.colcon_core.environment:create_file_with_runtime_dependencies(/home/eero/finalProject/drone_racing_ros2-main/install/tello_driver/share/colcon-core/packages/tello_driver)
[1.574s] DEBUG:colcon.colcon_parallel_executor.executor.parallel:closing loop
[1.574s] DEBUG:colcon.colcon_parallel_executor.executor.parallel:loop closed
[1.574s] DEBUG:colcon.colcon_parallel_executor.executor.parallel:run_until_complete finished with '0'
[1.575s] DEBUG:colcon.colcon_core.event_reactor:joining thread
[1.584s] INFO:colcon.colcon_core.plugin_system:Skipping extension 'colcon_notification.desktop_notification.terminal_notifier': Not used on non-Darwin systems
[1.585s] INFO:colcon.colcon_core.plugin_system:Skipping extension 'colcon_notification.desktop_notification.win32': Not used on non-Windows systems
[1.585s] INFO:colcon.colcon_notification.desktop_notification:Sending desktop notification using 'notify2'
[1.606s] DEBUG:colcon.colcon_core.event_reactor:joined thread
[1.607s] INFO:colcon.colcon_core.shell:Creating prefix script '/home/eero/finalProject/drone_racing_ros2-main/install/local_setup.ps1'
[1.609s] INFO:colcon.colcon_core.shell:Creating prefix util module '/home/eero/finalProject/drone_racing_ros2-main/install/_local_setup_util_ps1.py'
[1.611s] INFO:colcon.colcon_core.shell:Creating prefix chain script '/home/eero/finalProject/drone_racing_ros2-main/install/setup.ps1'
[1.616s] INFO:colcon.colcon_core.shell:Creating prefix script '/home/eero/finalProject/drone_racing_ros2-main/install/local_setup.sh'
[1.617s] INFO:colcon.colcon_core.shell:Creating prefix util module '/home/eero/finalProject/drone_racing_ros2-main/install/_local_setup_util_sh.py'
[1.618s] INFO:colcon.colcon_core.shell:Creating prefix chain script '/home/eero/finalProject/drone_racing_ros2-main/install/setup.sh'
[1.621s] INFO:colcon.colcon_core.shell:Creating prefix script '/home/eero/finalProject/drone_racing_ros2-main/install/local_setup.bash'
[1.622s] INFO:colcon.colcon_core.shell:Creating prefix chain script '/home/eero/finalProject/drone_racing_ros2-main/install/setup.bash'
[1.625s] INFO:colcon.colcon_core.shell:Creating prefix script '/home/eero/finalProject/drone_racing_ros2-main/install/local_setup.zsh'
[1.626s] INFO:colcon.colcon_core.shell:Creating prefix chain script '/home/eero/finalProject/drone_racing_ros2-main/install/setup.zsh'
