[0.041s] Invoking command in '/home/eero/finalProject/drone_racing_ros2-main/build/ros2_shared': CMAKE_PREFIX_PATH=${CMAKE_PREFIX_PATH}:/home/eero/turtlebot3_ws/install/turtlebot3_teleop:/home/eero/turtlebot3_ws/install/turtlebot3_example:/opt/ros/galactic /usr/bin/cmake --build /home/eero/finalProject/drone_racing_ros2-main/build/ros2_shared -- -j6 -l6
[0.112s] Invoked command in '/home/eero/finalProject/drone_racing_ros2-main/build/ros2_shared' returned '0': CMAKE_PREFIX_PATH=${CMAKE_PREFIX_PATH}:/home/eero/turtlebot3_ws/install/turtlebot3_teleop:/home/eero/turtlebot3_ws/install/turtlebot3_example:/opt/ros/galactic /usr/bin/cmake --build /home/eero/finalProject/drone_racing_ros2-main/build/ros2_shared -- -j6 -l6
[0.133s] Invoking command in '/home/eero/finalProject/drone_racing_ros2-main/build/ros2_shared': CMAKE_PREFIX_PATH=${CMAKE_PREFIX_PATH}:/home/eero/turtlebot3_ws/install/turtlebot3_teleop:/home/eero/turtlebot3_ws/install/turtlebot3_example:/opt/ros/galactic /usr/bin/cmake --install /home/eero/finalProject/drone_racing_ros2-main/build/ros2_shared
[0.152s] -- Install configuration: ""
[0.152s] -- Up-to-date: /home/eero/finalProject/drone_racing_ros2-main/install/ros2_shared/include
[0.153s] -- Up-to-date: /home/eero/finalProject/drone_racing_ros2-main/install/ros2_shared/include/ros2_shared
[0.153s] -- Up-to-date: /home/eero/finalProject/drone_racing_ros2-main/install/ros2_shared/include/ros2_shared/context_macros.hpp
[0.153s] -- Up-to-date: /home/eero/finalProject/drone_racing_ros2-main/install/ros2_shared/include/ros2_shared/param_macros.hpp
[0.153s] -- Up-to-date: /home/eero/finalProject/drone_racing_ros2-main/install/ros2_shared/include/ros2_shared/string_printf.hpp
[0.153s] -- Up-to-date: /home/eero/finalProject/drone_racing_ros2-main/install/ros2_shared/share/ament_index/resource_index/package_run_dependencies/ros2_shared
[0.153s] -- Up-to-date: /home/eero/finalProject/drone_racing_ros2-main/install/ros2_shared/share/ament_index/resource_index/parent_prefix_path/ros2_shared
[0.153s] -- Up-to-date: /home/eero/finalProject/drone_racing_ros2-main/install/ros2_shared/share/ros2_shared/environment/ament_prefix_path.sh
[0.154s] -- Up-to-date: /home/eero/finalProject/drone_racing_ros2-main/install/ros2_shared/share/ros2_shared/environment/ament_prefix_path.dsv
[0.154s] -- Up-to-date: /home/eero/finalProject/drone_racing_ros2-main/install/ros2_shared/share/ros2_shared/environment/path.sh
[0.154s] -- Up-to-date: /home/eero/finalProject/drone_racing_ros2-main/install/ros2_shared/share/ros2_shared/environment/path.dsv
[0.154s] -- Up-to-date: /home/eero/finalProject/drone_racing_ros2-main/install/ros2_shared/share/ros2_shared/local_setup.bash
[0.154s] -- Up-to-date: /home/eero/finalProject/drone_racing_ros2-main/install/ros2_shared/share/ros2_shared/local_setup.sh
[0.154s] -- Up-to-date: /home/eero/finalProject/drone_racing_ros2-main/install/ros2_shared/share/ros2_shared/local_setup.zsh
[0.154s] -- Up-to-date: /home/eero/finalProject/drone_racing_ros2-main/install/ros2_shared/share/ros2_shared/local_setup.dsv
[0.154s] -- Installing: /home/eero/finalProject/drone_racing_ros2-main/install/ros2_shared/share/ros2_shared/package.dsv
[0.154s] -- Up-to-date: /home/eero/finalProject/drone_racing_ros2-main/install/ros2_shared/share/ament_index/resource_index/packages/ros2_shared
[0.154s] -- Up-to-date: /home/eero/finalProject/drone_racing_ros2-main/install/ros2_shared/share/ros2_shared/cmake/ament_cmake_export_include_directories-extras.cmake
[0.154s] -- Up-to-date: /home/eero/finalProject/drone_racing_ros2-main/install/ros2_shared/share/ros2_shared/cmake/ros2_sharedConfig.cmake
[0.155s] -- Up-to-date: /home/eero/finalProject/drone_racing_ros2-main/install/ros2_shared/share/ros2_shared/cmake/ros2_sharedConfig-version.cmake
[0.155s] -- Up-to-date: /home/eero/finalProject/drone_racing_ros2-main/install/ros2_shared/share/ros2_shared/package.xml
[0.165s] Invoked command in '/home/eero/finalProject/drone_racing_ros2-main/build/ros2_shared' returned '0': CMAKE_PREFIX_PATH=${CMAKE_PREFIX_PATH}:/home/eero/turtlebot3_ws/install/turtlebot3_teleop:/home/eero/turtlebot3_ws/install/turtlebot3_example:/opt/ros/galactic /usr/bin/cmake --install /home/eero/finalProject/drone_racing_ros2-main/build/ros2_shared
