[0.045s] Invoking command in '/home/eero/finalProject/drone_racing_ros2-main/build/tello_msgs': CMAKE_PREFIX_PATH=${CMAKE_PREFIX_PATH}:/home/eero/turtlebot3_ws/install/turtlebot3_teleop:/home/eero/turtlebot3_ws/install/turtlebot3_example:/opt/ros/galactic /usr/bin/cmake /home/eero/finalProject/drone_racing_ros2-main/tello_ros/tello_msgs -DCMAKE_INSTALL_PREFIX=/home/eero/finalProject/drone_racing_ros2-main/install/tello_msgs
[0.212s] -- The C compiler identification is GNU 9.4.0
[0.357s] -- The CXX compiler identification is GNU 9.4.0
[0.366s] -- Check for working C compiler: /usr/bin/cc
[0.479s] -- Check for working C compiler: /usr/bin/cc -- works
[0.480s] -- Detecting C compiler ABI info
[0.598s] -- Detecting C compiler ABI info - done
[0.619s] -- Detecting C compile features
[0.619s] -- Detecting C compile features - done
[0.623s] -- Check for working CXX compiler: /usr/bin/c++
[0.749s] -- Check for working CXX compiler: /usr/bin/c++ -- works
[0.750s] -- Detecting CXX compiler ABI info
[0.880s] -- Detecting CXX compiler ABI info - done
[0.897s] -- Detecting CXX compile features
[0.897s] -- Detecting CXX compile features - done
[0.901s] -- Found ament_cmake: 1.1.6 (/opt/ros/galactic/share/ament_cmake/cmake)
[0.945s] -- Found PythonInterp: /usr/bin/python3 (found suitable version "3.8.10", minimum required is "3") 
[0.945s] -- Using PYTHON_EXECUTABLE: /usr/bin/python3
[1.080s] -- Found rosidl_default_generators: 1.1.1 (/opt/ros/galactic/share/rosidl_default_generators/cmake)
[1.089s] -- Using all available rosidl_typesupport_c: rosidl_typesupport_fastrtps_c;rosidl_typesupport_introspection_c
[1.102s] -- Found rosidl_adapter: 2.2.3 (/opt/ros/galactic/share/rosidl_adapter/cmake)
[1.337s] -- Found OpenSSL: /usr/lib/x86_64-linux-gnu/libcrypto.so (found version "1.1.1f")  
[1.384s] -- Found FastRTPS: /opt/ros/galactic/include  
[1.506s] -- Using all available rosidl_typesupport_cpp: rosidl_typesupport_fastrtps_cpp;rosidl_typesupport_introspection_cpp
[1.548s] -- Found std_msgs: 2.2.4 (/opt/ros/galactic/share/std_msgs/cmake)
[1.638s] -- Found PythonInterp: /usr/bin/python3 (found version "3.8.10") 
[1.878s] -- Found ament_cmake_ros: 0.9.2 (/opt/ros/galactic/share/ament_cmake_ros/cmake)
[2.157s] -- Using all available rosidl_typesupport_c: rosidl_typesupport_fastrtps_c;rosidl_typesupport_introspection_c
[2.250s] -- Using all available rosidl_typesupport_cpp: rosidl_typesupport_fastrtps_cpp;rosidl_typesupport_introspection_cpp
[2.296s] -- Found PythonInterp: /usr/bin/python3 (found suitable version "3.8.10", minimum required is "3.5") 
[2.301s] -- Found python_cmake_module: 0.8.1 (/opt/ros/galactic/share/python_cmake_module/cmake)
[2.350s] -- Found PythonLibs: /usr/lib/x86_64-linux-gnu/libpython3.8.so (found suitable version "3.8.10", minimum required is "3.5") 
[2.350s] -- Using PYTHON_EXECUTABLE: /usr/bin/python3
[2.350s] -- Using PYTHON_INCLUDE_DIRS: /usr/include/python3.8
[2.351s] -- Using PYTHON_LIBRARIES: /usr/lib/x86_64-linux-gnu/libpython3.8.so
[2.389s] -- Found PythonExtra: .so  
[2.506s] -- Configuring done
[2.566s] -- Generating done
[2.588s] -- Build files have been written to: /home/eero/finalProject/drone_racing_ros2-main/build/tello_msgs
[2.596s] Invoked command in '/home/eero/finalProject/drone_racing_ros2-main/build/tello_msgs' returned '0': CMAKE_PREFIX_PATH=${CMAKE_PREFIX_PATH}:/home/eero/turtlebot3_ws/install/turtlebot3_teleop:/home/eero/turtlebot3_ws/install/turtlebot3_example:/opt/ros/galactic /usr/bin/cmake /home/eero/finalProject/drone_racing_ros2-main/tello_ros/tello_msgs -DCMAKE_INSTALL_PREFIX=/home/eero/finalProject/drone_racing_ros2-main/install/tello_msgs
[2.601s] Invoking command in '/home/eero/finalProject/drone_racing_ros2-main/build/tello_msgs': CMAKE_PREFIX_PATH=${CMAKE_PREFIX_PATH}:/home/eero/turtlebot3_ws/install/turtlebot3_teleop:/home/eero/turtlebot3_ws/install/turtlebot3_example:/opt/ros/galactic /usr/bin/cmake --build /home/eero/finalProject/drone_racing_ros2-main/build/tello_msgs -- -j6 -l6
[2.665s] [  2%] [34m[1mGenerating C code for ROS interfaces[0m
[2.667s] [35m[1mScanning dependencies of target tello_msgs__cpp[0m
[2.686s] [  4%] [34m[1mGenerating C++ code for ROS interfaces[0m
[3.496s] [35m[1mScanning dependencies of target tello_msgs__rosidl_generator_c[0m
[3.515s] [  8%] [32mBuilding C object CMakeFiles/tello_msgs__rosidl_generator_c.dir/rosidl_generator_c/tello_msgs/msg/detail/flight_data__functions.c.o[0m
[3.515s] [  8%] [32mBuilding C object CMakeFiles/tello_msgs__rosidl_generator_c.dir/rosidl_generator_c/tello_msgs/msg/detail/tello_response__functions.c.o[0m
[3.518s] [  8%] Built target tello_msgs__cpp
[3.519s] [ 10%] [32mBuilding C object CMakeFiles/tello_msgs__rosidl_generator_c.dir/rosidl_generator_c/tello_msgs/srv/detail/tello_action__functions.c.o[0m
[3.532s] [ 14%] [34m[1mGenerating C++ introspection for ROS interfaces[0m
[3.532s] [ 17%] [34m[1mGenerating C++ type support for eProsima Fast-RTPS[0m
[3.532s] [ 14%] [34m[1mGenerating C++ type support dispatch for ROS interfaces[0m
[3.596s] [ 19%] [32m[1mLinking C shared library libtello_msgs__rosidl_generator_c.so[0m
[3.655s] [ 19%] Built target tello_msgs__rosidl_generator_c
[3.670s] [ 21%] [34m[1mGenerating C type support dispatch for ROS interfaces[0m
[3.673s] [ 23%] [34m[1mGenerating C introspection for ROS interfaces[0m
[4.240s] [35m[1mScanning dependencies of target tello_msgs__rosidl_typesupport_cpp[0m
[4.264s] [ 25%] [32mBuilding CXX object CMakeFiles/tello_msgs__rosidl_typesupport_cpp.dir/rosidl_typesupport_cpp/tello_msgs/msg/flight_data__type_support.cpp.o[0m
[4.283s] [ 27%] [32mBuilding CXX object CMakeFiles/tello_msgs__rosidl_typesupport_cpp.dir/rosidl_typesupport_cpp/tello_msgs/msg/tello_response__type_support.cpp.o[0m
[4.295s] [35m[1mScanning dependencies of target tello_msgs__rosidl_typesupport_introspection_cpp[0m
[4.323s] [ 29%] [32mBuilding CXX object CMakeFiles/tello_msgs__rosidl_typesupport_introspection_cpp.dir/rosidl_typesupport_introspection_cpp/tello_msgs/msg/detail/flight_data__type_support.cpp.o[0m
[4.360s] [35m[1mScanning dependencies of target tello_msgs__rosidl_typesupport_fastrtps_cpp[0m
[4.373s] [35m[1mScanning dependencies of target tello_msgs__rosidl_typesupport_c[0m
[4.390s] [ 31%] [32mBuilding CXX object CMakeFiles/tello_msgs__rosidl_typesupport_c.dir/rosidl_typesupport_c/tello_msgs/msg/flight_data__type_support.cpp.o[0m
[4.392s] [ 34%] [32mBuilding CXX object CMakeFiles/tello_msgs__rosidl_typesupport_fastrtps_cpp.dir/rosidl_typesupport_fastrtps_cpp/tello_msgs/msg/detail/dds_fastrtps/flight_data__type_support.cpp.o[0m
[4.430s] [ 36%] [32mBuilding CXX object CMakeFiles/tello_msgs__rosidl_typesupport_c.dir/rosidl_typesupport_c/tello_msgs/msg/tello_response__type_support.cpp.o[0m
[4.464s] [35m[1mScanning dependencies of target tello_msgs__rosidl_typesupport_introspection_c[0m
[4.470s] [ 38%] [32mBuilding CXX object CMakeFiles/tello_msgs__rosidl_typesupport_c.dir/rosidl_typesupport_c/tello_msgs/srv/tello_action__type_support.cpp.o[0m
[4.497s] [ 40%] [32mBuilding C object CMakeFiles/tello_msgs__rosidl_typesupport_introspection_c.dir/rosidl_typesupport_introspection_c/tello_msgs/msg/detail/flight_data__type_support.c.o[0m
[4.510s] [ 42%] [32m[1mLinking CXX shared library libtello_msgs__rosidl_typesupport_c.so[0m
[4.541s] [ 44%] [32mBuilding C object CMakeFiles/tello_msgs__rosidl_typesupport_introspection_c.dir/rosidl_typesupport_introspection_c/tello_msgs/msg/detail/tello_response__type_support.c.o[0m
[4.564s] [ 44%] Built target tello_msgs__rosidl_typesupport_c
[4.576s] [ 46%] [32mBuilding CXX object CMakeFiles/tello_msgs__rosidl_typesupport_cpp.dir/rosidl_typesupport_cpp/tello_msgs/srv/tello_action__type_support.cpp.o[0m
[4.583s] [ 48%] [32mBuilding C object CMakeFiles/tello_msgs__rosidl_typesupport_introspection_c.dir/rosidl_typesupport_introspection_c/tello_msgs/srv/detail/tello_action__type_support.c.o[0m
[4.627s] [ 51%] [32m[1mLinking C shared library libtello_msgs__rosidl_typesupport_introspection_c.so[0m
[4.656s] [ 53%] [32mBuilding CXX object CMakeFiles/tello_msgs__rosidl_typesupport_introspection_cpp.dir/rosidl_typesupport_introspection_cpp/tello_msgs/msg/detail/tello_response__type_support.cpp.o[0m
[4.663s] [ 55%] [32mBuilding CXX object CMakeFiles/tello_msgs__rosidl_typesupport_introspection_cpp.dir/rosidl_typesupport_introspection_cpp/tello_msgs/srv/detail/tello_action__type_support.cpp.o[0m
[4.671s] [ 55%] Built target tello_msgs__rosidl_typesupport_introspection_c
[4.684s] [ 57%] [32mBuilding CXX object CMakeFiles/tello_msgs__rosidl_typesupport_fastrtps_cpp.dir/rosidl_typesupport_fastrtps_cpp/tello_msgs/msg/detail/dds_fastrtps/tello_response__type_support.cpp.o[0m
[4.709s] [ 59%] [32mBuilding CXX object CMakeFiles/tello_msgs__rosidl_typesupport_fastrtps_cpp.dir/rosidl_typesupport_fastrtps_cpp/tello_msgs/srv/detail/dds_fastrtps/tello_action__type_support.cpp.o[0m
[4.947s] [ 61%] [32m[1mLinking CXX shared library libtello_msgs__rosidl_typesupport_cpp.so[0m
[5.003s] [ 61%] Built target tello_msgs__rosidl_typesupport_cpp
[5.033s] [ 63%] [32m[1mLinking CXX shared library libtello_msgs__rosidl_typesupport_introspection_cpp.so[0m
[5.125s] [ 63%] Built target tello_msgs__rosidl_typesupport_introspection_cpp
[5.259s] [ 65%] [32m[1mLinking CXX shared library libtello_msgs__rosidl_typesupport_fastrtps_cpp.so[0m
[5.400s] [ 65%] Built target tello_msgs__rosidl_typesupport_fastrtps_cpp
[5.419s] [ 68%] [34m[1mGenerating C type support for eProsima Fast-RTPS[0m
[6.207s] [35m[1mScanning dependencies of target tello_msgs__rosidl_typesupport_fastrtps_c[0m
[6.235s] [ 70%] [32mBuilding CXX object CMakeFiles/tello_msgs__rosidl_typesupport_fastrtps_c.dir/rosidl_typesupport_fastrtps_c/tello_msgs/msg/detail/flight_data__type_support_c.cpp.o[0m
[6.236s] [ 72%] [32mBuilding CXX object CMakeFiles/tello_msgs__rosidl_typesupport_fastrtps_c.dir/rosidl_typesupport_fastrtps_c/tello_msgs/msg/detail/tello_response__type_support_c.cpp.o[0m
[6.238s] [ 74%] [32mBuilding CXX object CMakeFiles/tello_msgs__rosidl_typesupport_fastrtps_c.dir/rosidl_typesupport_fastrtps_c/tello_msgs/srv/detail/tello_action__type_support_c.cpp.o[0m
[6.701s] [ 76%] [32m[1mLinking CXX shared library libtello_msgs__rosidl_typesupport_fastrtps_c.so[0m
[6.832s] [ 76%] Built target tello_msgs__rosidl_typesupport_fastrtps_c
[6.849s] [35m[1mScanning dependencies of target tello_msgs[0m
[6.868s] [ 76%] Built target tello_msgs
[6.886s] [35m[1mScanning dependencies of target tello_msgs__py[0m
[6.900s] [ 78%] [34m[1mGenerating Python code for ROS interfaces[0m
[8.370s] [ 78%] Built target tello_msgs__py
[8.387s] [35m[1mScanning dependencies of target tello_msgs__python[0m
[8.434s] [ 80%] [32mBuilding C object CMakeFiles/tello_msgs__python.dir/rosidl_generator_py/tello_msgs/srv/_tello_action_s.c.o[0m
[8.436s] [ 82%] [32mBuilding C object CMakeFiles/tello_msgs__python.dir/rosidl_generator_py/tello_msgs/msg/_tello_response_s.c.o[0m
[8.437s] [ 85%] [32mBuilding C object CMakeFiles/tello_msgs__python.dir/rosidl_generator_py/tello_msgs/msg/_flight_data_s.c.o[0m
[8.578s] [ 87%] [32m[1mLinking C shared library rosidl_generator_py/tello_msgs/libtello_msgs__python.so[0m
[8.646s] [ 87%] Built target tello_msgs__python
[8.664s] [35m[1mScanning dependencies of target tello_msgs__rosidl_typesupport_c__pyext[0m
[8.664s] [35m[1mScanning dependencies of target tello_msgs__rosidl_typesupport_introspection_c__pyext[0m
[8.665s] [35m[1mScanning dependencies of target tello_msgs__rosidl_typesupport_fastrtps_c__pyext[0m
[8.688s] [ 89%] [32mBuilding C object CMakeFiles/tello_msgs__rosidl_typesupport_c__pyext.dir/rosidl_generator_py/tello_msgs/_tello_msgs_s.ep.rosidl_typesupport_c.c.o[0m
[8.691s] [ 91%] [32mBuilding C object CMakeFiles/tello_msgs__rosidl_typesupport_introspection_c__pyext.dir/rosidl_generator_py/tello_msgs/_tello_msgs_s.ep.rosidl_typesupport_introspection_c.c.o[0m
[8.692s] [ 93%] [32mBuilding C object CMakeFiles/tello_msgs__rosidl_typesupport_fastrtps_c__pyext.dir/rosidl_generator_py/tello_msgs/_tello_msgs_s.ep.rosidl_typesupport_fastrtps_c.c.o[0m
[8.803s] [ 95%] [32m[1mLinking C shared library rosidl_generator_py/tello_msgs/tello_msgs_s__rosidl_typesupport_c.cpython-38-x86_64-linux-gnu.so[0m
[8.814s] [ 97%] [32m[1mLinking C shared library rosidl_generator_py/tello_msgs/tello_msgs_s__rosidl_typesupport_introspection_c.cpython-38-x86_64-linux-gnu.so[0m
[8.817s] [100%] [32m[1mLinking CXX shared library rosidl_generator_py/tello_msgs/tello_msgs_s__rosidl_typesupport_fastrtps_c.cpython-38-x86_64-linux-gnu.so[0m
[8.860s] [100%] Built target tello_msgs__rosidl_typesupport_c__pyext
[8.874s] [100%] Built target tello_msgs__rosidl_typesupport_introspection_c__pyext
[8.907s] [100%] Built target tello_msgs__rosidl_typesupport_fastrtps_c__pyext
[8.927s] Invoked command in '/home/eero/finalProject/drone_racing_ros2-main/build/tello_msgs' returned '0': CMAKE_PREFIX_PATH=${CMAKE_PREFIX_PATH}:/home/eero/turtlebot3_ws/install/turtlebot3_teleop:/home/eero/turtlebot3_ws/install/turtlebot3_example:/opt/ros/galactic /usr/bin/cmake --build /home/eero/finalProject/drone_racing_ros2-main/build/tello_msgs -- -j6 -l6
[8.931s] Invoking command in '/home/eero/finalProject/drone_racing_ros2-main/build/tello_msgs': CMAKE_PREFIX_PATH=${CMAKE_PREFIX_PATH}:/home/eero/turtlebot3_ws/install/turtlebot3_teleop:/home/eero/turtlebot3_ws/install/turtlebot3_example:/opt/ros/galactic /usr/bin/cmake --install /home/eero/finalProject/drone_racing_ros2-main/build/tello_msgs
[8.946s] -- Install configuration: ""
[8.947s] -- Installing: /home/eero/finalProject/drone_racing_ros2-main/install/tello_msgs/share/ament_index/resource_index/rosidl_interfaces/tello_msgs
[8.947s] -- Installing: /home/eero/finalProject/drone_racing_ros2-main/install/tello_msgs/include/tello_msgs
[8.947s] -- Installing: /home/eero/finalProject/drone_racing_ros2-main/install/tello_msgs/include/tello_msgs/msg
[8.947s] -- Installing: /home/eero/finalProject/drone_racing_ros2-main/install/tello_msgs/include/tello_msgs/msg/rosidl_generator_c__visibility_control.h
[8.947s] -- Installing: /home/eero/finalProject/drone_racing_ros2-main/install/tello_msgs/include/tello_msgs/msg/flight_data.h
[8.948s] -- Installing: /home/eero/finalProject/drone_racing_ros2-main/install/tello_msgs/include/tello_msgs/msg/detail
[8.948s] -- Installing: /home/eero/finalProject/drone_racing_ros2-main/install/tello_msgs/include/tello_msgs/msg/detail/flight_data__functions.h
[8.948s] -- Installing: /home/eero/finalProject/drone_racing_ros2-main/install/tello_msgs/include/tello_msgs/msg/detail/tello_response__functions.c
[8.948s] -- Installing: /home/eero/finalProject/drone_racing_ros2-main/install/tello_msgs/include/tello_msgs/msg/detail/flight_data__functions.c
[8.948s] -- Installing: /home/eero/finalProject/drone_racing_ros2-main/install/tello_msgs/include/tello_msgs/msg/detail/flight_data__struct.h
[8.949s] -- Installing: /home/eero/finalProject/drone_racing_ros2-main/install/tello_msgs/include/tello_msgs/msg/detail/tello_response__type_support.h
[8.949s] -- Installing: /home/eero/finalProject/drone_racing_ros2-main/install/tello_msgs/include/tello_msgs/msg/detail/flight_data__type_support.h
[8.949s] -- Installing: /home/eero/finalProject/drone_racing_ros2-main/install/tello_msgs/include/tello_msgs/msg/detail/tello_response__struct.h
[8.949s] -- Installing: /home/eero/finalProject/drone_racing_ros2-main/install/tello_msgs/include/tello_msgs/msg/detail/tello_response__functions.h
[8.949s] -- Installing: /home/eero/finalProject/drone_racing_ros2-main/install/tello_msgs/include/tello_msgs/msg/tello_response.h
[8.949s] -- Installing: /home/eero/finalProject/drone_racing_ros2-main/install/tello_msgs/include/tello_msgs/srv
[8.950s] -- Installing: /home/eero/finalProject/drone_racing_ros2-main/install/tello_msgs/include/tello_msgs/srv/tello_action.h
[8.950s] -- Installing: /home/eero/finalProject/drone_racing_ros2-main/install/tello_msgs/include/tello_msgs/srv/detail
[8.950s] -- Installing: /home/eero/finalProject/drone_racing_ros2-main/install/tello_msgs/include/tello_msgs/srv/detail/tello_action__functions.c
[8.950s] -- Installing: /home/eero/finalProject/drone_racing_ros2-main/install/tello_msgs/include/tello_msgs/srv/detail/tello_action__struct.h
[8.951s] -- Installing: /home/eero/finalProject/drone_racing_ros2-main/install/tello_msgs/include/tello_msgs/srv/detail/tello_action__functions.h
[8.951s] -- Installing: /home/eero/finalProject/drone_racing_ros2-main/install/tello_msgs/include/tello_msgs/srv/detail/tello_action__type_support.h
[8.951s] -- Installing: /home/eero/finalProject/drone_racing_ros2-main/install/tello_msgs/share/tello_msgs/environment/library_path.sh
[8.953s] -- Installing: /home/eero/finalProject/drone_racing_ros2-main/install/tello_msgs/share/tello_msgs/environment/library_path.dsv
[8.953s] -- Installing: /home/eero/finalProject/drone_racing_ros2-main/install/tello_msgs/lib/libtello_msgs__rosidl_generator_c.so
[8.953s] -- Set runtime path of "/home/eero/finalProject/drone_racing_ros2-main/install/tello_msgs/lib/libtello_msgs__rosidl_generator_c.so" to ""
[8.954s] -- Up-to-date: /home/eero/finalProject/drone_racing_ros2-main/install/tello_msgs/include/tello_msgs
[8.954s] -- Up-to-date: /home/eero/finalProject/drone_racing_ros2-main/install/tello_msgs/include/tello_msgs/msg
[8.954s] -- Up-to-date: /home/eero/finalProject/drone_racing_ros2-main/install/tello_msgs/include/tello_msgs/msg/detail
[8.954s] -- Installing: /home/eero/finalProject/drone_racing_ros2-main/install/tello_msgs/include/tello_msgs/msg/detail/flight_data__rosidl_typesupport_fastrtps_c.h
[8.954s] -- Installing: /home/eero/finalProject/drone_racing_ros2-main/install/tello_msgs/include/tello_msgs/msg/detail/tello_response__rosidl_typesupport_fastrtps_c.h
[8.955s] -- Installing: /home/eero/finalProject/drone_racing_ros2-main/install/tello_msgs/include/tello_msgs/msg/rosidl_typesupport_fastrtps_c__visibility_control.h
[8.955s] -- Up-to-date: /home/eero/finalProject/drone_racing_ros2-main/install/tello_msgs/include/tello_msgs/srv
[8.955s] -- Up-to-date: /home/eero/finalProject/drone_racing_ros2-main/install/tello_msgs/include/tello_msgs/srv/detail
[8.955s] -- Installing: /home/eero/finalProject/drone_racing_ros2-main/install/tello_msgs/include/tello_msgs/srv/detail/tello_action__rosidl_typesupport_fastrtps_c.h
[8.955s] -- Installing: /home/eero/finalProject/drone_racing_ros2-main/install/tello_msgs/lib/libtello_msgs__rosidl_typesupport_fastrtps_c.so
[8.955s] -- Set runtime path of "/home/eero/finalProject/drone_racing_ros2-main/install/tello_msgs/lib/libtello_msgs__rosidl_typesupport_fastrtps_c.so" to ""
[8.955s] -- Up-to-date: /home/eero/finalProject/drone_racing_ros2-main/install/tello_msgs/include/tello_msgs
[8.956s] -- Up-to-date: /home/eero/finalProject/drone_racing_ros2-main/install/tello_msgs/include/tello_msgs/msg
[8.956s] -- Installing: /home/eero/finalProject/drone_racing_ros2-main/install/tello_msgs/include/tello_msgs/msg/rosidl_typesupport_fastrtps_cpp__visibility_control.h
[8.956s] -- Up-to-date: /home/eero/finalProject/drone_racing_ros2-main/install/tello_msgs/include/tello_msgs/msg/detail
[8.956s] -- Installing: /home/eero/finalProject/drone_racing_ros2-main/install/tello_msgs/include/tello_msgs/msg/detail/tello_response__rosidl_typesupport_fastrtps_cpp.hpp
[8.956s] -- Installing: /home/eero/finalProject/drone_racing_ros2-main/install/tello_msgs/include/tello_msgs/msg/detail/flight_data__rosidl_typesupport_fastrtps_cpp.hpp
[8.956s] -- Installing: /home/eero/finalProject/drone_racing_ros2-main/install/tello_msgs/include/tello_msgs/msg/detail/dds_fastrtps
[8.957s] -- Up-to-date: /home/eero/finalProject/drone_racing_ros2-main/install/tello_msgs/include/tello_msgs/srv
[8.957s] -- Up-to-date: /home/eero/finalProject/drone_racing_ros2-main/install/tello_msgs/include/tello_msgs/srv/detail
[8.957s] -- Installing: /home/eero/finalProject/drone_racing_ros2-main/install/tello_msgs/include/tello_msgs/srv/detail/tello_action__rosidl_typesupport_fastrtps_cpp.hpp
[8.957s] -- Installing: /home/eero/finalProject/drone_racing_ros2-main/install/tello_msgs/include/tello_msgs/srv/detail/dds_fastrtps
[8.957s] -- Installing: /home/eero/finalProject/drone_racing_ros2-main/install/tello_msgs/lib/libtello_msgs__rosidl_typesupport_fastrtps_cpp.so
[8.957s] -- Set runtime path of "/home/eero/finalProject/drone_racing_ros2-main/install/tello_msgs/lib/libtello_msgs__rosidl_typesupport_fastrtps_cpp.so" to ""
[8.957s] -- Up-to-date: /home/eero/finalProject/drone_racing_ros2-main/install/tello_msgs/include/tello_msgs
[8.958s] -- Up-to-date: /home/eero/finalProject/drone_racing_ros2-main/install/tello_msgs/include/tello_msgs/msg
[8.958s] -- Installing: /home/eero/finalProject/drone_racing_ros2-main/install/tello_msgs/include/tello_msgs/msg/rosidl_typesupport_introspection_c__visibility_control.h
[8.958s] -- Up-to-date: /home/eero/finalProject/drone_racing_ros2-main/install/tello_msgs/include/tello_msgs/msg/detail
[8.958s] -- Installing: /home/eero/finalProject/drone_racing_ros2-main/install/tello_msgs/include/tello_msgs/msg/detail/tello_response__rosidl_typesupport_introspection_c.h
[8.958s] -- Installing: /home/eero/finalProject/drone_racing_ros2-main/install/tello_msgs/include/tello_msgs/msg/detail/tello_response__type_support.c
[8.958s] -- Installing: /home/eero/finalProject/drone_racing_ros2-main/install/tello_msgs/include/tello_msgs/msg/detail/flight_data__rosidl_typesupport_introspection_c.h
[8.958s] -- Installing: /home/eero/finalProject/drone_racing_ros2-main/install/tello_msgs/include/tello_msgs/msg/detail/flight_data__type_support.c
[8.958s] -- Up-to-date: /home/eero/finalProject/drone_racing_ros2-main/install/tello_msgs/include/tello_msgs/srv
[8.959s] -- Up-to-date: /home/eero/finalProject/drone_racing_ros2-main/install/tello_msgs/include/tello_msgs/srv/detail
[8.959s] -- Installing: /home/eero/finalProject/drone_racing_ros2-main/install/tello_msgs/include/tello_msgs/srv/detail/tello_action__type_support.c
[8.959s] -- Installing: /home/eero/finalProject/drone_racing_ros2-main/install/tello_msgs/include/tello_msgs/srv/detail/tello_action__rosidl_typesupport_introspection_c.h
[8.959s] -- Installing: /home/eero/finalProject/drone_racing_ros2-main/install/tello_msgs/lib/libtello_msgs__rosidl_typesupport_introspection_c.so
[8.959s] -- Set runtime path of "/home/eero/finalProject/drone_racing_ros2-main/install/tello_msgs/lib/libtello_msgs__rosidl_typesupport_introspection_c.so" to ""
[8.959s] -- Installing: /home/eero/finalProject/drone_racing_ros2-main/install/tello_msgs/lib/libtello_msgs__rosidl_typesupport_c.so
[8.959s] -- Set runtime path of "/home/eero/finalProject/drone_racing_ros2-main/install/tello_msgs/lib/libtello_msgs__rosidl_typesupport_c.so" to ""
[8.959s] -- Up-to-date: /home/eero/finalProject/drone_racing_ros2-main/install/tello_msgs/include/tello_msgs
[8.960s] -- Up-to-date: /home/eero/finalProject/drone_racing_ros2-main/install/tello_msgs/include/tello_msgs/msg
[8.960s] -- Installing: /home/eero/finalProject/drone_racing_ros2-main/install/tello_msgs/include/tello_msgs/msg/flight_data.hpp
[8.960s] -- Installing: /home/eero/finalProject/drone_racing_ros2-main/install/tello_msgs/include/tello_msgs/msg/tello_response.hpp
[8.960s] -- Up-to-date: /home/eero/finalProject/drone_racing_ros2-main/install/tello_msgs/include/tello_msgs/msg/detail
[8.960s] -- Installing: /home/eero/finalProject/drone_racing_ros2-main/install/tello_msgs/include/tello_msgs/msg/detail/flight_data__struct.hpp
[8.960s] -- Installing: /home/eero/finalProject/drone_racing_ros2-main/install/tello_msgs/include/tello_msgs/msg/detail/tello_response__traits.hpp
[8.960s] -- Installing: /home/eero/finalProject/drone_racing_ros2-main/install/tello_msgs/include/tello_msgs/msg/detail/tello_response__builder.hpp
[8.960s] -- Installing: /home/eero/finalProject/drone_racing_ros2-main/install/tello_msgs/include/tello_msgs/msg/detail/flight_data__builder.hpp
[8.961s] -- Installing: /home/eero/finalProject/drone_racing_ros2-main/install/tello_msgs/include/tello_msgs/msg/detail/flight_data__traits.hpp
[8.961s] -- Installing: /home/eero/finalProject/drone_racing_ros2-main/install/tello_msgs/include/tello_msgs/msg/detail/tello_response__struct.hpp
[8.961s] -- Up-to-date: /home/eero/finalProject/drone_racing_ros2-main/install/tello_msgs/include/tello_msgs/srv
[8.961s] -- Up-to-date: /home/eero/finalProject/drone_racing_ros2-main/install/tello_msgs/include/tello_msgs/srv/detail
[8.961s] -- Installing: /home/eero/finalProject/drone_racing_ros2-main/install/tello_msgs/include/tello_msgs/srv/detail/tello_action__builder.hpp
[8.961s] -- Installing: /home/eero/finalProject/drone_racing_ros2-main/install/tello_msgs/include/tello_msgs/srv/detail/tello_action__struct.hpp
[8.961s] -- Installing: /home/eero/finalProject/drone_racing_ros2-main/install/tello_msgs/include/tello_msgs/srv/detail/tello_action__traits.hpp
[8.961s] -- Installing: /home/eero/finalProject/drone_racing_ros2-main/install/tello_msgs/include/tello_msgs/srv/tello_action.hpp
[8.961s] -- Up-to-date: /home/eero/finalProject/drone_racing_ros2-main/install/tello_msgs/include/tello_msgs
[8.962s] -- Up-to-date: /home/eero/finalProject/drone_racing_ros2-main/install/tello_msgs/include/tello_msgs/msg
[8.962s] -- Up-to-date: /home/eero/finalProject/drone_racing_ros2-main/install/tello_msgs/include/tello_msgs/msg/detail
[8.962s] -- Installing: /home/eero/finalProject/drone_racing_ros2-main/install/tello_msgs/include/tello_msgs/msg/detail/flight_data__rosidl_typesupport_introspection_cpp.hpp
[8.962s] -- Installing: /home/eero/finalProject/drone_racing_ros2-main/install/tello_msgs/include/tello_msgs/msg/detail/flight_data__type_support.cpp
[8.962s] -- Installing: /home/eero/finalProject/drone_racing_ros2-main/install/tello_msgs/include/tello_msgs/msg/detail/tello_response__rosidl_typesupport_introspection_cpp.hpp
[8.962s] -- Installing: /home/eero/finalProject/drone_racing_ros2-main/install/tello_msgs/include/tello_msgs/msg/detail/tello_response__type_support.cpp
[8.962s] -- Up-to-date: /home/eero/finalProject/drone_racing_ros2-main/install/tello_msgs/include/tello_msgs/srv
[8.962s] -- Up-to-date: /home/eero/finalProject/drone_racing_ros2-main/install/tello_msgs/include/tello_msgs/srv/detail
[8.962s] -- Installing: /home/eero/finalProject/drone_racing_ros2-main/install/tello_msgs/include/tello_msgs/srv/detail/tello_action__rosidl_typesupport_introspection_cpp.hpp
[8.963s] -- Installing: /home/eero/finalProject/drone_racing_ros2-main/install/tello_msgs/include/tello_msgs/srv/detail/tello_action__type_support.cpp
[8.963s] -- Installing: /home/eero/finalProject/drone_racing_ros2-main/install/tello_msgs/lib/libtello_msgs__rosidl_typesupport_introspection_cpp.so
[8.963s] -- Set runtime path of "/home/eero/finalProject/drone_racing_ros2-main/install/tello_msgs/lib/libtello_msgs__rosidl_typesupport_introspection_cpp.so" to ""
[8.963s] -- Installing: /home/eero/finalProject/drone_racing_ros2-main/install/tello_msgs/lib/libtello_msgs__rosidl_typesupport_cpp.so
[8.963s] -- Set runtime path of "/home/eero/finalProject/drone_racing_ros2-main/install/tello_msgs/lib/libtello_msgs__rosidl_typesupport_cpp.so" to ""
[8.963s] -- Installing: /home/eero/finalProject/drone_racing_ros2-main/install/tello_msgs/share/tello_msgs/environment/pythonpath.sh
[8.963s] -- Installing: /home/eero/finalProject/drone_racing_ros2-main/install/tello_msgs/share/tello_msgs/environment/pythonpath.dsv
[8.963s] -- Installing: /home/eero/finalProject/drone_racing_ros2-main/install/tello_msgs/lib/python3.8/site-packages/tello_msgs/__init__.py
[9.001s] Compiling '/home/eero/finalProject/drone_racing_ros2-main/install/tello_msgs/lib/python3.8/site-packages/tello_msgs/__init__.py'...
[9.005s] -- Installing: /home/eero/finalProject/drone_racing_ros2-main/install/tello_msgs/lib/python3.8/site-packages/tello_msgs/msg
[9.006s] -- Installing: /home/eero/finalProject/drone_racing_ros2-main/install/tello_msgs/lib/python3.8/site-packages/tello_msgs/msg/_tello_response_s.c
[9.006s] -- Installing: /home/eero/finalProject/drone_racing_ros2-main/install/tello_msgs/lib/python3.8/site-packages/tello_msgs/msg/_tello_response.py
[9.006s] -- Installing: /home/eero/finalProject/drone_racing_ros2-main/install/tello_msgs/lib/python3.8/site-packages/tello_msgs/msg/__init__.py
[9.006s] -- Installing: /home/eero/finalProject/drone_racing_ros2-main/install/tello_msgs/lib/python3.8/site-packages/tello_msgs/msg/_flight_data.py
[9.006s] -- Installing: /home/eero/finalProject/drone_racing_ros2-main/install/tello_msgs/lib/python3.8/site-packages/tello_msgs/msg/_flight_data_s.c
[9.007s] -- Installing: /home/eero/finalProject/drone_racing_ros2-main/install/tello_msgs/lib/python3.8/site-packages/tello_msgs/srv
[9.007s] -- Installing: /home/eero/finalProject/drone_racing_ros2-main/install/tello_msgs/lib/python3.8/site-packages/tello_msgs/srv/_tello_action_s.c
[9.007s] -- Installing: /home/eero/finalProject/drone_racing_ros2-main/install/tello_msgs/lib/python3.8/site-packages/tello_msgs/srv/_tello_action.py
[9.007s] -- Installing: /home/eero/finalProject/drone_racing_ros2-main/install/tello_msgs/lib/python3.8/site-packages/tello_msgs/srv/__init__.py
[9.007s] -- Installing: /home/eero/finalProject/drone_racing_ros2-main/install/tello_msgs/lib/python3.8/site-packages/tello_msgs/tello_msgs_s__rosidl_typesupport_fastrtps_c.cpython-38-x86_64-linux-gnu.so
[9.008s] -- Set runtime path of "/home/eero/finalProject/drone_racing_ros2-main/install/tello_msgs/lib/python3.8/site-packages/tello_msgs/tello_msgs_s__rosidl_typesupport_fastrtps_c.cpython-38-x86_64-linux-gnu.so" to ""
[9.009s] -- Installing: /home/eero/finalProject/drone_racing_ros2-main/install/tello_msgs/lib/python3.8/site-packages/tello_msgs/tello_msgs_s__rosidl_typesupport_introspection_c.cpython-38-x86_64-linux-gnu.so
[9.010s] -- Set runtime path of "/home/eero/finalProject/drone_racing_ros2-main/install/tello_msgs/lib/python3.8/site-packages/tello_msgs/tello_msgs_s__rosidl_typesupport_introspection_c.cpython-38-x86_64-linux-gnu.so" to ""
[9.010s] -- Installing: /home/eero/finalProject/drone_racing_ros2-main/install/tello_msgs/lib/python3.8/site-packages/tello_msgs/tello_msgs_s__rosidl_typesupport_c.cpython-38-x86_64-linux-gnu.so
[9.011s] -- Set runtime path of "/home/eero/finalProject/drone_racing_ros2-main/install/tello_msgs/lib/python3.8/site-packages/tello_msgs/tello_msgs_s__rosidl_typesupport_c.cpython-38-x86_64-linux-gnu.so" to ""
[9.011s] -- Installing: /home/eero/finalProject/drone_racing_ros2-main/install/tello_msgs/lib/libtello_msgs__python.so
[9.012s] -- Set runtime path of "/home/eero/finalProject/drone_racing_ros2-main/install/tello_msgs/lib/libtello_msgs__python.so" to ""
[9.012s] -- Installing: /home/eero/finalProject/drone_racing_ros2-main/install/tello_msgs/share/tello_msgs/msg/FlightData.idl
[9.012s] -- Installing: /home/eero/finalProject/drone_racing_ros2-main/install/tello_msgs/share/tello_msgs/msg/TelloResponse.idl
[9.012s] -- Installing: /home/eero/finalProject/drone_racing_ros2-main/install/tello_msgs/share/tello_msgs/srv/TelloAction.idl
[9.013s] -- Installing: /home/eero/finalProject/drone_racing_ros2-main/install/tello_msgs/share/tello_msgs/msg/FlightData.msg
[9.013s] -- Installing: /home/eero/finalProject/drone_racing_ros2-main/install/tello_msgs/share/tello_msgs/msg/TelloResponse.msg
[9.013s] -- Installing: /home/eero/finalProject/drone_racing_ros2-main/install/tello_msgs/share/tello_msgs/srv/TelloAction.srv
[9.013s] -- Installing: /home/eero/finalProject/drone_racing_ros2-main/install/tello_msgs/share/tello_msgs/srv/TelloAction_Request.msg
[9.013s] -- Installing: /home/eero/finalProject/drone_racing_ros2-main/install/tello_msgs/share/tello_msgs/srv/TelloAction_Response.msg
[9.014s] -- Installing: /home/eero/finalProject/drone_racing_ros2-main/install/tello_msgs/share/ament_index/resource_index/package_run_dependencies/tello_msgs
[9.014s] -- Installing: /home/eero/finalProject/drone_racing_ros2-main/install/tello_msgs/share/ament_index/resource_index/parent_prefix_path/tello_msgs
[9.014s] -- Installing: /home/eero/finalProject/drone_racing_ros2-main/install/tello_msgs/share/tello_msgs/environment/ament_prefix_path.sh
[9.014s] -- Installing: /home/eero/finalProject/drone_racing_ros2-main/install/tello_msgs/share/tello_msgs/environment/ament_prefix_path.dsv
[9.015s] -- Installing: /home/eero/finalProject/drone_racing_ros2-main/install/tello_msgs/share/tello_msgs/environment/path.sh
[9.015s] -- Installing: /home/eero/finalProject/drone_racing_ros2-main/install/tello_msgs/share/tello_msgs/environment/path.dsv
[9.015s] -- Installing: /home/eero/finalProject/drone_racing_ros2-main/install/tello_msgs/share/tello_msgs/local_setup.bash
[9.015s] -- Installing: /home/eero/finalProject/drone_racing_ros2-main/install/tello_msgs/share/tello_msgs/local_setup.sh
[9.015s] -- Installing: /home/eero/finalProject/drone_racing_ros2-main/install/tello_msgs/share/tello_msgs/local_setup.zsh
[9.016s] -- Installing: /home/eero/finalProject/drone_racing_ros2-main/install/tello_msgs/share/tello_msgs/local_setup.dsv
[9.016s] -- Installing: /home/eero/finalProject/drone_racing_ros2-main/install/tello_msgs/share/tello_msgs/package.dsv
[9.016s] -- Installing: /home/eero/finalProject/drone_racing_ros2-main/install/tello_msgs/share/ament_index/resource_index/packages/tello_msgs
[9.016s] -- Installing: /home/eero/finalProject/drone_racing_ros2-main/install/tello_msgs/share/tello_msgs/cmake/tello_msgs__rosidl_generator_cExport.cmake
[9.017s] -- Installing: /home/eero/finalProject/drone_racing_ros2-main/install/tello_msgs/share/tello_msgs/cmake/tello_msgs__rosidl_generator_cExport-noconfig.cmake
[9.017s] -- Installing: /home/eero/finalProject/drone_racing_ros2-main/install/tello_msgs/share/tello_msgs/cmake/tello_msgs__rosidl_typesupport_introspection_cExport.cmake
[9.017s] -- Installing: /home/eero/finalProject/drone_racing_ros2-main/install/tello_msgs/share/tello_msgs/cmake/tello_msgs__rosidl_typesupport_introspection_cExport-noconfig.cmake
[9.018s] -- Installing: /home/eero/finalProject/drone_racing_ros2-main/install/tello_msgs/share/tello_msgs/cmake/tello_msgs__rosidl_typesupport_cExport.cmake
[9.018s] -- Installing: /home/eero/finalProject/drone_racing_ros2-main/install/tello_msgs/share/tello_msgs/cmake/tello_msgs__rosidl_typesupport_cExport-noconfig.cmake
[9.018s] -- Installing: /home/eero/finalProject/drone_racing_ros2-main/install/tello_msgs/share/tello_msgs/cmake/tello_msgs__rosidl_generator_cppExport.cmake
[9.018s] -- Installing: /home/eero/finalProject/drone_racing_ros2-main/install/tello_msgs/share/tello_msgs/cmake/tello_msgs__rosidl_typesupport_introspection_cppExport.cmake
[9.018s] -- Installing: /home/eero/finalProject/drone_racing_ros2-main/install/tello_msgs/share/tello_msgs/cmake/tello_msgs__rosidl_typesupport_introspection_cppExport-noconfig.cmake
[9.019s] -- Installing: /home/eero/finalProject/drone_racing_ros2-main/install/tello_msgs/share/tello_msgs/cmake/tello_msgs__rosidl_typesupport_cppExport.cmake
[9.019s] -- Installing: /home/eero/finalProject/drone_racing_ros2-main/install/tello_msgs/share/tello_msgs/cmake/tello_msgs__rosidl_typesupport_cppExport-noconfig.cmake
[9.019s] -- Installing: /home/eero/finalProject/drone_racing_ros2-main/install/tello_msgs/share/tello_msgs/cmake/rosidl_cmake-extras.cmake
[9.019s] -- Installing: /home/eero/finalProject/drone_racing_ros2-main/install/tello_msgs/share/tello_msgs/cmake/ament_cmake_export_dependencies-extras.cmake
[9.020s] -- Installing: /home/eero/finalProject/drone_racing_ros2-main/install/tello_msgs/share/tello_msgs/cmake/ament_cmake_export_libraries-extras.cmake
[9.020s] -- Installing: /home/eero/finalProject/drone_racing_ros2-main/install/tello_msgs/share/tello_msgs/cmake/ament_cmake_export_targets-extras.cmake
[9.020s] -- Installing: /home/eero/finalProject/drone_racing_ros2-main/install/tello_msgs/share/tello_msgs/cmake/ament_cmake_export_include_directories-extras.cmake
[9.020s] -- Installing: /home/eero/finalProject/drone_racing_ros2-main/install/tello_msgs/share/tello_msgs/cmake/rosidl_cmake_export_typesupport_libraries-extras.cmake
[9.020s] -- Installing: /home/eero/finalProject/drone_racing_ros2-main/install/tello_msgs/share/tello_msgs/cmake/rosidl_cmake_export_typesupport_targets-extras.cmake
[9.021s] -- Installing: /home/eero/finalProject/drone_racing_ros2-main/install/tello_msgs/share/tello_msgs/cmake/tello_msgsConfig.cmake
[9.021s] -- Installing: /home/eero/finalProject/drone_racing_ros2-main/install/tello_msgs/share/tello_msgs/cmake/tello_msgsConfig-version.cmake
[9.021s] -- Installing: /home/eero/finalProject/drone_racing_ros2-main/install/tello_msgs/share/tello_msgs/package.xml
[9.025s] Invoked command in '/home/eero/finalProject/drone_racing_ros2-main/build/tello_msgs' returned '0': CMAKE_PREFIX_PATH=${CMAKE_PREFIX_PATH}:/home/eero/turtlebot3_ws/install/turtlebot3_teleop:/home/eero/turtlebot3_ws/install/turtlebot3_example:/opt/ros/galactic /usr/bin/cmake --install /home/eero/finalProject/drone_racing_ros2-main/build/tello_msgs
