[0.062s] Invoking command in '/home/eero/turtlebot3_ws/build/turtlebot3_cartographer': CMAKE_PREFIX_PATH=/opt/ros/galactic /usr/bin/cmake /home/eero/turtlebot3_ws/src/turtlebot3/turtlebot3_cartographer -DAMENT_CMAKE_SYMLINK_INSTALL=1 -DCMAKE_INSTALL_PREFIX=/home/eero/turtlebot3_ws/install/turtlebot3_cartographer
[0.186s] -- The C compiler identification is GNU 9.4.0
[0.280s] -- The CXX compiler identification is GNU 9.4.0
[0.286s] -- Check for working C compiler: /usr/bin/cc
[0.411s] -- Check for working C compiler: /usr/bin/cc -- works
[0.415s] -- Detecting C compiler ABI info
[0.550s] -- Detecting C compiler ABI info - done
[0.566s] -- Detecting C compile features
[0.567s] -- Detecting C compile features - done
[0.571s] -- Check for working CXX compiler: /usr/bin/c++
[0.714s] -- Check for working CXX compiler: /usr/bin/c++ -- works
[0.715s] -- Detecting CXX compiler ABI info
[0.864s] -- Detecting CXX compiler ABI info - done
[0.881s] -- Detecting CXX compile features
[0.882s] -- Detecting CXX compile features - done
[0.887s] -- Found ament_cmake: 1.1.6 (/opt/ros/galactic/share/ament_cmake/cmake)
[0.925s] -- Found PythonInterp: /usr/bin/python3 (found suitable version "3.8.10", minimum required is "3") 
[0.925s] -- Using PYTHON_EXECUTABLE: /usr/bin/python3
[1.054s] -- Override CMake install command with custom implementation using symlinks instead of copying resources
[1.191s] -- Configuring done
[1.195s] -- Generating done
[1.198s] -- Build files have been written to: /home/eero/turtlebot3_ws/build/turtlebot3_cartographer
[1.212s] Invoked command in '/home/eero/turtlebot3_ws/build/turtlebot3_cartographer' returned '0': CMAKE_PREFIX_PATH=/opt/ros/galactic /usr/bin/cmake /home/eero/turtlebot3_ws/src/turtlebot3/turtlebot3_cartographer -DAMENT_CMAKE_SYMLINK_INSTALL=1 -DCMAKE_INSTALL_PREFIX=/home/eero/turtlebot3_ws/install/turtlebot3_cartographer
[1.213s] Invoking command in '/home/eero/turtlebot3_ws/build/turtlebot3_cartographer': CMAKE_PREFIX_PATH=/opt/ros/galactic /usr/bin/cmake --build /home/eero/turtlebot3_ws/build/turtlebot3_cartographer -- -j6 -l6
[1.274s] Invoked command in '/home/eero/turtlebot3_ws/build/turtlebot3_cartographer' returned '0': CMAKE_PREFIX_PATH=/opt/ros/galactic /usr/bin/cmake --build /home/eero/turtlebot3_ws/build/turtlebot3_cartographer -- -j6 -l6
[1.287s] Invoking command in '/home/eero/turtlebot3_ws/build/turtlebot3_cartographer': CMAKE_PREFIX_PATH=/opt/ros/galactic /usr/bin/cmake --install /home/eero/turtlebot3_ws/build/turtlebot3_cartographer
[1.302s] -- Install configuration: ""
[1.303s] -- Execute custom install script
[1.304s] -- Symlinking: /home/eero/turtlebot3_ws/install/turtlebot3_cartographer/share/turtlebot3_cartographer/config/turtlebot3_lds_2d.lua
[1.317s] -- Symlinking: /home/eero/turtlebot3_ws/install/turtlebot3_cartographer/share/turtlebot3_cartographer/launch/cartographer.launch.py
[1.329s] -- Symlinking: /home/eero/turtlebot3_ws/install/turtlebot3_cartographer/share/turtlebot3_cartographer/launch/occupancy_grid.launch.py
[1.349s] -- Symlinking: /home/eero/turtlebot3_ws/install/turtlebot3_cartographer/share/turtlebot3_cartographer/rviz/tb3_cartographer.rviz
[1.355s] -- Symlinking: /home/eero/turtlebot3_ws/install/turtlebot3_cartographer/share/ament_index/resource_index/package_run_dependencies/turtlebot3_cartographer
[1.370s] -- Symlinking: /home/eero/turtlebot3_ws/install/turtlebot3_cartographer/share/ament_index/resource_index/parent_prefix_path/turtlebot3_cartographer
[1.383s] -- Symlinking: /home/eero/turtlebot3_ws/install/turtlebot3_cartographer/share/turtlebot3_cartographer/environment/ament_prefix_path.sh
[1.395s] -- Symlinking: /home/eero/turtlebot3_ws/install/turtlebot3_cartographer/share/turtlebot3_cartographer/environment/ament_prefix_path.dsv
[1.413s] -- Symlinking: /home/eero/turtlebot3_ws/install/turtlebot3_cartographer/share/turtlebot3_cartographer/environment/path.sh
[1.445s] -- Symlinking: /home/eero/turtlebot3_ws/install/turtlebot3_cartographer/share/turtlebot3_cartographer/environment/path.dsv
[1.480s] -- Symlinking: /home/eero/turtlebot3_ws/install/turtlebot3_cartographer/share/turtlebot3_cartographer/local_setup.bash
[1.509s] -- Symlinking: /home/eero/turtlebot3_ws/install/turtlebot3_cartographer/share/turtlebot3_cartographer/local_setup.sh
[1.537s] -- Symlinking: /home/eero/turtlebot3_ws/install/turtlebot3_cartographer/share/turtlebot3_cartographer/local_setup.zsh
[1.582s] -- Symlinking: /home/eero/turtlebot3_ws/install/turtlebot3_cartographer/share/turtlebot3_cartographer/local_setup.dsv
[1.612s] -- Symlinking: /home/eero/turtlebot3_ws/install/turtlebot3_cartographer/share/turtlebot3_cartographer/package.dsv
[1.640s] -- Symlinking: /home/eero/turtlebot3_ws/install/turtlebot3_cartographer/share/ament_index/resource_index/packages/turtlebot3_cartographer
[1.669s] -- Symlinking: /home/eero/turtlebot3_ws/install/turtlebot3_cartographer/share/turtlebot3_cartographer/cmake/turtlebot3_cartographerConfig.cmake
[1.707s] -- Symlinking: /home/eero/turtlebot3_ws/install/turtlebot3_cartographer/share/turtlebot3_cartographer/cmake/turtlebot3_cartographerConfig-version.cmake
[1.749s] -- Symlinking: /home/eero/turtlebot3_ws/install/turtlebot3_cartographer/share/turtlebot3_cartographer/package.xml
[1.793s] Invoked command in '/home/eero/turtlebot3_ws/build/turtlebot3_cartographer' returned '0': CMAKE_PREFIX_PATH=/opt/ros/galactic /usr/bin/cmake --install /home/eero/turtlebot3_ws/build/turtlebot3_cartographer
